14:45:20.326 [main                     ] DEBUG Logger               - Configured Logger
14:45:20.356 [main                     ] DEBUG GameApplication      - Logging settings
Title: Simulación Restaurante
Version: 0.0
Width: 1280
Height: 800
Fullscreen: false
Intro: false
Profiling: false
Single step:false
App Mode: DEVELOPER
Menu Key: ESCAPE
Stage Style: DECORATED
Scene Factory: class com.almasb.fxgl.app.scene.SceneFactory

14:45:21.114 [JavaFX Application Thread] DEBUG FXGLApplication      - Initializing FXGL
14:45:21.118 [JavaFX Application Thread] INFO  Engine               - FXGL-21 (28.12.2023 13.35) on WINDOWS (J:21.0.4 FX:21.0.1)
14:45:21.120 [JavaFX Application Thread] DEBUG Engine               - JRE Vendor Name: Eclipse Adoptium
14:45:21.120 [JavaFX Application Thread] DEBUG Engine               - Running on OS: Windows 11 version 10.0
14:45:21.120 [JavaFX Application Thread] DEBUG Engine               - Architecture: amd64
14:45:21.120 [JavaFX Application Thread] INFO  Engine               - Source code and latest versions at: https://github.com/AlmasB/FXGL
14:45:21.121 [JavaFX Application Thread] INFO  Engine               -       Ask questions and discuss at: https://github.com/AlmasB/FXGL/discussions
14:45:21.121 [JavaFX Application Thread] INFO  Engine               -              Join the FXGL chat at: https://gitter.im/AlmasB/FXGL
14:45:21.248 [JavaFX Application Thread] DEBUG PrimaryStageWindow   - Creating a JavaFX scene
14:45:21.304 [JavaFX Application Thread] DEBUG PrimaryStageWindow   - Target settings size: 1280.0 x 800.0
14:45:21.305 [JavaFX Application Thread] DEBUG PrimaryStageWindow   - Scaled scene size:    1280.0 x 800.0
14:45:21.305 [JavaFX Application Thread] DEBUG PrimaryStageWindow   - Scaled ratio: (1.0, 1.0)
14:45:21.307 [JavaFX Application Thread] DEBUG PrimaryStageWindow   - Set initial scene to FXGLStartupScene
14:45:21.311 [JavaFX Application Thread] DEBUG PrimaryStageWindow   - Opening main window
14:45:21.420 [JavaFX Application Thread] DEBUG PrimaryStageWindow   - Window border size: (16.0, 39.0)
14:45:21.420 [JavaFX Application Thread] DEBUG PrimaryStageWindow   - Scaled size: 1280.0 x 800.0
14:45:21.420 [JavaFX Application Thread] DEBUG PrimaryStageWindow   - Scaled ratio: (1.0, 1.0)
14:45:21.420 [JavaFX Application Thread] DEBUG PrimaryStageWindow   - Scene size: 1280.0 x 800.0
14:45:21.421 [JavaFX Application Thread] DEBUG PrimaryStageWindow   - Stage size: 1296.0 x 839.0
14:45:21.430 [FXGL Background Thread 1 ] DEBUG Engine               - Initializing environment variables
14:45:21.525 [FXGL Background Thread 1 ] DEBUG FXGLAssetLoaderServi - User app class for loading assets: class com.example.Animacion
14:45:21.525 [FXGL Background Thread 1 ] DEBUG GameApplicationServi - Applying CSS: fxgl_dark.css
14:45:21.526 [FXGL Background Thread 1 ] DEBUG FXGLAssetLoaderServi - Loading from file system: jar:file:/C:/Users/aguil/.m2/repository/com/github/almasb/fxgl/21/fxgl-21.jar!/fxglassets/ui/css/fxgl_dark.css
14:45:21.603 [FXGL Background Thread 1 ] DEBUG GameApplicationServi - Initializing application scenes
14:45:21.671 [FXGL Background Thread 1 ] DEBUG GameWorld            - Game world initialized
14:45:21.744 [FXGL Background Thread 1 ] DEBUG PhysicsWorld         - Physics world initialized: appHeight=800, physics.ppm=50.0
14:45:21.744 [FXGL Background Thread 1 ] DEBUG PhysicsWorld         - Using strategy: BRUTE_FORCE
14:45:21.749 [FXGL Background Thread 1 ] DEBUG GameScene            - Game scene initialized: 1280x800
14:45:21.762 [FXGL Background Thread 1 ] DEBUG FXGL.DefaultMenu     - createMenuBodyGameMenu()
14:45:21.779 [FXGL Background Thread 1 ] DEBUG FXGL.DefaultMenu     - createOptionsMenu()
14:45:21.790 [FXGL Background Thread 1 ] DEBUG FXGLAssetLoaderServi - Loading from file system: jar:file:/C:/Users/aguil/.m2/repository/com/github/almasb/fxgl/21/fxgl-21.jar!/fxglassets/textures/particles/smoke.png
14:45:21.923 [FXGL Background Thread 1 ] DEBUG FXGLAssetLoaderServi - Loading from file system: jar:file:/C:/Users/aguil/.m2/repository/com/github/almasb/fxgl/21/fxgl-21.jar!/fxglassets/textures/particles/trace_horizontal.png
14:45:21.959 [FXGL Background Thread 1 ] DEBUG GameApplicationServi - Application scenes initialized
14:45:21.977 [FXGL Background Thread 1 ] DEBUG SystemBundleService  - Loading FXGL system data
14:45:21.982 [FXGL Background Thread 1 ] DEBUG FileSystemAccess     - Reading from: D:\Proyectos\restauranteEnJava\system\fxgl.bundle
14:45:21.994 [FXGL Background Thread 1 ] DEBUG SystemBundleService  - Bundle FXGL: {}
14:45:21.994 [FXGL Background Thread 1 ] DEBUG UpdaterService       - Checking for updates
14:45:22.004 [FXGL Background Thread 1 ] DEBUG FXGLApplication      - Loading default localization
14:45:22.004 [FXGL Background Thread 1 ] DEBUG FXGLAssetLoaderServi - Loading from file system: jar:file:/C:/Users/aguil/.m2/repository/com/github/almasb/fxgl/21/fxgl-21.jar!/fxglassets/languages/english.lang
14:45:22.007 [FXGL Background Thread 4 ] DEBUG FXGLApplication      - Loading fonts
14:45:22.010 [FXGL Background Thread 4 ] DEBUG FXGLAssetLoaderServi - Loading from file system: jar:file:/C:/Users/aguil/.m2/repository/com/github/almasb/fxgl/21/fxgl-21.jar!/fxglassets/ui/fonts/VarelaRound-Regular.ttf
14:45:22.036 [FXGL Background Thread 1 ] INFO  FXGLApplication      - FXGL initialization took: 0.605 sec
14:45:22.038 [JavaFX Application Thread] DEBUG FXGLAssetLoaderServi - Loading from file system: jar:file:/C:/Users/aguil/.m2/repository/com/github/almasb/fxgl/21/fxgl-21.jar!/fxglassets/textures/fxgl_icon.png
14:45:22.057 [FXGL Background Thread 4 ] DEBUG FXGLAssetLoaderServi - Loading from file system: jar:file:/C:/Users/aguil/.m2/repository/com/github/almasb/fxgl/21/fxgl-21.jar!/fxglassets/ui/fonts/Abel-Regular.ttf
14:45:22.062 [FXGL Background Thread 4 ] DEBUG FXGLAssetLoaderServi - Loading from file system: jar:file:/C:/Users/aguil/.m2/repository/com/github/almasb/fxgl/21/fxgl-21.jar!/fxglassets/ui/fonts/TerminalLandMono-Regular.otf
14:45:22.066 [FXGL Background Thread 4 ] DEBUG FXGLAssetLoaderServi - Loading from file system: jar:file:/C:/Users/aguil/.m2/repository/com/github/almasb/fxgl/21/fxgl-21.jar!/fxglassets/ui/fonts/Courier-Prime.ttf
14:45:22.075 [JavaFX Application Thread] DEBUG FXGLAssetLoaderServi - Loading from file system: jar:file:/C:/Users/aguil/.m2/repository/com/github/almasb/fxgl/21/fxgl-21.jar!/fxglassets/textures/fxgl_default_cursor.png
14:45:22.093 [JavaFX Application Thread] DEBUG Input                - Registered new binding: Screenshot - CTRL+8
14:45:22.094 [JavaFX Application Thread] DEBUG Input                - Registered new binding: System info dump - CTRL+9
14:45:22.094 [JavaFX Application Thread] DEBUG Input                - Registered new binding: Restart - CTRL+R
14:45:22.095 [JavaFX Application Thread] DEBUG Input                - Registered new binding: Toggle Debug Camera - CTRL+7
14:45:22.102 [JavaFX Application Thread] DEBUG LoopRunner           - Starting loop
14:45:22.102 [JavaFX Application Thread] DEBUG LoopRunner           - Initializing JavaFX AnimationTimerLoop
14:45:22.104 [JavaFX Application Thread] DEBUG GameApplicationServi - Starting new game
14:45:22.105 [JavaFX Application Thread] DEBUG Input                - Clearing active input actions
14:45:22.125 [JavaFX Application Thread] DEBUG GameApplicationServi - Removing overlay from FXGLStartupScene and adding to FXGLLoadingScene
14:45:22.126 [JavaFX Application Thread] DEBUG PrimaryStageWindow   - FXGLStartupScene -> FXGLLoadingScene
14:45:22.126 [JavaFX Application Thread] DEBUG GameApplicationServi - Clearing previous game
14:45:22.126 [JavaFX Application Thread] DEBUG GameScene            - Clearing game scene
14:45:22.126 [JavaFX Application Thread] DEBUG GameWorld            - Clearing game world
14:45:22.127 [JavaFX Application Thread] DEBUG PhysicsWorld         - Clearing physics world
14:45:22.134 [FXGL Background Thread 4 ] DEBUG FXGLApplication      - Initializing game
14:45:22.137 [JavaFX Application Thread] DEBUG FXGLApplication      - Registering font factories with UI factory
14:45:22.139 [FXGL Background Thread 4 ] DEBUG FXGLAssetLoaderServi - Loading from file system: file:/D:/Proyectos/restauranteEnJava/restaurante/target/classes/assets/textures/restaurante.png
14:45:22.260 [FXGL Background Thread 4 ] INFO  FXGLApplication      - Game initialization took: 0.127 sec
14:45:22.339 [JavaFX Application Thread] DEBUG Input                - Clearing active input actions
14:45:22.349 [JavaFX Application Thread] DEBUG GameApplicationServi - Removing overlay from FXGLLoadingScene and adding to GameScene
14:45:22.351 [JavaFX Application Thread] DEBUG PrimaryStageWindow   - FXGLLoadingScene -> GameScene
14:45:22.778 [FXGL Background Thread 2 ] INFO  UpdaterService       - Your current version:  21
14:45:22.778 [FXGL Background Thread 2 ] INFO  UpdaterService       - Latest stable version: 21.1
14:45:24.999 [FXGL Background Thread 3 ] DEBUG Engine               - Logging environment variables
14:45:24.999 [FXGL Background Thread 3 ] DEBUG Engine               - achievements: []
14:45:24.999 [FXGL Background Thread 3 ] DEBUG Engine               - actualHeight: 800.0
14:45:24.999 [FXGL Background Thread 3 ] DEBUG Engine               - actualHeightProperty: ReadOnlyDoubleProperty [value: 800.0]
14:45:24.999 [FXGL Background Thread 3 ] DEBUG Engine               - actualWidth: 1280.0
14:45:24.999 [FXGL Background Thread 3 ] DEBUG Engine               - actualWidthProperty: ReadOnlyDoubleProperty [value: 1280.0]
14:45:25.001 [FXGL Background Thread 3 ] DEBUG Engine               - appIcon: fxgl_icon.png
14:45:25.001 [FXGL Background Thread 3 ] DEBUG Engine               - applicationMode: DEVELOPER
14:45:25.001 [FXGL Background Thread 3 ] DEBUG Engine               - cSSList: [fxgl_dark.css]
14:45:25.001 [FXGL Background Thread 3 ] DEBUG Engine               - collisionDetectionStrategy: BRUTE_FORCE
14:45:25.001 [FXGL Background Thread 3 ] DEBUG Engine               - configClass: Optional.empty
14:45:25.001 [FXGL Background Thread 3 ] DEBUG Engine               - credits: []
14:45:25.001 [FXGL Background Thread 3 ] DEBUG Engine               - defaultCursor: CursorInfo(imageName=fxgl_default_cursor.png, hotspotX=7.0, hotspotY=6.0)
14:45:25.001 [FXGL Background Thread 3 ] DEBUG Engine               - devBBoxColorProperty: ObjectProperty [value: 0xff0000ff]
14:45:25.001 [FXGL Background Thread 3 ] DEBUG Engine               - devEnableDebugCameraProperty: BooleanProperty [value: false]
14:45:25.001 [FXGL Background Thread 3 ] DEBUG Engine               - devSensorColorProperty: ObjectProperty [value: 0xffff00ff]
14:45:25.002 [FXGL Background Thread 3 ] DEBUG Engine               - devShowBBoxProperty: BooleanProperty [value: false]
14:45:25.002 [FXGL Background Thread 3 ] DEBUG Engine               - devShowPositionProperty: BooleanProperty [value: false]
14:45:25.002 [FXGL Background Thread 3 ] DEBUG Engine               - enabledMenuItems: []
14:45:25.002 [FXGL Background Thread 3 ] DEBUG Engine               - engineServices: [class com.almasb.fxgl.app.services.FXGLAssetLoaderService, class com.almasb.fxgl.app.FXGLApplication$GameApplicationService, class com.almasb.fxgl.app.services.FXGLDialogService, class com.almasb.fxgl.app.services.IOTaskExecutorService, class com.almasb.fxgl.io.FileSystemService, class com.almasb.fxgl.localization.LocalizationService, class com.almasb.fxgl.app.services.SystemBundleService, class com.almasb.fxgl.profile.SaveLoadService, class com.almasb.fxgl.ui.FXGLUIFactoryServiceProvider, class com.almasb.fxgl.ui.FXGLDialogFactoryServiceProvider, class com.almasb.fxgl.audio.AudioPlayer, class com.almasb.fxgl.notification.impl.NotificationServiceProvider, class com.almasb.fxgl.achievement.AchievementService, class com.almasb.fxgl.cutscene.CutsceneService, class com.almasb.fxgl.minigames.MiniGameService, class com.almasb.fxgl.net.NetService, class com.almasb.fxgl.app.services.UpdaterService, class com.almasb.fxgl.dev.DevService]
14:45:25.002 [FXGL Background Thread 3 ] DEBUG Engine               - fontGame: Abel-Regular.ttf
14:45:25.002 [FXGL Background Thread 3 ] DEBUG Engine               - fontMono: TerminalLandMono-Regular.otf
14:45:25.002 [FXGL Background Thread 3 ] DEBUG Engine               - fontSizeScaleUI: 1.0
14:45:25.002 [FXGL Background Thread 3 ] DEBUG Engine               - fontText: Courier-Prime.ttf
14:45:25.002 [FXGL Background Thread 3 ] DEBUG Engine               - fontUI: VarelaRound-Regular.ttf
14:45:25.002 [FXGL Background Thread 3 ] DEBUG Engine               - fullScreen: BooleanProperty [value: false]
14:45:25.002 [FXGL Background Thread 3 ] DEBUG Engine               - gameDifficulty: MEDIUM
14:45:25.002 [FXGL Background Thread 3 ] DEBUG Engine               - gameDifficultyProperty: ObjectProperty [value: MEDIUM]
14:45:25.002 [FXGL Background Thread 3 ] DEBUG Engine               - globalMusicVolume: 0.5
14:45:25.002 [FXGL Background Thread 3 ] DEBUG Engine               - globalMusicVolumeProperty: DoubleProperty [value: 0.5]
14:45:25.003 [FXGL Background Thread 3 ] DEBUG Engine               - globalSoundVolume: 0.5
14:45:25.003 [FXGL Background Thread 3 ] DEBUG Engine               - globalSoundVolumeProperty: DoubleProperty [value: 0.5]
14:45:25.003 [FXGL Background Thread 3 ] DEBUG Engine               - height: 800
14:45:25.003 [FXGL Background Thread 3 ] DEBUG Engine               - is3D: false
14:45:25.003 [FXGL Background Thread 3 ] DEBUG Engine               - isAndroid: false
14:45:25.003 [FXGL Background Thread 3 ] DEBUG Engine               - isBrowser: false
14:45:25.003 [FXGL Background Thread 3 ] DEBUG Engine               - isClickFeedbackEnabled: false
14:45:25.003 [FXGL Background Thread 3 ] DEBUG Engine               - isCloseConfirmation: false
14:45:25.003 [FXGL Background Thread 3 ] DEBUG Engine               - isDesktop: true
14:45:25.003 [FXGL Background Thread 3 ] DEBUG Engine               - isDeveloperMenuEnabled: false
14:45:25.003 [FXGL Background Thread 3 ] DEBUG Engine               - isEmbedded: false
14:45:25.003 [FXGL Background Thread 3 ] DEBUG Engine               - isEntityPreloadEnabled: true
14:45:25.003 [FXGL Background Thread 3 ] DEBUG Engine               - isExperimentalTiledLargeMap: false
14:45:25.003 [FXGL Background Thread 3 ] DEBUG Engine               - isFileSystemWriteAllowed: true
14:45:25.003 [FXGL Background Thread 3 ] DEBUG Engine               - isFullScreenAllowed: false
14:45:25.003 [FXGL Background Thread 3 ] DEBUG Engine               - isFullScreenFromStart: false
14:45:25.004 [FXGL Background Thread 3 ] DEBUG Engine               - isGameMenuEnabled: true
14:45:25.004 [FXGL Background Thread 3 ] DEBUG Engine               - isIOS: false
14:45:25.004 [FXGL Background Thread 3 ] DEBUG Engine               - isIntroEnabled: false
14:45:25.004 [FXGL Background Thread 3 ] DEBUG Engine               - isLinux: false
14:45:25.004 [FXGL Background Thread 3 ] DEBUG Engine               - isMac: false
14:45:25.004 [FXGL Background Thread 3 ] DEBUG Engine               - isMainMenuEnabled: false
14:45:25.004 [FXGL Background Thread 3 ] DEBUG Engine               - isManualResizeEnabled: false
14:45:25.004 [FXGL Background Thread 3 ] DEBUG Engine               - isMobile: false
14:45:25.004 [FXGL Background Thread 3 ] DEBUG Engine               - isNative: false
14:45:25.004 [FXGL Background Thread 3 ] DEBUG Engine               - isPauseMusicWhenMinimized: true
14:45:25.004 [FXGL Background Thread 3 ] DEBUG Engine               - isPreserveResizeRatio: false
14:45:25.004 [FXGL Background Thread 3 ] DEBUG Engine               - isProfilingEnabled: false
14:45:25.004 [FXGL Background Thread 3 ] DEBUG Engine               - isScaleAffectedOnResize: true
14:45:25.004 [FXGL Background Thread 3 ] DEBUG Engine               - isSingleStep: false
14:45:25.004 [FXGL Background Thread 3 ] DEBUG Engine               - isUserProfileEnabled: false
14:45:25.004 [FXGL Background Thread 3 ] DEBUG Engine               - isWindows: true
14:45:25.004 [FXGL Background Thread 3 ] DEBUG Engine               - language: ObjectProperty [value: ENGLISH]
14:45:25.004 [FXGL Background Thread 3 ] DEBUG Engine               - menuKey: ESCAPE
14:45:25.004 [FXGL Background Thread 3 ] DEBUG Engine               - mouseSensitivity: 0.2
14:45:25.005 [FXGL Background Thread 3 ] DEBUG Engine               - notificationViewClass: class com.almasb.fxgl.notification.view.XboxNotificationView
14:45:25.005 [FXGL Background Thread 3 ] DEBUG Engine               - pixelsPerMeter: 50.0
14:45:25.005 [FXGL Background Thread 3 ] DEBUG Engine               - platform: WINDOWS
14:45:25.005 [FXGL Background Thread 3 ] DEBUG Engine               - prefHeightProperty: ReadOnlyDoubleProperty [value: 800.0]
14:45:25.005 [FXGL Background Thread 3 ] DEBUG Engine               - prefWidthProperty: ReadOnlyDoubleProperty [value: 1280.0]
14:45:25.005 [FXGL Background Thread 3 ] DEBUG Engine               - profileDir: profiles/
14:45:25.005 [FXGL Background Thread 3 ] DEBUG Engine               - profileName: StringProperty [value: DEFAULT]
14:45:25.005 [FXGL Background Thread 3 ] DEBUG Engine               - randomSeed: -1
14:45:25.005 [FXGL Background Thread 3 ] DEBUG Engine               - runtimeInfo: RuntimeInfo(platform=WINDOWS, version=21, build=28.12.2023 13.35)
14:45:25.005 [FXGL Background Thread 3 ] DEBUG Engine               - saveFileExt: sav
14:45:25.005 [FXGL Background Thread 3 ] DEBUG Engine               - scaledHeightProp$fxgl: DoubleProperty [bound, value: 800.0]
14:45:25.005 [FXGL Background Thread 3 ] DEBUG Engine               - scaledWidthProp$fxgl: DoubleProperty [bound, value: 1280.0]
14:45:25.005 [FXGL Background Thread 3 ] DEBUG Engine               - sceneFactory: com.almasb.fxgl.app.scene.SceneFactory@4d17a5fa
14:45:25.005 [FXGL Background Thread 3 ] DEBUG Engine               - secondsIn24h: 60
14:45:25.005 [FXGL Background Thread 3 ] DEBUG Engine               - soundMenuBack: menu/back.wav
14:45:25.005 [FXGL Background Thread 3 ] DEBUG Engine               - soundMenuPress: menu/press.wav
14:45:25.006 [FXGL Background Thread 3 ] DEBUG Engine               - soundMenuSelect: menu/select.wav
14:45:25.006 [FXGL Background Thread 3 ] DEBUG Engine               - soundNotification: core/notification.wav
14:45:25.006 [FXGL Background Thread 3 ] DEBUG Engine               - stageStyle: DECORATED
14:45:25.006 [FXGL Background Thread 3 ] DEBUG Engine               - supportedLanguages: [ENGLISH, FRENCH, GERMAN, HUNGARIAN, RUSSIAN]
14:45:25.006 [FXGL Background Thread 3 ] DEBUG Engine               - ticksPerSecond: -1
14:45:25.006 [FXGL Background Thread 3 ] DEBUG Engine               - title: Simulación Restaurante
14:45:25.006 [FXGL Background Thread 3 ] DEBUG Engine               - urlGithub: https://github.com/AlmasB/FXGL
14:45:25.006 [FXGL Background Thread 3 ] DEBUG Engine               - urlLeaderboard: http://fxgl-top.herokuapp.com/
14:45:25.006 [FXGL Background Thread 3 ] DEBUG Engine               - urlPOM: https://raw.githubusercontent.com/AlmasB/FXGL/release/README.md
14:45:25.006 [FXGL Background Thread 3 ] DEBUG Engine               - userAppClass: class com.example.Animacion
14:45:25.006 [FXGL Background Thread 3 ] DEBUG Engine               - version: 0.0
14:45:25.006 [FXGL Background Thread 3 ] DEBUG Engine               - versionCheckDays: 7
14:45:25.006 [FXGL Background Thread 3 ] DEBUG Engine               - width: 1280
14:45:25.006 [FXGL Background Thread 3 ] DEBUG Engine               - Logging services
14:45:25.006 [FXGL Background Thread 3 ] DEBUG Engine               - class com.almasb.fxgl.app.services.FXGLAssetLoaderService
14:45:25.006 [FXGL Background Thread 3 ] DEBUG Engine               - class com.almasb.fxgl.app.FXGLApplication$GameApplicationService
14:45:25.007 [FXGL Background Thread 3 ] DEBUG Engine               - class com.almasb.fxgl.app.services.FXGLDialogService
14:45:25.007 [FXGL Background Thread 3 ] DEBUG Engine               - class com.almasb.fxgl.app.services.IOTaskExecutorService
14:45:25.007 [FXGL Background Thread 3 ] DEBUG Engine               - class com.almasb.fxgl.io.FileSystemService
14:45:25.007 [FXGL Background Thread 3 ] DEBUG Engine               - class com.almasb.fxgl.localization.LocalizationService
14:45:25.007 [FXGL Background Thread 3 ] DEBUG Engine               - class com.almasb.fxgl.app.services.SystemBundleService
14:45:25.007 [FXGL Background Thread 3 ] DEBUG Engine               - class com.almasb.fxgl.profile.SaveLoadService
14:45:25.007 [FXGL Background Thread 3 ] DEBUG Engine               - class com.almasb.fxgl.ui.FXGLUIFactoryServiceProvider
14:45:25.007 [FXGL Background Thread 3 ] DEBUG Engine               - class com.almasb.fxgl.ui.FXGLDialogFactoryServiceProvider
14:45:25.007 [FXGL Background Thread 3 ] DEBUG Engine               - class com.almasb.fxgl.audio.AudioPlayer
14:45:25.007 [FXGL Background Thread 3 ] DEBUG Engine               - class com.almasb.fxgl.notification.impl.NotificationServiceProvider
14:45:25.007 [FXGL Background Thread 3 ] DEBUG Engine               - class com.almasb.fxgl.achievement.AchievementService
14:45:25.007 [FXGL Background Thread 3 ] DEBUG Engine               - class com.almasb.fxgl.cutscene.CutsceneService
14:45:25.007 [FXGL Background Thread 3 ] DEBUG Engine               - class com.almasb.fxgl.minigames.MiniGameService
14:45:25.007 [FXGL Background Thread 3 ] DEBUG Engine               - class com.almasb.fxgl.net.NetService
14:45:25.007 [FXGL Background Thread 3 ] DEBUG Engine               - class com.almasb.fxgl.app.services.UpdaterService
14:45:25.007 [FXGL Background Thread 3 ] DEBUG Engine               - class com.almasb.fxgl.dev.DevService
14:45:25.190 [JavaFX Application Thread] DEBUG FXGLAssetLoaderServi - Loading from file system: file:/D:/Proyectos/restauranteEnJava/restaurante/target/classes/assets/textures/comensal.png
14:45:25.193 [JavaFX Application Thread] DEBUG PrimaryStageWindow   - Push state: DialogSubScene
14:45:25.193 [JavaFX Application Thread] DEBUG Input                - Clearing active input actions
14:45:25.198 [JavaFX Application Thread] DEBUG GameApplicationServi - Removing overlay from GameScene and adding to DialogSubScene
14:45:25.198 [JavaFX Application Thread] DEBUG PrimaryStageWindow   - GameScene -> DialogSubScene
14:45:27.130 [JavaFX Application Thread] DEBUG PrimaryStageWindow   - Pop state: DialogSubScene
14:45:27.130 [JavaFX Application Thread] DEBUG Input                - Clearing active input actions
14:45:27.131 [JavaFX Application Thread] DEBUG GameApplicationServi - Removing overlay from DialogSubScene and adding to GameScene
14:45:27.131 [JavaFX Application Thread] DEBUG PrimaryStageWindow   - GameScene <- DialogSubScene
14:45:30.118 [JavaFX Application Thread] DEBUG PrimaryStageWindow   - Push state: DialogSubScene
14:45:30.118 [JavaFX Application Thread] DEBUG Input                - Clearing active input actions
14:45:30.119 [JavaFX Application Thread] DEBUG GameApplicationServi - Removing overlay from GameScene and adding to DialogSubScene
14:45:30.119 [JavaFX Application Thread] DEBUG PrimaryStageWindow   - GameScene -> DialogSubScene
14:45:32.378 [JavaFX Application Thread] DEBUG PrimaryStageWindow   - Pop state: DialogSubScene
14:45:32.378 [JavaFX Application Thread] DEBUG Input                - Clearing active input actions
14:45:32.379 [JavaFX Application Thread] DEBUG GameApplicationServi - Removing overlay from DialogSubScene and adding to GameScene
14:45:32.379 [JavaFX Application Thread] DEBUG PrimaryStageWindow   - GameScene <- DialogSubScene
14:45:35.415 [JavaFX Application Thread] DEBUG PrimaryStageWindow   - Push state: DialogSubScene
14:45:35.415 [JavaFX Application Thread] DEBUG Input                - Clearing active input actions
14:45:35.416 [JavaFX Application Thread] DEBUG GameApplicationServi - Removing overlay from GameScene and adding to DialogSubScene
14:45:35.416 [JavaFX Application Thread] DEBUG PrimaryStageWindow   - GameScene -> DialogSubScene
14:45:36.458 [JavaFX Application Thread] DEBUG PrimaryStageWindow   - Pop state: DialogSubScene
14:45:36.458 [JavaFX Application Thread] DEBUG Input                - Clearing active input actions
14:45:36.458 [JavaFX Application Thread] DEBUG GameApplicationServi - Removing overlay from DialogSubScene and adding to GameScene
14:45:36.459 [JavaFX Application Thread] DEBUG PrimaryStageWindow   - GameScene <- DialogSubScene
14:45:39.511 [JavaFX Application Thread] DEBUG PrimaryStageWindow   - Push state: DialogSubScene
14:45:39.511 [JavaFX Application Thread] DEBUG Input                - Clearing active input actions
14:45:39.511 [JavaFX Application Thread] DEBUG GameApplicationServi - Removing overlay from GameScene and adding to DialogSubScene
14:45:39.512 [JavaFX Application Thread] DEBUG PrimaryStageWindow   - GameScene -> DialogSubScene
14:45:41.586 [JavaFX Application Thread] DEBUG PrimaryStageWindow   - Pop state: DialogSubScene
14:45:41.586 [JavaFX Application Thread] DEBUG Input                - Clearing active input actions
14:45:41.587 [JavaFX Application Thread] DEBUG GameApplicationServi - Removing overlay from DialogSubScene and adding to GameScene
14:45:41.587 [JavaFX Application Thread] DEBUG PrimaryStageWindow   - GameScene <- DialogSubScene
14:45:44.566 [JavaFX Application Thread] DEBUG PrimaryStageWindow   - Push state: DialogSubScene
14:45:44.566 [JavaFX Application Thread] DEBUG Input                - Clearing active input actions
14:45:44.568 [JavaFX Application Thread] DEBUG GameApplicationServi - Removing overlay from GameScene and adding to DialogSubScene
14:45:44.568 [JavaFX Application Thread] DEBUG PrimaryStageWindow   - GameScene -> DialogSubScene
14:45:45.746 [JavaFX Application Thread] DEBUG PrimaryStageWindow   - Pop state: DialogSubScene
14:45:45.746 [JavaFX Application Thread] DEBUG Input                - Clearing active input actions
14:45:45.746 [JavaFX Application Thread] DEBUG GameApplicationServi - Removing overlay from DialogSubScene and adding to GameScene
14:45:45.746 [JavaFX Application Thread] DEBUG PrimaryStageWindow   - GameScene <- DialogSubScene
14:45:46.946 [JavaFX Application Thread] DEBUG FXGLApplication      - Exiting FXGL
14:45:46.946 [JavaFX Application Thread] DEBUG LoopRunner           - Stopping loop
14:45:46.946 [JavaFX Application Thread] DEBUG SystemBundleService  - Saving FXGL system data
14:45:46.948 [JavaFX Application Thread] DEBUG FileSystemAccess     - Writing to: D:\Proyectos\restauranteEnJava\system\fxgl.bundle
14:45:46.950 [JavaFX Application Thread] DEBUG Async                - Shutting down background threads
14:45:46.950 [JavaFX Application Thread] DEBUG PrimaryStageWindow   - Closing main window
14:45:46.966 [JavaFX Application Thread] DEBUG Logger               - Closing Logger
