01:35:50.429 [main                     ] DEBUG Logger               - Configured Logger
01:35:50.449 [main                     ] DEBUG GameApplication      - Logging settings
Title: Juego con Interacciones
Version: 0.0
Width: 1520
Height: 1010
Fullscreen: false
Intro: false
Profiling: false
Single step:false
App Mode: DEVELOPER
Menu Key: ESCAPE
Stage Style: DECORATED
Scene Factory: class com.almasb.fxgl.app.scene.SceneFactory

01:35:50.975 [JavaFX Application Thread] DEBUG FXGLApplication      - Initializing FXGL
01:35:50.979 [JavaFX Application Thread] INFO  Engine               - FXGL-21 (28.12.2023 13.35) on WINDOWS (J:21.0.4 FX:21.0.1)
01:35:50.979 [JavaFX Application Thread] DEBUG Engine               - JRE Vendor Name: Eclipse Adoptium
01:35:50.979 [JavaFX Application Thread] DEBUG Engine               - Running on OS: Windows 11 version 10.0
01:35:50.979 [JavaFX Application Thread] DEBUG Engine               - Architecture: amd64
01:35:50.980 [JavaFX Application Thread] INFO  Engine               - Source code and latest versions at: https://github.com/AlmasB/FXGL
01:35:50.980 [JavaFX Application Thread] INFO  Engine               -       Ask questions and discuss at: https://github.com/AlmasB/FXGL/discussions
01:35:50.980 [JavaFX Application Thread] INFO  Engine               -              Join the FXGL chat at: https://gitter.im/AlmasB/FXGL
01:35:51.066 [JavaFX Application Thread] DEBUG PrimaryStageWindow   - Creating a JavaFX scene
01:35:51.105 [JavaFX Application Thread] DEBUG PrimaryStageWindow   - Target settings size: 1520.0 x 1010.0
01:35:51.106 [JavaFX Application Thread] DEBUG PrimaryStageWindow   - Scaled scene size:    1520.0 x 1010.0
01:35:51.106 [JavaFX Application Thread] DEBUG PrimaryStageWindow   - Scaled ratio: (1.0, 1.0)
01:35:51.107 [JavaFX Application Thread] DEBUG PrimaryStageWindow   - Set initial scene to FXGLStartupScene
01:35:51.109 [JavaFX Application Thread] DEBUG PrimaryStageWindow   - Opening main window
01:35:51.178 [JavaFX Application Thread] DEBUG PrimaryStageWindow   - Window border size: (16.0, 39.0)
01:35:51.178 [JavaFX Application Thread] DEBUG PrimaryStageWindow   - Scaled size: 1520.0 x 1010.0
01:35:51.178 [JavaFX Application Thread] DEBUG PrimaryStageWindow   - Scaled ratio: (1.0, 1.0)
01:35:51.179 [JavaFX Application Thread] DEBUG PrimaryStageWindow   - Scene size: 1520.0 x 1010.0
01:35:51.179 [JavaFX Application Thread] DEBUG PrimaryStageWindow   - Stage size: 1536.0 x 1049.0
01:35:51.186 [FXGL Background Thread 1 ] DEBUG Engine               - Initializing environment variables
01:35:51.235 [FXGL Background Thread 1 ] DEBUG FXGLAssetLoaderServi - User app class for loading assets: class com.example.Animacion
01:35:51.235 [FXGL Background Thread 1 ] DEBUG GameApplicationServi - Applying CSS: fxgl_dark.css
01:35:51.236 [FXGL Background Thread 1 ] DEBUG FXGLAssetLoaderServi - Loading from file system: jar:file:/C:/Users/aguil/.m2/repository/com/github/almasb/fxgl/21/fxgl-21.jar!/fxglassets/ui/css/fxgl_dark.css
01:35:51.279 [FXGL Background Thread 1 ] DEBUG GameApplicationServi - Initializing application scenes
01:35:51.313 [FXGL Background Thread 1 ] DEBUG GameWorld            - Game world initialized
01:35:51.372 [FXGL Background Thread 1 ] DEBUG PhysicsWorld         - Physics world initialized: appHeight=1010, physics.ppm=50.0
01:35:51.373 [FXGL Background Thread 1 ] DEBUG PhysicsWorld         - Using strategy: BRUTE_FORCE
01:35:51.377 [FXGL Background Thread 1 ] DEBUG GameScene            - Game scene initialized: 1520x1010
01:35:51.388 [FXGL Background Thread 1 ] DEBUG FXGL.DefaultMenu     - createMenuBodyGameMenu()
01:35:51.400 [FXGL Background Thread 1 ] DEBUG FXGL.DefaultMenu     - createOptionsMenu()
01:35:51.406 [FXGL Background Thread 1 ] DEBUG FXGLAssetLoaderServi - Loading from file system: jar:file:/C:/Users/aguil/.m2/repository/com/github/almasb/fxgl/21/fxgl-21.jar!/fxglassets/textures/particles/smoke.png
01:35:51.499 [FXGL Background Thread 1 ] DEBUG FXGLAssetLoaderServi - Loading from file system: jar:file:/C:/Users/aguil/.m2/repository/com/github/almasb/fxgl/21/fxgl-21.jar!/fxglassets/textures/particles/trace_horizontal.png
01:35:51.520 [FXGL Background Thread 1 ] DEBUG GameApplicationServi - Application scenes initialized
01:35:51.529 [FXGL Background Thread 1 ] DEBUG SystemBundleService  - Loading FXGL system data
01:35:51.533 [FXGL Background Thread 1 ] DEBUG FileSystemAccess     - Reading from: D:\Proyectos\restauranteEnJava\system\fxgl.bundle
01:35:51.541 [FXGL Background Thread 1 ] DEBUG SystemBundleService  - Bundle FXGL: {}
01:35:51.541 [FXGL Background Thread 1 ] DEBUG UpdaterService       - Checking for updates
01:35:51.545 [FXGL Background Thread 4 ] DEBUG FXGLApplication      - Loading fonts
01:35:51.545 [FXGL Background Thread 4 ] DEBUG FXGLAssetLoaderServi - Loading from file system: jar:file:/C:/Users/aguil/.m2/repository/com/github/almasb/fxgl/21/fxgl-21.jar!/fxglassets/ui/fonts/VarelaRound-Regular.ttf
01:35:51.546 [FXGL Background Thread 1 ] DEBUG FXGLApplication      - Loading default localization
01:35:51.546 [FXGL Background Thread 1 ] DEBUG FXGLAssetLoaderServi - Loading from file system: jar:file:/C:/Users/aguil/.m2/repository/com/github/almasb/fxgl/21/fxgl-21.jar!/fxglassets/languages/english.lang
01:35:51.563 [FXGL Background Thread 1 ] INFO  FXGLApplication      - FXGL initialization took: 0.377 sec
01:35:51.572 [JavaFX Application Thread] DEBUG Input                - Registered new binding: Mover Derecha - Right
01:35:51.572 [JavaFX Application Thread] DEBUG Input                - Registered new binding: Mover Izquierda - Left
01:35:51.572 [FXGL Background Thread 4 ] DEBUG FXGLAssetLoaderServi - Loading from file system: jar:file:/C:/Users/aguil/.m2/repository/com/github/almasb/fxgl/21/fxgl-21.jar!/fxglassets/ui/fonts/Abel-Regular.ttf
01:35:51.572 [JavaFX Application Thread] DEBUG Input                - Registered new binding: Escalar Cocinero - Space
01:35:51.573 [JavaFX Application Thread] DEBUG FXGLAssetLoaderServi - Loading from file system: jar:file:/C:/Users/aguil/.m2/repository/com/github/almasb/fxgl/21/fxgl-21.jar!/fxglassets/textures/fxgl_icon.png
01:35:51.576 [FXGL Background Thread 4 ] DEBUG FXGLAssetLoaderServi - Loading from file system: jar:file:/C:/Users/aguil/.m2/repository/com/github/almasb/fxgl/21/fxgl-21.jar!/fxglassets/ui/fonts/TerminalLandMono-Regular.otf
01:35:51.578 [FXGL Background Thread 4 ] DEBUG FXGLAssetLoaderServi - Loading from file system: jar:file:/C:/Users/aguil/.m2/repository/com/github/almasb/fxgl/21/fxgl-21.jar!/fxglassets/ui/fonts/Courier-Prime.ttf
01:35:51.591 [JavaFX Application Thread] DEBUG FXGLAssetLoaderServi - Loading from file system: jar:file:/C:/Users/aguil/.m2/repository/com/github/almasb/fxgl/21/fxgl-21.jar!/fxglassets/textures/fxgl_default_cursor.png
01:35:51.593 [JavaFX Application Thread] DEBUG Input                - Registered new binding: Screenshot - CTRL+8
01:35:51.593 [JavaFX Application Thread] DEBUG Input                - Registered new binding: System info dump - CTRL+9
01:35:51.594 [JavaFX Application Thread] DEBUG Input                - Registered new binding: Restart - CTRL+R
01:35:51.594 [JavaFX Application Thread] DEBUG Input                - Registered new binding: Toggle Debug Camera - CTRL+7
01:35:51.597 [JavaFX Application Thread] DEBUG LoopRunner           - Starting loop
01:35:51.597 [JavaFX Application Thread] DEBUG LoopRunner           - Initializing JavaFX AnimationTimerLoop
01:35:51.599 [JavaFX Application Thread] DEBUG GameApplicationServi - Starting new game
01:35:51.600 [JavaFX Application Thread] DEBUG Input                - Clearing active input actions
01:35:51.611 [JavaFX Application Thread] DEBUG GameApplicationServi - Removing overlay from FXGLStartupScene and adding to FXGLLoadingScene
01:35:51.612 [JavaFX Application Thread] DEBUG PrimaryStageWindow   - FXGLStartupScene -> FXGLLoadingScene
01:35:51.612 [JavaFX Application Thread] DEBUG GameApplicationServi - Clearing previous game
01:35:51.612 [JavaFX Application Thread] DEBUG GameScene            - Clearing game scene
01:35:51.612 [JavaFX Application Thread] DEBUG GameWorld            - Clearing game world
01:35:51.612 [JavaFX Application Thread] DEBUG PhysicsWorld         - Clearing physics world
01:35:51.613 [FXGL Background Thread 4 ] DEBUG FXGLApplication      - Initializing game
01:35:51.613 [JavaFX Application Thread] DEBUG FXGLApplication      - Registering font factories with UI factory
01:35:51.614 [FXGL Background Thread 4 ] DEBUG FXGLAssetLoaderServi - Loading from file system: file:/D:/Proyectos/restauranteEnJava/restaurante/target/classes/assets/textures/restaurante.png
01:35:51.673 [FXGL Background Thread 4 ] DEBUG FXGLAssetLoaderServi - Loading from file system: file:/D:/Proyectos/restauranteEnJava/restaurante/target/classes/assets/textures/cocinero.png
01:35:51.693 [FXGL Background Thread 4 ] DEBUG FXGLAssetLoaderServi - Loading from file system: file:/D:/Proyectos/restauranteEnJava/restaurante/target/classes/assets/textures/mesa.png
01:35:51.712 [FXGL Background Thread 4 ] INFO  FXGLApplication      - Game initialization took: 0.098 sec
01:35:51.714 [JavaFX Application Thread] DEBUG Input                - Clearing active input actions
01:35:51.727 [JavaFX Application Thread] DEBUG GameApplicationServi - Removing overlay from FXGLLoadingScene and adding to GameScene
01:35:51.728 [JavaFX Application Thread] DEBUG PrimaryStageWindow   - FXGLLoadingScene -> GameScene
01:35:52.184 [FXGL Background Thread 2 ] INFO  UpdaterService       - Your current version:  21
01:35:52.184 [FXGL Background Thread 2 ] INFO  UpdaterService       - Latest stable version: 21.1
01:35:54.544 [FXGL Background Thread 3 ] DEBUG Engine               - Logging environment variables
01:35:54.544 [FXGL Background Thread 3 ] DEBUG Engine               - achievements: []
01:35:54.544 [FXGL Background Thread 3 ] DEBUG Engine               - actualHeight: 1010.0
01:35:54.545 [FXGL Background Thread 3 ] DEBUG Engine               - actualHeightProperty: ReadOnlyDoubleProperty [value: 1010.0]
01:35:54.545 [FXGL Background Thread 3 ] DEBUG Engine               - actualWidth: 1520.0
01:35:54.545 [FXGL Background Thread 3 ] DEBUG Engine               - actualWidthProperty: ReadOnlyDoubleProperty [value: 1520.0]
01:35:54.545 [FXGL Background Thread 3 ] DEBUG Engine               - appIcon: fxgl_icon.png
01:35:54.545 [FXGL Background Thread 3 ] DEBUG Engine               - applicationMode: DEVELOPER
01:35:54.545 [FXGL Background Thread 3 ] DEBUG Engine               - cSSList: [fxgl_dark.css]
01:35:54.545 [FXGL Background Thread 3 ] DEBUG Engine               - collisionDetectionStrategy: BRUTE_FORCE
01:35:54.545 [FXGL Background Thread 3 ] DEBUG Engine               - configClass: Optional.empty
01:35:54.545 [FXGL Background Thread 3 ] DEBUG Engine               - credits: []
01:35:54.546 [FXGL Background Thread 3 ] DEBUG Engine               - defaultCursor: CursorInfo(imageName=fxgl_default_cursor.png, hotspotX=7.0, hotspotY=6.0)
01:35:54.546 [FXGL Background Thread 3 ] DEBUG Engine               - devBBoxColorProperty: ObjectProperty [value: 0xff0000ff]
01:35:54.546 [FXGL Background Thread 3 ] DEBUG Engine               - devEnableDebugCameraProperty: BooleanProperty [value: false]
01:35:54.546 [FXGL Background Thread 3 ] DEBUG Engine               - devSensorColorProperty: ObjectProperty [value: 0xffff00ff]
01:35:54.546 [FXGL Background Thread 3 ] DEBUG Engine               - devShowBBoxProperty: BooleanProperty [value: false]
01:35:54.546 [FXGL Background Thread 3 ] DEBUG Engine               - devShowPositionProperty: BooleanProperty [value: false]
01:35:54.546 [FXGL Background Thread 3 ] DEBUG Engine               - enabledMenuItems: []
01:35:54.546 [FXGL Background Thread 3 ] DEBUG Engine               - engineServices: [class com.almasb.fxgl.app.services.FXGLAssetLoaderService, class com.almasb.fxgl.app.FXGLApplication$GameApplicationService, class com.almasb.fxgl.app.services.FXGLDialogService, class com.almasb.fxgl.app.services.IOTaskExecutorService, class com.almasb.fxgl.io.FileSystemService, class com.almasb.fxgl.localization.LocalizationService, class com.almasb.fxgl.app.services.SystemBundleService, class com.almasb.fxgl.profile.SaveLoadService, class com.almasb.fxgl.ui.FXGLUIFactoryServiceProvider, class com.almasb.fxgl.ui.FXGLDialogFactoryServiceProvider, class com.almasb.fxgl.audio.AudioPlayer, class com.almasb.fxgl.notification.impl.NotificationServiceProvider, class com.almasb.fxgl.achievement.AchievementService, class com.almasb.fxgl.cutscene.CutsceneService, class com.almasb.fxgl.minigames.MiniGameService, class com.almasb.fxgl.net.NetService, class com.almasb.fxgl.app.services.UpdaterService, class com.almasb.fxgl.dev.DevService]
01:35:54.546 [FXGL Background Thread 3 ] DEBUG Engine               - fontGame: Abel-Regular.ttf
01:35:54.547 [FXGL Background Thread 3 ] DEBUG Engine               - fontMono: TerminalLandMono-Regular.otf
01:35:54.547 [FXGL Background Thread 3 ] DEBUG Engine               - fontSizeScaleUI: 1.0
01:35:54.547 [FXGL Background Thread 3 ] DEBUG Engine               - fontText: Courier-Prime.ttf
01:35:54.547 [FXGL Background Thread 3 ] DEBUG Engine               - fontUI: VarelaRound-Regular.ttf
01:35:54.547 [FXGL Background Thread 3 ] DEBUG Engine               - fullScreen: BooleanProperty [value: false]
01:35:54.547 [FXGL Background Thread 3 ] DEBUG Engine               - gameDifficulty: MEDIUM
01:35:54.547 [FXGL Background Thread 3 ] DEBUG Engine               - gameDifficultyProperty: ObjectProperty [value: MEDIUM]
01:35:54.547 [FXGL Background Thread 3 ] DEBUG Engine               - globalMusicVolume: 0.5
01:35:54.547 [FXGL Background Thread 3 ] DEBUG Engine               - globalMusicVolumeProperty: DoubleProperty [value: 0.5]
01:35:54.547 [FXGL Background Thread 3 ] DEBUG Engine               - globalSoundVolume: 0.5
01:35:54.547 [FXGL Background Thread 3 ] DEBUG Engine               - globalSoundVolumeProperty: DoubleProperty [value: 0.5]
01:35:54.547 [FXGL Background Thread 3 ] DEBUG Engine               - height: 1010
01:35:54.547 [FXGL Background Thread 3 ] DEBUG Engine               - is3D: false
01:35:54.547 [FXGL Background Thread 3 ] DEBUG Engine               - isAndroid: false
01:35:54.547 [FXGL Background Thread 3 ] DEBUG Engine               - isBrowser: false
01:35:54.547 [FXGL Background Thread 3 ] DEBUG Engine               - isClickFeedbackEnabled: false
01:35:54.547 [FXGL Background Thread 3 ] DEBUG Engine               - isCloseConfirmation: false
01:35:54.547 [FXGL Background Thread 3 ] DEBUG Engine               - isDesktop: true
01:35:54.549 [FXGL Background Thread 3 ] DEBUG Engine               - isDeveloperMenuEnabled: false
01:35:54.549 [FXGL Background Thread 3 ] DEBUG Engine               - isEmbedded: false
01:35:54.549 [FXGL Background Thread 3 ] DEBUG Engine               - isEntityPreloadEnabled: true
01:35:54.549 [FXGL Background Thread 3 ] DEBUG Engine               - isExperimentalTiledLargeMap: false
01:35:54.549 [FXGL Background Thread 3 ] DEBUG Engine               - isFileSystemWriteAllowed: true
01:35:54.549 [FXGL Background Thread 3 ] DEBUG Engine               - isFullScreenAllowed: false
01:35:54.549 [FXGL Background Thread 3 ] DEBUG Engine               - isFullScreenFromStart: false
01:35:54.549 [FXGL Background Thread 3 ] DEBUG Engine               - isGameMenuEnabled: true
01:35:54.549 [FXGL Background Thread 3 ] DEBUG Engine               - isIOS: false
01:35:54.549 [FXGL Background Thread 3 ] DEBUG Engine               - isIntroEnabled: false
01:35:54.549 [FXGL Background Thread 3 ] DEBUG Engine               - isLinux: false
01:35:54.549 [FXGL Background Thread 3 ] DEBUG Engine               - isMac: false
01:35:54.549 [FXGL Background Thread 3 ] DEBUG Engine               - isMainMenuEnabled: false
01:35:54.549 [FXGL Background Thread 3 ] DEBUG Engine               - isManualResizeEnabled: false
01:35:54.549 [FXGL Background Thread 3 ] DEBUG Engine               - isMobile: false
01:35:54.549 [FXGL Background Thread 3 ] DEBUG Engine               - isNative: false
01:35:54.549 [FXGL Background Thread 3 ] DEBUG Engine               - isPauseMusicWhenMinimized: true
01:35:54.549 [FXGL Background Thread 3 ] DEBUG Engine               - isPreserveResizeRatio: false
01:35:54.549 [FXGL Background Thread 3 ] DEBUG Engine               - isProfilingEnabled: false
01:35:54.549 [FXGL Background Thread 3 ] DEBUG Engine               - isScaleAffectedOnResize: true
01:35:54.549 [FXGL Background Thread 3 ] DEBUG Engine               - isSingleStep: false
01:35:54.550 [FXGL Background Thread 3 ] DEBUG Engine               - isUserProfileEnabled: false
01:35:54.550 [FXGL Background Thread 3 ] DEBUG Engine               - isWindows: true
01:35:54.550 [FXGL Background Thread 3 ] DEBUG Engine               - language: ObjectProperty [value: ENGLISH]
01:35:54.550 [FXGL Background Thread 3 ] DEBUG Engine               - menuKey: ESCAPE
01:35:54.550 [FXGL Background Thread 3 ] DEBUG Engine               - mouseSensitivity: 0.2
01:35:54.550 [FXGL Background Thread 3 ] DEBUG Engine               - notificationViewClass: class com.almasb.fxgl.notification.view.XboxNotificationView
01:35:54.550 [FXGL Background Thread 3 ] DEBUG Engine               - pixelsPerMeter: 50.0
01:35:54.550 [FXGL Background Thread 3 ] DEBUG Engine               - platform: WINDOWS
01:35:54.550 [FXGL Background Thread 3 ] DEBUG Engine               - prefHeightProperty: ReadOnlyDoubleProperty [value: 1010.0]
01:35:54.550 [FXGL Background Thread 3 ] DEBUG Engine               - prefWidthProperty: ReadOnlyDoubleProperty [value: 1520.0]
01:35:54.550 [FXGL Background Thread 3 ] DEBUG Engine               - profileDir: profiles/
01:35:54.550 [FXGL Background Thread 3 ] DEBUG Engine               - profileName: StringProperty [value: DEFAULT]
01:35:54.550 [FXGL Background Thread 3 ] DEBUG Engine               - randomSeed: -1
01:35:54.550 [FXGL Background Thread 3 ] DEBUG Engine               - runtimeInfo: RuntimeInfo(platform=WINDOWS, version=21, build=28.12.2023 13.35)
01:35:54.550 [FXGL Background Thread 3 ] DEBUG Engine               - saveFileExt: sav
01:35:54.550 [FXGL Background Thread 3 ] DEBUG Engine               - scaledHeightProp$fxgl: DoubleProperty [bound, value: 1010.0]
01:35:54.550 [FXGL Background Thread 3 ] DEBUG Engine               - scaledWidthProp$fxgl: DoubleProperty [bound, value: 1520.0]
01:35:54.550 [FXGL Background Thread 3 ] DEBUG Engine               - sceneFactory: com.almasb.fxgl.app.scene.SceneFactory@2bed4566
01:35:54.550 [FXGL Background Thread 3 ] DEBUG Engine               - secondsIn24h: 60
01:35:54.550 [FXGL Background Thread 3 ] DEBUG Engine               - soundMenuBack: menu/back.wav
01:35:54.551 [FXGL Background Thread 3 ] DEBUG Engine               - soundMenuPress: menu/press.wav
01:35:54.551 [FXGL Background Thread 3 ] DEBUG Engine               - soundMenuSelect: menu/select.wav
01:35:54.551 [FXGL Background Thread 3 ] DEBUG Engine               - soundNotification: core/notification.wav
01:35:54.551 [FXGL Background Thread 3 ] DEBUG Engine               - stageStyle: DECORATED
01:35:54.551 [FXGL Background Thread 3 ] DEBUG Engine               - supportedLanguages: [ENGLISH, FRENCH, GERMAN, HUNGARIAN, RUSSIAN]
01:35:54.551 [FXGL Background Thread 3 ] DEBUG Engine               - ticksPerSecond: -1
01:35:54.551 [FXGL Background Thread 3 ] DEBUG Engine               - title: Juego con Interacciones
01:35:54.551 [FXGL Background Thread 3 ] DEBUG Engine               - urlGithub: https://github.com/AlmasB/FXGL
01:35:54.551 [FXGL Background Thread 3 ] DEBUG Engine               - urlLeaderboard: http://fxgl-top.herokuapp.com/
01:35:54.551 [FXGL Background Thread 3 ] DEBUG Engine               - urlPOM: https://raw.githubusercontent.com/AlmasB/FXGL/release/README.md
01:35:54.551 [FXGL Background Thread 3 ] DEBUG Engine               - userAppClass: class com.example.Animacion
01:35:54.551 [FXGL Background Thread 3 ] DEBUG Engine               - version: 0.0
01:35:54.551 [FXGL Background Thread 3 ] DEBUG Engine               - versionCheckDays: 7
01:35:54.551 [FXGL Background Thread 3 ] DEBUG Engine               - width: 1520
01:35:54.551 [FXGL Background Thread 3 ] DEBUG Engine               - Logging services
01:35:54.551 [FXGL Background Thread 3 ] DEBUG Engine               - class com.almasb.fxgl.app.services.FXGLAssetLoaderService
01:35:54.551 [FXGL Background Thread 3 ] DEBUG Engine               - class com.almasb.fxgl.app.FXGLApplication$GameApplicationService
01:35:54.551 [FXGL Background Thread 3 ] DEBUG Engine               - class com.almasb.fxgl.app.services.FXGLDialogService
01:35:54.551 [FXGL Background Thread 3 ] DEBUG Engine               - class com.almasb.fxgl.app.services.IOTaskExecutorService
01:35:54.551 [FXGL Background Thread 3 ] DEBUG Engine               - class com.almasb.fxgl.io.FileSystemService
01:35:54.551 [FXGL Background Thread 3 ] DEBUG Engine               - class com.almasb.fxgl.localization.LocalizationService
01:35:54.551 [FXGL Background Thread 3 ] DEBUG Engine               - class com.almasb.fxgl.app.services.SystemBundleService
01:35:54.551 [FXGL Background Thread 3 ] DEBUG Engine               - class com.almasb.fxgl.profile.SaveLoadService
01:35:54.551 [FXGL Background Thread 3 ] DEBUG Engine               - class com.almasb.fxgl.ui.FXGLUIFactoryServiceProvider
01:35:54.551 [FXGL Background Thread 3 ] DEBUG Engine               - class com.almasb.fxgl.ui.FXGLDialogFactoryServiceProvider
01:35:54.551 [FXGL Background Thread 3 ] DEBUG Engine               - class com.almasb.fxgl.audio.AudioPlayer
01:35:54.551 [FXGL Background Thread 3 ] DEBUG Engine               - class com.almasb.fxgl.notification.impl.NotificationServiceProvider
01:35:54.551 [FXGL Background Thread 3 ] DEBUG Engine               - class com.almasb.fxgl.achievement.AchievementService
01:35:54.551 [FXGL Background Thread 3 ] DEBUG Engine               - class com.almasb.fxgl.cutscene.CutsceneService
01:35:54.551 [FXGL Background Thread 3 ] DEBUG Engine               - class com.almasb.fxgl.minigames.MiniGameService
01:35:54.551 [FXGL Background Thread 3 ] DEBUG Engine               - class com.almasb.fxgl.net.NetService
01:35:54.551 [FXGL Background Thread 3 ] DEBUG Engine               - class com.almasb.fxgl.app.services.UpdaterService
01:35:54.551 [FXGL Background Thread 3 ] DEBUG Engine               - class com.almasb.fxgl.dev.DevService
01:36:20.425 [JavaFX Application Thread] DEBUG FXGLApplication      - Exiting FXGL
01:36:20.425 [JavaFX Application Thread] DEBUG LoopRunner           - Stopping loop
01:36:20.426 [JavaFX Application Thread] DEBUG SystemBundleService  - Saving FXGL system data
01:36:20.432 [JavaFX Application Thread] DEBUG FileSystemAccess     - Writing to: D:\Proyectos\restauranteEnJava\system\fxgl.bundle
01:36:20.438 [JavaFX Application Thread] DEBUG Async                - Shutting down background threads
01:36:20.438 [JavaFX Application Thread] DEBUG PrimaryStageWindow   - Closing main window
01:36:20.470 [JavaFX Application Thread] DEBUG Logger               - Closing Logger
