14:58:02.381 [main                     ] DEBUG Logger               - Configured Logger
14:58:02.398 [main                     ] DEBUG GameApplication      - Logging settings
Title: Simulación Restaurante
Version: 0.0
Width: 1280
Height: 800
Fullscreen: false
Intro: false
Profiling: false
Single step:false
App Mode: DEVELOPER
Menu Key: ESCAPE
Stage Style: DECORATED
Scene Factory: class com.almasb.fxgl.app.scene.SceneFactory

14:58:02.922 [JavaFX Application Thread] DEBUG FXGLApplication      - Initializing FXGL
14:58:02.927 [JavaFX Application Thread] INFO  Engine               - FXGL-21 (28.12.2023 13.35) on WINDOWS (J:21.0.4 FX:21.0.1)
14:58:02.927 [JavaFX Application Thread] DEBUG Engine               - JRE Vendor Name: Eclipse Adoptium
14:58:02.927 [JavaFX Application Thread] DEBUG Engine               - Running on OS: Windows 11 version 10.0
14:58:02.927 [JavaFX Application Thread] DEBUG Engine               - Architecture: amd64
14:58:02.927 [JavaFX Application Thread] INFO  Engine               - Source code and latest versions at: https://github.com/AlmasB/FXGL
14:58:02.928 [JavaFX Application Thread] INFO  Engine               -       Ask questions and discuss at: https://github.com/AlmasB/FXGL/discussions
14:58:02.928 [JavaFX Application Thread] INFO  Engine               -              Join the FXGL chat at: https://gitter.im/AlmasB/FXGL
14:58:03.014 [JavaFX Application Thread] DEBUG PrimaryStageWindow   - Creating a JavaFX scene
14:58:03.059 [JavaFX Application Thread] DEBUG PrimaryStageWindow   - Target settings size: 1280.0 x 800.0
14:58:03.059 [JavaFX Application Thread] DEBUG PrimaryStageWindow   - Scaled scene size:    1280.0 x 800.0
14:58:03.059 [JavaFX Application Thread] DEBUG PrimaryStageWindow   - Scaled ratio: (1.0, 1.0)
14:58:03.060 [JavaFX Application Thread] DEBUG PrimaryStageWindow   - Set initial scene to FXGLStartupScene
14:58:03.065 [JavaFX Application Thread] DEBUG PrimaryStageWindow   - Opening main window
14:58:03.132 [JavaFX Application Thread] DEBUG PrimaryStageWindow   - Window border size: (16.0, 39.0)
14:58:03.132 [JavaFX Application Thread] DEBUG PrimaryStageWindow   - Scaled size: 1280.0 x 800.0
14:58:03.133 [JavaFX Application Thread] DEBUG PrimaryStageWindow   - Scaled ratio: (1.0, 1.0)
14:58:03.133 [JavaFX Application Thread] DEBUG PrimaryStageWindow   - Scene size: 1280.0 x 800.0
14:58:03.134 [JavaFX Application Thread] DEBUG PrimaryStageWindow   - Stage size: 1296.0 x 839.0
14:58:03.141 [FXGL Background Thread 1 ] DEBUG Engine               - Initializing environment variables
14:58:03.193 [FXGL Background Thread 1 ] DEBUG FXGLAssetLoaderServi - User app class for loading assets: class com.example.view.Animacion
14:58:03.193 [FXGL Background Thread 1 ] DEBUG GameApplicationServi - Applying CSS: fxgl_dark.css
14:58:03.194 [FXGL Background Thread 1 ] DEBUG FXGLAssetLoaderServi - Loading from file system: jar:file:/C:/Users/aguil/.m2/repository/com/github/almasb/fxgl/21/fxgl-21.jar!/fxglassets/ui/css/fxgl_dark.css
14:58:03.230 [FXGL Background Thread 1 ] DEBUG GameApplicationServi - Initializing application scenes
14:58:03.261 [FXGL Background Thread 1 ] DEBUG GameWorld            - Game world initialized
14:58:03.322 [FXGL Background Thread 1 ] DEBUG PhysicsWorld         - Physics world initialized: appHeight=800, physics.ppm=50.0
14:58:03.322 [FXGL Background Thread 1 ] DEBUG PhysicsWorld         - Using strategy: BRUTE_FORCE
14:58:03.327 [FXGL Background Thread 1 ] DEBUG GameScene            - Game scene initialized: 1280x800
14:58:03.342 [FXGL Background Thread 1 ] DEBUG FXGL.DefaultMenu     - createMenuBodyGameMenu()
14:58:03.357 [FXGL Background Thread 1 ] DEBUG FXGL.DefaultMenu     - createOptionsMenu()
14:58:03.363 [FXGL Background Thread 1 ] DEBUG FXGLAssetLoaderServi - Loading from file system: jar:file:/C:/Users/aguil/.m2/repository/com/github/almasb/fxgl/21/fxgl-21.jar!/fxglassets/textures/particles/smoke.png
14:58:03.447 [FXGL Background Thread 1 ] DEBUG FXGLAssetLoaderServi - Loading from file system: jar:file:/C:/Users/aguil/.m2/repository/com/github/almasb/fxgl/21/fxgl-21.jar!/fxglassets/textures/particles/trace_horizontal.png
14:58:03.469 [FXGL Background Thread 1 ] DEBUG GameApplicationServi - Application scenes initialized
14:58:03.480 [FXGL Background Thread 1 ] DEBUG SystemBundleService  - Loading FXGL system data
14:58:03.484 [FXGL Background Thread 1 ] DEBUG FileSystemAccess     - Reading from: D:\Proyectos\restauranteEnJava\system\fxgl.bundle
14:58:03.491 [FXGL Background Thread 1 ] DEBUG SystemBundleService  - Bundle FXGL: {}
14:58:03.491 [FXGL Background Thread 1 ] DEBUG UpdaterService       - Checking for updates
14:58:03.495 [FXGL Background Thread 4 ] DEBUG FXGLApplication      - Loading fonts
14:58:03.495 [FXGL Background Thread 4 ] DEBUG FXGLAssetLoaderServi - Loading from file system: jar:file:/C:/Users/aguil/.m2/repository/com/github/almasb/fxgl/21/fxgl-21.jar!/fxglassets/ui/fonts/VarelaRound-Regular.ttf
14:58:03.495 [FXGL Background Thread 1 ] DEBUG FXGLApplication      - Loading default localization
14:58:03.496 [FXGL Background Thread 1 ] DEBUG FXGLAssetLoaderServi - Loading from file system: jar:file:/C:/Users/aguil/.m2/repository/com/github/almasb/fxgl/21/fxgl-21.jar!/fxglassets/languages/english.lang
14:58:03.517 [FXGL Background Thread 1 ] INFO  FXGLApplication      - FXGL initialization took: 0.377 sec
14:58:03.519 [JavaFX Application Thread] DEBUG FXGLAssetLoaderServi - Loading from file system: jar:file:/C:/Users/aguil/.m2/repository/com/github/almasb/fxgl/21/fxgl-21.jar!/fxglassets/textures/fxgl_icon.png
14:58:03.526 [FXGL Background Thread 4 ] DEBUG FXGLAssetLoaderServi - Loading from file system: jar:file:/C:/Users/aguil/.m2/repository/com/github/almasb/fxgl/21/fxgl-21.jar!/fxglassets/ui/fonts/Abel-Regular.ttf
14:58:03.529 [FXGL Background Thread 4 ] DEBUG FXGLAssetLoaderServi - Loading from file system: jar:file:/C:/Users/aguil/.m2/repository/com/github/almasb/fxgl/21/fxgl-21.jar!/fxglassets/ui/fonts/TerminalLandMono-Regular.otf
14:58:03.531 [FXGL Background Thread 4 ] DEBUG FXGLAssetLoaderServi - Loading from file system: jar:file:/C:/Users/aguil/.m2/repository/com/github/almasb/fxgl/21/fxgl-21.jar!/fxglassets/ui/fonts/Courier-Prime.ttf
14:58:03.542 [JavaFX Application Thread] DEBUG FXGLAssetLoaderServi - Loading from file system: jar:file:/C:/Users/aguil/.m2/repository/com/github/almasb/fxgl/21/fxgl-21.jar!/fxglassets/textures/fxgl_default_cursor.png
14:58:03.552 [JavaFX Application Thread] DEBUG Input                - Registered new binding: Screenshot - CTRL+8
14:58:03.553 [JavaFX Application Thread] DEBUG Input                - Registered new binding: System info dump - CTRL+9
14:58:03.553 [JavaFX Application Thread] DEBUG Input                - Registered new binding: Restart - CTRL+R
14:58:03.554 [JavaFX Application Thread] DEBUG Input                - Registered new binding: Toggle Debug Camera - CTRL+7
14:58:03.557 [JavaFX Application Thread] DEBUG LoopRunner           - Starting loop
14:58:03.557 [JavaFX Application Thread] DEBUG LoopRunner           - Initializing JavaFX AnimationTimerLoop
14:58:03.558 [JavaFX Application Thread] DEBUG GameApplicationServi - Starting new game
14:58:03.558 [JavaFX Application Thread] DEBUG Input                - Clearing active input actions
14:58:03.569 [JavaFX Application Thread] DEBUG GameApplicationServi - Removing overlay from FXGLStartupScene and adding to FXGLLoadingScene
14:58:03.571 [JavaFX Application Thread] DEBUG PrimaryStageWindow   - FXGLStartupScene -> FXGLLoadingScene
14:58:03.571 [JavaFX Application Thread] DEBUG GameApplicationServi - Clearing previous game
14:58:03.571 [JavaFX Application Thread] DEBUG GameScene            - Clearing game scene
14:58:03.571 [JavaFX Application Thread] DEBUG GameWorld            - Clearing game world
14:58:03.571 [JavaFX Application Thread] DEBUG PhysicsWorld         - Clearing physics world
14:58:03.572 [FXGL Background Thread 4 ] DEBUG FXGLApplication      - Initializing game
14:58:03.574 [JavaFX Application Thread] DEBUG FXGLApplication      - Registering font factories with UI factory
14:58:03.574 [FXGL Background Thread 4 ] DEBUG FXGLAssetLoaderServi - Loading from file system: file:/D:/Proyectos/restauranteEnJava/restaurante/target/classes/assets/textures/restaurante.png
14:58:03.659 [FXGL Background Thread 4 ] INFO  FXGLApplication      - Game initialization took: 0.083 sec
14:58:03.692 [JavaFX Application Thread] DEBUG Input                - Clearing active input actions
14:58:03.702 [JavaFX Application Thread] DEBUG GameApplicationServi - Removing overlay from FXGLLoadingScene and adding to GameScene
14:58:03.703 [JavaFX Application Thread] DEBUG PrimaryStageWindow   - FXGLLoadingScene -> GameScene
14:58:04.067 [FXGL Background Thread 2 ] INFO  UpdaterService       - Your current version:  21
14:58:04.067 [FXGL Background Thread 2 ] INFO  UpdaterService       - Latest stable version: 21.1
14:58:06.494 [FXGL Background Thread 3 ] DEBUG Engine               - Logging environment variables
14:58:06.495 [FXGL Background Thread 3 ] DEBUG Engine               - achievements: []
14:58:06.496 [FXGL Background Thread 3 ] DEBUG Engine               - actualHeight: 800.0
14:58:06.496 [FXGL Background Thread 3 ] DEBUG Engine               - actualHeightProperty: ReadOnlyDoubleProperty [value: 800.0]
14:58:06.496 [FXGL Background Thread 3 ] DEBUG Engine               - actualWidth: 1280.0
14:58:06.497 [FXGL Background Thread 3 ] DEBUG Engine               - actualWidthProperty: ReadOnlyDoubleProperty [value: 1280.0]
14:58:06.497 [FXGL Background Thread 3 ] DEBUG Engine               - appIcon: fxgl_icon.png
14:58:06.497 [FXGL Background Thread 3 ] DEBUG Engine               - applicationMode: DEVELOPER
14:58:06.497 [FXGL Background Thread 3 ] DEBUG Engine               - cSSList: [fxgl_dark.css]
14:58:06.497 [FXGL Background Thread 3 ] DEBUG Engine               - collisionDetectionStrategy: BRUTE_FORCE
14:58:06.497 [FXGL Background Thread 3 ] DEBUG Engine               - configClass: Optional.empty
14:58:06.499 [FXGL Background Thread 3 ] DEBUG Engine               - credits: []
14:58:06.500 [FXGL Background Thread 3 ] DEBUG Engine               - defaultCursor: CursorInfo(imageName=fxgl_default_cursor.png, hotspotX=7.0, hotspotY=6.0)
14:58:06.500 [FXGL Background Thread 3 ] DEBUG Engine               - devBBoxColorProperty: ObjectProperty [value: 0xff0000ff]
14:58:06.500 [FXGL Background Thread 3 ] DEBUG Engine               - devEnableDebugCameraProperty: BooleanProperty [value: false]
14:58:06.500 [FXGL Background Thread 3 ] DEBUG Engine               - devSensorColorProperty: ObjectProperty [value: 0xffff00ff]
14:58:06.501 [FXGL Background Thread 3 ] DEBUG Engine               - devShowBBoxProperty: BooleanProperty [value: false]
14:58:06.501 [FXGL Background Thread 3 ] DEBUG Engine               - devShowPositionProperty: BooleanProperty [value: false]
14:58:06.501 [FXGL Background Thread 3 ] DEBUG Engine               - enabledMenuItems: []
14:58:06.501 [FXGL Background Thread 3 ] DEBUG Engine               - engineServices: [class com.almasb.fxgl.app.services.FXGLAssetLoaderService, class com.almasb.fxgl.app.FXGLApplication$GameApplicationService, class com.almasb.fxgl.app.services.FXGLDialogService, class com.almasb.fxgl.app.services.IOTaskExecutorService, class com.almasb.fxgl.io.FileSystemService, class com.almasb.fxgl.localization.LocalizationService, class com.almasb.fxgl.app.services.SystemBundleService, class com.almasb.fxgl.profile.SaveLoadService, class com.almasb.fxgl.ui.FXGLUIFactoryServiceProvider, class com.almasb.fxgl.ui.FXGLDialogFactoryServiceProvider, class com.almasb.fxgl.audio.AudioPlayer, class com.almasb.fxgl.notification.impl.NotificationServiceProvider, class com.almasb.fxgl.achievement.AchievementService, class com.almasb.fxgl.cutscene.CutsceneService, class com.almasb.fxgl.minigames.MiniGameService, class com.almasb.fxgl.net.NetService, class com.almasb.fxgl.app.services.UpdaterService, class com.almasb.fxgl.dev.DevService]
14:58:06.502 [FXGL Background Thread 3 ] DEBUG Engine               - fontGame: Abel-Regular.ttf
14:58:06.502 [FXGL Background Thread 3 ] DEBUG Engine               - fontMono: TerminalLandMono-Regular.otf
14:58:06.502 [FXGL Background Thread 3 ] DEBUG Engine               - fontSizeScaleUI: 1.0
14:58:06.502 [FXGL Background Thread 3 ] DEBUG Engine               - fontText: Courier-Prime.ttf
14:58:06.503 [FXGL Background Thread 3 ] DEBUG Engine               - fontUI: VarelaRound-Regular.ttf
14:58:06.503 [FXGL Background Thread 3 ] DEBUG Engine               - fullScreen: BooleanProperty [value: false]
14:58:06.503 [FXGL Background Thread 3 ] DEBUG Engine               - gameDifficulty: MEDIUM
14:58:06.503 [FXGL Background Thread 3 ] DEBUG Engine               - gameDifficultyProperty: ObjectProperty [value: MEDIUM]
14:58:06.503 [FXGL Background Thread 3 ] DEBUG Engine               - globalMusicVolume: 0.5
14:58:06.504 [FXGL Background Thread 3 ] DEBUG Engine               - globalMusicVolumeProperty: DoubleProperty [value: 0.5]
14:58:06.504 [FXGL Background Thread 3 ] DEBUG Engine               - globalSoundVolume: 0.5
14:58:06.505 [FXGL Background Thread 3 ] DEBUG Engine               - globalSoundVolumeProperty: DoubleProperty [value: 0.5]
14:58:06.505 [FXGL Background Thread 3 ] DEBUG Engine               - height: 800
14:58:06.505 [FXGL Background Thread 3 ] DEBUG Engine               - is3D: false
14:58:06.505 [FXGL Background Thread 3 ] DEBUG Engine               - isAndroid: false
14:58:06.505 [FXGL Background Thread 3 ] DEBUG Engine               - isBrowser: false
14:58:06.505 [FXGL Background Thread 3 ] DEBUG Engine               - isClickFeedbackEnabled: false
14:58:06.507 [FXGL Background Thread 3 ] DEBUG Engine               - isCloseConfirmation: false
14:58:06.507 [FXGL Background Thread 3 ] DEBUG Engine               - isDesktop: true
14:58:06.507 [FXGL Background Thread 3 ] DEBUG Engine               - isDeveloperMenuEnabled: false
14:58:06.507 [FXGL Background Thread 3 ] DEBUG Engine               - isEmbedded: false
14:58:06.507 [FXGL Background Thread 3 ] DEBUG Engine               - isEntityPreloadEnabled: true
14:58:06.508 [FXGL Background Thread 3 ] DEBUG Engine               - isExperimentalTiledLargeMap: false
14:58:06.508 [FXGL Background Thread 3 ] DEBUG Engine               - isFileSystemWriteAllowed: true
14:58:06.508 [FXGL Background Thread 3 ] DEBUG Engine               - isFullScreenAllowed: false
14:58:06.508 [FXGL Background Thread 3 ] DEBUG Engine               - isFullScreenFromStart: false
14:58:06.508 [FXGL Background Thread 3 ] DEBUG Engine               - isGameMenuEnabled: true
14:58:06.508 [FXGL Background Thread 3 ] DEBUG Engine               - isIOS: false
14:58:06.509 [FXGL Background Thread 3 ] DEBUG Engine               - isIntroEnabled: false
14:58:06.509 [FXGL Background Thread 3 ] DEBUG Engine               - isLinux: false
14:58:06.509 [FXGL Background Thread 3 ] DEBUG Engine               - isMac: false
14:58:06.509 [FXGL Background Thread 3 ] DEBUG Engine               - isMainMenuEnabled: false
14:58:06.509 [FXGL Background Thread 3 ] DEBUG Engine               - isManualResizeEnabled: false
14:58:06.510 [FXGL Background Thread 3 ] DEBUG Engine               - isMobile: false
14:58:06.510 [FXGL Background Thread 3 ] DEBUG Engine               - isNative: false
14:58:06.510 [FXGL Background Thread 3 ] DEBUG Engine               - isPauseMusicWhenMinimized: true
14:58:06.510 [FXGL Background Thread 3 ] DEBUG Engine               - isPreserveResizeRatio: false
14:58:06.511 [FXGL Background Thread 3 ] DEBUG Engine               - isProfilingEnabled: false
14:58:06.511 [FXGL Background Thread 3 ] DEBUG Engine               - isScaleAffectedOnResize: true
14:58:06.511 [FXGL Background Thread 3 ] DEBUG Engine               - isSingleStep: false
14:58:06.511 [FXGL Background Thread 3 ] DEBUG Engine               - isUserProfileEnabled: false
14:58:06.512 [FXGL Background Thread 3 ] DEBUG Engine               - isWindows: true
14:58:06.512 [FXGL Background Thread 3 ] DEBUG Engine               - language: ObjectProperty [value: ENGLISH]
14:58:06.512 [FXGL Background Thread 3 ] DEBUG Engine               - menuKey: ESCAPE
14:58:06.513 [FXGL Background Thread 3 ] DEBUG Engine               - mouseSensitivity: 0.2
14:58:06.513 [FXGL Background Thread 3 ] DEBUG Engine               - notificationViewClass: class com.almasb.fxgl.notification.view.XboxNotificationView
14:58:06.513 [FXGL Background Thread 3 ] DEBUG Engine               - pixelsPerMeter: 50.0
14:58:06.514 [FXGL Background Thread 3 ] DEBUG Engine               - platform: WINDOWS
14:58:06.514 [FXGL Background Thread 3 ] DEBUG Engine               - prefHeightProperty: ReadOnlyDoubleProperty [value: 800.0]
14:58:06.514 [FXGL Background Thread 3 ] DEBUG Engine               - prefWidthProperty: ReadOnlyDoubleProperty [value: 1280.0]
14:58:06.514 [FXGL Background Thread 3 ] DEBUG Engine               - profileDir: profiles/
14:58:06.515 [FXGL Background Thread 3 ] DEBUG Engine               - profileName: StringProperty [value: DEFAULT]
14:58:06.515 [FXGL Background Thread 3 ] DEBUG Engine               - randomSeed: -1
14:58:06.516 [FXGL Background Thread 3 ] DEBUG Engine               - runtimeInfo: RuntimeInfo(platform=WINDOWS, version=21, build=28.12.2023 13.35)
14:58:06.516 [FXGL Background Thread 3 ] DEBUG Engine               - saveFileExt: sav
14:58:06.516 [FXGL Background Thread 3 ] DEBUG Engine               - scaledHeightProp$fxgl: DoubleProperty [bound, value: 800.0]
14:58:06.516 [FXGL Background Thread 3 ] DEBUG Engine               - scaledWidthProp$fxgl: DoubleProperty [bound, value: 1280.0]
14:58:06.516 [FXGL Background Thread 3 ] DEBUG Engine               - sceneFactory: com.almasb.fxgl.app.scene.SceneFactory@7c4c2632
14:58:06.517 [FXGL Background Thread 3 ] DEBUG Engine               - secondsIn24h: 60
14:58:06.517 [FXGL Background Thread 3 ] DEBUG Engine               - soundMenuBack: menu/back.wav
14:58:06.517 [FXGL Background Thread 3 ] DEBUG Engine               - soundMenuPress: menu/press.wav
14:58:06.517 [FXGL Background Thread 3 ] DEBUG Engine               - soundMenuSelect: menu/select.wav
14:58:06.517 [FXGL Background Thread 3 ] DEBUG Engine               - soundNotification: core/notification.wav
14:58:06.517 [FXGL Background Thread 3 ] DEBUG Engine               - stageStyle: DECORATED
14:58:06.518 [FXGL Background Thread 3 ] DEBUG Engine               - supportedLanguages: [ENGLISH, FRENCH, GERMAN, HUNGARIAN, RUSSIAN]
14:58:06.518 [FXGL Background Thread 3 ] DEBUG Engine               - ticksPerSecond: -1
14:58:06.518 [FXGL Background Thread 3 ] DEBUG Engine               - title: Simulación Restaurante
14:58:06.518 [FXGL Background Thread 3 ] DEBUG Engine               - urlGithub: https://github.com/AlmasB/FXGL
14:58:06.518 [FXGL Background Thread 3 ] DEBUG Engine               - urlLeaderboard: http://fxgl-top.herokuapp.com/
14:58:06.518 [FXGL Background Thread 3 ] DEBUG Engine               - urlPOM: https://raw.githubusercontent.com/AlmasB/FXGL/release/README.md
14:58:06.519 [FXGL Background Thread 3 ] DEBUG Engine               - userAppClass: class com.example.view.Animacion
14:58:06.519 [FXGL Background Thread 3 ] DEBUG Engine               - version: 0.0
14:58:06.519 [FXGL Background Thread 3 ] DEBUG Engine               - versionCheckDays: 7
14:58:06.519 [FXGL Background Thread 3 ] DEBUG Engine               - width: 1280
14:58:06.520 [FXGL Background Thread 3 ] DEBUG Engine               - Logging services
14:58:06.520 [FXGL Background Thread 3 ] DEBUG Engine               - class com.almasb.fxgl.app.services.FXGLAssetLoaderService
14:58:06.520 [FXGL Background Thread 3 ] DEBUG Engine               - class com.almasb.fxgl.app.FXGLApplication$GameApplicationService
14:58:06.520 [FXGL Background Thread 3 ] DEBUG Engine               - class com.almasb.fxgl.app.services.FXGLDialogService
14:58:06.520 [FXGL Background Thread 3 ] DEBUG Engine               - class com.almasb.fxgl.app.services.IOTaskExecutorService
14:58:06.520 [FXGL Background Thread 3 ] DEBUG Engine               - class com.almasb.fxgl.io.FileSystemService
14:58:06.522 [FXGL Background Thread 3 ] DEBUG Engine               - class com.almasb.fxgl.localization.LocalizationService
14:58:06.522 [FXGL Background Thread 3 ] DEBUG Engine               - class com.almasb.fxgl.app.services.SystemBundleService
14:58:06.522 [FXGL Background Thread 3 ] DEBUG Engine               - class com.almasb.fxgl.profile.SaveLoadService
14:58:06.522 [FXGL Background Thread 3 ] DEBUG Engine               - class com.almasb.fxgl.ui.FXGLUIFactoryServiceProvider
14:58:06.522 [FXGL Background Thread 3 ] DEBUG Engine               - class com.almasb.fxgl.ui.FXGLDialogFactoryServiceProvider
14:58:06.522 [FXGL Background Thread 3 ] DEBUG Engine               - class com.almasb.fxgl.audio.AudioPlayer
14:58:06.522 [FXGL Background Thread 3 ] DEBUG Engine               - class com.almasb.fxgl.notification.impl.NotificationServiceProvider
14:58:06.523 [FXGL Background Thread 3 ] DEBUG Engine               - class com.almasb.fxgl.achievement.AchievementService
14:58:06.523 [FXGL Background Thread 3 ] DEBUG Engine               - class com.almasb.fxgl.cutscene.CutsceneService
14:58:06.523 [FXGL Background Thread 3 ] DEBUG Engine               - class com.almasb.fxgl.minigames.MiniGameService
14:58:06.523 [FXGL Background Thread 3 ] DEBUG Engine               - class com.almasb.fxgl.net.NetService
14:58:06.523 [FXGL Background Thread 3 ] DEBUG Engine               - class com.almasb.fxgl.app.services.UpdaterService
14:58:06.523 [FXGL Background Thread 3 ] DEBUG Engine               - class com.almasb.fxgl.dev.DevService
14:58:06.589 [JavaFX Application Thread] DEBUG FXGLAssetLoaderServi - Loading from file system: file:/D:/Proyectos/restauranteEnJava/restaurante/target/classes/assets/textures/comensal.png
14:58:06.599 [JavaFX Application Thread] DEBUG PrimaryStageWindow   - Push state: DialogSubScene
14:58:06.601 [JavaFX Application Thread] DEBUG Input                - Clearing active input actions
14:58:06.612 [JavaFX Application Thread] DEBUG GameApplicationServi - Removing overlay from GameScene and adding to DialogSubScene
14:58:06.614 [JavaFX Application Thread] DEBUG PrimaryStageWindow   - GameScene -> DialogSubScene
14:58:08.024 [JavaFX Application Thread] DEBUG PrimaryStageWindow   - Pop state: DialogSubScene
14:58:08.024 [JavaFX Application Thread] DEBUG Input                - Clearing active input actions
14:58:08.026 [JavaFX Application Thread] DEBUG GameApplicationServi - Removing overlay from DialogSubScene and adding to GameScene
14:58:08.026 [JavaFX Application Thread] DEBUG PrimaryStageWindow   - GameScene <- DialogSubScene
14:58:10.976 [JavaFX Application Thread] DEBUG PrimaryStageWindow   - Push state: DialogSubScene
14:58:10.976 [JavaFX Application Thread] DEBUG Input                - Clearing active input actions
14:58:10.979 [JavaFX Application Thread] DEBUG GameApplicationServi - Removing overlay from GameScene and adding to DialogSubScene
14:58:10.979 [JavaFX Application Thread] DEBUG PrimaryStageWindow   - GameScene -> DialogSubScene
14:58:11.946 [JavaFX Application Thread] DEBUG PrimaryStageWindow   - Pop state: DialogSubScene
14:58:11.946 [JavaFX Application Thread] DEBUG Input                - Clearing active input actions
14:58:11.948 [JavaFX Application Thread] DEBUG GameApplicationServi - Removing overlay from DialogSubScene and adding to GameScene
14:58:11.948 [JavaFX Application Thread] DEBUG PrimaryStageWindow   - GameScene <- DialogSubScene
14:58:14.975 [JavaFX Application Thread] DEBUG PrimaryStageWindow   - Push state: DialogSubScene
14:58:14.975 [JavaFX Application Thread] DEBUG Input                - Clearing active input actions
14:58:14.978 [JavaFX Application Thread] DEBUG GameApplicationServi - Removing overlay from GameScene and adding to DialogSubScene
14:58:14.978 [JavaFX Application Thread] DEBUG PrimaryStageWindow   - GameScene -> DialogSubScene
14:58:15.721 [JavaFX Application Thread] DEBUG PrimaryStageWindow   - Pop state: DialogSubScene
14:58:15.722 [JavaFX Application Thread] DEBUG Input                - Clearing active input actions
14:58:15.723 [JavaFX Application Thread] DEBUG GameApplicationServi - Removing overlay from DialogSubScene and adding to GameScene
14:58:15.724 [JavaFX Application Thread] DEBUG PrimaryStageWindow   - GameScene <- DialogSubScene
14:58:18.734 [JavaFX Application Thread] DEBUG PrimaryStageWindow   - Push state: DialogSubScene
14:58:18.735 [JavaFX Application Thread] DEBUG Input                - Clearing active input actions
14:58:18.738 [JavaFX Application Thread] DEBUG GameApplicationServi - Removing overlay from GameScene and adding to DialogSubScene
14:58:18.739 [JavaFX Application Thread] DEBUG PrimaryStageWindow   - GameScene -> DialogSubScene
14:58:19.299 [JavaFX Application Thread] DEBUG FXGLApplication      - Exiting FXGL
14:58:19.299 [JavaFX Application Thread] DEBUG LoopRunner           - Stopping loop
14:58:19.300 [JavaFX Application Thread] DEBUG SystemBundleService  - Saving FXGL system data
14:58:19.305 [JavaFX Application Thread] DEBUG FileSystemAccess     - Writing to: D:\Proyectos\restauranteEnJava\system\fxgl.bundle
14:58:19.310 [JavaFX Application Thread] DEBUG Async                - Shutting down background threads
14:58:19.311 [JavaFX Application Thread] DEBUG PrimaryStageWindow   - Closing main window
14:58:19.332 [JavaFX Application Thread] DEBUG Logger               - Closing Logger
