01:57:06.381 [main                     ] DEBUG Logger               - Configured Logger
01:57:06.400 [main                     ] DEBUG GameApplication      - Logging settings
Title: Simulación Restaurante
Version: 0.0
Width: 1280
Height: 800
Fullscreen: false
Intro: false
Profiling: false
Single step:false
App Mode: DEVELOPER
Menu Key: ESCAPE
Stage Style: DECORATED
Scene Factory: class com.almasb.fxgl.app.scene.SceneFactory

01:57:06.922 [JavaFX Application Thread] DEBUG FXGLApplication      - Initializing FXGL
01:57:06.924 [JavaFX Application Thread] INFO  Engine               - FXGL-21 (28.12.2023 13.35) on WINDOWS (J:21.0.4 FX:21.0.1)
01:57:06.925 [JavaFX Application Thread] DEBUG Engine               - JRE Vendor Name: Eclipse Adoptium
01:57:06.925 [JavaFX Application Thread] DEBUG Engine               - Running on OS: Windows 11 version 10.0
01:57:06.925 [JavaFX Application Thread] DEBUG Engine               - Architecture: amd64
01:57:06.925 [JavaFX Application Thread] INFO  Engine               - Source code and latest versions at: https://github.com/AlmasB/FXGL
01:57:06.925 [JavaFX Application Thread] INFO  Engine               -       Ask questions and discuss at: https://github.com/AlmasB/FXGL/discussions
01:57:06.926 [JavaFX Application Thread] INFO  Engine               -              Join the FXGL chat at: https://gitter.im/AlmasB/FXGL
01:57:07.012 [JavaFX Application Thread] DEBUG PrimaryStageWindow   - Creating a JavaFX scene
01:57:07.052 [JavaFX Application Thread] DEBUG PrimaryStageWindow   - Target settings size: 1280.0 x 800.0
01:57:07.052 [JavaFX Application Thread] DEBUG PrimaryStageWindow   - Scaled scene size:    1280.0 x 800.0
01:57:07.052 [JavaFX Application Thread] DEBUG PrimaryStageWindow   - Scaled ratio: (1.0, 1.0)
01:57:07.053 [JavaFX Application Thread] DEBUG PrimaryStageWindow   - Set initial scene to FXGLStartupScene
01:57:07.055 [JavaFX Application Thread] DEBUG PrimaryStageWindow   - Opening main window
01:57:07.123 [JavaFX Application Thread] DEBUG PrimaryStageWindow   - Window border size: (16.0, 39.0)
01:57:07.123 [JavaFX Application Thread] DEBUG PrimaryStageWindow   - Scaled size: 1280.0 x 800.0
01:57:07.124 [JavaFX Application Thread] DEBUG PrimaryStageWindow   - Scaled ratio: (1.0, 1.0)
01:57:07.124 [JavaFX Application Thread] DEBUG PrimaryStageWindow   - Scene size: 1280.0 x 800.0
01:57:07.124 [JavaFX Application Thread] DEBUG PrimaryStageWindow   - Stage size: 1296.0 x 839.0
01:57:07.131 [FXGL Background Thread 1 ] DEBUG Engine               - Initializing environment variables
01:57:07.192 [FXGL Background Thread 1 ] DEBUG FXGLAssetLoaderServi - User app class for loading assets: class com.example.view.Animacion
01:57:07.193 [FXGL Background Thread 1 ] DEBUG GameApplicationServi - Applying CSS: fxgl_dark.css
01:57:07.195 [FXGL Background Thread 1 ] DEBUG FXGLAssetLoaderServi - Loading from file system: jar:file:/C:/Users/aguil/.m2/repository/com/github/almasb/fxgl/21/fxgl-21.jar!/fxglassets/ui/css/fxgl_dark.css
01:57:07.232 [FXGL Background Thread 1 ] DEBUG GameApplicationServi - Initializing application scenes
01:57:07.265 [FXGL Background Thread 1 ] DEBUG GameWorld            - Game world initialized
01:57:07.321 [FXGL Background Thread 1 ] DEBUG PhysicsWorld         - Physics world initialized: appHeight=800, physics.ppm=50.0
01:57:07.321 [FXGL Background Thread 1 ] DEBUG PhysicsWorld         - Using strategy: BRUTE_FORCE
01:57:07.325 [FXGL Background Thread 1 ] DEBUG GameScene            - Game scene initialized: 1280x800
01:57:07.338 [FXGL Background Thread 1 ] DEBUG FXGL.DefaultMenu     - createMenuBodyGameMenu()
01:57:07.351 [FXGL Background Thread 1 ] DEBUG FXGL.DefaultMenu     - createOptionsMenu()
01:57:07.358 [FXGL Background Thread 1 ] DEBUG FXGLAssetLoaderServi - Loading from file system: jar:file:/C:/Users/aguil/.m2/repository/com/github/almasb/fxgl/21/fxgl-21.jar!/fxglassets/textures/particles/smoke.png
01:57:07.440 [FXGL Background Thread 1 ] DEBUG FXGLAssetLoaderServi - Loading from file system: jar:file:/C:/Users/aguil/.m2/repository/com/github/almasb/fxgl/21/fxgl-21.jar!/fxglassets/textures/particles/trace_horizontal.png
01:57:07.462 [FXGL Background Thread 1 ] DEBUG GameApplicationServi - Application scenes initialized
01:57:07.471 [FXGL Background Thread 1 ] DEBUG SystemBundleService  - Loading FXGL system data
01:57:07.476 [FXGL Background Thread 1 ] DEBUG FileSystemAccess     - Reading from: D:\Proyectos\restauranteEnJava\system\fxgl.bundle
01:57:07.483 [FXGL Background Thread 1 ] DEBUG SystemBundleService  - Bundle FXGL: {}
01:57:07.483 [FXGL Background Thread 1 ] DEBUG UpdaterService       - Checking for updates
01:57:07.486 [FXGL Background Thread 4 ] DEBUG FXGLApplication      - Loading fonts
01:57:07.488 [FXGL Background Thread 4 ] DEBUG FXGLAssetLoaderServi - Loading from file system: jar:file:/C:/Users/aguil/.m2/repository/com/github/almasb/fxgl/21/fxgl-21.jar!/fxglassets/ui/fonts/VarelaRound-Regular.ttf
01:57:07.488 [FXGL Background Thread 1 ] DEBUG FXGLApplication      - Loading default localization
01:57:07.488 [FXGL Background Thread 1 ] DEBUG FXGLAssetLoaderServi - Loading from file system: jar:file:/C:/Users/aguil/.m2/repository/com/github/almasb/fxgl/21/fxgl-21.jar!/fxglassets/languages/english.lang
01:57:07.507 [FXGL Background Thread 1 ] INFO  FXGLApplication      - FXGL initialization took: 0.376 sec
01:57:07.509 [JavaFX Application Thread] DEBUG FXGLAssetLoaderServi - Loading from file system: jar:file:/C:/Users/aguil/.m2/repository/com/github/almasb/fxgl/21/fxgl-21.jar!/fxglassets/textures/fxgl_icon.png
01:57:07.520 [FXGL Background Thread 4 ] DEBUG FXGLAssetLoaderServi - Loading from file system: jar:file:/C:/Users/aguil/.m2/repository/com/github/almasb/fxgl/21/fxgl-21.jar!/fxglassets/ui/fonts/Abel-Regular.ttf
01:57:07.522 [FXGL Background Thread 4 ] DEBUG FXGLAssetLoaderServi - Loading from file system: jar:file:/C:/Users/aguil/.m2/repository/com/github/almasb/fxgl/21/fxgl-21.jar!/fxglassets/ui/fonts/TerminalLandMono-Regular.otf
01:57:07.527 [FXGL Background Thread 4 ] DEBUG FXGLAssetLoaderServi - Loading from file system: jar:file:/C:/Users/aguil/.m2/repository/com/github/almasb/fxgl/21/fxgl-21.jar!/fxglassets/ui/fonts/Courier-Prime.ttf
01:57:07.529 [JavaFX Application Thread] DEBUG FXGLAssetLoaderServi - Loading from file system: jar:file:/C:/Users/aguil/.m2/repository/com/github/almasb/fxgl/21/fxgl-21.jar!/fxglassets/textures/fxgl_default_cursor.png
01:57:07.544 [JavaFX Application Thread] DEBUG Input                - Registered new binding: Screenshot - CTRL+8
01:57:07.545 [JavaFX Application Thread] DEBUG Input                - Registered new binding: System info dump - CTRL+9
01:57:07.545 [JavaFX Application Thread] DEBUG Input                - Registered new binding: Restart - CTRL+R
01:57:07.545 [JavaFX Application Thread] DEBUG Input                - Registered new binding: Toggle Debug Camera - CTRL+7
01:57:07.547 [JavaFX Application Thread] DEBUG LoopRunner           - Starting loop
01:57:07.547 [JavaFX Application Thread] DEBUG LoopRunner           - Initializing JavaFX AnimationTimerLoop
01:57:07.549 [JavaFX Application Thread] DEBUG GameApplicationServi - Starting new game
01:57:07.549 [JavaFX Application Thread] DEBUG Input                - Clearing active input actions
01:57:07.560 [JavaFX Application Thread] DEBUG GameApplicationServi - Removing overlay from FXGLStartupScene and adding to FXGLLoadingScene
01:57:07.561 [JavaFX Application Thread] DEBUG PrimaryStageWindow   - FXGLStartupScene -> FXGLLoadingScene
01:57:07.561 [JavaFX Application Thread] DEBUG GameApplicationServi - Clearing previous game
01:57:07.561 [JavaFX Application Thread] DEBUG GameScene            - Clearing game scene
01:57:07.561 [JavaFX Application Thread] DEBUG GameWorld            - Clearing game world
01:57:07.561 [JavaFX Application Thread] DEBUG PhysicsWorld         - Clearing physics world
01:57:07.562 [FXGL Background Thread 4 ] DEBUG FXGLApplication      - Initializing game
01:57:07.562 [JavaFX Application Thread] DEBUG FXGLApplication      - Registering font factories with UI factory
01:57:07.563 [FXGL Background Thread 4 ] DEBUG FXGLAssetLoaderServi - Loading from file system: file:/D:/Proyectos/restauranteEnJava/restaurante/target/classes/assets/textures/restaurante.png
01:57:07.627 [FXGL Background Thread 4 ] DEBUG FXGLAssetLoaderServi - Loading from file system: file:/D:/Proyectos/restauranteEnJava/restaurante/target/classes/assets/textures/cocinero.png
01:57:07.628 [FXGL Background Thread 4 ] DEBUG FXGLAssetLoaderServi - Loading from file system: file:/D:/Proyectos/restauranteEnJava/restaurante/target/classes/assets/textures/recepcionista.png
01:57:07.634 [FXGL Background Thread 4 ] DEBUG FXGLAssetLoaderServi - Loading from file system: file:/D:/Proyectos/restauranteEnJava/restaurante/target/classes/assets/textures/mesero.png
01:57:07.637 [FXGL Background Thread 4 ] DEBUG FXGLAssetLoaderServi - Loading from file system: file:/D:/Proyectos/restauranteEnJava/restaurante/target/classes/assets/textures/mesa.png
01:57:07.647 [FXGL Background Thread 4 ] INFO  FXGLApplication      - Game initialization took: 0.085 sec
01:57:07.702 [JavaFX Application Thread] DEBUG Input                - Clearing active input actions
01:57:07.712 [JavaFX Application Thread] DEBUG GameApplicationServi - Removing overlay from FXGLLoadingScene and adding to GameScene
01:57:07.712 [JavaFX Application Thread] DEBUG PrimaryStageWindow   - FXGLLoadingScene -> GameScene
01:57:07.714 [JavaFX Application Thread] DEBUG FXGLAssetLoaderServi - Loading from file system: file:/D:/Proyectos/restauranteEnJava/restaurante/target/classes/assets/textures/comensal.png
01:57:08.101 [FXGL Background Thread 2 ] INFO  UpdaterService       - Your current version:  21
01:57:08.103 [FXGL Background Thread 2 ] INFO  UpdaterService       - Latest stable version: 21.1
01:57:10.487 [FXGL Background Thread 3 ] DEBUG Engine               - Logging environment variables
01:57:10.487 [FXGL Background Thread 3 ] DEBUG Engine               - achievements: []
01:57:10.488 [FXGL Background Thread 3 ] DEBUG Engine               - actualHeight: 800.0
01:57:10.488 [FXGL Background Thread 3 ] DEBUG Engine               - actualHeightProperty: ReadOnlyDoubleProperty [value: 800.0]
01:57:10.488 [FXGL Background Thread 3 ] DEBUG Engine               - actualWidth: 1280.0
01:57:10.488 [FXGL Background Thread 3 ] DEBUG Engine               - actualWidthProperty: ReadOnlyDoubleProperty [value: 1280.0]
01:57:10.488 [FXGL Background Thread 3 ] DEBUG Engine               - appIcon: fxgl_icon.png
01:57:10.488 [FXGL Background Thread 3 ] DEBUG Engine               - applicationMode: DEVELOPER
01:57:10.488 [FXGL Background Thread 3 ] DEBUG Engine               - cSSList: [fxgl_dark.css]
01:57:10.489 [FXGL Background Thread 3 ] DEBUG Engine               - collisionDetectionStrategy: BRUTE_FORCE
01:57:10.489 [FXGL Background Thread 3 ] DEBUG Engine               - configClass: Optional.empty
01:57:10.489 [FXGL Background Thread 3 ] DEBUG Engine               - credits: []
01:57:10.489 [FXGL Background Thread 3 ] DEBUG Engine               - defaultCursor: CursorInfo(imageName=fxgl_default_cursor.png, hotspotX=7.0, hotspotY=6.0)
01:57:10.489 [FXGL Background Thread 3 ] DEBUG Engine               - devBBoxColorProperty: ObjectProperty [value: 0xff0000ff]
01:57:10.490 [FXGL Background Thread 3 ] DEBUG Engine               - devEnableDebugCameraProperty: BooleanProperty [value: false]
01:57:10.490 [FXGL Background Thread 3 ] DEBUG Engine               - devSensorColorProperty: ObjectProperty [value: 0xffff00ff]
01:57:10.490 [FXGL Background Thread 3 ] DEBUG Engine               - devShowBBoxProperty: BooleanProperty [value: false]
01:57:10.490 [FXGL Background Thread 3 ] DEBUG Engine               - devShowPositionProperty: BooleanProperty [value: false]
01:57:10.490 [FXGL Background Thread 3 ] DEBUG Engine               - enabledMenuItems: []
01:57:10.490 [FXGL Background Thread 3 ] DEBUG Engine               - engineServices: [class com.almasb.fxgl.app.services.FXGLAssetLoaderService, class com.almasb.fxgl.app.FXGLApplication$GameApplicationService, class com.almasb.fxgl.app.services.FXGLDialogService, class com.almasb.fxgl.app.services.IOTaskExecutorService, class com.almasb.fxgl.io.FileSystemService, class com.almasb.fxgl.localization.LocalizationService, class com.almasb.fxgl.app.services.SystemBundleService, class com.almasb.fxgl.profile.SaveLoadService, class com.almasb.fxgl.ui.FXGLUIFactoryServiceProvider, class com.almasb.fxgl.ui.FXGLDialogFactoryServiceProvider, class com.almasb.fxgl.audio.AudioPlayer, class com.almasb.fxgl.notification.impl.NotificationServiceProvider, class com.almasb.fxgl.achievement.AchievementService, class com.almasb.fxgl.cutscene.CutsceneService, class com.almasb.fxgl.minigames.MiniGameService, class com.almasb.fxgl.net.NetService, class com.almasb.fxgl.app.services.UpdaterService, class com.almasb.fxgl.dev.DevService]
01:57:10.490 [FXGL Background Thread 3 ] DEBUG Engine               - fontGame: Abel-Regular.ttf
01:57:10.491 [FXGL Background Thread 3 ] DEBUG Engine               - fontMono: TerminalLandMono-Regular.otf
01:57:10.491 [FXGL Background Thread 3 ] DEBUG Engine               - fontSizeScaleUI: 1.0
01:57:10.491 [FXGL Background Thread 3 ] DEBUG Engine               - fontText: Courier-Prime.ttf
01:57:10.491 [FXGL Background Thread 3 ] DEBUG Engine               - fontUI: VarelaRound-Regular.ttf
01:57:10.491 [FXGL Background Thread 3 ] DEBUG Engine               - fullScreen: BooleanProperty [value: false]
01:57:10.491 [FXGL Background Thread 3 ] DEBUG Engine               - gameDifficulty: MEDIUM
01:57:10.491 [FXGL Background Thread 3 ] DEBUG Engine               - gameDifficultyProperty: ObjectProperty [value: MEDIUM]
01:57:10.491 [FXGL Background Thread 3 ] DEBUG Engine               - globalMusicVolume: 0.5
01:57:10.492 [FXGL Background Thread 3 ] DEBUG Engine               - globalMusicVolumeProperty: DoubleProperty [value: 0.5]
01:57:10.492 [FXGL Background Thread 3 ] DEBUG Engine               - globalSoundVolume: 0.5
01:57:10.492 [FXGL Background Thread 3 ] DEBUG Engine               - globalSoundVolumeProperty: DoubleProperty [value: 0.5]
01:57:10.492 [FXGL Background Thread 3 ] DEBUG Engine               - height: 800
01:57:10.492 [FXGL Background Thread 3 ] DEBUG Engine               - is3D: false
01:57:10.493 [FXGL Background Thread 3 ] DEBUG Engine               - isAndroid: false
01:57:10.493 [FXGL Background Thread 3 ] DEBUG Engine               - isBrowser: false
01:57:10.493 [FXGL Background Thread 3 ] DEBUG Engine               - isClickFeedbackEnabled: false
01:57:10.493 [FXGL Background Thread 3 ] DEBUG Engine               - isCloseConfirmation: false
01:57:10.493 [FXGL Background Thread 3 ] DEBUG Engine               - isDesktop: true
01:57:10.493 [FXGL Background Thread 3 ] DEBUG Engine               - isDeveloperMenuEnabled: false
01:57:10.493 [FXGL Background Thread 3 ] DEBUG Engine               - isEmbedded: false
01:57:10.493 [FXGL Background Thread 3 ] DEBUG Engine               - isEntityPreloadEnabled: true
01:57:10.493 [FXGL Background Thread 3 ] DEBUG Engine               - isExperimentalTiledLargeMap: false
01:57:10.493 [FXGL Background Thread 3 ] DEBUG Engine               - isFileSystemWriteAllowed: true
01:57:10.494 [FXGL Background Thread 3 ] DEBUG Engine               - isFullScreenAllowed: false
01:57:10.494 [FXGL Background Thread 3 ] DEBUG Engine               - isFullScreenFromStart: false
01:57:10.494 [FXGL Background Thread 3 ] DEBUG Engine               - isGameMenuEnabled: true
01:57:10.494 [FXGL Background Thread 3 ] DEBUG Engine               - isIOS: false
01:57:10.494 [FXGL Background Thread 3 ] DEBUG Engine               - isIntroEnabled: false
01:57:10.494 [FXGL Background Thread 3 ] DEBUG Engine               - isLinux: false
01:57:10.494 [FXGL Background Thread 3 ] DEBUG Engine               - isMac: false
01:57:10.494 [FXGL Background Thread 3 ] DEBUG Engine               - isMainMenuEnabled: false
01:57:10.494 [FXGL Background Thread 3 ] DEBUG Engine               - isManualResizeEnabled: false
01:57:10.495 [FXGL Background Thread 3 ] DEBUG Engine               - isMobile: false
01:57:10.495 [FXGL Background Thread 3 ] DEBUG Engine               - isNative: false
01:57:10.495 [FXGL Background Thread 3 ] DEBUG Engine               - isPauseMusicWhenMinimized: true
01:57:10.495 [FXGL Background Thread 3 ] DEBUG Engine               - isPreserveResizeRatio: false
01:57:10.495 [FXGL Background Thread 3 ] DEBUG Engine               - isProfilingEnabled: false
01:57:10.495 [FXGL Background Thread 3 ] DEBUG Engine               - isScaleAffectedOnResize: true
01:57:10.495 [FXGL Background Thread 3 ] DEBUG Engine               - isSingleStep: false
01:57:10.495 [FXGL Background Thread 3 ] DEBUG Engine               - isUserProfileEnabled: false
01:57:10.495 [FXGL Background Thread 3 ] DEBUG Engine               - isWindows: true
01:57:10.495 [FXGL Background Thread 3 ] DEBUG Engine               - language: ObjectProperty [value: ENGLISH]
01:57:10.496 [FXGL Background Thread 3 ] DEBUG Engine               - menuKey: ESCAPE
01:57:10.496 [FXGL Background Thread 3 ] DEBUG Engine               - mouseSensitivity: 0.2
01:57:10.496 [FXGL Background Thread 3 ] DEBUG Engine               - notificationViewClass: class com.almasb.fxgl.notification.view.XboxNotificationView
01:57:10.496 [FXGL Background Thread 3 ] DEBUG Engine               - pixelsPerMeter: 50.0
01:57:10.496 [FXGL Background Thread 3 ] DEBUG Engine               - platform: WINDOWS
01:57:10.496 [FXGL Background Thread 3 ] DEBUG Engine               - prefHeightProperty: ReadOnlyDoubleProperty [value: 800.0]
01:57:10.496 [FXGL Background Thread 3 ] DEBUG Engine               - prefWidthProperty: ReadOnlyDoubleProperty [value: 1280.0]
01:57:10.496 [FXGL Background Thread 3 ] DEBUG Engine               - profileDir: profiles/
01:57:10.497 [FXGL Background Thread 3 ] DEBUG Engine               - profileName: StringProperty [value: DEFAULT]
01:57:10.497 [FXGL Background Thread 3 ] DEBUG Engine               - randomSeed: -1
01:57:10.497 [FXGL Background Thread 3 ] DEBUG Engine               - runtimeInfo: RuntimeInfo(platform=WINDOWS, version=21, build=28.12.2023 13.35)
01:57:10.497 [FXGL Background Thread 3 ] DEBUG Engine               - saveFileExt: sav
01:57:10.497 [FXGL Background Thread 3 ] DEBUG Engine               - scaledHeightProp$fxgl: DoubleProperty [bound, value: 800.0]
01:57:10.498 [FXGL Background Thread 3 ] DEBUG Engine               - scaledWidthProp$fxgl: DoubleProperty [bound, value: 1280.0]
01:57:10.498 [FXGL Background Thread 3 ] DEBUG Engine               - sceneFactory: com.almasb.fxgl.app.scene.SceneFactory@46a01ed8
01:57:10.498 [FXGL Background Thread 3 ] DEBUG Engine               - secondsIn24h: 60
01:57:10.498 [FXGL Background Thread 3 ] DEBUG Engine               - soundMenuBack: menu/back.wav
01:57:10.498 [FXGL Background Thread 3 ] DEBUG Engine               - soundMenuPress: menu/press.wav
01:57:10.498 [FXGL Background Thread 3 ] DEBUG Engine               - soundMenuSelect: menu/select.wav
01:57:10.498 [FXGL Background Thread 3 ] DEBUG Engine               - soundNotification: core/notification.wav
01:57:10.498 [FXGL Background Thread 3 ] DEBUG Engine               - stageStyle: DECORATED
01:57:10.498 [FXGL Background Thread 3 ] DEBUG Engine               - supportedLanguages: [ENGLISH, FRENCH, GERMAN, HUNGARIAN, RUSSIAN]
01:57:10.498 [FXGL Background Thread 3 ] DEBUG Engine               - ticksPerSecond: -1
01:57:10.499 [FXGL Background Thread 3 ] DEBUG Engine               - title: Simulación Restaurante
01:57:10.499 [FXGL Background Thread 3 ] DEBUG Engine               - urlGithub: https://github.com/AlmasB/FXGL
01:57:10.499 [FXGL Background Thread 3 ] DEBUG Engine               - urlLeaderboard: http://fxgl-top.herokuapp.com/
01:57:10.499 [FXGL Background Thread 3 ] DEBUG Engine               - urlPOM: https://raw.githubusercontent.com/AlmasB/FXGL/release/README.md
01:57:10.499 [FXGL Background Thread 3 ] DEBUG Engine               - userAppClass: class com.example.view.Animacion
01:57:10.499 [FXGL Background Thread 3 ] DEBUG Engine               - version: 0.0
01:57:10.499 [FXGL Background Thread 3 ] DEBUG Engine               - versionCheckDays: 7
01:57:10.499 [FXGL Background Thread 3 ] DEBUG Engine               - width: 1280
01:57:10.499 [FXGL Background Thread 3 ] DEBUG Engine               - Logging services
01:57:10.499 [FXGL Background Thread 3 ] DEBUG Engine               - class com.almasb.fxgl.app.services.FXGLAssetLoaderService
01:57:10.499 [FXGL Background Thread 3 ] DEBUG Engine               - class com.almasb.fxgl.app.FXGLApplication$GameApplicationService
01:57:10.499 [FXGL Background Thread 3 ] DEBUG Engine               - class com.almasb.fxgl.app.services.FXGLDialogService
01:57:10.499 [FXGL Background Thread 3 ] DEBUG Engine               - class com.almasb.fxgl.app.services.IOTaskExecutorService
01:57:10.500 [FXGL Background Thread 3 ] DEBUG Engine               - class com.almasb.fxgl.io.FileSystemService
01:57:10.500 [FXGL Background Thread 3 ] DEBUG Engine               - class com.almasb.fxgl.localization.LocalizationService
01:57:10.500 [FXGL Background Thread 3 ] DEBUG Engine               - class com.almasb.fxgl.app.services.SystemBundleService
01:57:10.500 [FXGL Background Thread 3 ] DEBUG Engine               - class com.almasb.fxgl.profile.SaveLoadService
01:57:10.500 [FXGL Background Thread 3 ] DEBUG Engine               - class com.almasb.fxgl.ui.FXGLUIFactoryServiceProvider
01:57:10.500 [FXGL Background Thread 3 ] DEBUG Engine               - class com.almasb.fxgl.ui.FXGLDialogFactoryServiceProvider
01:57:10.500 [FXGL Background Thread 3 ] DEBUG Engine               - class com.almasb.fxgl.audio.AudioPlayer
01:57:10.500 [FXGL Background Thread 3 ] DEBUG Engine               - class com.almasb.fxgl.notification.impl.NotificationServiceProvider
01:57:10.500 [FXGL Background Thread 3 ] DEBUG Engine               - class com.almasb.fxgl.achievement.AchievementService
01:57:10.500 [FXGL Background Thread 3 ] DEBUG Engine               - class com.almasb.fxgl.cutscene.CutsceneService
01:57:10.500 [FXGL Background Thread 3 ] DEBUG Engine               - class com.almasb.fxgl.minigames.MiniGameService
01:57:10.500 [FXGL Background Thread 3 ] DEBUG Engine               - class com.almasb.fxgl.net.NetService
01:57:10.500 [FXGL Background Thread 3 ] DEBUG Engine               - class com.almasb.fxgl.app.services.UpdaterService
01:57:10.502 [FXGL Background Thread 3 ] DEBUG Engine               - class com.almasb.fxgl.dev.DevService
01:57:20.174 [JavaFX Application Thread] DEBUG FXGLApplication      - Exiting FXGL
01:57:20.174 [JavaFX Application Thread] DEBUG LoopRunner           - Stopping loop
01:57:20.174 [JavaFX Application Thread] DEBUG SystemBundleService  - Saving FXGL system data
01:57:20.176 [JavaFX Application Thread] DEBUG FileSystemAccess     - Writing to: D:\Proyectos\restauranteEnJava\system\fxgl.bundle
01:57:20.179 [JavaFX Application Thread] DEBUG Async                - Shutting down background threads
01:57:20.179 [JavaFX Application Thread] DEBUG PrimaryStageWindow   - Closing main window
01:57:20.190 [JavaFX Application Thread] DEBUG Logger               - Closing Logger
