14:43:46.238 [main                     ] DEBUG Logger               - Configured Logger
14:43:46.268 [main                     ] DEBUG GameApplication      - Logging settings
Title: Simulación Restaurante
Version: 0.0
Width: 1280
Height: 800
Fullscreen: false
Intro: false
Profiling: false
Single step:false
App Mode: DEVELOPER
Menu Key: ESCAPE
Stage Style: DECORATED
Scene Factory: class com.almasb.fxgl.app.scene.SceneFactory

14:43:47.004 [JavaFX Application Thread] DEBUG FXGLApplication      - Initializing FXGL
14:43:47.008 [JavaFX Application Thread] INFO  Engine               - FXGL-21 (28.12.2023 13.35) on WINDOWS (J:21.0.4 FX:21.0.1)
14:43:47.009 [JavaFX Application Thread] DEBUG Engine               - JRE Vendor Name: Eclipse Adoptium
14:43:47.010 [JavaFX Application Thread] DEBUG Engine               - Running on OS: Windows 11 version 10.0
14:43:47.010 [JavaFX Application Thread] DEBUG Engine               - Architecture: amd64
14:43:47.010 [JavaFX Application Thread] INFO  Engine               - Source code and latest versions at: https://github.com/AlmasB/FXGL
14:43:47.011 [JavaFX Application Thread] INFO  Engine               -       Ask questions and discuss at: https://github.com/AlmasB/FXGL/discussions
14:43:47.011 [JavaFX Application Thread] INFO  Engine               -              Join the FXGL chat at: https://gitter.im/AlmasB/FXGL
14:43:47.138 [JavaFX Application Thread] DEBUG PrimaryStageWindow   - Creating a JavaFX scene
14:43:47.199 [JavaFX Application Thread] DEBUG PrimaryStageWindow   - Target settings size: 1280.0 x 800.0
14:43:47.199 [JavaFX Application Thread] DEBUG PrimaryStageWindow   - Scaled scene size:    1280.0 x 800.0
14:43:47.199 [JavaFX Application Thread] DEBUG PrimaryStageWindow   - Scaled ratio: (1.0, 1.0)
14:43:47.201 [JavaFX Application Thread] DEBUG PrimaryStageWindow   - Set initial scene to FXGLStartupScene
14:43:47.205 [JavaFX Application Thread] DEBUG PrimaryStageWindow   - Opening main window
14:43:47.305 [JavaFX Application Thread] DEBUG PrimaryStageWindow   - Window border size: (16.0, 39.0)
14:43:47.306 [JavaFX Application Thread] DEBUG PrimaryStageWindow   - Scaled size: 1280.0 x 800.0
14:43:47.308 [JavaFX Application Thread] DEBUG PrimaryStageWindow   - Scaled ratio: (1.0, 1.0)
14:43:47.309 [JavaFX Application Thread] DEBUG PrimaryStageWindow   - Scene size: 1280.0 x 800.0
14:43:47.310 [JavaFX Application Thread] DEBUG PrimaryStageWindow   - Stage size: 1296.0 x 839.0
14:43:47.320 [FXGL Background Thread 1 ] DEBUG Engine               - Initializing environment variables
14:43:47.394 [FXGL Background Thread 1 ] DEBUG FXGLAssetLoaderServi - User app class for loading assets: class com.example.Animacion
14:43:47.395 [FXGL Background Thread 1 ] DEBUG GameApplicationServi - Applying CSS: fxgl_dark.css
14:43:47.397 [FXGL Background Thread 1 ] DEBUG FXGLAssetLoaderServi - Loading from file system: jar:file:/C:/Users/aguil/.m2/repository/com/github/almasb/fxgl/21/fxgl-21.jar!/fxglassets/ui/css/fxgl_dark.css
14:43:47.452 [FXGL Background Thread 1 ] DEBUG GameApplicationServi - Initializing application scenes
14:43:47.518 [FXGL Background Thread 1 ] DEBUG GameWorld            - Game world initialized
14:43:47.619 [FXGL Background Thread 1 ] DEBUG PhysicsWorld         - Physics world initialized: appHeight=800, physics.ppm=50.0
14:43:47.619 [FXGL Background Thread 1 ] DEBUG PhysicsWorld         - Using strategy: BRUTE_FORCE
14:43:47.623 [FXGL Background Thread 1 ] DEBUG GameScene            - Game scene initialized: 1280x800
14:43:47.638 [FXGL Background Thread 1 ] DEBUG FXGL.DefaultMenu     - createMenuBodyGameMenu()
14:43:47.658 [FXGL Background Thread 1 ] DEBUG FXGL.DefaultMenu     - createOptionsMenu()
14:43:47.673 [FXGL Background Thread 1 ] DEBUG FXGLAssetLoaderServi - Loading from file system: jar:file:/C:/Users/aguil/.m2/repository/com/github/almasb/fxgl/21/fxgl-21.jar!/fxglassets/textures/particles/smoke.png
14:43:47.825 [FXGL Background Thread 1 ] DEBUG FXGLAssetLoaderServi - Loading from file system: jar:file:/C:/Users/aguil/.m2/repository/com/github/almasb/fxgl/21/fxgl-21.jar!/fxglassets/textures/particles/trace_horizontal.png
14:43:47.879 [FXGL Background Thread 1 ] DEBUG GameApplicationServi - Application scenes initialized
14:43:47.903 [FXGL Background Thread 1 ] DEBUG SystemBundleService  - Loading FXGL system data
14:43:47.909 [FXGL Background Thread 1 ] DEBUG FileSystemAccess     - Reading from: D:\Proyectos\restauranteEnJava\system\fxgl.bundle
14:43:47.922 [FXGL Background Thread 1 ] DEBUG SystemBundleService  - Bundle FXGL: {}
14:43:47.922 [FXGL Background Thread 1 ] DEBUG UpdaterService       - Checking for updates
14:43:47.927 [FXGL Background Thread 4 ] DEBUG FXGLApplication      - Loading fonts
14:43:47.929 [FXGL Background Thread 1 ] DEBUG FXGLApplication      - Loading default localization
14:43:47.929 [FXGL Background Thread 4 ] DEBUG FXGLAssetLoaderServi - Loading from file system: jar:file:/C:/Users/aguil/.m2/repository/com/github/almasb/fxgl/21/fxgl-21.jar!/fxglassets/ui/fonts/VarelaRound-Regular.ttf
14:43:47.930 [FXGL Background Thread 1 ] DEBUG FXGLAssetLoaderServi - Loading from file system: jar:file:/C:/Users/aguil/.m2/repository/com/github/almasb/fxgl/21/fxgl-21.jar!/fxglassets/languages/english.lang
14:43:47.961 [FXGL Background Thread 1 ] INFO  FXGLApplication      - FXGL initialization took: 0.640 sec
14:43:47.963 [JavaFX Application Thread] DEBUG FXGLAssetLoaderServi - Loading from file system: jar:file:/C:/Users/aguil/.m2/repository/com/github/almasb/fxgl/21/fxgl-21.jar!/fxglassets/textures/fxgl_icon.png
14:43:47.993 [FXGL Background Thread 4 ] DEBUG FXGLAssetLoaderServi - Loading from file system: jar:file:/C:/Users/aguil/.m2/repository/com/github/almasb/fxgl/21/fxgl-21.jar!/fxglassets/ui/fonts/Abel-Regular.ttf
14:43:47.999 [JavaFX Application Thread] DEBUG FXGLAssetLoaderServi - Loading from file system: jar:file:/C:/Users/aguil/.m2/repository/com/github/almasb/fxgl/21/fxgl-21.jar!/fxglassets/textures/fxgl_default_cursor.png
14:43:48.002 [FXGL Background Thread 4 ] DEBUG FXGLAssetLoaderServi - Loading from file system: jar:file:/C:/Users/aguil/.m2/repository/com/github/almasb/fxgl/21/fxgl-21.jar!/fxglassets/ui/fonts/TerminalLandMono-Regular.otf
14:43:48.005 [FXGL Background Thread 4 ] DEBUG FXGLAssetLoaderServi - Loading from file system: jar:file:/C:/Users/aguil/.m2/repository/com/github/almasb/fxgl/21/fxgl-21.jar!/fxglassets/ui/fonts/Courier-Prime.ttf
14:43:48.017 [JavaFX Application Thread] DEBUG Input                - Registered new binding: Screenshot - CTRL+8
14:43:48.018 [JavaFX Application Thread] DEBUG Input                - Registered new binding: System info dump - CTRL+9
14:43:48.019 [JavaFX Application Thread] DEBUG Input                - Registered new binding: Restart - CTRL+R
14:43:48.020 [JavaFX Application Thread] DEBUG Input                - Registered new binding: Toggle Debug Camera - CTRL+7
14:43:48.024 [JavaFX Application Thread] DEBUG LoopRunner           - Starting loop
14:43:48.024 [JavaFX Application Thread] DEBUG LoopRunner           - Initializing JavaFX AnimationTimerLoop
14:43:48.026 [JavaFX Application Thread] DEBUG GameApplicationServi - Starting new game
14:43:48.029 [JavaFX Application Thread] DEBUG Input                - Clearing active input actions
14:43:48.045 [JavaFX Application Thread] DEBUG GameApplicationServi - Removing overlay from FXGLStartupScene and adding to FXGLLoadingScene
14:43:48.046 [JavaFX Application Thread] DEBUG PrimaryStageWindow   - FXGLStartupScene -> FXGLLoadingScene
14:43:48.046 [JavaFX Application Thread] DEBUG GameApplicationServi - Clearing previous game
14:43:48.046 [JavaFX Application Thread] DEBUG GameScene            - Clearing game scene
14:43:48.046 [JavaFX Application Thread] DEBUG GameWorld            - Clearing game world
14:43:48.046 [JavaFX Application Thread] DEBUG PhysicsWorld         - Clearing physics world
14:43:48.047 [FXGL Background Thread 4 ] DEBUG FXGLApplication      - Initializing game
14:43:48.049 [JavaFX Application Thread] DEBUG FXGLApplication      - Registering font factories with UI factory
14:43:48.112 [JavaFX Application Thread] DEBUG LoopRunner           - Stopping loop
14:43:48.114 [JavaFX Application Thread] FATAL FXGLApplication      - Uncaught Exception:
java.lang.RuntimeException: Initialization failed
	at com.almasb.fxgl.app.FXGLApplication$InitAppTask.failed(FXGLApplication.kt:343)
	at javafx.concurrent.Task.setState(Task.java:710)
	at javafx.concurrent.Task$TaskCallable.lambda$call$2(Task.java:1429)
	at com.sun.javafx.application.PlatformImpl.lambda$runLater$10(PlatformImpl.java:456)
	at java.base/java.security.AccessController.doPrivileged(AccessController.java:400)
	at com.sun.javafx.application.PlatformImpl.lambda$runLater$11(PlatformImpl.java:455)
	at com.sun.glass.ui.InvokeLaterDispatcher$Future.run(InvokeLaterDispatcher.java:95)
	at com.sun.glass.ui.win.WinApplication._runLoop(Native Method)
	at com.sun.glass.ui.win.WinApplication.lambda$runLoop$3(WinApplication.java:185)
	at java.base/java.lang.Thread.run(Thread.java:1583)
Caused by: java.lang.Error: Unresolved compilation problem: 
	The constructor Mesa(int) is undefined

	at com.example.Animacion.initGame(Animacion.java:51)
	at com.almasb.fxgl.app.FXGLApplication$InitAppTask.initGame(FXGLApplication.kt:339)
	at com.almasb.fxgl.app.FXGLApplication$InitAppTask.call(FXGLApplication.kt:319)
	at com.almasb.fxgl.app.FXGLApplication$InitAppTask.call(FXGLApplication.kt:311)
	at javafx.concurrent.Task$TaskCallable.call(Task.java:1399)
	at java.base/java.util.concurrent.FutureTask.run(FutureTask.java:317)
	at java.base/java.util.concurrent.Executors$RunnableAdapter.call(Executors.java:572)
	at java.base/java.util.concurrent.FutureTask.run(FutureTask.java:317)
	at java.base/java.util.concurrent.ThreadPoolExecutor.runWorker(ThreadPoolExecutor.java:1144)
	at java.base/java.util.concurrent.ThreadPoolExecutor$Worker.run(ThreadPoolExecutor.java:642)
	... 1 more

14:43:48.115 [JavaFX Application Thread] FATAL FXGLApplication      - Application will now exit
14:43:48.136 [JavaFX Application Thread] DEBUG PrimaryStageWindow   - Push state: ErrorSubScene
14:43:48.137 [JavaFX Application Thread] DEBUG Input                - Clearing active input actions
14:43:48.151 [JavaFX Application Thread] DEBUG GameApplicationServi - Removing overlay from FXGLLoadingScene and adding to ErrorSubScene
14:43:48.152 [JavaFX Application Thread] DEBUG PrimaryStageWindow   - FXGLLoadingScene -> ErrorSubScene
14:43:48.802 [FXGL Background Thread 2 ] INFO  UpdaterService       - Your current version:  21
14:43:48.802 [FXGL Background Thread 2 ] INFO  UpdaterService       - Latest stable version: 21.1
14:43:50.401 [JavaFX Application Thread] DEBUG FXGLApplication      - Exiting FXGL
14:43:50.401 [JavaFX Application Thread] DEBUG Async                - Shutting down background threads
14:43:50.403 [JavaFX Application Thread] DEBUG PrimaryStageWindow   - Closing main window
14:43:50.417 [JavaFX Application Thread] DEBUG Logger               - Closing Logger
