01:18:56.481 [main                     ] DEBUG Logger               - Configured Logger
01:18:56.499 [main                     ] DEBUG GameApplication      - Logging settings
Title: Basic Game App
Version: 0.0
Width: 1520
Height: 1010
Fullscreen: false
Intro: false
Profiling: false
Single step:false
App Mode: DEVELOPER
Menu Key: ESCAPE
Stage Style: DECORATED
Scene Factory: class com.almasb.fxgl.app.scene.SceneFactory

01:18:57.005 [JavaFX Application Thread] DEBUG FXGLApplication      - Initializing FXGL
01:18:57.008 [JavaFX Application Thread] INFO  Engine               - FXGL-21 (28.12.2023 13.35) on WINDOWS (J:21.0.4 FX:21.0.1)
01:18:57.008 [JavaFX Application Thread] DEBUG Engine               - JRE Vendor Name: Eclipse Adoptium
01:18:57.008 [JavaFX Application Thread] DEBUG Engine               - Running on OS: Windows 11 version 10.0
01:18:57.008 [JavaFX Application Thread] DEBUG Engine               - Architecture: amd64
01:18:57.008 [JavaFX Application Thread] INFO  Engine               - Source code and latest versions at: https://github.com/AlmasB/FXGL
01:18:57.010 [JavaFX Application Thread] INFO  Engine               -       Ask questions and discuss at: https://github.com/AlmasB/FXGL/discussions
01:18:57.010 [JavaFX Application Thread] INFO  Engine               -              Join the FXGL chat at: https://gitter.im/AlmasB/FXGL
01:18:57.097 [JavaFX Application Thread] DEBUG PrimaryStageWindow   - Creating a JavaFX scene
01:18:57.137 [JavaFX Application Thread] DEBUG PrimaryStageWindow   - Target settings size: 1520.0 x 1010.0
01:18:57.137 [JavaFX Application Thread] DEBUG PrimaryStageWindow   - Scaled scene size:    1520.0 x 1010.0
01:18:57.137 [JavaFX Application Thread] DEBUG PrimaryStageWindow   - Scaled ratio: (1.0, 1.0)
01:18:57.138 [JavaFX Application Thread] DEBUG PrimaryStageWindow   - Set initial scene to FXGLStartupScene
01:18:57.141 [JavaFX Application Thread] DEBUG PrimaryStageWindow   - Opening main window
01:18:57.207 [JavaFX Application Thread] DEBUG PrimaryStageWindow   - Window border size: (16.0, 39.0)
01:18:57.209 [JavaFX Application Thread] DEBUG PrimaryStageWindow   - Scaled size: 1520.0 x 1010.0
01:18:57.209 [JavaFX Application Thread] DEBUG PrimaryStageWindow   - Scaled ratio: (1.0, 1.0)
01:18:57.209 [JavaFX Application Thread] DEBUG PrimaryStageWindow   - Scene size: 1520.0 x 1010.0
01:18:57.209 [JavaFX Application Thread] DEBUG PrimaryStageWindow   - Stage size: 1536.0 x 1049.0
01:18:57.216 [FXGL Background Thread 1 ] DEBUG Engine               - Initializing environment variables
01:18:57.266 [FXGL Background Thread 1 ] DEBUG FXGLAssetLoaderServi - User app class for loading assets: class com.example.Animacion
01:18:57.266 [FXGL Background Thread 1 ] DEBUG GameApplicationServi - Applying CSS: fxgl_dark.css
01:18:57.267 [FXGL Background Thread 1 ] DEBUG FXGLAssetLoaderServi - Loading from file system: jar:file:/C:/Users/aguil/.m2/repository/com/github/almasb/fxgl/21/fxgl-21.jar!/fxglassets/ui/css/fxgl_dark.css
01:18:57.302 [FXGL Background Thread 1 ] DEBUG GameApplicationServi - Initializing application scenes
01:18:57.337 [FXGL Background Thread 1 ] DEBUG GameWorld            - Game world initialized
01:18:57.396 [FXGL Background Thread 1 ] DEBUG PhysicsWorld         - Physics world initialized: appHeight=1010, physics.ppm=50.0
01:18:57.396 [FXGL Background Thread 1 ] DEBUG PhysicsWorld         - Using strategy: BRUTE_FORCE
01:18:57.399 [FXGL Background Thread 1 ] DEBUG GameScene            - Game scene initialized: 1520x1010
01:18:57.413 [FXGL Background Thread 1 ] DEBUG FXGL.DefaultMenu     - createMenuBodyGameMenu()
01:18:57.426 [FXGL Background Thread 1 ] DEBUG FXGL.DefaultMenu     - createOptionsMenu()
01:18:57.434 [FXGL Background Thread 1 ] DEBUG FXGLAssetLoaderServi - Loading from file system: jar:file:/C:/Users/aguil/.m2/repository/com/github/almasb/fxgl/21/fxgl-21.jar!/fxglassets/textures/particles/smoke.png
01:18:57.546 [FXGL Background Thread 1 ] DEBUG FXGLAssetLoaderServi - Loading from file system: jar:file:/C:/Users/aguil/.m2/repository/com/github/almasb/fxgl/21/fxgl-21.jar!/fxglassets/textures/particles/trace_horizontal.png
01:18:57.580 [FXGL Background Thread 1 ] DEBUG GameApplicationServi - Application scenes initialized
01:18:57.591 [FXGL Background Thread 1 ] DEBUG SystemBundleService  - Loading FXGL system data
01:18:57.594 [FXGL Background Thread 1 ] DEBUG FileSystemAccess     - Reading from: D:\Proyectos\restauranteEnJava\system\fxgl.bundle
01:18:57.601 [FXGL Background Thread 1 ] DEBUG SystemBundleService  - Bundle FXGL: {}
01:18:57.601 [FXGL Background Thread 1 ] DEBUG UpdaterService       - Checking for updates
01:18:57.604 [FXGL Background Thread 4 ] DEBUG FXGLApplication      - Loading fonts
01:18:57.605 [FXGL Background Thread 4 ] DEBUG FXGLAssetLoaderServi - Loading from file system: jar:file:/C:/Users/aguil/.m2/repository/com/github/almasb/fxgl/21/fxgl-21.jar!/fxglassets/ui/fonts/VarelaRound-Regular.ttf
01:18:57.605 [FXGL Background Thread 1 ] DEBUG FXGLApplication      - Loading default localization
01:18:57.606 [FXGL Background Thread 1 ] DEBUG FXGLAssetLoaderServi - Loading from file system: jar:file:/C:/Users/aguil/.m2/repository/com/github/almasb/fxgl/21/fxgl-21.jar!/fxglassets/languages/english.lang
01:18:57.626 [FXGL Background Thread 1 ] INFO  FXGLApplication      - FXGL initialization took: 0.410 sec
01:18:57.627 [JavaFX Application Thread] DEBUG FXGLAssetLoaderServi - Loading from file system: jar:file:/C:/Users/aguil/.m2/repository/com/github/almasb/fxgl/21/fxgl-21.jar!/fxglassets/textures/fxgl_icon.png
01:18:57.635 [FXGL Background Thread 4 ] DEBUG FXGLAssetLoaderServi - Loading from file system: jar:file:/C:/Users/aguil/.m2/repository/com/github/almasb/fxgl/21/fxgl-21.jar!/fxglassets/ui/fonts/Abel-Regular.ttf
01:18:57.639 [FXGL Background Thread 4 ] DEBUG FXGLAssetLoaderServi - Loading from file system: jar:file:/C:/Users/aguil/.m2/repository/com/github/almasb/fxgl/21/fxgl-21.jar!/fxglassets/ui/fonts/TerminalLandMono-Regular.otf
01:18:57.642 [FXGL Background Thread 4 ] DEBUG FXGLAssetLoaderServi - Loading from file system: jar:file:/C:/Users/aguil/.m2/repository/com/github/almasb/fxgl/21/fxgl-21.jar!/fxglassets/ui/fonts/Courier-Prime.ttf
01:18:57.650 [JavaFX Application Thread] DEBUG FXGLAssetLoaderServi - Loading from file system: jar:file:/C:/Users/aguil/.m2/repository/com/github/almasb/fxgl/21/fxgl-21.jar!/fxglassets/textures/fxgl_default_cursor.png
01:18:57.663 [JavaFX Application Thread] DEBUG Input                - Registered new binding: Screenshot - CTRL+8
01:18:57.664 [JavaFX Application Thread] DEBUG Input                - Registered new binding: System info dump - CTRL+9
01:18:57.664 [JavaFX Application Thread] DEBUG Input                - Registered new binding: Restart - CTRL+R
01:18:57.664 [JavaFX Application Thread] DEBUG Input                - Registered new binding: Toggle Debug Camera - CTRL+7
01:18:57.667 [JavaFX Application Thread] DEBUG LoopRunner           - Starting loop
01:18:57.667 [JavaFX Application Thread] DEBUG LoopRunner           - Initializing JavaFX AnimationTimerLoop
01:18:57.668 [JavaFX Application Thread] DEBUG GameApplicationServi - Starting new game
01:18:57.668 [JavaFX Application Thread] DEBUG Input                - Clearing active input actions
01:18:57.679 [JavaFX Application Thread] DEBUG GameApplicationServi - Removing overlay from FXGLStartupScene and adding to FXGLLoadingScene
01:18:57.680 [JavaFX Application Thread] DEBUG PrimaryStageWindow   - FXGLStartupScene -> FXGLLoadingScene
01:18:57.680 [JavaFX Application Thread] DEBUG GameApplicationServi - Clearing previous game
01:18:57.680 [JavaFX Application Thread] DEBUG GameScene            - Clearing game scene
01:18:57.680 [JavaFX Application Thread] DEBUG GameWorld            - Clearing game world
01:18:57.680 [JavaFX Application Thread] DEBUG PhysicsWorld         - Clearing physics world
01:18:57.681 [FXGL Background Thread 4 ] DEBUG FXGLApplication      - Initializing game
01:18:57.682 [FXGL Background Thread 4 ] DEBUG FXGLAssetLoaderServi - Loading from file system: file:/D:/Proyectos/restauranteEnJava/restaurante/target/classes/assets/textures/restaurante.png
01:18:57.682 [JavaFX Application Thread] DEBUG FXGLApplication      - Registering font factories with UI factory
01:18:57.748 [FXGL Background Thread 4 ] DEBUG FXGLAssetLoaderServi - Loading from file system: file:/D:/Proyectos/restauranteEnJava/restaurante/target/classes/assets/textures/cocinero.png
01:18:57.765 [FXGL Background Thread 4 ] DEBUG FXGLAssetLoaderServi - Loading from file system: file:/D:/Proyectos/restauranteEnJava/restaurante/target/classes/assets/textures/mesa.png
01:18:57.800 [FXGL Background Thread 4 ] INFO  FXGLApplication      - Game initialization took: 0.118 sec
01:18:57.801 [JavaFX Application Thread] DEBUG Input                - Clearing active input actions
01:18:57.811 [JavaFX Application Thread] DEBUG GameApplicationServi - Removing overlay from FXGLLoadingScene and adding to GameScene
01:18:57.812 [JavaFX Application Thread] DEBUG PrimaryStageWindow   - FXGLLoadingScene -> GameScene
01:18:58.141 [FXGL Background Thread 2 ] INFO  UpdaterService       - Your current version:  21
01:18:58.141 [FXGL Background Thread 2 ] INFO  UpdaterService       - Latest stable version: 21.1
01:19:00.604 [FXGL Background Thread 3 ] DEBUG Engine               - Logging environment variables
01:19:00.605 [FXGL Background Thread 3 ] DEBUG Engine               - achievements: []
01:19:00.606 [FXGL Background Thread 3 ] DEBUG Engine               - actualHeight: 1010.0
01:19:00.606 [FXGL Background Thread 3 ] DEBUG Engine               - actualHeightProperty: ReadOnlyDoubleProperty [value: 1010.0]
01:19:00.606 [FXGL Background Thread 3 ] DEBUG Engine               - actualWidth: 1520.0
01:19:00.607 [FXGL Background Thread 3 ] DEBUG Engine               - actualWidthProperty: ReadOnlyDoubleProperty [value: 1520.0]
01:19:00.607 [FXGL Background Thread 3 ] DEBUG Engine               - appIcon: fxgl_icon.png
01:19:00.608 [FXGL Background Thread 3 ] DEBUG Engine               - applicationMode: DEVELOPER
01:19:00.608 [FXGL Background Thread 3 ] DEBUG Engine               - cSSList: [fxgl_dark.css]
01:19:00.608 [FXGL Background Thread 3 ] DEBUG Engine               - collisionDetectionStrategy: BRUTE_FORCE
01:19:00.608 [FXGL Background Thread 3 ] DEBUG Engine               - configClass: Optional.empty
01:19:00.608 [FXGL Background Thread 3 ] DEBUG Engine               - credits: []
01:19:00.610 [FXGL Background Thread 3 ] DEBUG Engine               - defaultCursor: CursorInfo(imageName=fxgl_default_cursor.png, hotspotX=7.0, hotspotY=6.0)
01:19:00.611 [FXGL Background Thread 3 ] DEBUG Engine               - devBBoxColorProperty: ObjectProperty [value: 0xff0000ff]
01:19:00.611 [FXGL Background Thread 3 ] DEBUG Engine               - devEnableDebugCameraProperty: BooleanProperty [value: false]
01:19:00.612 [FXGL Background Thread 3 ] DEBUG Engine               - devSensorColorProperty: ObjectProperty [value: 0xffff00ff]
01:19:00.612 [FXGL Background Thread 3 ] DEBUG Engine               - devShowBBoxProperty: BooleanProperty [value: false]
01:19:00.612 [FXGL Background Thread 3 ] DEBUG Engine               - devShowPositionProperty: BooleanProperty [value: false]
01:19:00.612 [FXGL Background Thread 3 ] DEBUG Engine               - enabledMenuItems: []
01:19:00.612 [FXGL Background Thread 3 ] DEBUG Engine               - engineServices: [class com.almasb.fxgl.app.services.FXGLAssetLoaderService, class com.almasb.fxgl.app.FXGLApplication$GameApplicationService, class com.almasb.fxgl.app.services.FXGLDialogService, class com.almasb.fxgl.app.services.IOTaskExecutorService, class com.almasb.fxgl.io.FileSystemService, class com.almasb.fxgl.localization.LocalizationService, class com.almasb.fxgl.app.services.SystemBundleService, class com.almasb.fxgl.profile.SaveLoadService, class com.almasb.fxgl.ui.FXGLUIFactoryServiceProvider, class com.almasb.fxgl.ui.FXGLDialogFactoryServiceProvider, class com.almasb.fxgl.audio.AudioPlayer, class com.almasb.fxgl.notification.impl.NotificationServiceProvider, class com.almasb.fxgl.achievement.AchievementService, class com.almasb.fxgl.cutscene.CutsceneService, class com.almasb.fxgl.minigames.MiniGameService, class com.almasb.fxgl.net.NetService, class com.almasb.fxgl.app.services.UpdaterService, class com.almasb.fxgl.dev.DevService]
01:19:00.612 [FXGL Background Thread 3 ] DEBUG Engine               - fontGame: Abel-Regular.ttf
01:19:00.613 [FXGL Background Thread 3 ] DEBUG Engine               - fontMono: TerminalLandMono-Regular.otf
01:19:00.613 [FXGL Background Thread 3 ] DEBUG Engine               - fontSizeScaleUI: 1.0
01:19:00.613 [FXGL Background Thread 3 ] DEBUG Engine               - fontText: Courier-Prime.ttf
01:19:00.613 [FXGL Background Thread 3 ] DEBUG Engine               - fontUI: VarelaRound-Regular.ttf
01:19:00.613 [FXGL Background Thread 3 ] DEBUG Engine               - fullScreen: BooleanProperty [value: false]
01:19:00.614 [FXGL Background Thread 3 ] DEBUG Engine               - gameDifficulty: MEDIUM
01:19:00.614 [FXGL Background Thread 3 ] DEBUG Engine               - gameDifficultyProperty: ObjectProperty [value: MEDIUM]
01:19:00.614 [FXGL Background Thread 3 ] DEBUG Engine               - globalMusicVolume: 0.5
01:19:00.614 [FXGL Background Thread 3 ] DEBUG Engine               - globalMusicVolumeProperty: DoubleProperty [value: 0.5]
01:19:00.615 [FXGL Background Thread 3 ] DEBUG Engine               - globalSoundVolume: 0.5
01:19:00.615 [FXGL Background Thread 3 ] DEBUG Engine               - globalSoundVolumeProperty: DoubleProperty [value: 0.5]
01:19:00.615 [FXGL Background Thread 3 ] DEBUG Engine               - height: 1010
01:19:00.615 [FXGL Background Thread 3 ] DEBUG Engine               - is3D: false
01:19:00.616 [FXGL Background Thread 3 ] DEBUG Engine               - isAndroid: false
01:19:00.616 [FXGL Background Thread 3 ] DEBUG Engine               - isBrowser: false
01:19:00.616 [FXGL Background Thread 3 ] DEBUG Engine               - isClickFeedbackEnabled: false
01:19:00.616 [FXGL Background Thread 3 ] DEBUG Engine               - isCloseConfirmation: false
01:19:00.616 [FXGL Background Thread 3 ] DEBUG Engine               - isDesktop: true
01:19:00.617 [FXGL Background Thread 3 ] DEBUG Engine               - isDeveloperMenuEnabled: false
01:19:00.617 [FXGL Background Thread 3 ] DEBUG Engine               - isEmbedded: false
01:19:00.617 [FXGL Background Thread 3 ] DEBUG Engine               - isEntityPreloadEnabled: true
01:19:00.617 [FXGL Background Thread 3 ] DEBUG Engine               - isExperimentalTiledLargeMap: false
01:19:00.617 [FXGL Background Thread 3 ] DEBUG Engine               - isFileSystemWriteAllowed: true
01:19:00.617 [FXGL Background Thread 3 ] DEBUG Engine               - isFullScreenAllowed: false
01:19:00.618 [FXGL Background Thread 3 ] DEBUG Engine               - isFullScreenFromStart: false
01:19:00.618 [FXGL Background Thread 3 ] DEBUG Engine               - isGameMenuEnabled: true
01:19:00.618 [FXGL Background Thread 3 ] DEBUG Engine               - isIOS: false
01:19:00.618 [FXGL Background Thread 3 ] DEBUG Engine               - isIntroEnabled: false
01:19:00.618 [FXGL Background Thread 3 ] DEBUG Engine               - isLinux: false
01:19:00.619 [FXGL Background Thread 3 ] DEBUG Engine               - isMac: false
01:19:00.619 [FXGL Background Thread 3 ] DEBUG Engine               - isMainMenuEnabled: false
01:19:00.619 [FXGL Background Thread 3 ] DEBUG Engine               - isManualResizeEnabled: false
01:19:00.620 [FXGL Background Thread 3 ] DEBUG Engine               - isMobile: false
01:19:00.620 [FXGL Background Thread 3 ] DEBUG Engine               - isNative: false
01:19:00.620 [FXGL Background Thread 3 ] DEBUG Engine               - isPauseMusicWhenMinimized: true
01:19:00.620 [FXGL Background Thread 3 ] DEBUG Engine               - isPreserveResizeRatio: false
01:19:00.620 [FXGL Background Thread 3 ] DEBUG Engine               - isProfilingEnabled: false
01:19:00.621 [FXGL Background Thread 3 ] DEBUG Engine               - isScaleAffectedOnResize: true
01:19:00.621 [FXGL Background Thread 3 ] DEBUG Engine               - isSingleStep: false
01:19:00.621 [FXGL Background Thread 3 ] DEBUG Engine               - isUserProfileEnabled: false
01:19:00.621 [FXGL Background Thread 3 ] DEBUG Engine               - isWindows: true
01:19:00.621 [FXGL Background Thread 3 ] DEBUG Engine               - language: ObjectProperty [value: ENGLISH]
01:19:00.622 [FXGL Background Thread 3 ] DEBUG Engine               - menuKey: ESCAPE
01:19:00.622 [FXGL Background Thread 3 ] DEBUG Engine               - mouseSensitivity: 0.2
01:19:00.622 [FXGL Background Thread 3 ] DEBUG Engine               - notificationViewClass: class com.almasb.fxgl.notification.view.XboxNotificationView
01:19:00.622 [FXGL Background Thread 3 ] DEBUG Engine               - pixelsPerMeter: 50.0
01:19:00.623 [FXGL Background Thread 3 ] DEBUG Engine               - platform: WINDOWS
01:19:00.623 [FXGL Background Thread 3 ] DEBUG Engine               - prefHeightProperty: ReadOnlyDoubleProperty [value: 1010.0]
01:19:00.623 [FXGL Background Thread 3 ] DEBUG Engine               - prefWidthProperty: ReadOnlyDoubleProperty [value: 1520.0]
01:19:00.624 [FXGL Background Thread 3 ] DEBUG Engine               - profileDir: profiles/
01:19:00.624 [FXGL Background Thread 3 ] DEBUG Engine               - profileName: StringProperty [value: DEFAULT]
01:19:00.624 [FXGL Background Thread 3 ] DEBUG Engine               - randomSeed: -1
01:19:00.625 [FXGL Background Thread 3 ] DEBUG Engine               - runtimeInfo: RuntimeInfo(platform=WINDOWS, version=21, build=28.12.2023 13.35)
01:19:00.625 [FXGL Background Thread 3 ] DEBUG Engine               - saveFileExt: sav
01:19:00.626 [FXGL Background Thread 3 ] DEBUG Engine               - scaledHeightProp$fxgl: DoubleProperty [bound, value: 1010.0]
01:19:00.626 [FXGL Background Thread 3 ] DEBUG Engine               - scaledWidthProp$fxgl: DoubleProperty [bound, value: 1520.0]
01:19:00.626 [FXGL Background Thread 3 ] DEBUG Engine               - sceneFactory: com.almasb.fxgl.app.scene.SceneFactory@488d80ab
01:19:00.626 [FXGL Background Thread 3 ] DEBUG Engine               - secondsIn24h: 60
01:19:00.626 [FXGL Background Thread 3 ] DEBUG Engine               - soundMenuBack: menu/back.wav
01:19:00.627 [FXGL Background Thread 3 ] DEBUG Engine               - soundMenuPress: menu/press.wav
01:19:00.627 [FXGL Background Thread 3 ] DEBUG Engine               - soundMenuSelect: menu/select.wav
01:19:00.627 [FXGL Background Thread 3 ] DEBUG Engine               - soundNotification: core/notification.wav
01:19:00.627 [FXGL Background Thread 3 ] DEBUG Engine               - stageStyle: DECORATED
01:19:00.627 [FXGL Background Thread 3 ] DEBUG Engine               - supportedLanguages: [ENGLISH, FRENCH, GERMAN, HUNGARIAN, RUSSIAN]
01:19:00.627 [FXGL Background Thread 3 ] DEBUG Engine               - ticksPerSecond: -1
01:19:00.628 [FXGL Background Thread 3 ] DEBUG Engine               - title: Basic Game App
01:19:00.628 [FXGL Background Thread 3 ] DEBUG Engine               - urlGithub: https://github.com/AlmasB/FXGL
01:19:00.628 [FXGL Background Thread 3 ] DEBUG Engine               - urlLeaderboard: http://fxgl-top.herokuapp.com/
01:19:00.628 [FXGL Background Thread 3 ] DEBUG Engine               - urlPOM: https://raw.githubusercontent.com/AlmasB/FXGL/release/README.md
01:19:00.629 [FXGL Background Thread 3 ] DEBUG Engine               - userAppClass: class com.example.Animacion
01:19:00.629 [FXGL Background Thread 3 ] DEBUG Engine               - version: 0.0
01:19:00.629 [FXGL Background Thread 3 ] DEBUG Engine               - versionCheckDays: 7
01:19:00.630 [FXGL Background Thread 3 ] DEBUG Engine               - width: 1520
01:19:00.630 [FXGL Background Thread 3 ] DEBUG Engine               - Logging services
01:19:00.630 [FXGL Background Thread 3 ] DEBUG Engine               - class com.almasb.fxgl.app.services.FXGLAssetLoaderService
01:19:00.630 [FXGL Background Thread 3 ] DEBUG Engine               - class com.almasb.fxgl.app.FXGLApplication$GameApplicationService
01:19:00.630 [FXGL Background Thread 3 ] DEBUG Engine               - class com.almasb.fxgl.app.services.FXGLDialogService
01:19:00.632 [FXGL Background Thread 3 ] DEBUG Engine               - class com.almasb.fxgl.app.services.IOTaskExecutorService
01:19:00.632 [FXGL Background Thread 3 ] DEBUG Engine               - class com.almasb.fxgl.io.FileSystemService
01:19:00.632 [FXGL Background Thread 3 ] DEBUG Engine               - class com.almasb.fxgl.localization.LocalizationService
01:19:00.632 [FXGL Background Thread 3 ] DEBUG Engine               - class com.almasb.fxgl.app.services.SystemBundleService
01:19:00.632 [FXGL Background Thread 3 ] DEBUG Engine               - class com.almasb.fxgl.profile.SaveLoadService
01:19:00.632 [FXGL Background Thread 3 ] DEBUG Engine               - class com.almasb.fxgl.ui.FXGLUIFactoryServiceProvider
01:19:00.633 [FXGL Background Thread 3 ] DEBUG Engine               - class com.almasb.fxgl.ui.FXGLDialogFactoryServiceProvider
01:19:00.633 [FXGL Background Thread 3 ] DEBUG Engine               - class com.almasb.fxgl.audio.AudioPlayer
01:19:00.633 [FXGL Background Thread 3 ] DEBUG Engine               - class com.almasb.fxgl.notification.impl.NotificationServiceProvider
01:19:00.633 [FXGL Background Thread 3 ] DEBUG Engine               - class com.almasb.fxgl.achievement.AchievementService
01:19:00.633 [FXGL Background Thread 3 ] DEBUG Engine               - class com.almasb.fxgl.cutscene.CutsceneService
01:19:00.634 [FXGL Background Thread 3 ] DEBUG Engine               - class com.almasb.fxgl.minigames.MiniGameService
01:19:00.634 [FXGL Background Thread 3 ] DEBUG Engine               - class com.almasb.fxgl.net.NetService
01:19:00.634 [FXGL Background Thread 3 ] DEBUG Engine               - class com.almasb.fxgl.app.services.UpdaterService
01:19:00.634 [FXGL Background Thread 3 ] DEBUG Engine               - class com.almasb.fxgl.dev.DevService
01:19:19.812 [JavaFX Application Thread] DEBUG FXGLApplication      - Exiting FXGL
01:19:19.813 [JavaFX Application Thread] DEBUG LoopRunner           - Stopping loop
01:19:19.813 [JavaFX Application Thread] DEBUG SystemBundleService  - Saving FXGL system data
01:19:19.814 [JavaFX Application Thread] DEBUG FileSystemAccess     - Writing to: D:\Proyectos\restauranteEnJava\system\fxgl.bundle
01:19:19.815 [JavaFX Application Thread] DEBUG Async                - Shutting down background threads
01:19:19.815 [JavaFX Application Thread] DEBUG PrimaryStageWindow   - Closing main window
01:19:19.826 [JavaFX Application Thread] DEBUG Logger               - Closing Logger
