01:53:56.716 [main                     ] DEBUG Logger               - Configured Logger
01:53:56.734 [main                     ] DEBUG GameApplication      - Logging settings
Title: Simulación Restaurante
Version: 0.0
Width: 1280
Height: 800
Fullscreen: false
Intro: false
Profiling: false
Single step:false
App Mode: DEVELOPER
Menu Key: ESCAPE
Stage Style: DECORATED
Scene Factory: class com.almasb.fxgl.app.scene.SceneFactory

01:53:57.254 [JavaFX Application Thread] DEBUG FXGLApplication      - Initializing FXGL
01:53:57.257 [JavaFX Application Thread] INFO  Engine               - FXGL-21 (28.12.2023 13.35) on WINDOWS (J:21.0.4 FX:21.0.1)
01:53:57.257 [JavaFX Application Thread] DEBUG Engine               - JRE Vendor Name: Eclipse Adoptium
01:53:57.257 [JavaFX Application Thread] DEBUG Engine               - Running on OS: Windows 11 version 10.0
01:53:57.258 [JavaFX Application Thread] DEBUG Engine               - Architecture: amd64
01:53:57.258 [JavaFX Application Thread] INFO  Engine               - Source code and latest versions at: https://github.com/AlmasB/FXGL
01:53:57.258 [JavaFX Application Thread] INFO  Engine               -       Ask questions and discuss at: https://github.com/AlmasB/FXGL/discussions
01:53:57.258 [JavaFX Application Thread] INFO  Engine               -              Join the FXGL chat at: https://gitter.im/AlmasB/FXGL
01:53:57.346 [JavaFX Application Thread] DEBUG PrimaryStageWindow   - Creating a JavaFX scene
01:53:57.382 [JavaFX Application Thread] DEBUG PrimaryStageWindow   - Target settings size: 1280.0 x 800.0
01:53:57.383 [JavaFX Application Thread] DEBUG PrimaryStageWindow   - Scaled scene size:    1280.0 x 800.0
01:53:57.383 [JavaFX Application Thread] DEBUG PrimaryStageWindow   - Scaled ratio: (1.0, 1.0)
01:53:57.385 [JavaFX Application Thread] DEBUG PrimaryStageWindow   - Set initial scene to FXGLStartupScene
01:53:57.387 [JavaFX Application Thread] DEBUG PrimaryStageWindow   - Opening main window
01:53:57.454 [JavaFX Application Thread] DEBUG PrimaryStageWindow   - Window border size: (16.0, 39.0)
01:53:57.455 [JavaFX Application Thread] DEBUG PrimaryStageWindow   - Scaled size: 1280.0 x 800.0
01:53:57.455 [JavaFX Application Thread] DEBUG PrimaryStageWindow   - Scaled ratio: (1.0, 1.0)
01:53:57.455 [JavaFX Application Thread] DEBUG PrimaryStageWindow   - Scene size: 1280.0 x 800.0
01:53:57.455 [JavaFX Application Thread] DEBUG PrimaryStageWindow   - Stage size: 1296.0 x 839.0
01:53:57.462 [FXGL Background Thread 1 ] DEBUG Engine               - Initializing environment variables
01:53:57.511 [FXGL Background Thread 1 ] DEBUG FXGLAssetLoaderServi - User app class for loading assets: class com.example.view.Animacion
01:53:57.511 [FXGL Background Thread 1 ] DEBUG GameApplicationServi - Applying CSS: fxgl_dark.css
01:53:57.511 [FXGL Background Thread 1 ] DEBUG FXGLAssetLoaderServi - Loading from file system: jar:file:/C:/Users/aguil/.m2/repository/com/github/almasb/fxgl/21/fxgl-21.jar!/fxglassets/ui/css/fxgl_dark.css
01:53:57.546 [FXGL Background Thread 1 ] DEBUG GameApplicationServi - Initializing application scenes
01:53:57.579 [FXGL Background Thread 1 ] DEBUG GameWorld            - Game world initialized
01:53:57.632 [FXGL Background Thread 1 ] DEBUG PhysicsWorld         - Physics world initialized: appHeight=800, physics.ppm=50.0
01:53:57.632 [FXGL Background Thread 1 ] DEBUG PhysicsWorld         - Using strategy: BRUTE_FORCE
01:53:57.636 [FXGL Background Thread 1 ] DEBUG GameScene            - Game scene initialized: 1280x800
01:53:57.646 [FXGL Background Thread 1 ] DEBUG FXGL.DefaultMenu     - createMenuBodyGameMenu()
01:53:57.658 [FXGL Background Thread 1 ] DEBUG FXGL.DefaultMenu     - createOptionsMenu()
01:53:57.664 [FXGL Background Thread 1 ] DEBUG FXGLAssetLoaderServi - Loading from file system: jar:file:/C:/Users/aguil/.m2/repository/com/github/almasb/fxgl/21/fxgl-21.jar!/fxglassets/textures/particles/smoke.png
01:53:57.741 [FXGL Background Thread 1 ] DEBUG FXGLAssetLoaderServi - Loading from file system: jar:file:/C:/Users/aguil/.m2/repository/com/github/almasb/fxgl/21/fxgl-21.jar!/fxglassets/textures/particles/trace_horizontal.png
01:53:57.761 [FXGL Background Thread 1 ] DEBUG GameApplicationServi - Application scenes initialized
01:53:57.772 [FXGL Background Thread 1 ] DEBUG SystemBundleService  - Loading FXGL system data
01:53:57.775 [FXGL Background Thread 1 ] DEBUG FileSystemAccess     - Reading from: D:\Proyectos\restauranteEnJava\system\fxgl.bundle
01:53:57.782 [FXGL Background Thread 1 ] DEBUG SystemBundleService  - Bundle FXGL: {}
01:53:57.782 [FXGL Background Thread 1 ] DEBUG UpdaterService       - Checking for updates
01:53:57.786 [FXGL Background Thread 4 ] DEBUG FXGLApplication      - Loading fonts
01:53:57.787 [FXGL Background Thread 4 ] DEBUG FXGLAssetLoaderServi - Loading from file system: jar:file:/C:/Users/aguil/.m2/repository/com/github/almasb/fxgl/21/fxgl-21.jar!/fxglassets/ui/fonts/VarelaRound-Regular.ttf
01:53:57.787 [FXGL Background Thread 1 ] DEBUG FXGLApplication      - Loading default localization
01:53:57.787 [FXGL Background Thread 1 ] DEBUG FXGLAssetLoaderServi - Loading from file system: jar:file:/C:/Users/aguil/.m2/repository/com/github/almasb/fxgl/21/fxgl-21.jar!/fxglassets/languages/english.lang
01:53:57.806 [FXGL Background Thread 1 ] INFO  FXGLApplication      - FXGL initialization took: 0.343 sec
01:53:57.807 [JavaFX Application Thread] DEBUG FXGLAssetLoaderServi - Loading from file system: jar:file:/C:/Users/aguil/.m2/repository/com/github/almasb/fxgl/21/fxgl-21.jar!/fxglassets/textures/fxgl_icon.png
01:53:57.815 [FXGL Background Thread 4 ] DEBUG FXGLAssetLoaderServi - Loading from file system: jar:file:/C:/Users/aguil/.m2/repository/com/github/almasb/fxgl/21/fxgl-21.jar!/fxglassets/ui/fonts/Abel-Regular.ttf
01:53:57.817 [FXGL Background Thread 4 ] DEBUG FXGLAssetLoaderServi - Loading from file system: jar:file:/C:/Users/aguil/.m2/repository/com/github/almasb/fxgl/21/fxgl-21.jar!/fxglassets/ui/fonts/TerminalLandMono-Regular.otf
01:53:57.820 [FXGL Background Thread 4 ] DEBUG FXGLAssetLoaderServi - Loading from file system: jar:file:/C:/Users/aguil/.m2/repository/com/github/almasb/fxgl/21/fxgl-21.jar!/fxglassets/ui/fonts/Courier-Prime.ttf
01:53:57.825 [JavaFX Application Thread] DEBUG FXGLAssetLoaderServi - Loading from file system: jar:file:/C:/Users/aguil/.m2/repository/com/github/almasb/fxgl/21/fxgl-21.jar!/fxglassets/textures/fxgl_default_cursor.png
01:53:57.838 [JavaFX Application Thread] DEBUG Input                - Registered new binding: Screenshot - CTRL+8
01:53:57.840 [JavaFX Application Thread] DEBUG Input                - Registered new binding: System info dump - CTRL+9
01:53:57.840 [JavaFX Application Thread] DEBUG Input                - Registered new binding: Restart - CTRL+R
01:53:57.841 [JavaFX Application Thread] DEBUG Input                - Registered new binding: Toggle Debug Camera - CTRL+7
01:53:57.842 [JavaFX Application Thread] DEBUG LoopRunner           - Starting loop
01:53:57.843 [JavaFX Application Thread] DEBUG LoopRunner           - Initializing JavaFX AnimationTimerLoop
01:53:57.843 [JavaFX Application Thread] DEBUG GameApplicationServi - Starting new game
01:53:57.845 [JavaFX Application Thread] DEBUG Input                - Clearing active input actions
01:53:57.855 [JavaFX Application Thread] DEBUG GameApplicationServi - Removing overlay from FXGLStartupScene and adding to FXGLLoadingScene
01:53:57.855 [JavaFX Application Thread] DEBUG PrimaryStageWindow   - FXGLStartupScene -> FXGLLoadingScene
01:53:57.855 [JavaFX Application Thread] DEBUG GameApplicationServi - Clearing previous game
01:53:57.855 [JavaFX Application Thread] DEBUG GameScene            - Clearing game scene
01:53:57.855 [JavaFX Application Thread] DEBUG GameWorld            - Clearing game world
01:53:57.856 [JavaFX Application Thread] DEBUG PhysicsWorld         - Clearing physics world
01:53:57.857 [FXGL Background Thread 4 ] DEBUG FXGLApplication      - Initializing game
01:53:57.857 [JavaFX Application Thread] DEBUG FXGLApplication      - Registering font factories with UI factory
01:53:57.858 [FXGL Background Thread 4 ] DEBUG FXGLAssetLoaderServi - Loading from file system: file:/D:/Proyectos/restauranteEnJava/restaurante/target/classes/assets/textures/restaurante.png
01:53:57.927 [FXGL Background Thread 4 ] DEBUG FXGLAssetLoaderServi - Loading from file system: file:/D:/Proyectos/restauranteEnJava/restaurante/target/classes/assets/textures/cocinero.png
01:53:57.928 [FXGL Background Thread 4 ] DEBUG FXGLAssetLoaderServi - Loading from file system: file:/D:/Proyectos/restauranteEnJava/restaurante/target/classes/assets/textures/recepcionista.png
01:53:57.930 [FXGL Background Thread 4 ] DEBUG FXGLAssetLoaderServi - Loading from file system: file:/D:/Proyectos/restauranteEnJava/restaurante/target/classes/assets/textures/mesero.png
01:53:57.937 [FXGL Background Thread 4 ] DEBUG FXGLAssetLoaderServi - Loading from file system: file:/D:/Proyectos/restauranteEnJava/restaurante/target/classes/assets/textures/mesa.png
01:53:57.974 [JavaFX Application Thread] DEBUG LoopRunner           - Stopping loop
01:53:57.977 [JavaFX Application Thread] FATAL FXGLApplication      - Uncaught Exception:
java.lang.RuntimeException: Initialization failed
	at com.almasb.fxgl.app.FXGLApplication$InitAppTask.failed(FXGLApplication.kt:343)
	at javafx.concurrent.Task.setState(Task.java:710)
	at javafx.concurrent.Task$TaskCallable.lambda$call$2(Task.java:1429)
	at com.sun.javafx.application.PlatformImpl.lambda$runLater$10(PlatformImpl.java:456)
	at java.base/java.security.AccessController.doPrivileged(AccessController.java:400)
	at com.sun.javafx.application.PlatformImpl.lambda$runLater$11(PlatformImpl.java:455)
	at com.sun.glass.ui.InvokeLaterDispatcher$Future.run(InvokeLaterDispatcher.java:95)
	at com.sun.glass.ui.win.WinApplication._runLoop(Native Method)
	at com.sun.glass.ui.win.WinApplication.lambda$runLoop$3(WinApplication.java:185)
	at java.base/java.lang.Thread.run(Thread.java:1583)
Caused by: java.lang.NullPointerException: Cannot invoke "com.example.model.Poisson.getNextArrivalTime()" because "this.poisson" is null
	at com.example.view.Animacion.iniciarSimulacion(Animacion.java:93)
	at com.example.view.Animacion.initGame(Animacion.java:69)
	at com.almasb.fxgl.app.FXGLApplication$InitAppTask.initGame(FXGLApplication.kt:339)
	at com.almasb.fxgl.app.FXGLApplication$InitAppTask.call(FXGLApplication.kt:319)
	at com.almasb.fxgl.app.FXGLApplication$InitAppTask.call(FXGLApplication.kt:311)
	at javafx.concurrent.Task$TaskCallable.call(Task.java:1399)
	at java.base/java.util.concurrent.FutureTask.run(FutureTask.java:317)
	at java.base/java.util.concurrent.Executors$RunnableAdapter.call(Executors.java:572)
	at java.base/java.util.concurrent.FutureTask.run(FutureTask.java:317)
	at java.base/java.util.concurrent.ThreadPoolExecutor.runWorker(ThreadPoolExecutor.java:1144)
	at java.base/java.util.concurrent.ThreadPoolExecutor$Worker.run(ThreadPoolExecutor.java:642)
	... 1 more

01:53:57.978 [JavaFX Application Thread] FATAL FXGLApplication      - Application will now exit
01:53:57.999 [JavaFX Application Thread] DEBUG PrimaryStageWindow   - Push state: ErrorSubScene
01:53:58.001 [JavaFX Application Thread] DEBUG Input                - Clearing active input actions
01:53:58.007 [JavaFX Application Thread] DEBUG GameApplicationServi - Removing overlay from FXGLLoadingScene and adding to ErrorSubScene
01:53:58.007 [JavaFX Application Thread] DEBUG PrimaryStageWindow   - FXGLLoadingScene -> ErrorSubScene
01:53:58.439 [FXGL Background Thread 2 ] INFO  UpdaterService       - Your current version:  21
01:53:58.440 [FXGL Background Thread 2 ] INFO  UpdaterService       - Latest stable version: 21.1
01:54:00.786 [FXGL Background Thread 3 ] DEBUG Engine               - Logging environment variables
01:54:00.786 [FXGL Background Thread 3 ] DEBUG Engine               - achievements: []
01:54:00.786 [FXGL Background Thread 3 ] DEBUG Engine               - actualHeight: 800.0
01:54:00.786 [FXGL Background Thread 3 ] DEBUG Engine               - actualHeightProperty: ReadOnlyDoubleProperty [value: 800.0]
01:54:00.786 [FXGL Background Thread 3 ] DEBUG Engine               - actualWidth: 1280.0
01:54:00.786 [FXGL Background Thread 3 ] DEBUG Engine               - actualWidthProperty: ReadOnlyDoubleProperty [value: 1280.0]
01:54:00.786 [FXGL Background Thread 3 ] DEBUG Engine               - appIcon: fxgl_icon.png
01:54:00.786 [FXGL Background Thread 3 ] DEBUG Engine               - applicationMode: DEVELOPER
01:54:00.786 [FXGL Background Thread 3 ] DEBUG Engine               - cSSList: [fxgl_dark.css]
01:54:00.787 [FXGL Background Thread 3 ] DEBUG Engine               - collisionDetectionStrategy: BRUTE_FORCE
01:54:00.787 [FXGL Background Thread 3 ] DEBUG Engine               - configClass: Optional.empty
01:54:00.787 [FXGL Background Thread 3 ] DEBUG Engine               - credits: []
01:54:00.787 [FXGL Background Thread 3 ] DEBUG Engine               - defaultCursor: CursorInfo(imageName=fxgl_default_cursor.png, hotspotX=7.0, hotspotY=6.0)
01:54:00.787 [FXGL Background Thread 3 ] DEBUG Engine               - devBBoxColorProperty: ObjectProperty [value: 0xff0000ff]
01:54:00.787 [FXGL Background Thread 3 ] DEBUG Engine               - devEnableDebugCameraProperty: BooleanProperty [value: false]
01:54:00.787 [FXGL Background Thread 3 ] DEBUG Engine               - devSensorColorProperty: ObjectProperty [value: 0xffff00ff]
01:54:00.787 [FXGL Background Thread 3 ] DEBUG Engine               - devShowBBoxProperty: BooleanProperty [value: false]
01:54:00.787 [FXGL Background Thread 3 ] DEBUG Engine               - devShowPositionProperty: BooleanProperty [value: false]
01:54:00.787 [FXGL Background Thread 3 ] DEBUG Engine               - enabledMenuItems: []
01:54:00.787 [FXGL Background Thread 3 ] DEBUG Engine               - engineServices: [class com.almasb.fxgl.app.services.FXGLAssetLoaderService, class com.almasb.fxgl.app.FXGLApplication$GameApplicationService, class com.almasb.fxgl.app.services.FXGLDialogService, class com.almasb.fxgl.app.services.IOTaskExecutorService, class com.almasb.fxgl.io.FileSystemService, class com.almasb.fxgl.localization.LocalizationService, class com.almasb.fxgl.app.services.SystemBundleService, class com.almasb.fxgl.profile.SaveLoadService, class com.almasb.fxgl.ui.FXGLUIFactoryServiceProvider, class com.almasb.fxgl.ui.FXGLDialogFactoryServiceProvider, class com.almasb.fxgl.audio.AudioPlayer, class com.almasb.fxgl.notification.impl.NotificationServiceProvider, class com.almasb.fxgl.achievement.AchievementService, class com.almasb.fxgl.cutscene.CutsceneService, class com.almasb.fxgl.minigames.MiniGameService, class com.almasb.fxgl.net.NetService, class com.almasb.fxgl.app.services.UpdaterService, class com.almasb.fxgl.dev.DevService]
01:54:00.787 [FXGL Background Thread 3 ] DEBUG Engine               - fontGame: Abel-Regular.ttf
01:54:00.787 [FXGL Background Thread 3 ] DEBUG Engine               - fontMono: TerminalLandMono-Regular.otf
01:54:00.788 [FXGL Background Thread 3 ] DEBUG Engine               - fontSizeScaleUI: 1.0
01:54:00.788 [FXGL Background Thread 3 ] DEBUG Engine               - fontText: Courier-Prime.ttf
01:54:00.788 [FXGL Background Thread 3 ] DEBUG Engine               - fontUI: VarelaRound-Regular.ttf
01:54:00.788 [FXGL Background Thread 3 ] DEBUG Engine               - fullScreen: BooleanProperty [value: false]
01:54:00.788 [FXGL Background Thread 3 ] DEBUG Engine               - gameDifficulty: MEDIUM
01:54:00.788 [FXGL Background Thread 3 ] DEBUG Engine               - gameDifficultyProperty: ObjectProperty [value: MEDIUM]
01:54:00.788 [FXGL Background Thread 3 ] DEBUG Engine               - globalMusicVolume: 0.5
01:54:00.788 [FXGL Background Thread 3 ] DEBUG Engine               - globalMusicVolumeProperty: DoubleProperty [value: 0.5]
01:54:00.788 [FXGL Background Thread 3 ] DEBUG Engine               - globalSoundVolume: 0.5
01:54:00.788 [FXGL Background Thread 3 ] DEBUG Engine               - globalSoundVolumeProperty: DoubleProperty [value: 0.5]
01:54:00.788 [FXGL Background Thread 3 ] DEBUG Engine               - height: 800
01:54:00.788 [FXGL Background Thread 3 ] DEBUG Engine               - is3D: false
01:54:00.788 [FXGL Background Thread 3 ] DEBUG Engine               - isAndroid: false
01:54:00.788 [FXGL Background Thread 3 ] DEBUG Engine               - isBrowser: false
01:54:00.788 [FXGL Background Thread 3 ] DEBUG Engine               - isClickFeedbackEnabled: false
01:54:00.788 [FXGL Background Thread 3 ] DEBUG Engine               - isCloseConfirmation: false
01:54:00.788 [FXGL Background Thread 3 ] DEBUG Engine               - isDesktop: true
01:54:00.788 [FXGL Background Thread 3 ] DEBUG Engine               - isDeveloperMenuEnabled: false
01:54:00.788 [FXGL Background Thread 3 ] DEBUG Engine               - isEmbedded: false
01:54:00.788 [FXGL Background Thread 3 ] DEBUG Engine               - isEntityPreloadEnabled: true
01:54:00.788 [FXGL Background Thread 3 ] DEBUG Engine               - isExperimentalTiledLargeMap: false
01:54:00.789 [FXGL Background Thread 3 ] DEBUG Engine               - isFileSystemWriteAllowed: true
01:54:00.789 [FXGL Background Thread 3 ] DEBUG Engine               - isFullScreenAllowed: false
01:54:00.789 [FXGL Background Thread 3 ] DEBUG Engine               - isFullScreenFromStart: false
01:54:00.789 [FXGL Background Thread 3 ] DEBUG Engine               - isGameMenuEnabled: true
01:54:00.789 [FXGL Background Thread 3 ] DEBUG Engine               - isIOS: false
01:54:00.789 [FXGL Background Thread 3 ] DEBUG Engine               - isIntroEnabled: false
01:54:00.789 [FXGL Background Thread 3 ] DEBUG Engine               - isLinux: false
01:54:00.789 [FXGL Background Thread 3 ] DEBUG Engine               - isMac: false
01:54:00.789 [FXGL Background Thread 3 ] DEBUG Engine               - isMainMenuEnabled: false
01:54:00.789 [FXGL Background Thread 3 ] DEBUG Engine               - isManualResizeEnabled: false
01:54:00.789 [FXGL Background Thread 3 ] DEBUG Engine               - isMobile: false
01:54:00.789 [FXGL Background Thread 3 ] DEBUG Engine               - isNative: false
01:54:00.789 [FXGL Background Thread 3 ] DEBUG Engine               - isPauseMusicWhenMinimized: true
01:54:00.789 [FXGL Background Thread 3 ] DEBUG Engine               - isPreserveResizeRatio: false
01:54:00.789 [FXGL Background Thread 3 ] DEBUG Engine               - isProfilingEnabled: false
01:54:00.789 [FXGL Background Thread 3 ] DEBUG Engine               - isScaleAffectedOnResize: true
01:54:00.789 [FXGL Background Thread 3 ] DEBUG Engine               - isSingleStep: false
01:54:00.789 [FXGL Background Thread 3 ] DEBUG Engine               - isUserProfileEnabled: false
01:54:00.789 [FXGL Background Thread 3 ] DEBUG Engine               - isWindows: true
01:54:00.789 [FXGL Background Thread 3 ] DEBUG Engine               - language: ObjectProperty [value: ENGLISH]
01:54:00.789 [FXGL Background Thread 3 ] DEBUG Engine               - menuKey: ESCAPE
01:54:00.790 [FXGL Background Thread 3 ] DEBUG Engine               - mouseSensitivity: 0.2
01:54:00.790 [FXGL Background Thread 3 ] DEBUG Engine               - notificationViewClass: class com.almasb.fxgl.notification.view.XboxNotificationView
01:54:00.790 [FXGL Background Thread 3 ] DEBUG Engine               - pixelsPerMeter: 50.0
01:54:00.790 [FXGL Background Thread 3 ] DEBUG Engine               - platform: WINDOWS
01:54:00.790 [FXGL Background Thread 3 ] DEBUG Engine               - prefHeightProperty: ReadOnlyDoubleProperty [value: 800.0]
01:54:00.790 [FXGL Background Thread 3 ] DEBUG Engine               - prefWidthProperty: ReadOnlyDoubleProperty [value: 1280.0]
01:54:00.790 [FXGL Background Thread 3 ] DEBUG Engine               - profileDir: profiles/
01:54:00.790 [FXGL Background Thread 3 ] DEBUG Engine               - profileName: StringProperty [value: DEFAULT]
01:54:00.790 [FXGL Background Thread 3 ] DEBUG Engine               - randomSeed: -1
01:54:00.790 [FXGL Background Thread 3 ] DEBUG Engine               - runtimeInfo: RuntimeInfo(platform=WINDOWS, version=21, build=28.12.2023 13.35)
01:54:00.790 [FXGL Background Thread 3 ] DEBUG Engine               - saveFileExt: sav
01:54:00.790 [FXGL Background Thread 3 ] DEBUG Engine               - scaledHeightProp$fxgl: DoubleProperty [bound, value: 800.0]
01:54:00.790 [FXGL Background Thread 3 ] DEBUG Engine               - scaledWidthProp$fxgl: DoubleProperty [bound, value: 1280.0]
01:54:00.790 [FXGL Background Thread 3 ] DEBUG Engine               - sceneFactory: com.almasb.fxgl.app.scene.SceneFactory@76fed6f3
01:54:00.790 [FXGL Background Thread 3 ] DEBUG Engine               - secondsIn24h: 60
01:54:00.790 [FXGL Background Thread 3 ] DEBUG Engine               - soundMenuBack: menu/back.wav
01:54:00.790 [FXGL Background Thread 3 ] DEBUG Engine               - soundMenuPress: menu/press.wav
01:54:00.790 [FXGL Background Thread 3 ] DEBUG Engine               - soundMenuSelect: menu/select.wav
01:54:00.790 [FXGL Background Thread 3 ] DEBUG Engine               - soundNotification: core/notification.wav
01:54:00.791 [FXGL Background Thread 3 ] DEBUG Engine               - stageStyle: DECORATED
01:54:00.791 [FXGL Background Thread 3 ] DEBUG Engine               - supportedLanguages: [ENGLISH, FRENCH, GERMAN, HUNGARIAN, RUSSIAN]
01:54:00.791 [FXGL Background Thread 3 ] DEBUG Engine               - ticksPerSecond: -1
01:54:00.791 [FXGL Background Thread 3 ] DEBUG Engine               - title: Simulación Restaurante
01:54:00.791 [FXGL Background Thread 3 ] DEBUG Engine               - urlGithub: https://github.com/AlmasB/FXGL
01:54:00.791 [FXGL Background Thread 3 ] DEBUG Engine               - urlLeaderboard: http://fxgl-top.herokuapp.com/
01:54:00.791 [FXGL Background Thread 3 ] DEBUG Engine               - urlPOM: https://raw.githubusercontent.com/AlmasB/FXGL/release/README.md
01:54:00.791 [FXGL Background Thread 3 ] DEBUG Engine               - userAppClass: class com.example.view.Animacion
01:54:00.791 [FXGL Background Thread 3 ] DEBUG Engine               - version: 0.0
01:54:00.791 [FXGL Background Thread 3 ] DEBUG Engine               - versionCheckDays: 7
01:54:00.791 [FXGL Background Thread 3 ] DEBUG Engine               - width: 1280
01:54:00.791 [FXGL Background Thread 3 ] DEBUG Engine               - Logging services
01:54:00.791 [FXGL Background Thread 3 ] DEBUG Engine               - class com.almasb.fxgl.app.services.FXGLAssetLoaderService
01:54:00.791 [FXGL Background Thread 3 ] DEBUG Engine               - class com.almasb.fxgl.app.FXGLApplication$GameApplicationService
01:54:00.791 [FXGL Background Thread 3 ] DEBUG Engine               - class com.almasb.fxgl.app.services.FXGLDialogService
01:54:00.791 [FXGL Background Thread 3 ] DEBUG Engine               - class com.almasb.fxgl.app.services.IOTaskExecutorService
01:54:00.791 [FXGL Background Thread 3 ] DEBUG Engine               - class com.almasb.fxgl.io.FileSystemService
01:54:00.791 [FXGL Background Thread 3 ] DEBUG Engine               - class com.almasb.fxgl.localization.LocalizationService
01:54:00.791 [FXGL Background Thread 3 ] DEBUG Engine               - class com.almasb.fxgl.app.services.SystemBundleService
01:54:00.791 [FXGL Background Thread 3 ] DEBUG Engine               - class com.almasb.fxgl.profile.SaveLoadService
01:54:00.791 [FXGL Background Thread 3 ] DEBUG Engine               - class com.almasb.fxgl.ui.FXGLUIFactoryServiceProvider
01:54:00.791 [FXGL Background Thread 3 ] DEBUG Engine               - class com.almasb.fxgl.ui.FXGLDialogFactoryServiceProvider
01:54:00.791 [FXGL Background Thread 3 ] DEBUG Engine               - class com.almasb.fxgl.audio.AudioPlayer
01:54:00.791 [FXGL Background Thread 3 ] DEBUG Engine               - class com.almasb.fxgl.notification.impl.NotificationServiceProvider
01:54:00.791 [FXGL Background Thread 3 ] DEBUG Engine               - class com.almasb.fxgl.achievement.AchievementService
01:54:00.791 [FXGL Background Thread 3 ] DEBUG Engine               - class com.almasb.fxgl.cutscene.CutsceneService
01:54:00.792 [FXGL Background Thread 3 ] DEBUG Engine               - class com.almasb.fxgl.minigames.MiniGameService
01:54:00.792 [FXGL Background Thread 3 ] DEBUG Engine               - class com.almasb.fxgl.net.NetService
01:54:00.792 [FXGL Background Thread 3 ] DEBUG Engine               - class com.almasb.fxgl.app.services.UpdaterService
01:54:00.792 [FXGL Background Thread 3 ] DEBUG Engine               - class com.almasb.fxgl.dev.DevService
01:54:02.735 [JavaFX Application Thread] DEBUG FXGLApplication      - Exiting FXGL
01:54:02.736 [JavaFX Application Thread] DEBUG Async                - Shutting down background threads
01:54:02.736 [JavaFX Application Thread] DEBUG PrimaryStageWindow   - Closing main window
01:54:02.747 [JavaFX Application Thread] DEBUG Logger               - Closing Logger
