14:59:22.243 [main                     ] DEBUG Logger               - Configured Logger
14:59:22.261 [main                     ] DEBUG GameApplication      - Logging settings
Title: Simulación Restaurante
Version: 0.0
Width: 1280
Height: 800
Fullscreen: false
Intro: false
Profiling: false
Single step:false
App Mode: DEVELOPER
Menu Key: ESCAPE
Stage Style: DECORATED
Scene Factory: class com.almasb.fxgl.app.scene.SceneFactory

14:59:22.776 [JavaFX Application Thread] DEBUG FXGLApplication      - Initializing FXGL
14:59:22.779 [JavaFX Application Thread] INFO  Engine               - FXGL-21 (28.12.2023 13.35) on WINDOWS (J:21.0.4 FX:21.0.1)
14:59:22.779 [JavaFX Application Thread] DEBUG Engine               - JRE Vendor Name: Eclipse Adoptium
14:59:22.780 [JavaFX Application Thread] DEBUG Engine               - Running on OS: Windows 11 version 10.0
14:59:22.780 [JavaFX Application Thread] DEBUG Engine               - Architecture: amd64
14:59:22.780 [JavaFX Application Thread] INFO  Engine               - Source code and latest versions at: https://github.com/AlmasB/FXGL
14:59:22.780 [JavaFX Application Thread] INFO  Engine               -       Ask questions and discuss at: https://github.com/AlmasB/FXGL/discussions
14:59:22.780 [JavaFX Application Thread] INFO  Engine               -              Join the FXGL chat at: https://gitter.im/AlmasB/FXGL
14:59:22.867 [JavaFX Application Thread] DEBUG PrimaryStageWindow   - Creating a JavaFX scene
14:59:22.906 [JavaFX Application Thread] DEBUG PrimaryStageWindow   - Target settings size: 1280.0 x 800.0
14:59:22.906 [JavaFX Application Thread] DEBUG PrimaryStageWindow   - Scaled scene size:    1280.0 x 800.0
14:59:22.906 [JavaFX Application Thread] DEBUG PrimaryStageWindow   - Scaled ratio: (1.0, 1.0)
14:59:22.908 [JavaFX Application Thread] DEBUG PrimaryStageWindow   - Set initial scene to FXGLStartupScene
14:59:22.911 [JavaFX Application Thread] DEBUG PrimaryStageWindow   - Opening main window
14:59:22.977 [JavaFX Application Thread] DEBUG PrimaryStageWindow   - Window border size: (16.0, 39.0)
14:59:22.977 [JavaFX Application Thread] DEBUG PrimaryStageWindow   - Scaled size: 1280.0 x 800.0
14:59:22.977 [JavaFX Application Thread] DEBUG PrimaryStageWindow   - Scaled ratio: (1.0, 1.0)
14:59:22.977 [JavaFX Application Thread] DEBUG PrimaryStageWindow   - Scene size: 1280.0 x 800.0
14:59:22.977 [JavaFX Application Thread] DEBUG PrimaryStageWindow   - Stage size: 1296.0 x 839.0
14:59:22.983 [FXGL Background Thread 1 ] DEBUG Engine               - Initializing environment variables
14:59:23.034 [FXGL Background Thread 1 ] DEBUG FXGLAssetLoaderServi - User app class for loading assets: class com.example.view.Animacion
14:59:23.035 [FXGL Background Thread 1 ] DEBUG GameApplicationServi - Applying CSS: fxgl_dark.css
14:59:23.035 [FXGL Background Thread 1 ] DEBUG FXGLAssetLoaderServi - Loading from file system: jar:file:/C:/Users/aguil/.m2/repository/com/github/almasb/fxgl/21/fxgl-21.jar!/fxglassets/ui/css/fxgl_dark.css
14:59:23.071 [FXGL Background Thread 1 ] DEBUG GameApplicationServi - Initializing application scenes
14:59:23.167 [FXGL Background Thread 1 ] DEBUG GameWorld            - Game world initialized
14:59:23.229 [FXGL Background Thread 1 ] DEBUG PhysicsWorld         - Physics world initialized: appHeight=800, physics.ppm=50.0
14:59:23.229 [FXGL Background Thread 1 ] DEBUG PhysicsWorld         - Using strategy: BRUTE_FORCE
14:59:23.232 [FXGL Background Thread 1 ] DEBUG GameScene            - Game scene initialized: 1280x800
14:59:23.241 [FXGL Background Thread 1 ] DEBUG FXGL.DefaultMenu     - createMenuBodyGameMenu()
14:59:23.253 [FXGL Background Thread 1 ] DEBUG FXGL.DefaultMenu     - createOptionsMenu()
14:59:23.261 [FXGL Background Thread 1 ] DEBUG FXGLAssetLoaderServi - Loading from file system: jar:file:/C:/Users/aguil/.m2/repository/com/github/almasb/fxgl/21/fxgl-21.jar!/fxglassets/textures/particles/smoke.png
14:59:23.343 [FXGL Background Thread 1 ] DEBUG FXGLAssetLoaderServi - Loading from file system: jar:file:/C:/Users/aguil/.m2/repository/com/github/almasb/fxgl/21/fxgl-21.jar!/fxglassets/textures/particles/trace_horizontal.png
14:59:23.364 [FXGL Background Thread 1 ] DEBUG GameApplicationServi - Application scenes initialized
14:59:23.375 [FXGL Background Thread 1 ] DEBUG SystemBundleService  - Loading FXGL system data
14:59:23.379 [FXGL Background Thread 1 ] DEBUG FileSystemAccess     - Reading from: D:\Proyectos\restauranteEnJava\system\fxgl.bundle
14:59:23.386 [FXGL Background Thread 1 ] DEBUG SystemBundleService  - Bundle FXGL: {}
14:59:23.386 [FXGL Background Thread 1 ] DEBUG UpdaterService       - Checking for updates
14:59:23.391 [FXGL Background Thread 4 ] DEBUG FXGLApplication      - Loading fonts
14:59:23.391 [FXGL Background Thread 4 ] DEBUG FXGLAssetLoaderServi - Loading from file system: jar:file:/C:/Users/aguil/.m2/repository/com/github/almasb/fxgl/21/fxgl-21.jar!/fxglassets/ui/fonts/VarelaRound-Regular.ttf
14:59:23.391 [FXGL Background Thread 1 ] DEBUG FXGLApplication      - Loading default localization
14:59:23.392 [FXGL Background Thread 1 ] DEBUG FXGLAssetLoaderServi - Loading from file system: jar:file:/C:/Users/aguil/.m2/repository/com/github/almasb/fxgl/21/fxgl-21.jar!/fxglassets/languages/english.lang
14:59:23.412 [FXGL Background Thread 1 ] INFO  FXGLApplication      - FXGL initialization took: 0.429 sec
14:59:23.415 [JavaFX Application Thread] DEBUG FXGLAssetLoaderServi - Loading from file system: jar:file:/C:/Users/aguil/.m2/repository/com/github/almasb/fxgl/21/fxgl-21.jar!/fxglassets/textures/fxgl_icon.png
14:59:23.421 [FXGL Background Thread 4 ] DEBUG FXGLAssetLoaderServi - Loading from file system: jar:file:/C:/Users/aguil/.m2/repository/com/github/almasb/fxgl/21/fxgl-21.jar!/fxglassets/ui/fonts/Abel-Regular.ttf
14:59:23.426 [FXGL Background Thread 4 ] DEBUG FXGLAssetLoaderServi - Loading from file system: jar:file:/C:/Users/aguil/.m2/repository/com/github/almasb/fxgl/21/fxgl-21.jar!/fxglassets/ui/fonts/TerminalLandMono-Regular.otf
14:59:23.429 [FXGL Background Thread 4 ] DEBUG FXGLAssetLoaderServi - Loading from file system: jar:file:/C:/Users/aguil/.m2/repository/com/github/almasb/fxgl/21/fxgl-21.jar!/fxglassets/ui/fonts/Courier-Prime.ttf
14:59:23.433 [JavaFX Application Thread] DEBUG FXGLAssetLoaderServi - Loading from file system: jar:file:/C:/Users/aguil/.m2/repository/com/github/almasb/fxgl/21/fxgl-21.jar!/fxglassets/textures/fxgl_default_cursor.png
14:59:23.445 [JavaFX Application Thread] DEBUG Input                - Registered new binding: Screenshot - CTRL+8
14:59:23.446 [JavaFX Application Thread] DEBUG Input                - Registered new binding: System info dump - CTRL+9
14:59:23.448 [JavaFX Application Thread] DEBUG Input                - Registered new binding: Restart - CTRL+R
14:59:23.448 [JavaFX Application Thread] DEBUG Input                - Registered new binding: Toggle Debug Camera - CTRL+7
14:59:23.451 [JavaFX Application Thread] DEBUG LoopRunner           - Starting loop
14:59:23.451 [JavaFX Application Thread] DEBUG LoopRunner           - Initializing JavaFX AnimationTimerLoop
14:59:23.452 [JavaFX Application Thread] DEBUG GameApplicationServi - Starting new game
14:59:23.452 [JavaFX Application Thread] DEBUG Input                - Clearing active input actions
14:59:23.464 [JavaFX Application Thread] DEBUG GameApplicationServi - Removing overlay from FXGLStartupScene and adding to FXGLLoadingScene
14:59:23.464 [JavaFX Application Thread] DEBUG PrimaryStageWindow   - FXGLStartupScene -> FXGLLoadingScene
14:59:23.464 [JavaFX Application Thread] DEBUG GameApplicationServi - Clearing previous game
14:59:23.464 [JavaFX Application Thread] DEBUG GameScene            - Clearing game scene
14:59:23.464 [JavaFX Application Thread] DEBUG GameWorld            - Clearing game world
14:59:23.464 [JavaFX Application Thread] DEBUG PhysicsWorld         - Clearing physics world
14:59:23.466 [FXGL Background Thread 4 ] DEBUG FXGLApplication      - Initializing game
14:59:23.467 [FXGL Background Thread 4 ] DEBUG FXGLAssetLoaderServi - Loading from file system: file:/D:/Proyectos/restauranteEnJava/restaurante/target/classes/assets/textures/restaurante.png
14:59:23.468 [JavaFX Application Thread] DEBUG FXGLApplication      - Registering font factories with UI factory
14:59:23.537 [FXGL Background Thread 4 ] INFO  FXGLApplication      - Game initialization took: 0.070 sec
14:59:23.570 [JavaFX Application Thread] DEBUG Input                - Clearing active input actions
14:59:23.580 [JavaFX Application Thread] DEBUG GameApplicationServi - Removing overlay from FXGLLoadingScene and adding to GameScene
14:59:23.580 [JavaFX Application Thread] DEBUG PrimaryStageWindow   - FXGLLoadingScene -> GameScene
14:59:23.967 [FXGL Background Thread 2 ] INFO  UpdaterService       - Your current version:  21
14:59:23.968 [FXGL Background Thread 2 ] INFO  UpdaterService       - Latest stable version: 21.1
14:59:26.390 [FXGL Background Thread 3 ] DEBUG Engine               - Logging environment variables
14:59:26.391 [FXGL Background Thread 3 ] DEBUG Engine               - achievements: []
14:59:26.391 [FXGL Background Thread 3 ] DEBUG Engine               - actualHeight: 800.0
14:59:26.392 [FXGL Background Thread 3 ] DEBUG Engine               - actualHeightProperty: ReadOnlyDoubleProperty [value: 800.0]
14:59:26.392 [FXGL Background Thread 3 ] DEBUG Engine               - actualWidth: 1280.0
14:59:26.392 [FXGL Background Thread 3 ] DEBUG Engine               - actualWidthProperty: ReadOnlyDoubleProperty [value: 1280.0]
14:59:26.392 [FXGL Background Thread 3 ] DEBUG Engine               - appIcon: fxgl_icon.png
14:59:26.392 [FXGL Background Thread 3 ] DEBUG Engine               - applicationMode: DEVELOPER
14:59:26.392 [FXGL Background Thread 3 ] DEBUG Engine               - cSSList: [fxgl_dark.css]
14:59:26.393 [FXGL Background Thread 3 ] DEBUG Engine               - collisionDetectionStrategy: BRUTE_FORCE
14:59:26.393 [FXGL Background Thread 3 ] DEBUG Engine               - configClass: Optional.empty
14:59:26.393 [FXGL Background Thread 3 ] DEBUG Engine               - credits: []
14:59:26.394 [FXGL Background Thread 3 ] DEBUG Engine               - defaultCursor: CursorInfo(imageName=fxgl_default_cursor.png, hotspotX=7.0, hotspotY=6.0)
14:59:26.394 [FXGL Background Thread 3 ] DEBUG Engine               - devBBoxColorProperty: ObjectProperty [value: 0xff0000ff]
14:59:26.394 [FXGL Background Thread 3 ] DEBUG Engine               - devEnableDebugCameraProperty: BooleanProperty [value: false]
14:59:26.394 [FXGL Background Thread 3 ] DEBUG Engine               - devSensorColorProperty: ObjectProperty [value: 0xffff00ff]
14:59:26.395 [FXGL Background Thread 3 ] DEBUG Engine               - devShowBBoxProperty: BooleanProperty [value: false]
14:59:26.395 [FXGL Background Thread 3 ] DEBUG Engine               - devShowPositionProperty: BooleanProperty [value: false]
14:59:26.395 [FXGL Background Thread 3 ] DEBUG Engine               - enabledMenuItems: []
14:59:26.395 [FXGL Background Thread 3 ] DEBUG Engine               - engineServices: [class com.almasb.fxgl.app.services.FXGLAssetLoaderService, class com.almasb.fxgl.app.FXGLApplication$GameApplicationService, class com.almasb.fxgl.app.services.FXGLDialogService, class com.almasb.fxgl.app.services.IOTaskExecutorService, class com.almasb.fxgl.io.FileSystemService, class com.almasb.fxgl.localization.LocalizationService, class com.almasb.fxgl.app.services.SystemBundleService, class com.almasb.fxgl.profile.SaveLoadService, class com.almasb.fxgl.ui.FXGLUIFactoryServiceProvider, class com.almasb.fxgl.ui.FXGLDialogFactoryServiceProvider, class com.almasb.fxgl.audio.AudioPlayer, class com.almasb.fxgl.notification.impl.NotificationServiceProvider, class com.almasb.fxgl.achievement.AchievementService, class com.almasb.fxgl.cutscene.CutsceneService, class com.almasb.fxgl.minigames.MiniGameService, class com.almasb.fxgl.net.NetService, class com.almasb.fxgl.app.services.UpdaterService, class com.almasb.fxgl.dev.DevService]
14:59:26.395 [FXGL Background Thread 3 ] DEBUG Engine               - fontGame: Abel-Regular.ttf
14:59:26.395 [FXGL Background Thread 3 ] DEBUG Engine               - fontMono: TerminalLandMono-Regular.otf
14:59:26.395 [FXGL Background Thread 3 ] DEBUG Engine               - fontSizeScaleUI: 1.0
14:59:26.396 [FXGL Background Thread 3 ] DEBUG Engine               - fontText: Courier-Prime.ttf
14:59:26.396 [FXGL Background Thread 3 ] DEBUG Engine               - fontUI: VarelaRound-Regular.ttf
14:59:26.396 [FXGL Background Thread 3 ] DEBUG Engine               - fullScreen: BooleanProperty [value: false]
14:59:26.396 [FXGL Background Thread 3 ] DEBUG Engine               - gameDifficulty: MEDIUM
14:59:26.396 [FXGL Background Thread 3 ] DEBUG Engine               - gameDifficultyProperty: ObjectProperty [value: MEDIUM]
14:59:26.396 [FXGL Background Thread 3 ] DEBUG Engine               - globalMusicVolume: 0.5
14:59:26.397 [FXGL Background Thread 3 ] DEBUG Engine               - globalMusicVolumeProperty: DoubleProperty [value: 0.5]
14:59:26.397 [FXGL Background Thread 3 ] DEBUG Engine               - globalSoundVolume: 0.5
14:59:26.397 [FXGL Background Thread 3 ] DEBUG Engine               - globalSoundVolumeProperty: DoubleProperty [value: 0.5]
14:59:26.397 [FXGL Background Thread 3 ] DEBUG Engine               - height: 800
14:59:26.397 [FXGL Background Thread 3 ] DEBUG Engine               - is3D: false
14:59:26.397 [FXGL Background Thread 3 ] DEBUG Engine               - isAndroid: false
14:59:26.398 [FXGL Background Thread 3 ] DEBUG Engine               - isBrowser: false
14:59:26.398 [FXGL Background Thread 3 ] DEBUG Engine               - isClickFeedbackEnabled: false
14:59:26.398 [FXGL Background Thread 3 ] DEBUG Engine               - isCloseConfirmation: false
14:59:26.398 [FXGL Background Thread 3 ] DEBUG Engine               - isDesktop: true
14:59:26.398 [FXGL Background Thread 3 ] DEBUG Engine               - isDeveloperMenuEnabled: false
14:59:26.398 [FXGL Background Thread 3 ] DEBUG Engine               - isEmbedded: false
14:59:26.399 [FXGL Background Thread 3 ] DEBUG Engine               - isEntityPreloadEnabled: true
14:59:26.399 [FXGL Background Thread 3 ] DEBUG Engine               - isExperimentalTiledLargeMap: false
14:59:26.399 [FXGL Background Thread 3 ] DEBUG Engine               - isFileSystemWriteAllowed: true
14:59:26.399 [FXGL Background Thread 3 ] DEBUG Engine               - isFullScreenAllowed: false
14:59:26.399 [FXGL Background Thread 3 ] DEBUG Engine               - isFullScreenFromStart: false
14:59:26.399 [FXGL Background Thread 3 ] DEBUG Engine               - isGameMenuEnabled: true
14:59:26.399 [FXGL Background Thread 3 ] DEBUG Engine               - isIOS: false
14:59:26.400 [FXGL Background Thread 3 ] DEBUG Engine               - isIntroEnabled: false
14:59:26.400 [FXGL Background Thread 3 ] DEBUG Engine               - isLinux: false
14:59:26.400 [FXGL Background Thread 3 ] DEBUG Engine               - isMac: false
14:59:26.400 [FXGL Background Thread 3 ] DEBUG Engine               - isMainMenuEnabled: false
14:59:26.400 [FXGL Background Thread 3 ] DEBUG Engine               - isManualResizeEnabled: false
14:59:26.400 [FXGL Background Thread 3 ] DEBUG Engine               - isMobile: false
14:59:26.400 [FXGL Background Thread 3 ] DEBUG Engine               - isNative: false
14:59:26.400 [FXGL Background Thread 3 ] DEBUG Engine               - isPauseMusicWhenMinimized: true
14:59:26.401 [FXGL Background Thread 3 ] DEBUG Engine               - isPreserveResizeRatio: false
14:59:26.401 [FXGL Background Thread 3 ] DEBUG Engine               - isProfilingEnabled: false
14:59:26.401 [FXGL Background Thread 3 ] DEBUG Engine               - isScaleAffectedOnResize: true
14:59:26.401 [FXGL Background Thread 3 ] DEBUG Engine               - isSingleStep: false
14:59:26.401 [FXGL Background Thread 3 ] DEBUG Engine               - isUserProfileEnabled: false
14:59:26.401 [FXGL Background Thread 3 ] DEBUG Engine               - isWindows: true
14:59:26.401 [FXGL Background Thread 3 ] DEBUG Engine               - language: ObjectProperty [value: ENGLISH]
14:59:26.402 [FXGL Background Thread 3 ] DEBUG Engine               - menuKey: ESCAPE
14:59:26.402 [FXGL Background Thread 3 ] DEBUG Engine               - mouseSensitivity: 0.2
14:59:26.402 [FXGL Background Thread 3 ] DEBUG Engine               - notificationViewClass: class com.almasb.fxgl.notification.view.XboxNotificationView
14:59:26.402 [FXGL Background Thread 3 ] DEBUG Engine               - pixelsPerMeter: 50.0
14:59:26.402 [FXGL Background Thread 3 ] DEBUG Engine               - platform: WINDOWS
14:59:26.402 [FXGL Background Thread 3 ] DEBUG Engine               - prefHeightProperty: ReadOnlyDoubleProperty [value: 800.0]
14:59:26.402 [FXGL Background Thread 3 ] DEBUG Engine               - prefWidthProperty: ReadOnlyDoubleProperty [value: 1280.0]
14:59:26.402 [FXGL Background Thread 3 ] DEBUG Engine               - profileDir: profiles/
14:59:26.403 [FXGL Background Thread 3 ] DEBUG Engine               - profileName: StringProperty [value: DEFAULT]
14:59:26.403 [FXGL Background Thread 3 ] DEBUG Engine               - randomSeed: -1
14:59:26.403 [FXGL Background Thread 3 ] DEBUG Engine               - runtimeInfo: RuntimeInfo(platform=WINDOWS, version=21, build=28.12.2023 13.35)
14:59:26.403 [FXGL Background Thread 3 ] DEBUG Engine               - saveFileExt: sav
14:59:26.403 [FXGL Background Thread 3 ] DEBUG Engine               - scaledHeightProp$fxgl: DoubleProperty [bound, value: 800.0]
14:59:26.404 [FXGL Background Thread 3 ] DEBUG Engine               - scaledWidthProp$fxgl: DoubleProperty [bound, value: 1280.0]
14:59:26.404 [FXGL Background Thread 3 ] DEBUG Engine               - sceneFactory: com.almasb.fxgl.app.scene.SceneFactory@4c0110e8
14:59:26.404 [FXGL Background Thread 3 ] DEBUG Engine               - secondsIn24h: 60
14:59:26.404 [FXGL Background Thread 3 ] DEBUG Engine               - soundMenuBack: menu/back.wav
14:59:26.404 [FXGL Background Thread 3 ] DEBUG Engine               - soundMenuPress: menu/press.wav
14:59:26.404 [FXGL Background Thread 3 ] DEBUG Engine               - soundMenuSelect: menu/select.wav
14:59:26.404 [FXGL Background Thread 3 ] DEBUG Engine               - soundNotification: core/notification.wav
14:59:26.404 [FXGL Background Thread 3 ] DEBUG Engine               - stageStyle: DECORATED
14:59:26.405 [FXGL Background Thread 3 ] DEBUG Engine               - supportedLanguages: [ENGLISH, FRENCH, GERMAN, HUNGARIAN, RUSSIAN]
14:59:26.405 [FXGL Background Thread 3 ] DEBUG Engine               - ticksPerSecond: -1
14:59:26.405 [FXGL Background Thread 3 ] DEBUG Engine               - title: Simulación Restaurante
14:59:26.405 [FXGL Background Thread 3 ] DEBUG Engine               - urlGithub: https://github.com/AlmasB/FXGL
14:59:26.405 [FXGL Background Thread 3 ] DEBUG Engine               - urlLeaderboard: http://fxgl-top.herokuapp.com/
14:59:26.405 [FXGL Background Thread 3 ] DEBUG Engine               - urlPOM: https://raw.githubusercontent.com/AlmasB/FXGL/release/README.md
14:59:26.405 [FXGL Background Thread 3 ] DEBUG Engine               - userAppClass: class com.example.view.Animacion
14:59:26.405 [FXGL Background Thread 3 ] DEBUG Engine               - version: 0.0
14:59:26.405 [FXGL Background Thread 3 ] DEBUG Engine               - versionCheckDays: 7
14:59:26.406 [FXGL Background Thread 3 ] DEBUG Engine               - width: 1280
14:59:26.406 [FXGL Background Thread 3 ] DEBUG Engine               - Logging services
14:59:26.406 [FXGL Background Thread 3 ] DEBUG Engine               - class com.almasb.fxgl.app.services.FXGLAssetLoaderService
14:59:26.406 [FXGL Background Thread 3 ] DEBUG Engine               - class com.almasb.fxgl.app.FXGLApplication$GameApplicationService
14:59:26.406 [FXGL Background Thread 3 ] DEBUG Engine               - class com.almasb.fxgl.app.services.FXGLDialogService
14:59:26.406 [FXGL Background Thread 3 ] DEBUG Engine               - class com.almasb.fxgl.app.services.IOTaskExecutorService
14:59:26.407 [FXGL Background Thread 3 ] DEBUG Engine               - class com.almasb.fxgl.io.FileSystemService
14:59:26.407 [FXGL Background Thread 3 ] DEBUG Engine               - class com.almasb.fxgl.localization.LocalizationService
14:59:26.407 [FXGL Background Thread 3 ] DEBUG Engine               - class com.almasb.fxgl.app.services.SystemBundleService
14:59:26.407 [FXGL Background Thread 3 ] DEBUG Engine               - class com.almasb.fxgl.profile.SaveLoadService
14:59:26.407 [FXGL Background Thread 3 ] DEBUG Engine               - class com.almasb.fxgl.ui.FXGLUIFactoryServiceProvider
14:59:26.407 [FXGL Background Thread 3 ] DEBUG Engine               - class com.almasb.fxgl.ui.FXGLDialogFactoryServiceProvider
14:59:26.407 [FXGL Background Thread 3 ] DEBUG Engine               - class com.almasb.fxgl.audio.AudioPlayer
14:59:26.407 [FXGL Background Thread 3 ] DEBUG Engine               - class com.almasb.fxgl.notification.impl.NotificationServiceProvider
14:59:26.407 [FXGL Background Thread 3 ] DEBUG Engine               - class com.almasb.fxgl.achievement.AchievementService
14:59:26.407 [FXGL Background Thread 3 ] DEBUG Engine               - class com.almasb.fxgl.cutscene.CutsceneService
14:59:26.408 [FXGL Background Thread 3 ] DEBUG Engine               - class com.almasb.fxgl.minigames.MiniGameService
14:59:26.408 [FXGL Background Thread 3 ] DEBUG Engine               - class com.almasb.fxgl.net.NetService
14:59:26.408 [FXGL Background Thread 3 ] DEBUG Engine               - class com.almasb.fxgl.app.services.UpdaterService
14:59:26.408 [FXGL Background Thread 3 ] DEBUG Engine               - class com.almasb.fxgl.dev.DevService
14:59:26.477 [JavaFX Application Thread] DEBUG FXGLAssetLoaderServi - Loading from file system: file:/D:/Proyectos/restauranteEnJava/restaurante/target/classes/assets/textures/comensal.png
14:59:26.487 [JavaFX Application Thread] DEBUG PrimaryStageWindow   - Push state: DialogSubScene
14:59:26.488 [JavaFX Application Thread] DEBUG Input                - Clearing active input actions
14:59:26.500 [JavaFX Application Thread] DEBUG GameApplicationServi - Removing overlay from GameScene and adding to DialogSubScene
14:59:26.501 [JavaFX Application Thread] DEBUG PrimaryStageWindow   - GameScene -> DialogSubScene
14:59:27.866 [JavaFX Application Thread] DEBUG PrimaryStageWindow   - Pop state: DialogSubScene
14:59:27.867 [JavaFX Application Thread] DEBUG Input                - Clearing active input actions
14:59:27.869 [JavaFX Application Thread] DEBUG GameApplicationServi - Removing overlay from DialogSubScene and adding to GameScene
14:59:27.870 [JavaFX Application Thread] DEBUG PrimaryStageWindow   - GameScene <- DialogSubScene
14:59:30.799 [JavaFX Application Thread] DEBUG PrimaryStageWindow   - Push state: DialogSubScene
14:59:30.799 [JavaFX Application Thread] DEBUG Input                - Clearing active input actions
14:59:30.801 [JavaFX Application Thread] DEBUG GameApplicationServi - Removing overlay from GameScene and adding to DialogSubScene
14:59:30.802 [JavaFX Application Thread] DEBUG PrimaryStageWindow   - GameScene -> DialogSubScene
14:59:31.482 [JavaFX Application Thread] DEBUG PrimaryStageWindow   - Pop state: DialogSubScene
14:59:31.482 [JavaFX Application Thread] DEBUG Input                - Clearing active input actions
14:59:31.483 [JavaFX Application Thread] DEBUG GameApplicationServi - Removing overlay from DialogSubScene and adding to GameScene
14:59:31.484 [JavaFX Application Thread] DEBUG PrimaryStageWindow   - GameScene <- DialogSubScene
14:59:34.527 [JavaFX Application Thread] DEBUG PrimaryStageWindow   - Push state: DialogSubScene
14:59:34.528 [JavaFX Application Thread] DEBUG Input                - Clearing active input actions
14:59:34.530 [JavaFX Application Thread] DEBUG GameApplicationServi - Removing overlay from GameScene and adding to DialogSubScene
14:59:34.531 [JavaFX Application Thread] DEBUG PrimaryStageWindow   - GameScene -> DialogSubScene
14:59:35.659 [JavaFX Application Thread] DEBUG PrimaryStageWindow   - Pop state: DialogSubScene
14:59:35.659 [JavaFX Application Thread] DEBUG Input                - Clearing active input actions
14:59:35.660 [JavaFX Application Thread] DEBUG GameApplicationServi - Removing overlay from DialogSubScene and adding to GameScene
14:59:35.661 [JavaFX Application Thread] DEBUG PrimaryStageWindow   - GameScene <- DialogSubScene
14:59:38.699 [JavaFX Application Thread] DEBUG PrimaryStageWindow   - Push state: DialogSubScene
14:59:38.699 [JavaFX Application Thread] DEBUG Input                - Clearing active input actions
14:59:38.701 [JavaFX Application Thread] DEBUG GameApplicationServi - Removing overlay from GameScene and adding to DialogSubScene
14:59:38.701 [JavaFX Application Thread] DEBUG PrimaryStageWindow   - GameScene -> DialogSubScene
14:59:40.337 [JavaFX Application Thread] DEBUG PrimaryStageWindow   - Pop state: DialogSubScene
14:59:40.337 [JavaFX Application Thread] DEBUG Input                - Clearing active input actions
14:59:40.338 [JavaFX Application Thread] DEBUG GameApplicationServi - Removing overlay from DialogSubScene and adding to GameScene
14:59:40.338 [JavaFX Application Thread] DEBUG PrimaryStageWindow   - GameScene <- DialogSubScene
14:59:43.374 [JavaFX Application Thread] DEBUG PrimaryStageWindow   - Push state: DialogSubScene
14:59:43.374 [JavaFX Application Thread] DEBUG Input                - Clearing active input actions
14:59:43.376 [JavaFX Application Thread] DEBUG GameApplicationServi - Removing overlay from GameScene and adding to DialogSubScene
14:59:43.377 [JavaFX Application Thread] DEBUG PrimaryStageWindow   - GameScene -> DialogSubScene
14:59:44.209 [JavaFX Application Thread] DEBUG PrimaryStageWindow   - Pop state: DialogSubScene
14:59:44.209 [JavaFX Application Thread] DEBUG Input                - Clearing active input actions
14:59:44.209 [JavaFX Application Thread] DEBUG GameApplicationServi - Removing overlay from DialogSubScene and adding to GameScene
14:59:44.209 [JavaFX Application Thread] DEBUG PrimaryStageWindow   - GameScene <- DialogSubScene
14:59:47.231 [JavaFX Application Thread] DEBUG PrimaryStageWindow   - Push state: DialogSubScene
14:59:47.231 [JavaFX Application Thread] DEBUG Input                - Clearing active input actions
14:59:47.233 [JavaFX Application Thread] DEBUG GameApplicationServi - Removing overlay from GameScene and adding to DialogSubScene
14:59:47.233 [JavaFX Application Thread] DEBUG PrimaryStageWindow   - GameScene -> DialogSubScene
14:59:47.818 [JavaFX Application Thread] DEBUG PrimaryStageWindow   - Pop state: DialogSubScene
14:59:47.818 [JavaFX Application Thread] DEBUG Input                - Clearing active input actions
14:59:47.819 [JavaFX Application Thread] DEBUG GameApplicationServi - Removing overlay from DialogSubScene and adding to GameScene
14:59:47.820 [JavaFX Application Thread] DEBUG PrimaryStageWindow   - GameScene <- DialogSubScene
14:59:50.830 [JavaFX Application Thread] DEBUG PrimaryStageWindow   - Push state: DialogSubScene
14:59:50.830 [JavaFX Application Thread] DEBUG Input                - Clearing active input actions
14:59:50.833 [JavaFX Application Thread] DEBUG GameApplicationServi - Removing overlay from GameScene and adding to DialogSubScene
14:59:50.834 [JavaFX Application Thread] DEBUG PrimaryStageWindow   - GameScene -> DialogSubScene
14:59:51.546 [JavaFX Application Thread] DEBUG PrimaryStageWindow   - Pop state: DialogSubScene
14:59:51.546 [JavaFX Application Thread] DEBUG Input                - Clearing active input actions
14:59:51.547 [JavaFX Application Thread] DEBUG GameApplicationServi - Removing overlay from DialogSubScene and adding to GameScene
14:59:51.547 [JavaFX Application Thread] DEBUG PrimaryStageWindow   - GameScene <- DialogSubScene
14:59:54.542 [JavaFX Application Thread] DEBUG PrimaryStageWindow   - Push state: DialogSubScene
14:59:54.542 [JavaFX Application Thread] DEBUG Input                - Clearing active input actions
14:59:54.544 [JavaFX Application Thread] DEBUG GameApplicationServi - Removing overlay from GameScene and adding to DialogSubScene
14:59:54.545 [JavaFX Application Thread] DEBUG PrimaryStageWindow   - GameScene -> DialogSubScene
14:59:55.194 [JavaFX Application Thread] DEBUG PrimaryStageWindow   - Pop state: DialogSubScene
14:59:55.194 [JavaFX Application Thread] DEBUG Input                - Clearing active input actions
14:59:55.195 [JavaFX Application Thread] DEBUG GameApplicationServi - Removing overlay from DialogSubScene and adding to GameScene
14:59:55.196 [JavaFX Application Thread] DEBUG PrimaryStageWindow   - GameScene <- DialogSubScene
14:59:56.393 [JavaFX Application Thread] DEBUG FXGLApplication      - Exiting FXGL
14:59:56.393 [JavaFX Application Thread] DEBUG LoopRunner           - Stopping loop
14:59:56.393 [JavaFX Application Thread] DEBUG SystemBundleService  - Saving FXGL system data
14:59:56.400 [JavaFX Application Thread] DEBUG FileSystemAccess     - Writing to: D:\Proyectos\restauranteEnJava\system\fxgl.bundle
14:59:56.406 [JavaFX Application Thread] DEBUG Async                - Shutting down background threads
14:59:56.407 [JavaFX Application Thread] DEBUG PrimaryStageWindow   - Closing main window
14:59:56.436 [JavaFX Application Thread] DEBUG Logger               - Closing Logger
