01:56:10.239 [main                     ] DEBUG Logger               - Configured Logger
01:56:10.258 [main                     ] DEBUG GameApplication      - Logging settings
Title: Simulación Restaurante
Version: 0.0
Width: 1280
Height: 800
Fullscreen: false
Intro: false
Profiling: false
Single step:false
App Mode: DEVELOPER
Menu Key: ESCAPE
Stage Style: DECORATED
Scene Factory: class com.almasb.fxgl.app.scene.SceneFactory

01:56:10.783 [JavaFX Application Thread] DEBUG FXGLApplication      - Initializing FXGL
01:56:10.787 [JavaFX Application Thread] INFO  Engine               - FXGL-21 (28.12.2023 13.35) on WINDOWS (J:21.0.4 FX:21.0.1)
01:56:10.787 [JavaFX Application Thread] DEBUG Engine               - JRE Vendor Name: Eclipse Adoptium
01:56:10.787 [JavaFX Application Thread] DEBUG Engine               - Running on OS: Windows 11 version 10.0
01:56:10.787 [JavaFX Application Thread] DEBUG Engine               - Architecture: amd64
01:56:10.787 [JavaFX Application Thread] INFO  Engine               - Source code and latest versions at: https://github.com/AlmasB/FXGL
01:56:10.787 [JavaFX Application Thread] INFO  Engine               -       Ask questions and discuss at: https://github.com/AlmasB/FXGL/discussions
01:56:10.788 [JavaFX Application Thread] INFO  Engine               -              Join the FXGL chat at: https://gitter.im/AlmasB/FXGL
01:56:10.873 [JavaFX Application Thread] DEBUG PrimaryStageWindow   - Creating a JavaFX scene
01:56:10.912 [JavaFX Application Thread] DEBUG PrimaryStageWindow   - Target settings size: 1280.0 x 800.0
01:56:10.912 [JavaFX Application Thread] DEBUG PrimaryStageWindow   - Scaled scene size:    1280.0 x 800.0
01:56:10.912 [JavaFX Application Thread] DEBUG PrimaryStageWindow   - Scaled ratio: (1.0, 1.0)
01:56:10.913 [JavaFX Application Thread] DEBUG PrimaryStageWindow   - Set initial scene to FXGLStartupScene
01:56:10.916 [JavaFX Application Thread] DEBUG PrimaryStageWindow   - Opening main window
01:56:10.984 [JavaFX Application Thread] DEBUG PrimaryStageWindow   - Window border size: (16.0, 39.0)
01:56:10.984 [JavaFX Application Thread] DEBUG PrimaryStageWindow   - Scaled size: 1280.0 x 800.0
01:56:10.984 [JavaFX Application Thread] DEBUG PrimaryStageWindow   - Scaled ratio: (1.0, 1.0)
01:56:10.985 [JavaFX Application Thread] DEBUG PrimaryStageWindow   - Scene size: 1280.0 x 800.0
01:56:10.985 [JavaFX Application Thread] DEBUG PrimaryStageWindow   - Stage size: 1296.0 x 839.0
01:56:10.993 [FXGL Background Thread 1 ] DEBUG Engine               - Initializing environment variables
01:56:11.044 [FXGL Background Thread 1 ] DEBUG FXGLAssetLoaderServi - User app class for loading assets: class com.example.view.Animacion
01:56:11.044 [FXGL Background Thread 1 ] DEBUG GameApplicationServi - Applying CSS: fxgl_dark.css
01:56:11.045 [FXGL Background Thread 1 ] DEBUG FXGLAssetLoaderServi - Loading from file system: jar:file:/C:/Users/aguil/.m2/repository/com/github/almasb/fxgl/21/fxgl-21.jar!/fxglassets/ui/css/fxgl_dark.css
01:56:11.081 [FXGL Background Thread 1 ] DEBUG GameApplicationServi - Initializing application scenes
01:56:11.118 [FXGL Background Thread 1 ] DEBUG GameWorld            - Game world initialized
01:56:11.182 [FXGL Background Thread 1 ] DEBUG PhysicsWorld         - Physics world initialized: appHeight=800, physics.ppm=50.0
01:56:11.182 [FXGL Background Thread 1 ] DEBUG PhysicsWorld         - Using strategy: BRUTE_FORCE
01:56:11.187 [FXGL Background Thread 1 ] DEBUG GameScene            - Game scene initialized: 1280x800
01:56:11.198 [FXGL Background Thread 1 ] DEBUG FXGL.DefaultMenu     - createMenuBodyGameMenu()
01:56:11.210 [FXGL Background Thread 1 ] DEBUG FXGL.DefaultMenu     - createOptionsMenu()
01:56:11.218 [FXGL Background Thread 1 ] DEBUG FXGLAssetLoaderServi - Loading from file system: jar:file:/C:/Users/aguil/.m2/repository/com/github/almasb/fxgl/21/fxgl-21.jar!/fxglassets/textures/particles/smoke.png
01:56:11.295 [FXGL Background Thread 1 ] DEBUG FXGLAssetLoaderServi - Loading from file system: jar:file:/C:/Users/aguil/.m2/repository/com/github/almasb/fxgl/21/fxgl-21.jar!/fxglassets/textures/particles/trace_horizontal.png
01:56:11.316 [FXGL Background Thread 1 ] DEBUG GameApplicationServi - Application scenes initialized
01:56:11.327 [FXGL Background Thread 1 ] DEBUG SystemBundleService  - Loading FXGL system data
01:56:11.330 [FXGL Background Thread 1 ] DEBUG FileSystemAccess     - Reading from: D:\Proyectos\restauranteEnJava\system\fxgl.bundle
01:56:11.339 [FXGL Background Thread 1 ] DEBUG SystemBundleService  - Bundle FXGL: {}
01:56:11.339 [FXGL Background Thread 1 ] DEBUG UpdaterService       - Checking for updates
01:56:11.342 [FXGL Background Thread 4 ] DEBUG FXGLApplication      - Loading fonts
01:56:11.342 [FXGL Background Thread 4 ] DEBUG FXGLAssetLoaderServi - Loading from file system: jar:file:/C:/Users/aguil/.m2/repository/com/github/almasb/fxgl/21/fxgl-21.jar!/fxglassets/ui/fonts/VarelaRound-Regular.ttf
01:56:11.342 [FXGL Background Thread 1 ] DEBUG FXGLApplication      - Loading default localization
01:56:11.343 [FXGL Background Thread 1 ] DEBUG FXGLAssetLoaderServi - Loading from file system: jar:file:/C:/Users/aguil/.m2/repository/com/github/almasb/fxgl/21/fxgl-21.jar!/fxglassets/languages/english.lang
01:56:11.363 [FXGL Background Thread 1 ] INFO  FXGLApplication      - FXGL initialization took: 0.370 sec
01:56:11.367 [JavaFX Application Thread] DEBUG FXGLAssetLoaderServi - Loading from file system: jar:file:/C:/Users/aguil/.m2/repository/com/github/almasb/fxgl/21/fxgl-21.jar!/fxglassets/textures/fxgl_icon.png
01:56:11.374 [FXGL Background Thread 4 ] DEBUG FXGLAssetLoaderServi - Loading from file system: jar:file:/C:/Users/aguil/.m2/repository/com/github/almasb/fxgl/21/fxgl-21.jar!/fxglassets/ui/fonts/Abel-Regular.ttf
01:56:11.377 [FXGL Background Thread 4 ] DEBUG FXGLAssetLoaderServi - Loading from file system: jar:file:/C:/Users/aguil/.m2/repository/com/github/almasb/fxgl/21/fxgl-21.jar!/fxglassets/ui/fonts/TerminalLandMono-Regular.otf
01:56:11.380 [FXGL Background Thread 4 ] DEBUG FXGLAssetLoaderServi - Loading from file system: jar:file:/C:/Users/aguil/.m2/repository/com/github/almasb/fxgl/21/fxgl-21.jar!/fxglassets/ui/fonts/Courier-Prime.ttf
01:56:11.388 [JavaFX Application Thread] DEBUG FXGLAssetLoaderServi - Loading from file system: jar:file:/C:/Users/aguil/.m2/repository/com/github/almasb/fxgl/21/fxgl-21.jar!/fxglassets/textures/fxgl_default_cursor.png
01:56:11.397 [JavaFX Application Thread] DEBUG Input                - Registered new binding: Screenshot - CTRL+8
01:56:11.398 [JavaFX Application Thread] DEBUG Input                - Registered new binding: System info dump - CTRL+9
01:56:11.399 [JavaFX Application Thread] DEBUG Input                - Registered new binding: Restart - CTRL+R
01:56:11.399 [JavaFX Application Thread] DEBUG Input                - Registered new binding: Toggle Debug Camera - CTRL+7
01:56:11.401 [JavaFX Application Thread] DEBUG LoopRunner           - Starting loop
01:56:11.402 [JavaFX Application Thread] DEBUG LoopRunner           - Initializing JavaFX AnimationTimerLoop
01:56:11.403 [JavaFX Application Thread] DEBUG GameApplicationServi - Starting new game
01:56:11.403 [JavaFX Application Thread] DEBUG Input                - Clearing active input actions
01:56:11.416 [JavaFX Application Thread] DEBUG GameApplicationServi - Removing overlay from FXGLStartupScene and adding to FXGLLoadingScene
01:56:11.416 [JavaFX Application Thread] DEBUG PrimaryStageWindow   - FXGLStartupScene -> FXGLLoadingScene
01:56:11.416 [JavaFX Application Thread] DEBUG GameApplicationServi - Clearing previous game
01:56:11.416 [JavaFX Application Thread] DEBUG GameScene            - Clearing game scene
01:56:11.417 [JavaFX Application Thread] DEBUG GameWorld            - Clearing game world
01:56:11.417 [JavaFX Application Thread] DEBUG PhysicsWorld         - Clearing physics world
01:56:11.418 [JavaFX Application Thread] DEBUG FXGLApplication      - Registering font factories with UI factory
01:56:11.418 [FXGL Background Thread 4 ] DEBUG FXGLApplication      - Initializing game
01:56:11.420 [FXGL Background Thread 4 ] DEBUG FXGLAssetLoaderServi - Loading from file system: file:/D:/Proyectos/restauranteEnJava/restaurante/target/classes/assets/textures/restaurante.png
01:56:11.486 [FXGL Background Thread 4 ] DEBUG FXGLAssetLoaderServi - Loading from file system: file:/D:/Proyectos/restauranteEnJava/restaurante/target/classes/assets/textures/cocinero.png
01:56:11.488 [FXGL Background Thread 4 ] DEBUG FXGLAssetLoaderServi - Loading from file system: file:/D:/Proyectos/restauranteEnJava/restaurante/target/classes/assets/textures/recepcionista.png
01:56:11.489 [FXGL Background Thread 4 ] DEBUG FXGLAssetLoaderServi - Loading from file system: file:/D:/Proyectos/restauranteEnJava/restaurante/target/classes/assets/textures/mesero.png
01:56:11.492 [FXGL Background Thread 4 ] DEBUG FXGLAssetLoaderServi - Loading from file system: file:/D:/Proyectos/restauranteEnJava/restaurante/target/classes/assets/textures/mesa.png
01:56:11.505 [FXGL Background Thread 4 ] INFO  FXGLApplication      - Game initialization took: 0.088 sec
01:56:11.523 [JavaFX Application Thread] DEBUG Input                - Clearing active input actions
01:56:11.532 [JavaFX Application Thread] DEBUG GameApplicationServi - Removing overlay from FXGLLoadingScene and adding to GameScene
01:56:11.532 [JavaFX Application Thread] DEBUG PrimaryStageWindow   - FXGLLoadingScene -> GameScene
01:56:11.601 [JavaFX Application Thread] DEBUG FXGLAssetLoaderServi - Loading from file system: file:/D:/Proyectos/restauranteEnJava/restaurante/target/classes/assets/textures/comensal.png
01:56:11.924 [FXGL Background Thread 2 ] INFO  UpdaterService       - Your current version:  21
01:56:11.924 [FXGL Background Thread 2 ] INFO  UpdaterService       - Latest stable version: 21.1
01:56:14.341 [FXGL Background Thread 3 ] DEBUG Engine               - Logging environment variables
01:56:14.343 [FXGL Background Thread 3 ] DEBUG Engine               - achievements: []
01:56:14.343 [FXGL Background Thread 3 ] DEBUG Engine               - actualHeight: 800.0
01:56:14.344 [FXGL Background Thread 3 ] DEBUG Engine               - actualHeightProperty: ReadOnlyDoubleProperty [value: 800.0]
01:56:14.344 [FXGL Background Thread 3 ] DEBUG Engine               - actualWidth: 1280.0
01:56:14.344 [FXGL Background Thread 3 ] DEBUG Engine               - actualWidthProperty: ReadOnlyDoubleProperty [value: 1280.0]
01:56:14.344 [FXGL Background Thread 3 ] DEBUG Engine               - appIcon: fxgl_icon.png
01:56:14.345 [FXGL Background Thread 3 ] DEBUG Engine               - applicationMode: DEVELOPER
01:56:14.345 [FXGL Background Thread 3 ] DEBUG Engine               - cSSList: [fxgl_dark.css]
01:56:14.345 [FXGL Background Thread 3 ] DEBUG Engine               - collisionDetectionStrategy: BRUTE_FORCE
01:56:14.345 [FXGL Background Thread 3 ] DEBUG Engine               - configClass: Optional.empty
01:56:14.345 [FXGL Background Thread 3 ] DEBUG Engine               - credits: []
01:56:14.346 [FXGL Background Thread 3 ] DEBUG Engine               - defaultCursor: CursorInfo(imageName=fxgl_default_cursor.png, hotspotX=7.0, hotspotY=6.0)
01:56:14.347 [FXGL Background Thread 3 ] DEBUG Engine               - devBBoxColorProperty: ObjectProperty [value: 0xff0000ff]
01:56:14.347 [FXGL Background Thread 3 ] DEBUG Engine               - devEnableDebugCameraProperty: BooleanProperty [value: false]
01:56:14.347 [FXGL Background Thread 3 ] DEBUG Engine               - devSensorColorProperty: ObjectProperty [value: 0xffff00ff]
01:56:14.348 [FXGL Background Thread 3 ] DEBUG Engine               - devShowBBoxProperty: BooleanProperty [value: false]
01:56:14.348 [FXGL Background Thread 3 ] DEBUG Engine               - devShowPositionProperty: BooleanProperty [value: false]
01:56:14.348 [FXGL Background Thread 3 ] DEBUG Engine               - enabledMenuItems: []
01:56:14.348 [FXGL Background Thread 3 ] DEBUG Engine               - engineServices: [class com.almasb.fxgl.app.services.FXGLAssetLoaderService, class com.almasb.fxgl.app.FXGLApplication$GameApplicationService, class com.almasb.fxgl.app.services.FXGLDialogService, class com.almasb.fxgl.app.services.IOTaskExecutorService, class com.almasb.fxgl.io.FileSystemService, class com.almasb.fxgl.localization.LocalizationService, class com.almasb.fxgl.app.services.SystemBundleService, class com.almasb.fxgl.profile.SaveLoadService, class com.almasb.fxgl.ui.FXGLUIFactoryServiceProvider, class com.almasb.fxgl.ui.FXGLDialogFactoryServiceProvider, class com.almasb.fxgl.audio.AudioPlayer, class com.almasb.fxgl.notification.impl.NotificationServiceProvider, class com.almasb.fxgl.achievement.AchievementService, class com.almasb.fxgl.cutscene.CutsceneService, class com.almasb.fxgl.minigames.MiniGameService, class com.almasb.fxgl.net.NetService, class com.almasb.fxgl.app.services.UpdaterService, class com.almasb.fxgl.dev.DevService]
01:56:14.349 [FXGL Background Thread 3 ] DEBUG Engine               - fontGame: Abel-Regular.ttf
01:56:14.349 [FXGL Background Thread 3 ] DEBUG Engine               - fontMono: TerminalLandMono-Regular.otf
01:56:14.349 [FXGL Background Thread 3 ] DEBUG Engine               - fontSizeScaleUI: 1.0
01:56:14.350 [FXGL Background Thread 3 ] DEBUG Engine               - fontText: Courier-Prime.ttf
01:56:14.350 [FXGL Background Thread 3 ] DEBUG Engine               - fontUI: VarelaRound-Regular.ttf
01:56:14.350 [FXGL Background Thread 3 ] DEBUG Engine               - fullScreen: BooleanProperty [value: false]
01:56:14.350 [FXGL Background Thread 3 ] DEBUG Engine               - gameDifficulty: MEDIUM
01:56:14.350 [FXGL Background Thread 3 ] DEBUG Engine               - gameDifficultyProperty: ObjectProperty [value: MEDIUM]
01:56:14.350 [FXGL Background Thread 3 ] DEBUG Engine               - globalMusicVolume: 0.5
01:56:14.350 [FXGL Background Thread 3 ] DEBUG Engine               - globalMusicVolumeProperty: DoubleProperty [value: 0.5]
01:56:14.352 [FXGL Background Thread 3 ] DEBUG Engine               - globalSoundVolume: 0.5
01:56:14.352 [FXGL Background Thread 3 ] DEBUG Engine               - globalSoundVolumeProperty: DoubleProperty [value: 0.5]
01:56:14.352 [FXGL Background Thread 3 ] DEBUG Engine               - height: 800
01:56:14.353 [FXGL Background Thread 3 ] DEBUG Engine               - is3D: false
01:56:14.353 [FXGL Background Thread 3 ] DEBUG Engine               - isAndroid: false
01:56:14.353 [FXGL Background Thread 3 ] DEBUG Engine               - isBrowser: false
01:56:14.353 [FXGL Background Thread 3 ] DEBUG Engine               - isClickFeedbackEnabled: false
01:56:14.353 [FXGL Background Thread 3 ] DEBUG Engine               - isCloseConfirmation: false
01:56:14.353 [FXGL Background Thread 3 ] DEBUG Engine               - isDesktop: true
01:56:14.354 [FXGL Background Thread 3 ] DEBUG Engine               - isDeveloperMenuEnabled: false
01:56:14.354 [FXGL Background Thread 3 ] DEBUG Engine               - isEmbedded: false
01:56:14.354 [FXGL Background Thread 3 ] DEBUG Engine               - isEntityPreloadEnabled: true
01:56:14.354 [FXGL Background Thread 3 ] DEBUG Engine               - isExperimentalTiledLargeMap: false
01:56:14.354 [FXGL Background Thread 3 ] DEBUG Engine               - isFileSystemWriteAllowed: true
01:56:14.355 [FXGL Background Thread 3 ] DEBUG Engine               - isFullScreenAllowed: false
01:56:14.355 [FXGL Background Thread 3 ] DEBUG Engine               - isFullScreenFromStart: false
01:56:14.355 [FXGL Background Thread 3 ] DEBUG Engine               - isGameMenuEnabled: true
01:56:14.355 [FXGL Background Thread 3 ] DEBUG Engine               - isIOS: false
01:56:14.355 [FXGL Background Thread 3 ] DEBUG Engine               - isIntroEnabled: false
01:56:14.355 [FXGL Background Thread 3 ] DEBUG Engine               - isLinux: false
01:56:14.356 [FXGL Background Thread 3 ] DEBUG Engine               - isMac: false
01:56:14.356 [FXGL Background Thread 3 ] DEBUG Engine               - isMainMenuEnabled: false
01:56:14.357 [FXGL Background Thread 3 ] DEBUG Engine               - isManualResizeEnabled: false
01:56:14.357 [FXGL Background Thread 3 ] DEBUG Engine               - isMobile: false
01:56:14.357 [FXGL Background Thread 3 ] DEBUG Engine               - isNative: false
01:56:14.357 [FXGL Background Thread 3 ] DEBUG Engine               - isPauseMusicWhenMinimized: true
01:56:14.357 [FXGL Background Thread 3 ] DEBUG Engine               - isPreserveResizeRatio: false
01:56:14.357 [FXGL Background Thread 3 ] DEBUG Engine               - isProfilingEnabled: false
01:56:14.358 [FXGL Background Thread 3 ] DEBUG Engine               - isScaleAffectedOnResize: true
01:56:14.358 [FXGL Background Thread 3 ] DEBUG Engine               - isSingleStep: false
01:56:14.358 [FXGL Background Thread 3 ] DEBUG Engine               - isUserProfileEnabled: false
01:56:14.358 [FXGL Background Thread 3 ] DEBUG Engine               - isWindows: true
01:56:14.358 [FXGL Background Thread 3 ] DEBUG Engine               - language: ObjectProperty [value: ENGLISH]
01:56:14.358 [FXGL Background Thread 3 ] DEBUG Engine               - menuKey: ESCAPE
01:56:14.358 [FXGL Background Thread 3 ] DEBUG Engine               - mouseSensitivity: 0.2
01:56:14.359 [FXGL Background Thread 3 ] DEBUG Engine               - notificationViewClass: class com.almasb.fxgl.notification.view.XboxNotificationView
01:56:14.359 [FXGL Background Thread 3 ] DEBUG Engine               - pixelsPerMeter: 50.0
01:56:14.359 [FXGL Background Thread 3 ] DEBUG Engine               - platform: WINDOWS
01:56:14.359 [FXGL Background Thread 3 ] DEBUG Engine               - prefHeightProperty: ReadOnlyDoubleProperty [value: 800.0]
01:56:14.359 [FXGL Background Thread 3 ] DEBUG Engine               - prefWidthProperty: ReadOnlyDoubleProperty [value: 1280.0]
01:56:14.359 [FXGL Background Thread 3 ] DEBUG Engine               - profileDir: profiles/
01:56:14.361 [FXGL Background Thread 3 ] DEBUG Engine               - profileName: StringProperty [value: DEFAULT]
01:56:14.361 [FXGL Background Thread 3 ] DEBUG Engine               - randomSeed: -1
01:56:14.362 [FXGL Background Thread 3 ] DEBUG Engine               - runtimeInfo: RuntimeInfo(platform=WINDOWS, version=21, build=28.12.2023 13.35)
01:56:14.362 [FXGL Background Thread 3 ] DEBUG Engine               - saveFileExt: sav
01:56:14.362 [FXGL Background Thread 3 ] DEBUG Engine               - scaledHeightProp$fxgl: DoubleProperty [bound, value: 800.0]
01:56:14.362 [FXGL Background Thread 3 ] DEBUG Engine               - scaledWidthProp$fxgl: DoubleProperty [bound, value: 1280.0]
01:56:14.362 [FXGL Background Thread 3 ] DEBUG Engine               - sceneFactory: com.almasb.fxgl.app.scene.SceneFactory@17d7929e
01:56:14.362 [FXGL Background Thread 3 ] DEBUG Engine               - secondsIn24h: 60
01:56:14.363 [FXGL Background Thread 3 ] DEBUG Engine               - soundMenuBack: menu/back.wav
01:56:14.363 [FXGL Background Thread 3 ] DEBUG Engine               - soundMenuPress: menu/press.wav
01:56:14.363 [FXGL Background Thread 3 ] DEBUG Engine               - soundMenuSelect: menu/select.wav
01:56:14.363 [FXGL Background Thread 3 ] DEBUG Engine               - soundNotification: core/notification.wav
01:56:14.363 [FXGL Background Thread 3 ] DEBUG Engine               - stageStyle: DECORATED
01:56:14.363 [FXGL Background Thread 3 ] DEBUG Engine               - supportedLanguages: [ENGLISH, FRENCH, GERMAN, HUNGARIAN, RUSSIAN]
01:56:14.363 [FXGL Background Thread 3 ] DEBUG Engine               - ticksPerSecond: -1
01:56:14.364 [FXGL Background Thread 3 ] DEBUG Engine               - title: Simulación Restaurante
01:56:14.364 [FXGL Background Thread 3 ] DEBUG Engine               - urlGithub: https://github.com/AlmasB/FXGL
01:56:14.364 [FXGL Background Thread 3 ] DEBUG Engine               - urlLeaderboard: http://fxgl-top.herokuapp.com/
01:56:14.364 [FXGL Background Thread 3 ] DEBUG Engine               - urlPOM: https://raw.githubusercontent.com/AlmasB/FXGL/release/README.md
01:56:14.365 [FXGL Background Thread 3 ] DEBUG Engine               - userAppClass: class com.example.view.Animacion
01:56:14.365 [FXGL Background Thread 3 ] DEBUG Engine               - version: 0.0
01:56:14.365 [FXGL Background Thread 3 ] DEBUG Engine               - versionCheckDays: 7
01:56:14.365 [FXGL Background Thread 3 ] DEBUG Engine               - width: 1280
01:56:14.365 [FXGL Background Thread 3 ] DEBUG Engine               - Logging services
01:56:14.366 [FXGL Background Thread 3 ] DEBUG Engine               - class com.almasb.fxgl.app.services.FXGLAssetLoaderService
01:56:14.366 [FXGL Background Thread 3 ] DEBUG Engine               - class com.almasb.fxgl.app.FXGLApplication$GameApplicationService
01:56:14.366 [FXGL Background Thread 3 ] DEBUG Engine               - class com.almasb.fxgl.app.services.FXGLDialogService
01:56:14.366 [FXGL Background Thread 3 ] DEBUG Engine               - class com.almasb.fxgl.app.services.IOTaskExecutorService
01:56:14.366 [FXGL Background Thread 3 ] DEBUG Engine               - class com.almasb.fxgl.io.FileSystemService
01:56:14.366 [FXGL Background Thread 3 ] DEBUG Engine               - class com.almasb.fxgl.localization.LocalizationService
01:56:14.366 [FXGL Background Thread 3 ] DEBUG Engine               - class com.almasb.fxgl.app.services.SystemBundleService
01:56:14.366 [FXGL Background Thread 3 ] DEBUG Engine               - class com.almasb.fxgl.profile.SaveLoadService
01:56:14.367 [FXGL Background Thread 3 ] DEBUG Engine               - class com.almasb.fxgl.ui.FXGLUIFactoryServiceProvider
01:56:14.367 [FXGL Background Thread 3 ] DEBUG Engine               - class com.almasb.fxgl.ui.FXGLDialogFactoryServiceProvider
01:56:14.367 [FXGL Background Thread 3 ] DEBUG Engine               - class com.almasb.fxgl.audio.AudioPlayer
01:56:14.367 [FXGL Background Thread 3 ] DEBUG Engine               - class com.almasb.fxgl.notification.impl.NotificationServiceProvider
01:56:14.367 [FXGL Background Thread 3 ] DEBUG Engine               - class com.almasb.fxgl.achievement.AchievementService
01:56:14.367 [FXGL Background Thread 3 ] DEBUG Engine               - class com.almasb.fxgl.cutscene.CutsceneService
01:56:14.367 [FXGL Background Thread 3 ] DEBUG Engine               - class com.almasb.fxgl.minigames.MiniGameService
01:56:14.367 [FXGL Background Thread 3 ] DEBUG Engine               - class com.almasb.fxgl.net.NetService
01:56:14.367 [FXGL Background Thread 3 ] DEBUG Engine               - class com.almasb.fxgl.app.services.UpdaterService
01:56:14.367 [FXGL Background Thread 3 ] DEBUG Engine               - class com.almasb.fxgl.dev.DevService
01:56:22.425 [JavaFX Application Thread] DEBUG FXGLApplication      - Exiting FXGL
01:56:22.425 [JavaFX Application Thread] DEBUG LoopRunner           - Stopping loop
01:56:22.426 [JavaFX Application Thread] DEBUG SystemBundleService  - Saving FXGL system data
01:56:22.432 [JavaFX Application Thread] DEBUG FileSystemAccess     - Writing to: D:\Proyectos\restauranteEnJava\system\fxgl.bundle
01:56:22.438 [JavaFX Application Thread] DEBUG Async                - Shutting down background threads
01:56:22.438 [JavaFX Application Thread] DEBUG PrimaryStageWindow   - Closing main window
01:56:22.463 [JavaFX Application Thread] DEBUG Logger               - Closing Logger
