19:02:42.051 [main                     ] DEBUG Logger               - Configured Logger
19:02:42.069 [main                     ] DEBUG GameApplication      - Logging settings
Title: Simulación Restaurante
Version: 0.0
Width: 1280
Height: 800
Fullscreen: false
Intro: false
Profiling: false
Single step:false
App Mode: DEVELOPER
Menu Key: ESCAPE
Stage Style: DECORATED
Scene Factory: class com.almasb.fxgl.app.scene.SceneFactory

19:02:42.545 [JavaFX Application Thread] DEBUG FXGLApplication      - Initializing FXGL
19:02:42.548 [JavaFX Application Thread] INFO  Engine               - FXGL-21 (28.12.2023 13.35) on WINDOWS (J:21.0.4 FX:21.0.1)
19:02:42.548 [JavaFX Application Thread] DEBUG Engine               - JRE Vendor Name: Eclipse Adoptium
19:02:42.550 [JavaFX Application Thread] DEBUG Engine               - Running on OS: Windows 11 version 10.0
19:02:42.550 [JavaFX Application Thread] DEBUG Engine               - Architecture: amd64
19:02:42.550 [JavaFX Application Thread] INFO  Engine               - Source code and latest versions at: https://github.com/AlmasB/FXGL
19:02:42.550 [JavaFX Application Thread] INFO  Engine               -       Ask questions and discuss at: https://github.com/AlmasB/FXGL/discussions
19:02:42.550 [JavaFX Application Thread] INFO  Engine               -              Join the FXGL chat at: https://gitter.im/AlmasB/FXGL
19:02:42.637 [JavaFX Application Thread] DEBUG PrimaryStageWindow   - Creating a JavaFX scene
19:02:42.677 [JavaFX Application Thread] DEBUG PrimaryStageWindow   - Target settings size: 1280.0 x 800.0
19:02:42.677 [JavaFX Application Thread] DEBUG PrimaryStageWindow   - Scaled scene size:    1280.0 x 800.0
19:02:42.677 [JavaFX Application Thread] DEBUG PrimaryStageWindow   - Scaled ratio: (1.0, 1.0)
19:02:42.679 [JavaFX Application Thread] DEBUG PrimaryStageWindow   - Set initial scene to FXGLStartupScene
19:02:42.683 [JavaFX Application Thread] DEBUG PrimaryStageWindow   - Opening main window
19:02:42.759 [JavaFX Application Thread] DEBUG PrimaryStageWindow   - Window border size: (16.0, 39.0)
19:02:42.759 [JavaFX Application Thread] DEBUG PrimaryStageWindow   - Scaled size: 1280.0 x 800.0
19:02:42.760 [JavaFX Application Thread] DEBUG PrimaryStageWindow   - Scaled ratio: (1.0, 1.0)
19:02:42.760 [JavaFX Application Thread] DEBUG PrimaryStageWindow   - Scene size: 1280.0 x 800.0
19:02:42.760 [JavaFX Application Thread] DEBUG PrimaryStageWindow   - Stage size: 1296.0 x 839.0
19:02:42.767 [FXGL Background Thread 1 ] DEBUG Engine               - Initializing environment variables
19:02:42.818 [FXGL Background Thread 1 ] DEBUG FXGLAssetLoaderServi - User app class for loading assets: class com.example.view.Animacion
19:02:42.818 [FXGL Background Thread 1 ] DEBUG GameApplicationServi - Applying CSS: fxgl_dark.css
19:02:42.818 [FXGL Background Thread 1 ] DEBUG FXGLAssetLoaderServi - Loading from file system: jar:file:/C:/Users/aguil/.m2/repository/com/github/almasb/fxgl/21/fxgl-21.jar!/fxglassets/ui/css/fxgl_dark.css
19:02:42.857 [FXGL Background Thread 1 ] DEBUG GameApplicationServi - Initializing application scenes
19:02:42.892 [FXGL Background Thread 1 ] DEBUG GameWorld            - Game world initialized
19:02:42.951 [FXGL Background Thread 1 ] DEBUG PhysicsWorld         - Physics world initialized: appHeight=800, physics.ppm=50.0
19:02:42.951 [FXGL Background Thread 1 ] DEBUG PhysicsWorld         - Using strategy: BRUTE_FORCE
19:02:42.954 [FXGL Background Thread 1 ] DEBUG GameScene            - Game scene initialized: 1280x800
19:02:42.967 [FXGL Background Thread 1 ] DEBUG FXGL.DefaultMenu     - createMenuBodyGameMenu()
19:02:42.981 [FXGL Background Thread 1 ] DEBUG FXGL.DefaultMenu     - createOptionsMenu()
19:02:42.987 [FXGL Background Thread 1 ] DEBUG FXGLAssetLoaderServi - Loading from file system: jar:file:/C:/Users/aguil/.m2/repository/com/github/almasb/fxgl/21/fxgl-21.jar!/fxglassets/textures/particles/smoke.png
19:02:43.079 [FXGL Background Thread 1 ] DEBUG FXGLAssetLoaderServi - Loading from file system: jar:file:/C:/Users/aguil/.m2/repository/com/github/almasb/fxgl/21/fxgl-21.jar!/fxglassets/textures/particles/trace_horizontal.png
19:02:43.105 [FXGL Background Thread 1 ] DEBUG GameApplicationServi - Application scenes initialized
19:02:43.119 [FXGL Background Thread 1 ] DEBUG SystemBundleService  - Loading FXGL system data
19:02:43.123 [FXGL Background Thread 1 ] DEBUG FileSystemAccess     - Reading from: D:\Proyectos\restauranteEnJava\system\fxgl.bundle
19:02:43.132 [FXGL Background Thread 1 ] DEBUG SystemBundleService  - Bundle FXGL: {}
19:02:43.133 [FXGL Background Thread 1 ] DEBUG UpdaterService       - Checking for updates
19:02:43.137 [FXGL Background Thread 4 ] DEBUG FXGLApplication      - Loading fonts
19:02:43.137 [FXGL Background Thread 4 ] DEBUG FXGLAssetLoaderServi - Loading from file system: jar:file:/C:/Users/aguil/.m2/repository/com/github/almasb/fxgl/21/fxgl-21.jar!/fxglassets/ui/fonts/VarelaRound-Regular.ttf
19:02:43.137 [FXGL Background Thread 1 ] DEBUG FXGLApplication      - Loading default localization
19:02:43.138 [FXGL Background Thread 1 ] DEBUG FXGLAssetLoaderServi - Loading from file system: jar:file:/C:/Users/aguil/.m2/repository/com/github/almasb/fxgl/21/fxgl-21.jar!/fxglassets/languages/english.lang
19:02:43.166 [FXGL Background Thread 1 ] INFO  FXGLApplication      - FXGL initialization took: 0.399 sec
19:02:43.167 [JavaFX Application Thread] DEBUG FXGLAssetLoaderServi - Loading from file system: jar:file:/C:/Users/aguil/.m2/repository/com/github/almasb/fxgl/21/fxgl-21.jar!/fxglassets/textures/fxgl_icon.png
19:02:43.182 [FXGL Background Thread 4 ] DEBUG FXGLAssetLoaderServi - Loading from file system: jar:file:/C:/Users/aguil/.m2/repository/com/github/almasb/fxgl/21/fxgl-21.jar!/fxglassets/ui/fonts/Abel-Regular.ttf
19:02:43.187 [FXGL Background Thread 4 ] DEBUG FXGLAssetLoaderServi - Loading from file system: jar:file:/C:/Users/aguil/.m2/repository/com/github/almasb/fxgl/21/fxgl-21.jar!/fxglassets/ui/fonts/TerminalLandMono-Regular.otf
19:02:43.187 [JavaFX Application Thread] DEBUG FXGLAssetLoaderServi - Loading from file system: jar:file:/C:/Users/aguil/.m2/repository/com/github/almasb/fxgl/21/fxgl-21.jar!/fxglassets/textures/fxgl_default_cursor.png
19:02:43.194 [FXGL Background Thread 4 ] DEBUG FXGLAssetLoaderServi - Loading from file system: jar:file:/C:/Users/aguil/.m2/repository/com/github/almasb/fxgl/21/fxgl-21.jar!/fxglassets/ui/fonts/Courier-Prime.ttf
19:02:43.201 [JavaFX Application Thread] DEBUG Input                - Registered new binding: Screenshot - CTRL+8
19:02:43.201 [JavaFX Application Thread] DEBUG Input                - Registered new binding: System info dump - CTRL+9
19:02:43.203 [JavaFX Application Thread] DEBUG Input                - Registered new binding: Restart - CTRL+R
19:02:43.203 [JavaFX Application Thread] DEBUG Input                - Registered new binding: Toggle Debug Camera - CTRL+7
19:02:43.208 [JavaFX Application Thread] DEBUG LoopRunner           - Starting loop
19:02:43.208 [JavaFX Application Thread] DEBUG LoopRunner           - Initializing JavaFX AnimationTimerLoop
19:02:43.210 [JavaFX Application Thread] DEBUG GameApplicationServi - Starting new game
19:02:43.210 [JavaFX Application Thread] DEBUG Input                - Clearing active input actions
19:02:43.225 [JavaFX Application Thread] DEBUG GameApplicationServi - Removing overlay from FXGLStartupScene and adding to FXGLLoadingScene
19:02:43.225 [JavaFX Application Thread] DEBUG PrimaryStageWindow   - FXGLStartupScene -> FXGLLoadingScene
19:02:43.225 [JavaFX Application Thread] DEBUG GameApplicationServi - Clearing previous game
19:02:43.225 [JavaFX Application Thread] DEBUG GameScene            - Clearing game scene
19:02:43.225 [JavaFX Application Thread] DEBUG GameWorld            - Clearing game world
19:02:43.225 [JavaFX Application Thread] DEBUG PhysicsWorld         - Clearing physics world
19:02:43.228 [FXGL Background Thread 4 ] DEBUG FXGLApplication      - Initializing game
19:02:43.229 [JavaFX Application Thread] DEBUG FXGLApplication      - Registering font factories with UI factory
19:02:43.229 [FXGL Background Thread 4 ] DEBUG FXGLAssetLoaderServi - Loading from file system: file:/D:/Proyectos/restauranteEnJava/restaurante/target/classes/assets/textures/restaurante.png
19:02:43.309 [FXGL Background Thread 4 ] DEBUG FXGLAssetLoaderServi - Loading from file system: file:/D:/Proyectos/restauranteEnJava/restaurante/target/classes/assets/textures/cocinero.png
19:02:43.310 [FXGL Background Thread 4 ] DEBUG FXGLAssetLoaderServi - Loading from file system: file:/D:/Proyectos/restauranteEnJava/restaurante/target/classes/assets/textures/recepcionista.png
19:02:43.312 [FXGL Background Thread 4 ] DEBUG FXGLAssetLoaderServi - Loading from file system: file:/D:/Proyectos/restauranteEnJava/restaurante/target/classes/assets/textures/mesero.png
19:02:43.314 [FXGL Background Thread 4 ] DEBUG FXGLAssetLoaderServi - Loading from file system: file:/D:/Proyectos/restauranteEnJava/restaurante/target/classes/assets/textures/mesa.png
19:02:43.329 [FXGL Background Thread 4 ] INFO  FXGLApplication      - Game initialization took: 0.101 sec
19:02:43.349 [JavaFX Application Thread] DEBUG Input                - Clearing active input actions
19:02:43.360 [JavaFX Application Thread] DEBUG GameApplicationServi - Removing overlay from FXGLLoadingScene and adding to GameScene
19:02:43.361 [JavaFX Application Thread] DEBUG PrimaryStageWindow   - FXGLLoadingScene -> GameScene
19:02:43.971 [FXGL Background Thread 2 ] INFO  UpdaterService       - Your current version:  21
19:02:43.971 [FXGL Background Thread 2 ] INFO  UpdaterService       - Latest stable version: 21.1
19:02:44.374 [JavaFX Application Thread] DEBUG FXGLAssetLoaderServi - Loading from file system: file:/D:/Proyectos/restauranteEnJava/restaurante/target/classes/assets/textures/comensal.png
19:02:46.136 [FXGL Background Thread 3 ] DEBUG Engine               - Logging environment variables
19:02:46.138 [FXGL Background Thread 3 ] DEBUG Engine               - achievements: []
19:02:46.138 [FXGL Background Thread 3 ] DEBUG Engine               - actualHeight: 800.0
19:02:46.139 [FXGL Background Thread 3 ] DEBUG Engine               - actualHeightProperty: ReadOnlyDoubleProperty [value: 800.0]
19:02:46.139 [FXGL Background Thread 3 ] DEBUG Engine               - actualWidth: 1280.0
19:02:46.139 [FXGL Background Thread 3 ] DEBUG Engine               - actualWidthProperty: ReadOnlyDoubleProperty [value: 1280.0]
19:02:46.140 [FXGL Background Thread 3 ] DEBUG Engine               - appIcon: fxgl_icon.png
19:02:46.140 [FXGL Background Thread 3 ] DEBUG Engine               - applicationMode: DEVELOPER
19:02:46.140 [FXGL Background Thread 3 ] DEBUG Engine               - cSSList: [fxgl_dark.css]
19:02:46.141 [FXGL Background Thread 3 ] DEBUG Engine               - collisionDetectionStrategy: BRUTE_FORCE
19:02:46.141 [FXGL Background Thread 3 ] DEBUG Engine               - configClass: Optional.empty
19:02:46.141 [FXGL Background Thread 3 ] DEBUG Engine               - credits: []
19:02:46.142 [FXGL Background Thread 3 ] DEBUG Engine               - defaultCursor: CursorInfo(imageName=fxgl_default_cursor.png, hotspotX=7.0, hotspotY=6.0)
19:02:46.143 [FXGL Background Thread 3 ] DEBUG Engine               - devBBoxColorProperty: ObjectProperty [value: 0xff0000ff]
19:02:46.143 [FXGL Background Thread 3 ] DEBUG Engine               - devEnableDebugCameraProperty: BooleanProperty [value: false]
19:02:46.143 [FXGL Background Thread 3 ] DEBUG Engine               - devSensorColorProperty: ObjectProperty [value: 0xffff00ff]
19:02:46.143 [FXGL Background Thread 3 ] DEBUG Engine               - devShowBBoxProperty: BooleanProperty [value: false]
19:02:46.144 [FXGL Background Thread 3 ] DEBUG Engine               - devShowPositionProperty: BooleanProperty [value: false]
19:02:46.144 [FXGL Background Thread 3 ] DEBUG Engine               - enabledMenuItems: []
19:02:46.145 [FXGL Background Thread 3 ] DEBUG Engine               - engineServices: [class com.almasb.fxgl.app.services.FXGLAssetLoaderService, class com.almasb.fxgl.app.FXGLApplication$GameApplicationService, class com.almasb.fxgl.app.services.FXGLDialogService, class com.almasb.fxgl.app.services.IOTaskExecutorService, class com.almasb.fxgl.io.FileSystemService, class com.almasb.fxgl.localization.LocalizationService, class com.almasb.fxgl.app.services.SystemBundleService, class com.almasb.fxgl.profile.SaveLoadService, class com.almasb.fxgl.ui.FXGLUIFactoryServiceProvider, class com.almasb.fxgl.ui.FXGLDialogFactoryServiceProvider, class com.almasb.fxgl.audio.AudioPlayer, class com.almasb.fxgl.notification.impl.NotificationServiceProvider, class com.almasb.fxgl.achievement.AchievementService, class com.almasb.fxgl.cutscene.CutsceneService, class com.almasb.fxgl.minigames.MiniGameService, class com.almasb.fxgl.net.NetService, class com.almasb.fxgl.app.services.UpdaterService, class com.almasb.fxgl.dev.DevService]
19:02:46.145 [FXGL Background Thread 3 ] DEBUG Engine               - fontGame: Abel-Regular.ttf
19:02:46.145 [FXGL Background Thread 3 ] DEBUG Engine               - fontMono: TerminalLandMono-Regular.otf
19:02:46.145 [FXGL Background Thread 3 ] DEBUG Engine               - fontSizeScaleUI: 1.0
19:02:46.145 [FXGL Background Thread 3 ] DEBUG Engine               - fontText: Courier-Prime.ttf
19:02:46.146 [FXGL Background Thread 3 ] DEBUG Engine               - fontUI: VarelaRound-Regular.ttf
19:02:46.146 [FXGL Background Thread 3 ] DEBUG Engine               - fullScreen: BooleanProperty [value: false]
19:02:46.146 [FXGL Background Thread 3 ] DEBUG Engine               - gameDifficulty: MEDIUM
19:02:46.147 [FXGL Background Thread 3 ] DEBUG Engine               - gameDifficultyProperty: ObjectProperty [value: MEDIUM]
19:02:46.147 [FXGL Background Thread 3 ] DEBUG Engine               - globalMusicVolume: 0.5
19:02:46.147 [FXGL Background Thread 3 ] DEBUG Engine               - globalMusicVolumeProperty: DoubleProperty [value: 0.5]
19:02:46.147 [FXGL Background Thread 3 ] DEBUG Engine               - globalSoundVolume: 0.5
19:02:46.147 [FXGL Background Thread 3 ] DEBUG Engine               - globalSoundVolumeProperty: DoubleProperty [value: 0.5]
19:02:46.149 [FXGL Background Thread 3 ] DEBUG Engine               - height: 800
19:02:46.149 [FXGL Background Thread 3 ] DEBUG Engine               - is3D: false
19:02:46.149 [FXGL Background Thread 3 ] DEBUG Engine               - isAndroid: false
19:02:46.149 [FXGL Background Thread 3 ] DEBUG Engine               - isBrowser: false
19:02:46.149 [FXGL Background Thread 3 ] DEBUG Engine               - isClickFeedbackEnabled: false
19:02:46.150 [FXGL Background Thread 3 ] DEBUG Engine               - isCloseConfirmation: false
19:02:46.150 [FXGL Background Thread 3 ] DEBUG Engine               - isDesktop: true
19:02:46.150 [FXGL Background Thread 3 ] DEBUG Engine               - isDeveloperMenuEnabled: false
19:02:46.150 [FXGL Background Thread 3 ] DEBUG Engine               - isEmbedded: false
19:02:46.150 [FXGL Background Thread 3 ] DEBUG Engine               - isEntityPreloadEnabled: true
19:02:46.150 [FXGL Background Thread 3 ] DEBUG Engine               - isExperimentalTiledLargeMap: false
19:02:46.151 [FXGL Background Thread 3 ] DEBUG Engine               - isFileSystemWriteAllowed: true
19:02:46.151 [FXGL Background Thread 3 ] DEBUG Engine               - isFullScreenAllowed: false
19:02:46.151 [FXGL Background Thread 3 ] DEBUG Engine               - isFullScreenFromStart: false
19:02:46.151 [FXGL Background Thread 3 ] DEBUG Engine               - isGameMenuEnabled: true
19:02:46.151 [FXGL Background Thread 3 ] DEBUG Engine               - isIOS: false
19:02:46.152 [FXGL Background Thread 3 ] DEBUG Engine               - isIntroEnabled: false
19:02:46.152 [FXGL Background Thread 3 ] DEBUG Engine               - isLinux: false
19:02:46.152 [FXGL Background Thread 3 ] DEBUG Engine               - isMac: false
19:02:46.152 [FXGL Background Thread 3 ] DEBUG Engine               - isMainMenuEnabled: false
19:02:46.152 [FXGL Background Thread 3 ] DEBUG Engine               - isManualResizeEnabled: false
19:02:46.152 [FXGL Background Thread 3 ] DEBUG Engine               - isMobile: false
19:02:46.152 [FXGL Background Thread 3 ] DEBUG Engine               - isNative: false
19:02:46.154 [FXGL Background Thread 3 ] DEBUG Engine               - isPauseMusicWhenMinimized: true
19:02:46.154 [FXGL Background Thread 3 ] DEBUG Engine               - isPreserveResizeRatio: false
19:02:46.154 [FXGL Background Thread 3 ] DEBUG Engine               - isProfilingEnabled: false
19:02:46.154 [FXGL Background Thread 3 ] DEBUG Engine               - isScaleAffectedOnResize: true
19:02:46.154 [FXGL Background Thread 3 ] DEBUG Engine               - isSingleStep: false
19:02:46.154 [FXGL Background Thread 3 ] DEBUG Engine               - isUserProfileEnabled: false
19:02:46.155 [FXGL Background Thread 3 ] DEBUG Engine               - isWindows: true
19:02:46.155 [FXGL Background Thread 3 ] DEBUG Engine               - language: ObjectProperty [value: ENGLISH]
19:02:46.155 [FXGL Background Thread 3 ] DEBUG Engine               - menuKey: ESCAPE
19:02:46.155 [FXGL Background Thread 3 ] DEBUG Engine               - mouseSensitivity: 0.2
19:02:46.155 [FXGL Background Thread 3 ] DEBUG Engine               - notificationViewClass: class com.almasb.fxgl.notification.view.XboxNotificationView
19:02:46.155 [FXGL Background Thread 3 ] DEBUG Engine               - pixelsPerMeter: 50.0
19:02:46.155 [FXGL Background Thread 3 ] DEBUG Engine               - platform: WINDOWS
19:02:46.155 [FXGL Background Thread 3 ] DEBUG Engine               - prefHeightProperty: ReadOnlyDoubleProperty [value: 800.0]
19:02:46.156 [FXGL Background Thread 3 ] DEBUG Engine               - prefWidthProperty: ReadOnlyDoubleProperty [value: 1280.0]
19:02:46.156 [FXGL Background Thread 3 ] DEBUG Engine               - profileDir: profiles/
19:02:46.156 [FXGL Background Thread 3 ] DEBUG Engine               - profileName: StringProperty [value: DEFAULT]
19:02:46.156 [FXGL Background Thread 3 ] DEBUG Engine               - randomSeed: -1
19:02:46.157 [FXGL Background Thread 3 ] DEBUG Engine               - runtimeInfo: RuntimeInfo(platform=WINDOWS, version=21, build=28.12.2023 13.35)
19:02:46.157 [FXGL Background Thread 3 ] DEBUG Engine               - saveFileExt: sav
19:02:46.157 [FXGL Background Thread 3 ] DEBUG Engine               - scaledHeightProp$fxgl: DoubleProperty [bound, value: 800.0]
19:02:46.157 [FXGL Background Thread 3 ] DEBUG Engine               - scaledWidthProp$fxgl: DoubleProperty [bound, value: 1280.0]
19:02:46.158 [FXGL Background Thread 3 ] DEBUG Engine               - sceneFactory: com.almasb.fxgl.app.scene.SceneFactory@4d23f1ee
19:02:46.158 [FXGL Background Thread 3 ] DEBUG Engine               - secondsIn24h: 60
19:02:46.158 [FXGL Background Thread 3 ] DEBUG Engine               - soundMenuBack: menu/back.wav
19:02:46.158 [FXGL Background Thread 3 ] DEBUG Engine               - soundMenuPress: menu/press.wav
19:02:46.158 [FXGL Background Thread 3 ] DEBUG Engine               - soundMenuSelect: menu/select.wav
19:02:46.158 [FXGL Background Thread 3 ] DEBUG Engine               - soundNotification: core/notification.wav
19:02:46.159 [FXGL Background Thread 3 ] DEBUG Engine               - stageStyle: DECORATED
19:02:46.159 [FXGL Background Thread 3 ] DEBUG Engine               - supportedLanguages: [ENGLISH, FRENCH, GERMAN, HUNGARIAN, RUSSIAN]
19:02:46.159 [FXGL Background Thread 3 ] DEBUG Engine               - ticksPerSecond: -1
19:02:46.159 [FXGL Background Thread 3 ] DEBUG Engine               - title: Simulación Restaurante
19:02:46.159 [FXGL Background Thread 3 ] DEBUG Engine               - urlGithub: https://github.com/AlmasB/FXGL
19:02:46.160 [FXGL Background Thread 3 ] DEBUG Engine               - urlLeaderboard: http://fxgl-top.herokuapp.com/
19:02:46.160 [FXGL Background Thread 3 ] DEBUG Engine               - urlPOM: https://raw.githubusercontent.com/AlmasB/FXGL/release/README.md
19:02:46.160 [FXGL Background Thread 3 ] DEBUG Engine               - userAppClass: class com.example.view.Animacion
19:02:46.160 [FXGL Background Thread 3 ] DEBUG Engine               - version: 0.0
19:02:46.160 [FXGL Background Thread 3 ] DEBUG Engine               - versionCheckDays: 7
19:02:46.161 [FXGL Background Thread 3 ] DEBUG Engine               - width: 1280
19:02:46.161 [FXGL Background Thread 3 ] DEBUG Engine               - Logging services
19:02:46.161 [FXGL Background Thread 3 ] DEBUG Engine               - class com.almasb.fxgl.app.services.FXGLAssetLoaderService
19:02:46.161 [FXGL Background Thread 3 ] DEBUG Engine               - class com.almasb.fxgl.app.FXGLApplication$GameApplicationService
19:02:46.162 [FXGL Background Thread 3 ] DEBUG Engine               - class com.almasb.fxgl.app.services.FXGLDialogService
19:02:46.162 [FXGL Background Thread 3 ] DEBUG Engine               - class com.almasb.fxgl.app.services.IOTaskExecutorService
19:02:46.162 [FXGL Background Thread 3 ] DEBUG Engine               - class com.almasb.fxgl.io.FileSystemService
19:02:46.162 [FXGL Background Thread 3 ] DEBUG Engine               - class com.almasb.fxgl.localization.LocalizationService
19:02:46.162 [FXGL Background Thread 3 ] DEBUG Engine               - class com.almasb.fxgl.app.services.SystemBundleService
19:02:46.162 [FXGL Background Thread 3 ] DEBUG Engine               - class com.almasb.fxgl.profile.SaveLoadService
19:02:46.162 [FXGL Background Thread 3 ] DEBUG Engine               - class com.almasb.fxgl.ui.FXGLUIFactoryServiceProvider
19:02:46.163 [FXGL Background Thread 3 ] DEBUG Engine               - class com.almasb.fxgl.ui.FXGLDialogFactoryServiceProvider
19:02:46.163 [FXGL Background Thread 3 ] DEBUG Engine               - class com.almasb.fxgl.audio.AudioPlayer
19:02:46.163 [FXGL Background Thread 3 ] DEBUG Engine               - class com.almasb.fxgl.notification.impl.NotificationServiceProvider
19:02:46.163 [FXGL Background Thread 3 ] DEBUG Engine               - class com.almasb.fxgl.achievement.AchievementService
19:02:46.163 [FXGL Background Thread 3 ] DEBUG Engine               - class com.almasb.fxgl.cutscene.CutsceneService
19:02:46.164 [FXGL Background Thread 3 ] DEBUG Engine               - class com.almasb.fxgl.minigames.MiniGameService
19:02:46.164 [FXGL Background Thread 3 ] DEBUG Engine               - class com.almasb.fxgl.net.NetService
19:02:46.164 [FXGL Background Thread 3 ] DEBUG Engine               - class com.almasb.fxgl.app.services.UpdaterService
19:02:46.164 [FXGL Background Thread 3 ] DEBUG Engine               - class com.almasb.fxgl.dev.DevService
19:03:13.821 [JavaFX Application Thread] DEBUG FXGLApplication      - Exiting FXGL
19:03:13.822 [JavaFX Application Thread] DEBUG LoopRunner           - Stopping loop
19:03:13.822 [JavaFX Application Thread] DEBUG SystemBundleService  - Saving FXGL system data
19:03:13.828 [JavaFX Application Thread] DEBUG FileSystemAccess     - Writing to: D:\Proyectos\restauranteEnJava\system\fxgl.bundle
19:03:13.834 [JavaFX Application Thread] DEBUG Async                - Shutting down background threads
19:03:13.835 [JavaFX Application Thread] DEBUG PrimaryStageWindow   - Closing main window
19:03:13.872 [JavaFX Application Thread] DEBUG Logger               - Closing Logger
