15:39:46.538 [main                     ] DEBUG Logger               - Configured Logger
15:39:46.556 [main                     ] DEBUG GameApplication      - Logging settings
Title: Simulación Restaurante
Version: 0.0
Width: 1280
Height: 800
Fullscreen: false
Intro: false
Profiling: false
Single step:false
App Mode: DEVELOPER
Menu Key: ESCAPE
Stage Style: DECORATED
Scene Factory: class com.almasb.fxgl.app.scene.SceneFactory

15:39:47.065 [JavaFX Application Thread] DEBUG FXGLApplication      - Initializing FXGL
15:39:47.068 [JavaFX Application Thread] INFO  Engine               - FXGL-21 (28.12.2023 13.35) on WINDOWS (J:21.0.4 FX:21.0.1)
15:39:47.069 [JavaFX Application Thread] DEBUG Engine               - JRE Vendor Name: Eclipse Adoptium
15:39:47.069 [JavaFX Application Thread] DEBUG Engine               - Running on OS: Windows 11 version 10.0
15:39:47.069 [JavaFX Application Thread] DEBUG Engine               - Architecture: amd64
15:39:47.069 [JavaFX Application Thread] INFO  Engine               - Source code and latest versions at: https://github.com/AlmasB/FXGL
15:39:47.069 [JavaFX Application Thread] INFO  Engine               -       Ask questions and discuss at: https://github.com/AlmasB/FXGL/discussions
15:39:47.069 [JavaFX Application Thread] INFO  Engine               -              Join the FXGL chat at: https://gitter.im/AlmasB/FXGL
15:39:47.156 [JavaFX Application Thread] DEBUG PrimaryStageWindow   - Creating a JavaFX scene
15:39:47.196 [JavaFX Application Thread] DEBUG PrimaryStageWindow   - Target settings size: 1280.0 x 800.0
15:39:47.196 [JavaFX Application Thread] DEBUG PrimaryStageWindow   - Scaled scene size:    1280.0 x 800.0
15:39:47.196 [JavaFX Application Thread] DEBUG PrimaryStageWindow   - Scaled ratio: (1.0, 1.0)
15:39:47.197 [JavaFX Application Thread] DEBUG PrimaryStageWindow   - Set initial scene to FXGLStartupScene
15:39:47.201 [JavaFX Application Thread] DEBUG PrimaryStageWindow   - Opening main window
15:39:47.272 [JavaFX Application Thread] DEBUG PrimaryStageWindow   - Window border size: (16.0, 39.0)
15:39:47.272 [JavaFX Application Thread] DEBUG PrimaryStageWindow   - Scaled size: 1280.0 x 800.0
15:39:47.272 [JavaFX Application Thread] DEBUG PrimaryStageWindow   - Scaled ratio: (1.0, 1.0)
15:39:47.273 [JavaFX Application Thread] DEBUG PrimaryStageWindow   - Scene size: 1280.0 x 800.0
15:39:47.273 [JavaFX Application Thread] DEBUG PrimaryStageWindow   - Stage size: 1296.0 x 839.0
15:39:47.279 [FXGL Background Thread 1 ] DEBUG Engine               - Initializing environment variables
15:39:47.330 [FXGL Background Thread 1 ] DEBUG FXGLAssetLoaderServi - User app class for loading assets: class com.example.view.Animacion
15:39:47.330 [FXGL Background Thread 1 ] DEBUG GameApplicationServi - Applying CSS: fxgl_dark.css
15:39:47.331 [FXGL Background Thread 1 ] DEBUG FXGLAssetLoaderServi - Loading from file system: jar:file:/C:/Users/aguil/.m2/repository/com/github/almasb/fxgl/21/fxgl-21.jar!/fxglassets/ui/css/fxgl_dark.css
15:39:47.368 [FXGL Background Thread 1 ] DEBUG GameApplicationServi - Initializing application scenes
15:39:47.404 [FXGL Background Thread 1 ] DEBUG GameWorld            - Game world initialized
15:39:47.458 [FXGL Background Thread 1 ] DEBUG PhysicsWorld         - Physics world initialized: appHeight=800, physics.ppm=50.0
15:39:47.458 [FXGL Background Thread 1 ] DEBUG PhysicsWorld         - Using strategy: BRUTE_FORCE
15:39:47.463 [FXGL Background Thread 1 ] DEBUG GameScene            - Game scene initialized: 1280x800
15:39:47.475 [FXGL Background Thread 1 ] DEBUG FXGL.DefaultMenu     - createMenuBodyGameMenu()
15:39:47.488 [FXGL Background Thread 1 ] DEBUG FXGL.DefaultMenu     - createOptionsMenu()
15:39:47.497 [FXGL Background Thread 1 ] DEBUG FXGLAssetLoaderServi - Loading from file system: jar:file:/C:/Users/aguil/.m2/repository/com/github/almasb/fxgl/21/fxgl-21.jar!/fxglassets/textures/particles/smoke.png
15:39:47.591 [FXGL Background Thread 1 ] DEBUG FXGLAssetLoaderServi - Loading from file system: jar:file:/C:/Users/aguil/.m2/repository/com/github/almasb/fxgl/21/fxgl-21.jar!/fxglassets/textures/particles/trace_horizontal.png
15:39:47.615 [FXGL Background Thread 1 ] DEBUG GameApplicationServi - Application scenes initialized
15:39:47.626 [FXGL Background Thread 1 ] DEBUG SystemBundleService  - Loading FXGL system data
15:39:47.629 [FXGL Background Thread 1 ] DEBUG FileSystemAccess     - Reading from: D:\Proyectos\restauranteEnJava\system\fxgl.bundle
15:39:47.636 [FXGL Background Thread 1 ] DEBUG SystemBundleService  - Bundle FXGL: {}
15:39:47.636 [FXGL Background Thread 1 ] DEBUG UpdaterService       - Checking for updates
15:39:47.639 [FXGL Background Thread 4 ] DEBUG FXGLApplication      - Loading fonts
15:39:47.641 [FXGL Background Thread 1 ] DEBUG FXGLApplication      - Loading default localization
15:39:47.641 [FXGL Background Thread 4 ] DEBUG FXGLAssetLoaderServi - Loading from file system: jar:file:/C:/Users/aguil/.m2/repository/com/github/almasb/fxgl/21/fxgl-21.jar!/fxglassets/ui/fonts/VarelaRound-Regular.ttf
15:39:47.643 [FXGL Background Thread 1 ] DEBUG FXGLAssetLoaderServi - Loading from file system: jar:file:/C:/Users/aguil/.m2/repository/com/github/almasb/fxgl/21/fxgl-21.jar!/fxglassets/languages/english.lang
15:39:47.663 [FXGL Background Thread 1 ] INFO  FXGLApplication      - FXGL initialization took: 0.383 sec
15:39:47.664 [JavaFX Application Thread] DEBUG FXGLAssetLoaderServi - Loading from file system: jar:file:/C:/Users/aguil/.m2/repository/com/github/almasb/fxgl/21/fxgl-21.jar!/fxglassets/textures/fxgl_icon.png
15:39:47.674 [FXGL Background Thread 4 ] DEBUG FXGLAssetLoaderServi - Loading from file system: jar:file:/C:/Users/aguil/.m2/repository/com/github/almasb/fxgl/21/fxgl-21.jar!/fxglassets/ui/fonts/Abel-Regular.ttf
15:39:47.678 [FXGL Background Thread 4 ] DEBUG FXGLAssetLoaderServi - Loading from file system: jar:file:/C:/Users/aguil/.m2/repository/com/github/almasb/fxgl/21/fxgl-21.jar!/fxglassets/ui/fonts/TerminalLandMono-Regular.otf
15:39:47.681 [FXGL Background Thread 4 ] DEBUG FXGLAssetLoaderServi - Loading from file system: jar:file:/C:/Users/aguil/.m2/repository/com/github/almasb/fxgl/21/fxgl-21.jar!/fxglassets/ui/fonts/Courier-Prime.ttf
15:39:47.681 [JavaFX Application Thread] DEBUG FXGLAssetLoaderServi - Loading from file system: jar:file:/C:/Users/aguil/.m2/repository/com/github/almasb/fxgl/21/fxgl-21.jar!/fxglassets/textures/fxgl_default_cursor.png
15:39:47.693 [JavaFX Application Thread] DEBUG Input                - Registered new binding: Screenshot - CTRL+8
15:39:47.694 [JavaFX Application Thread] DEBUG Input                - Registered new binding: System info dump - CTRL+9
15:39:47.694 [JavaFX Application Thread] DEBUG Input                - Registered new binding: Restart - CTRL+R
15:39:47.695 [JavaFX Application Thread] DEBUG Input                - Registered new binding: Toggle Debug Camera - CTRL+7
15:39:47.697 [JavaFX Application Thread] DEBUG LoopRunner           - Starting loop
15:39:47.697 [JavaFX Application Thread] DEBUG LoopRunner           - Initializing JavaFX AnimationTimerLoop
15:39:47.699 [JavaFX Application Thread] DEBUG GameApplicationServi - Starting new game
15:39:47.699 [JavaFX Application Thread] DEBUG Input                - Clearing active input actions
15:39:47.712 [JavaFX Application Thread] DEBUG GameApplicationServi - Removing overlay from FXGLStartupScene and adding to FXGLLoadingScene
15:39:47.713 [JavaFX Application Thread] DEBUG PrimaryStageWindow   - FXGLStartupScene -> FXGLLoadingScene
15:39:47.713 [JavaFX Application Thread] DEBUG GameApplicationServi - Clearing previous game
15:39:47.713 [JavaFX Application Thread] DEBUG GameScene            - Clearing game scene
15:39:47.713 [JavaFX Application Thread] DEBUG GameWorld            - Clearing game world
15:39:47.713 [JavaFX Application Thread] DEBUG PhysicsWorld         - Clearing physics world
15:39:47.714 [FXGL Background Thread 4 ] DEBUG FXGLApplication      - Initializing game
15:39:47.715 [FXGL Background Thread 4 ] DEBUG FXGLAssetLoaderServi - Loading from file system: file:/D:/Proyectos/restauranteEnJava/restaurante/target/classes/assets/textures/restaurante.png
15:39:47.784 [FXGL Background Thread 4 ] DEBUG FXGLAssetLoaderServi - Loading from file system: file:/D:/Proyectos/restauranteEnJava/restaurante/target/classes/assets/textures/mesa.png
15:39:47.800 [FXGL Background Thread 4 ] INFO  FXGLApplication      - Game initialization took: 0.087 sec
15:39:47.820 [JavaFX Application Thread] DEBUG Input                - Clearing active input actions
15:39:47.835 [JavaFX Application Thread] DEBUG GameApplicationServi - Removing overlay from FXGLLoadingScene and adding to GameScene
15:39:47.835 [JavaFX Application Thread] DEBUG PrimaryStageWindow   - FXGLLoadingScene -> GameScene
15:39:48.239 [FXGL Background Thread 2 ] INFO  UpdaterService       - Your current version:  21
15:39:48.240 [FXGL Background Thread 2 ] INFO  UpdaterService       - Latest stable version: 21.1
15:39:49.596 [JavaFX Application Thread] DEBUG FXGLApplication      - Exiting FXGL
15:39:49.596 [JavaFX Application Thread] DEBUG LoopRunner           - Stopping loop
15:39:49.596 [JavaFX Application Thread] DEBUG SystemBundleService  - Saving FXGL system data
15:39:49.598 [JavaFX Application Thread] DEBUG FileSystemAccess     - Writing to: D:\Proyectos\restauranteEnJava\system\fxgl.bundle
15:39:49.599 [JavaFX Application Thread] DEBUG Async                - Shutting down background threads
15:39:49.599 [JavaFX Application Thread] DEBUG PrimaryStageWindow   - Closing main window
15:39:49.610 [JavaFX Application Thread] DEBUG Logger               - Closing Logger
