15:00:40.262 [main                     ] DEBUG Logger               - Configured Logger
15:00:40.279 [main                     ] DEBUG GameApplication      - Logging settings
Title: Simulación Restaurante
Version: 0.0
Width: 1280
Height: 800
Fullscreen: false
Intro: false
Profiling: false
Single step:false
App Mode: DEVELOPER
Menu Key: ESCAPE
Stage Style: DECORATED
Scene Factory: class com.almasb.fxgl.app.scene.SceneFactory

15:00:40.811 [JavaFX Application Thread] DEBUG FXGLApplication      - Initializing FXGL
15:00:40.814 [JavaFX Application Thread] INFO  Engine               - FXGL-21 (28.12.2023 13.35) on WINDOWS (J:21.0.4 FX:21.0.1)
15:00:40.815 [JavaFX Application Thread] DEBUG Engine               - JRE Vendor Name: Eclipse Adoptium
15:00:40.815 [JavaFX Application Thread] DEBUG Engine               - Running on OS: Windows 11 version 10.0
15:00:40.815 [JavaFX Application Thread] DEBUG Engine               - Architecture: amd64
15:00:40.815 [JavaFX Application Thread] INFO  Engine               - Source code and latest versions at: https://github.com/AlmasB/FXGL
15:00:40.815 [JavaFX Application Thread] INFO  Engine               -       Ask questions and discuss at: https://github.com/AlmasB/FXGL/discussions
15:00:40.816 [JavaFX Application Thread] INFO  Engine               -              Join the FXGL chat at: https://gitter.im/AlmasB/FXGL
15:00:40.901 [JavaFX Application Thread] DEBUG PrimaryStageWindow   - Creating a JavaFX scene
15:00:40.942 [JavaFX Application Thread] DEBUG PrimaryStageWindow   - Target settings size: 1280.0 x 800.0
15:00:40.942 [JavaFX Application Thread] DEBUG PrimaryStageWindow   - Scaled scene size:    1280.0 x 800.0
15:00:40.942 [JavaFX Application Thread] DEBUG PrimaryStageWindow   - Scaled ratio: (1.0, 1.0)
15:00:40.943 [JavaFX Application Thread] DEBUG PrimaryStageWindow   - Set initial scene to FXGLStartupScene
15:00:40.947 [JavaFX Application Thread] DEBUG PrimaryStageWindow   - Opening main window
15:00:41.012 [JavaFX Application Thread] DEBUG PrimaryStageWindow   - Window border size: (16.0, 39.0)
15:00:41.012 [JavaFX Application Thread] DEBUG PrimaryStageWindow   - Scaled size: 1280.0 x 800.0
15:00:41.012 [JavaFX Application Thread] DEBUG PrimaryStageWindow   - Scaled ratio: (1.0, 1.0)
15:00:41.013 [JavaFX Application Thread] DEBUG PrimaryStageWindow   - Scene size: 1280.0 x 800.0
15:00:41.013 [JavaFX Application Thread] DEBUG PrimaryStageWindow   - Stage size: 1296.0 x 839.0
15:00:41.021 [FXGL Background Thread 1 ] DEBUG Engine               - Initializing environment variables
15:00:41.069 [FXGL Background Thread 1 ] DEBUG FXGLAssetLoaderServi - User app class for loading assets: class com.example.view.Animacion
15:00:41.069 [FXGL Background Thread 1 ] DEBUG GameApplicationServi - Applying CSS: fxgl_dark.css
15:00:41.070 [FXGL Background Thread 1 ] DEBUG FXGLAssetLoaderServi - Loading from file system: jar:file:/C:/Users/aguil/.m2/repository/com/github/almasb/fxgl/21/fxgl-21.jar!/fxglassets/ui/css/fxgl_dark.css
15:00:41.108 [FXGL Background Thread 1 ] DEBUG GameApplicationServi - Initializing application scenes
15:00:41.145 [FXGL Background Thread 1 ] DEBUG GameWorld            - Game world initialized
15:00:41.198 [FXGL Background Thread 1 ] DEBUG PhysicsWorld         - Physics world initialized: appHeight=800, physics.ppm=50.0
15:00:41.199 [FXGL Background Thread 1 ] DEBUG PhysicsWorld         - Using strategy: BRUTE_FORCE
15:00:41.201 [FXGL Background Thread 1 ] DEBUG GameScene            - Game scene initialized: 1280x800
15:00:41.211 [FXGL Background Thread 1 ] DEBUG FXGL.DefaultMenu     - createMenuBodyGameMenu()
15:00:41.223 [FXGL Background Thread 1 ] DEBUG FXGL.DefaultMenu     - createOptionsMenu()
15:00:41.231 [FXGL Background Thread 1 ] DEBUG FXGLAssetLoaderServi - Loading from file system: jar:file:/C:/Users/aguil/.m2/repository/com/github/almasb/fxgl/21/fxgl-21.jar!/fxglassets/textures/particles/smoke.png
15:00:41.313 [FXGL Background Thread 1 ] DEBUG FXGLAssetLoaderServi - Loading from file system: jar:file:/C:/Users/aguil/.m2/repository/com/github/almasb/fxgl/21/fxgl-21.jar!/fxglassets/textures/particles/trace_horizontal.png
15:00:41.332 [FXGL Background Thread 1 ] DEBUG GameApplicationServi - Application scenes initialized
15:00:41.342 [FXGL Background Thread 1 ] DEBUG SystemBundleService  - Loading FXGL system data
15:00:41.346 [FXGL Background Thread 1 ] DEBUG FileSystemAccess     - Reading from: D:\Proyectos\restauranteEnJava\system\fxgl.bundle
15:00:41.355 [FXGL Background Thread 1 ] DEBUG SystemBundleService  - Bundle FXGL: {}
15:00:41.355 [FXGL Background Thread 1 ] DEBUG UpdaterService       - Checking for updates
15:00:41.358 [FXGL Background Thread 4 ] DEBUG FXGLApplication      - Loading fonts
15:00:41.360 [FXGL Background Thread 4 ] DEBUG FXGLAssetLoaderServi - Loading from file system: jar:file:/C:/Users/aguil/.m2/repository/com/github/almasb/fxgl/21/fxgl-21.jar!/fxglassets/ui/fonts/VarelaRound-Regular.ttf
15:00:41.360 [FXGL Background Thread 1 ] DEBUG FXGLApplication      - Loading default localization
15:00:41.360 [FXGL Background Thread 1 ] DEBUG FXGLAssetLoaderServi - Loading from file system: jar:file:/C:/Users/aguil/.m2/repository/com/github/almasb/fxgl/21/fxgl-21.jar!/fxglassets/languages/english.lang
15:00:41.383 [FXGL Background Thread 1 ] INFO  FXGLApplication      - FXGL initialization took: 0.362 sec
15:00:41.384 [JavaFX Application Thread] DEBUG FXGLAssetLoaderServi - Loading from file system: jar:file:/C:/Users/aguil/.m2/repository/com/github/almasb/fxgl/21/fxgl-21.jar!/fxglassets/textures/fxgl_icon.png
15:00:41.391 [FXGL Background Thread 4 ] DEBUG FXGLAssetLoaderServi - Loading from file system: jar:file:/C:/Users/aguil/.m2/repository/com/github/almasb/fxgl/21/fxgl-21.jar!/fxglassets/ui/fonts/Abel-Regular.ttf
15:00:41.394 [FXGL Background Thread 4 ] DEBUG FXGLAssetLoaderServi - Loading from file system: jar:file:/C:/Users/aguil/.m2/repository/com/github/almasb/fxgl/21/fxgl-21.jar!/fxglassets/ui/fonts/TerminalLandMono-Regular.otf
15:00:41.399 [FXGL Background Thread 4 ] DEBUG FXGLAssetLoaderServi - Loading from file system: jar:file:/C:/Users/aguil/.m2/repository/com/github/almasb/fxgl/21/fxgl-21.jar!/fxglassets/ui/fonts/Courier-Prime.ttf
15:00:41.402 [JavaFX Application Thread] DEBUG FXGLAssetLoaderServi - Loading from file system: jar:file:/C:/Users/aguil/.m2/repository/com/github/almasb/fxgl/21/fxgl-21.jar!/fxglassets/textures/fxgl_default_cursor.png
15:00:41.416 [JavaFX Application Thread] DEBUG Input                - Registered new binding: Screenshot - CTRL+8
15:00:41.417 [JavaFX Application Thread] DEBUG Input                - Registered new binding: System info dump - CTRL+9
15:00:41.417 [JavaFX Application Thread] DEBUG Input                - Registered new binding: Restart - CTRL+R
15:00:41.417 [JavaFX Application Thread] DEBUG Input                - Registered new binding: Toggle Debug Camera - CTRL+7
15:00:41.421 [JavaFX Application Thread] DEBUG LoopRunner           - Starting loop
15:00:41.421 [JavaFX Application Thread] DEBUG LoopRunner           - Initializing JavaFX AnimationTimerLoop
15:00:41.422 [JavaFX Application Thread] DEBUG GameApplicationServi - Starting new game
15:00:41.422 [JavaFX Application Thread] DEBUG Input                - Clearing active input actions
15:00:41.435 [JavaFX Application Thread] DEBUG GameApplicationServi - Removing overlay from FXGLStartupScene and adding to FXGLLoadingScene
15:00:41.435 [JavaFX Application Thread] DEBUG PrimaryStageWindow   - FXGLStartupScene -> FXGLLoadingScene
15:00:41.435 [JavaFX Application Thread] DEBUG GameApplicationServi - Clearing previous game
15:00:41.435 [JavaFX Application Thread] DEBUG GameScene            - Clearing game scene
15:00:41.435 [JavaFX Application Thread] DEBUG GameWorld            - Clearing game world
15:00:41.435 [JavaFX Application Thread] DEBUG PhysicsWorld         - Clearing physics world
15:00:41.437 [FXGL Background Thread 4 ] DEBUG FXGLApplication      - Initializing game
15:00:41.438 [FXGL Background Thread 4 ] DEBUG FXGLAssetLoaderServi - Loading from file system: file:/D:/Proyectos/restauranteEnJava/restaurante/target/classes/assets/textures/restaurante.png
15:00:41.438 [JavaFX Application Thread] DEBUG FXGLApplication      - Registering font factories with UI factory
15:00:41.507 [FXGL Background Thread 4 ] INFO  FXGLApplication      - Game initialization took: 0.070 sec
15:00:41.539 [JavaFX Application Thread] DEBUG Input                - Clearing active input actions
15:00:41.549 [JavaFX Application Thread] DEBUG GameApplicationServi - Removing overlay from FXGLLoadingScene and adding to GameScene
15:00:41.549 [JavaFX Application Thread] DEBUG PrimaryStageWindow   - FXGLLoadingScene -> GameScene
15:00:41.897 [FXGL Background Thread 2 ] INFO  UpdaterService       - Your current version:  21
15:00:41.898 [FXGL Background Thread 2 ] INFO  UpdaterService       - Latest stable version: 21.1
15:00:44.358 [FXGL Background Thread 3 ] DEBUG Engine               - Logging environment variables
15:00:44.358 [FXGL Background Thread 3 ] DEBUG Engine               - achievements: []
15:00:44.358 [FXGL Background Thread 3 ] DEBUG Engine               - actualHeight: 800.0
15:00:44.358 [FXGL Background Thread 3 ] DEBUG Engine               - actualHeightProperty: ReadOnlyDoubleProperty [value: 800.0]
15:00:44.358 [FXGL Background Thread 3 ] DEBUG Engine               - actualWidth: 1280.0
15:00:44.359 [FXGL Background Thread 3 ] DEBUG Engine               - actualWidthProperty: ReadOnlyDoubleProperty [value: 1280.0]
15:00:44.359 [FXGL Background Thread 3 ] DEBUG Engine               - appIcon: fxgl_icon.png
15:00:44.359 [FXGL Background Thread 3 ] DEBUG Engine               - applicationMode: DEVELOPER
15:00:44.359 [FXGL Background Thread 3 ] DEBUG Engine               - cSSList: [fxgl_dark.css]
15:00:44.359 [FXGL Background Thread 3 ] DEBUG Engine               - collisionDetectionStrategy: BRUTE_FORCE
15:00:44.359 [FXGL Background Thread 3 ] DEBUG Engine               - configClass: Optional.empty
15:00:44.359 [FXGL Background Thread 3 ] DEBUG Engine               - credits: []
15:00:44.359 [FXGL Background Thread 3 ] DEBUG Engine               - defaultCursor: CursorInfo(imageName=fxgl_default_cursor.png, hotspotX=7.0, hotspotY=6.0)
15:00:44.359 [FXGL Background Thread 3 ] DEBUG Engine               - devBBoxColorProperty: ObjectProperty [value: 0xff0000ff]
15:00:44.360 [FXGL Background Thread 3 ] DEBUG Engine               - devEnableDebugCameraProperty: BooleanProperty [value: false]
15:00:44.360 [FXGL Background Thread 3 ] DEBUG Engine               - devSensorColorProperty: ObjectProperty [value: 0xffff00ff]
15:00:44.360 [FXGL Background Thread 3 ] DEBUG Engine               - devShowBBoxProperty: BooleanProperty [value: false]
15:00:44.360 [FXGL Background Thread 3 ] DEBUG Engine               - devShowPositionProperty: BooleanProperty [value: false]
15:00:44.360 [FXGL Background Thread 3 ] DEBUG Engine               - enabledMenuItems: []
15:00:44.360 [FXGL Background Thread 3 ] DEBUG Engine               - engineServices: [class com.almasb.fxgl.app.services.FXGLAssetLoaderService, class com.almasb.fxgl.app.FXGLApplication$GameApplicationService, class com.almasb.fxgl.app.services.FXGLDialogService, class com.almasb.fxgl.app.services.IOTaskExecutorService, class com.almasb.fxgl.io.FileSystemService, class com.almasb.fxgl.localization.LocalizationService, class com.almasb.fxgl.app.services.SystemBundleService, class com.almasb.fxgl.profile.SaveLoadService, class com.almasb.fxgl.ui.FXGLUIFactoryServiceProvider, class com.almasb.fxgl.ui.FXGLDialogFactoryServiceProvider, class com.almasb.fxgl.audio.AudioPlayer, class com.almasb.fxgl.notification.impl.NotificationServiceProvider, class com.almasb.fxgl.achievement.AchievementService, class com.almasb.fxgl.cutscene.CutsceneService, class com.almasb.fxgl.minigames.MiniGameService, class com.almasb.fxgl.net.NetService, class com.almasb.fxgl.app.services.UpdaterService, class com.almasb.fxgl.dev.DevService]
15:00:44.360 [FXGL Background Thread 3 ] DEBUG Engine               - fontGame: Abel-Regular.ttf
15:00:44.360 [FXGL Background Thread 3 ] DEBUG Engine               - fontMono: TerminalLandMono-Regular.otf
15:00:44.360 [FXGL Background Thread 3 ] DEBUG Engine               - fontSizeScaleUI: 1.0
15:00:44.360 [FXGL Background Thread 3 ] DEBUG Engine               - fontText: Courier-Prime.ttf
15:00:44.360 [FXGL Background Thread 3 ] DEBUG Engine               - fontUI: VarelaRound-Regular.ttf
15:00:44.360 [FXGL Background Thread 3 ] DEBUG Engine               - fullScreen: BooleanProperty [value: false]
15:00:44.360 [FXGL Background Thread 3 ] DEBUG Engine               - gameDifficulty: MEDIUM
15:00:44.360 [FXGL Background Thread 3 ] DEBUG Engine               - gameDifficultyProperty: ObjectProperty [value: MEDIUM]
15:00:44.360 [FXGL Background Thread 3 ] DEBUG Engine               - globalMusicVolume: 0.5
15:00:44.360 [FXGL Background Thread 3 ] DEBUG Engine               - globalMusicVolumeProperty: DoubleProperty [value: 0.5]
15:00:44.361 [FXGL Background Thread 3 ] DEBUG Engine               - globalSoundVolume: 0.5
15:00:44.361 [FXGL Background Thread 3 ] DEBUG Engine               - globalSoundVolumeProperty: DoubleProperty [value: 0.5]
15:00:44.361 [FXGL Background Thread 3 ] DEBUG Engine               - height: 800
15:00:44.361 [FXGL Background Thread 3 ] DEBUG Engine               - is3D: false
15:00:44.361 [FXGL Background Thread 3 ] DEBUG Engine               - isAndroid: false
15:00:44.361 [FXGL Background Thread 3 ] DEBUG Engine               - isBrowser: false
15:00:44.361 [FXGL Background Thread 3 ] DEBUG Engine               - isClickFeedbackEnabled: false
15:00:44.361 [FXGL Background Thread 3 ] DEBUG Engine               - isCloseConfirmation: false
15:00:44.361 [FXGL Background Thread 3 ] DEBUG Engine               - isDesktop: true
15:00:44.361 [FXGL Background Thread 3 ] DEBUG Engine               - isDeveloperMenuEnabled: false
15:00:44.361 [FXGL Background Thread 3 ] DEBUG Engine               - isEmbedded: false
15:00:44.361 [FXGL Background Thread 3 ] DEBUG Engine               - isEntityPreloadEnabled: true
15:00:44.361 [FXGL Background Thread 3 ] DEBUG Engine               - isExperimentalTiledLargeMap: false
15:00:44.361 [FXGL Background Thread 3 ] DEBUG Engine               - isFileSystemWriteAllowed: true
15:00:44.361 [FXGL Background Thread 3 ] DEBUG Engine               - isFullScreenAllowed: false
15:00:44.361 [FXGL Background Thread 3 ] DEBUG Engine               - isFullScreenFromStart: false
15:00:44.361 [FXGL Background Thread 3 ] DEBUG Engine               - isGameMenuEnabled: true
15:00:44.362 [FXGL Background Thread 3 ] DEBUG Engine               - isIOS: false
15:00:44.362 [FXGL Background Thread 3 ] DEBUG Engine               - isIntroEnabled: false
15:00:44.362 [FXGL Background Thread 3 ] DEBUG Engine               - isLinux: false
15:00:44.362 [FXGL Background Thread 3 ] DEBUG Engine               - isMac: false
15:00:44.362 [FXGL Background Thread 3 ] DEBUG Engine               - isMainMenuEnabled: false
15:00:44.362 [FXGL Background Thread 3 ] DEBUG Engine               - isManualResizeEnabled: false
15:00:44.362 [FXGL Background Thread 3 ] DEBUG Engine               - isMobile: false
15:00:44.362 [FXGL Background Thread 3 ] DEBUG Engine               - isNative: false
15:00:44.362 [FXGL Background Thread 3 ] DEBUG Engine               - isPauseMusicWhenMinimized: true
15:00:44.362 [FXGL Background Thread 3 ] DEBUG Engine               - isPreserveResizeRatio: false
15:00:44.362 [FXGL Background Thread 3 ] DEBUG Engine               - isProfilingEnabled: false
15:00:44.362 [FXGL Background Thread 3 ] DEBUG Engine               - isScaleAffectedOnResize: true
15:00:44.362 [FXGL Background Thread 3 ] DEBUG Engine               - isSingleStep: false
15:00:44.362 [FXGL Background Thread 3 ] DEBUG Engine               - isUserProfileEnabled: false
15:00:44.362 [FXGL Background Thread 3 ] DEBUG Engine               - isWindows: true
15:00:44.362 [FXGL Background Thread 3 ] DEBUG Engine               - language: ObjectProperty [value: ENGLISH]
15:00:44.362 [FXGL Background Thread 3 ] DEBUG Engine               - menuKey: ESCAPE
15:00:44.362 [FXGL Background Thread 3 ] DEBUG Engine               - mouseSensitivity: 0.2
15:00:44.362 [FXGL Background Thread 3 ] DEBUG Engine               - notificationViewClass: class com.almasb.fxgl.notification.view.XboxNotificationView
15:00:44.362 [FXGL Background Thread 3 ] DEBUG Engine               - pixelsPerMeter: 50.0
15:00:44.362 [FXGL Background Thread 3 ] DEBUG Engine               - platform: WINDOWS
15:00:44.362 [FXGL Background Thread 3 ] DEBUG Engine               - prefHeightProperty: ReadOnlyDoubleProperty [value: 800.0]
15:00:44.362 [FXGL Background Thread 3 ] DEBUG Engine               - prefWidthProperty: ReadOnlyDoubleProperty [value: 1280.0]
15:00:44.362 [FXGL Background Thread 3 ] DEBUG Engine               - profileDir: profiles/
15:00:44.362 [FXGL Background Thread 3 ] DEBUG Engine               - profileName: StringProperty [value: DEFAULT]
15:00:44.363 [FXGL Background Thread 3 ] DEBUG Engine               - randomSeed: -1
15:00:44.363 [FXGL Background Thread 3 ] DEBUG Engine               - runtimeInfo: RuntimeInfo(platform=WINDOWS, version=21, build=28.12.2023 13.35)
15:00:44.363 [FXGL Background Thread 3 ] DEBUG Engine               - saveFileExt: sav
15:00:44.363 [FXGL Background Thread 3 ] DEBUG Engine               - scaledHeightProp$fxgl: DoubleProperty [bound, value: 800.0]
15:00:44.363 [FXGL Background Thread 3 ] DEBUG Engine               - scaledWidthProp$fxgl: DoubleProperty [bound, value: 1280.0]
15:00:44.363 [FXGL Background Thread 3 ] DEBUG Engine               - sceneFactory: com.almasb.fxgl.app.scene.SceneFactory@7c4c2632
15:00:44.363 [FXGL Background Thread 3 ] DEBUG Engine               - secondsIn24h: 60
15:00:44.363 [FXGL Background Thread 3 ] DEBUG Engine               - soundMenuBack: menu/back.wav
15:00:44.363 [FXGL Background Thread 3 ] DEBUG Engine               - soundMenuPress: menu/press.wav
15:00:44.363 [FXGL Background Thread 3 ] DEBUG Engine               - soundMenuSelect: menu/select.wav
15:00:44.363 [FXGL Background Thread 3 ] DEBUG Engine               - soundNotification: core/notification.wav
15:00:44.363 [FXGL Background Thread 3 ] DEBUG Engine               - stageStyle: DECORATED
15:00:44.363 [FXGL Background Thread 3 ] DEBUG Engine               - supportedLanguages: [ENGLISH, FRENCH, GERMAN, HUNGARIAN, RUSSIAN]
15:00:44.363 [FXGL Background Thread 3 ] DEBUG Engine               - ticksPerSecond: -1
15:00:44.364 [FXGL Background Thread 3 ] DEBUG Engine               - title: Simulación Restaurante
15:00:44.364 [FXGL Background Thread 3 ] DEBUG Engine               - urlGithub: https://github.com/AlmasB/FXGL
15:00:44.364 [FXGL Background Thread 3 ] DEBUG Engine               - urlLeaderboard: http://fxgl-top.herokuapp.com/
15:00:44.364 [FXGL Background Thread 3 ] DEBUG Engine               - urlPOM: https://raw.githubusercontent.com/AlmasB/FXGL/release/README.md
15:00:44.364 [FXGL Background Thread 3 ] DEBUG Engine               - userAppClass: class com.example.view.Animacion
15:00:44.364 [FXGL Background Thread 3 ] DEBUG Engine               - version: 0.0
15:00:44.364 [FXGL Background Thread 3 ] DEBUG Engine               - versionCheckDays: 7
15:00:44.364 [FXGL Background Thread 3 ] DEBUG Engine               - width: 1280
15:00:44.364 [FXGL Background Thread 3 ] DEBUG Engine               - Logging services
15:00:44.364 [FXGL Background Thread 3 ] DEBUG Engine               - class com.almasb.fxgl.app.services.FXGLAssetLoaderService
15:00:44.364 [FXGL Background Thread 3 ] DEBUG Engine               - class com.almasb.fxgl.app.FXGLApplication$GameApplicationService
15:00:44.364 [FXGL Background Thread 3 ] DEBUG Engine               - class com.almasb.fxgl.app.services.FXGLDialogService
15:00:44.364 [FXGL Background Thread 3 ] DEBUG Engine               - class com.almasb.fxgl.app.services.IOTaskExecutorService
15:00:44.364 [FXGL Background Thread 3 ] DEBUG Engine               - class com.almasb.fxgl.io.FileSystemService
15:00:44.364 [FXGL Background Thread 3 ] DEBUG Engine               - class com.almasb.fxgl.localization.LocalizationService
15:00:44.364 [FXGL Background Thread 3 ] DEBUG Engine               - class com.almasb.fxgl.app.services.SystemBundleService
15:00:44.364 [FXGL Background Thread 3 ] DEBUG Engine               - class com.almasb.fxgl.profile.SaveLoadService
15:00:44.364 [FXGL Background Thread 3 ] DEBUG Engine               - class com.almasb.fxgl.ui.FXGLUIFactoryServiceProvider
15:00:44.364 [FXGL Background Thread 3 ] DEBUG Engine               - class com.almasb.fxgl.ui.FXGLDialogFactoryServiceProvider
15:00:44.364 [FXGL Background Thread 3 ] DEBUG Engine               - class com.almasb.fxgl.audio.AudioPlayer
15:00:44.364 [FXGL Background Thread 3 ] DEBUG Engine               - class com.almasb.fxgl.notification.impl.NotificationServiceProvider
15:00:44.364 [FXGL Background Thread 3 ] DEBUG Engine               - class com.almasb.fxgl.achievement.AchievementService
15:00:44.364 [FXGL Background Thread 3 ] DEBUG Engine               - class com.almasb.fxgl.cutscene.CutsceneService
15:00:44.364 [FXGL Background Thread 3 ] DEBUG Engine               - class com.almasb.fxgl.minigames.MiniGameService
15:00:44.364 [FXGL Background Thread 3 ] DEBUG Engine               - class com.almasb.fxgl.net.NetService
15:00:44.366 [FXGL Background Thread 3 ] DEBUG Engine               - class com.almasb.fxgl.app.services.UpdaterService
15:00:44.366 [FXGL Background Thread 3 ] DEBUG Engine               - class com.almasb.fxgl.dev.DevService
15:00:44.445 [JavaFX Application Thread] DEBUG FXGLAssetLoaderServi - Loading from file system: file:/D:/Proyectos/restauranteEnJava/restaurante/target/classes/assets/textures/comensal.png
15:00:44.447 [JavaFX Application Thread] DEBUG PrimaryStageWindow   - Push state: DialogSubScene
15:00:44.448 [JavaFX Application Thread] DEBUG Input                - Clearing active input actions
15:00:44.451 [JavaFX Application Thread] DEBUG GameApplicationServi - Removing overlay from GameScene and adding to DialogSubScene
15:00:44.451 [JavaFX Application Thread] DEBUG PrimaryStageWindow   - GameScene -> DialogSubScene
15:00:45.787 [JavaFX Application Thread] DEBUG PrimaryStageWindow   - Pop state: DialogSubScene
15:00:45.787 [JavaFX Application Thread] DEBUG Input                - Clearing active input actions
15:00:45.790 [JavaFX Application Thread] DEBUG GameApplicationServi - Removing overlay from DialogSubScene and adding to GameScene
15:00:45.792 [JavaFX Application Thread] DEBUG PrimaryStageWindow   - GameScene <- DialogSubScene
15:00:48.770 [JavaFX Application Thread] DEBUG PrimaryStageWindow   - Push state: DialogSubScene
15:00:48.770 [JavaFX Application Thread] DEBUG Input                - Clearing active input actions
15:00:48.773 [JavaFX Application Thread] DEBUG GameApplicationServi - Removing overlay from GameScene and adding to DialogSubScene
15:00:48.773 [JavaFX Application Thread] DEBUG PrimaryStageWindow   - GameScene -> DialogSubScene
15:00:49.698 [JavaFX Application Thread] DEBUG PrimaryStageWindow   - Pop state: DialogSubScene
15:00:49.698 [JavaFX Application Thread] DEBUG Input                - Clearing active input actions
15:00:49.699 [JavaFX Application Thread] DEBUG GameApplicationServi - Removing overlay from DialogSubScene and adding to GameScene
15:00:49.700 [JavaFX Application Thread] DEBUG PrimaryStageWindow   - GameScene <- DialogSubScene
15:00:52.738 [JavaFX Application Thread] DEBUG PrimaryStageWindow   - Push state: DialogSubScene
15:00:52.738 [JavaFX Application Thread] DEBUG Input                - Clearing active input actions
15:00:52.741 [JavaFX Application Thread] DEBUG GameApplicationServi - Removing overlay from GameScene and adding to DialogSubScene
15:00:52.741 [JavaFX Application Thread] DEBUG PrimaryStageWindow   - GameScene -> DialogSubScene
15:00:53.641 [JavaFX Application Thread] DEBUG PrimaryStageWindow   - Pop state: DialogSubScene
15:00:53.641 [JavaFX Application Thread] DEBUG Input                - Clearing active input actions
15:00:53.643 [JavaFX Application Thread] DEBUG GameApplicationServi - Removing overlay from DialogSubScene and adding to GameScene
15:00:53.643 [JavaFX Application Thread] DEBUG PrimaryStageWindow   - GameScene <- DialogSubScene
15:00:56.481 [JavaFX Application Thread] DEBUG FXGLApplication      - Exiting FXGL
15:00:56.481 [JavaFX Application Thread] DEBUG LoopRunner           - Stopping loop
15:00:56.482 [JavaFX Application Thread] DEBUG SystemBundleService  - Saving FXGL system data
15:00:56.488 [JavaFX Application Thread] DEBUG FileSystemAccess     - Writing to: D:\Proyectos\restauranteEnJava\system\fxgl.bundle
15:00:56.495 [JavaFX Application Thread] DEBUG Async                - Shutting down background threads
15:00:56.495 [JavaFX Application Thread] DEBUG PrimaryStageWindow   - Closing main window
15:00:56.513 [JavaFX Application Thread] DEBUG Logger               - Closing Logger
