15:43:03.737 [main                     ] DEBUG Logger               - Configured Logger
15:43:03.767 [main                     ] DEBUG GameApplication      - Logging settings
Title: Simulación Restaurante
Version: 0.0
Width: 1280
Height: 800
Fullscreen: false
Intro: false
Profiling: false
Single step:false
App Mode: DEVELOPER
Menu Key: ESCAPE
Stage Style: DECORATED
Scene Factory: class com.almasb.fxgl.app.scene.SceneFactory

15:43:04.584 [JavaFX Application Thread] DEBUG FXGLApplication      - Initializing FXGL
15:43:04.590 [JavaFX Application Thread] INFO  Engine               - FXGL-21 (28.12.2023 13.35) on WINDOWS (J:21.0.4 FX:21.0.1)
15:43:04.590 [JavaFX Application Thread] DEBUG Engine               - JRE Vendor Name: Eclipse Adoptium
15:43:04.591 [JavaFX Application Thread] DEBUG Engine               - Running on OS: Windows 11 version 10.0
15:43:04.592 [JavaFX Application Thread] DEBUG Engine               - Architecture: amd64
15:43:04.592 [JavaFX Application Thread] INFO  Engine               - Source code and latest versions at: https://github.com/AlmasB/FXGL
15:43:04.592 [JavaFX Application Thread] INFO  Engine               -       Ask questions and discuss at: https://github.com/AlmasB/FXGL/discussions
15:43:04.592 [JavaFX Application Thread] INFO  Engine               -              Join the FXGL chat at: https://gitter.im/AlmasB/FXGL
15:43:04.734 [JavaFX Application Thread] DEBUG PrimaryStageWindow   - Creating a JavaFX scene
15:43:04.807 [JavaFX Application Thread] DEBUG PrimaryStageWindow   - Target settings size: 1280.0 x 800.0
15:43:04.807 [JavaFX Application Thread] DEBUG PrimaryStageWindow   - Scaled scene size:    1280.0 x 800.0
15:43:04.808 [JavaFX Application Thread] DEBUG PrimaryStageWindow   - Scaled ratio: (1.0, 1.0)
15:43:04.809 [JavaFX Application Thread] DEBUG PrimaryStageWindow   - Set initial scene to FXGLStartupScene
15:43:04.816 [JavaFX Application Thread] DEBUG PrimaryStageWindow   - Opening main window
15:43:04.911 [JavaFX Application Thread] DEBUG PrimaryStageWindow   - Window border size: (16.0, 39.0)
15:43:04.911 [JavaFX Application Thread] DEBUG PrimaryStageWindow   - Scaled size: 1280.0 x 800.0
15:43:04.913 [JavaFX Application Thread] DEBUG PrimaryStageWindow   - Scaled ratio: (1.0, 1.0)
15:43:04.913 [JavaFX Application Thread] DEBUG PrimaryStageWindow   - Scene size: 1280.0 x 800.0
15:43:04.914 [JavaFX Application Thread] DEBUG PrimaryStageWindow   - Stage size: 1296.0 x 839.0
15:43:04.924 [FXGL Background Thread 1 ] DEBUG Engine               - Initializing environment variables
15:43:05.005 [FXGL Background Thread 1 ] DEBUG FXGLAssetLoaderServi - User app class for loading assets: class com.example.view.Animacion
15:43:05.005 [FXGL Background Thread 1 ] DEBUG GameApplicationServi - Applying CSS: fxgl_dark.css
15:43:05.006 [FXGL Background Thread 1 ] DEBUG FXGLAssetLoaderServi - Loading from file system: jar:file:/C:/Users/aguil/.m2/repository/com/github/almasb/fxgl/21/fxgl-21.jar!/fxglassets/ui/css/fxgl_dark.css
15:43:05.067 [FXGL Background Thread 1 ] DEBUG GameApplicationServi - Initializing application scenes
15:43:05.133 [FXGL Background Thread 1 ] DEBUG GameWorld            - Game world initialized
15:43:05.230 [FXGL Background Thread 1 ] DEBUG PhysicsWorld         - Physics world initialized: appHeight=800, physics.ppm=50.0
15:43:05.230 [FXGL Background Thread 1 ] DEBUG PhysicsWorld         - Using strategy: BRUTE_FORCE
15:43:05.236 [FXGL Background Thread 1 ] DEBUG GameScene            - Game scene initialized: 1280x800
15:43:05.251 [FXGL Background Thread 1 ] DEBUG FXGL.DefaultMenu     - createMenuBodyGameMenu()
15:43:05.272 [FXGL Background Thread 1 ] DEBUG FXGL.DefaultMenu     - createOptionsMenu()
15:43:05.285 [FXGL Background Thread 1 ] DEBUG FXGLAssetLoaderServi - Loading from file system: jar:file:/C:/Users/aguil/.m2/repository/com/github/almasb/fxgl/21/fxgl-21.jar!/fxglassets/textures/particles/smoke.png
15:43:05.424 [FXGL Background Thread 1 ] DEBUG FXGLAssetLoaderServi - Loading from file system: jar:file:/C:/Users/aguil/.m2/repository/com/github/almasb/fxgl/21/fxgl-21.jar!/fxglassets/textures/particles/trace_horizontal.png
15:43:05.464 [FXGL Background Thread 1 ] DEBUG GameApplicationServi - Application scenes initialized
15:43:05.486 [FXGL Background Thread 1 ] DEBUG SystemBundleService  - Loading FXGL system data
15:43:05.491 [FXGL Background Thread 1 ] DEBUG FileSystemAccess     - Reading from: D:\Proyectos\restauranteEnJava\system\fxgl.bundle
15:43:05.506 [FXGL Background Thread 1 ] DEBUG SystemBundleService  - Bundle FXGL: {}
15:43:05.506 [FXGL Background Thread 1 ] DEBUG UpdaterService       - Checking for updates
15:43:05.512 [FXGL Background Thread 4 ] DEBUG FXGLApplication      - Loading fonts
15:43:05.513 [FXGL Background Thread 1 ] DEBUG FXGLApplication      - Loading default localization
15:43:05.513 [FXGL Background Thread 4 ] DEBUG FXGLAssetLoaderServi - Loading from file system: jar:file:/C:/Users/aguil/.m2/repository/com/github/almasb/fxgl/21/fxgl-21.jar!/fxglassets/ui/fonts/VarelaRound-Regular.ttf
15:43:05.514 [FXGL Background Thread 1 ] DEBUG FXGLAssetLoaderServi - Loading from file system: jar:file:/C:/Users/aguil/.m2/repository/com/github/almasb/fxgl/21/fxgl-21.jar!/fxglassets/languages/english.lang
15:43:05.547 [FXGL Background Thread 1 ] INFO  FXGLApplication      - FXGL initialization took: 0.622 sec
15:43:05.551 [JavaFX Application Thread] DEBUG FXGLAssetLoaderServi - Loading from file system: jar:file:/C:/Users/aguil/.m2/repository/com/github/almasb/fxgl/21/fxgl-21.jar!/fxglassets/textures/fxgl_icon.png
15:43:05.576 [JavaFX Application Thread] DEBUG FXGLAssetLoaderServi - Loading from file system: jar:file:/C:/Users/aguil/.m2/repository/com/github/almasb/fxgl/21/fxgl-21.jar!/fxglassets/textures/fxgl_default_cursor.png
15:43:05.595 [JavaFX Application Thread] DEBUG Input                - Registered new binding: Screenshot - CTRL+8
15:43:05.596 [JavaFX Application Thread] DEBUG Input                - Registered new binding: System info dump - CTRL+9
15:43:05.597 [JavaFX Application Thread] DEBUG Input                - Registered new binding: Restart - CTRL+R
15:43:05.600 [JavaFX Application Thread] DEBUG Input                - Registered new binding: Toggle Debug Camera - CTRL+7
15:43:05.604 [JavaFX Application Thread] DEBUG LoopRunner           - Starting loop
15:43:05.606 [JavaFX Application Thread] DEBUG LoopRunner           - Initializing JavaFX AnimationTimerLoop
15:43:05.607 [JavaFX Application Thread] DEBUG GameApplicationServi - Starting new game
15:43:05.608 [JavaFX Application Thread] DEBUG Input                - Clearing active input actions
15:43:05.619 [FXGL Background Thread 4 ] DEBUG FXGLAssetLoaderServi - Loading from file system: jar:file:/C:/Users/aguil/.m2/repository/com/github/almasb/fxgl/21/fxgl-21.jar!/fxglassets/ui/fonts/Abel-Regular.ttf
15:43:05.627 [FXGL Background Thread 4 ] DEBUG FXGLAssetLoaderServi - Loading from file system: jar:file:/C:/Users/aguil/.m2/repository/com/github/almasb/fxgl/21/fxgl-21.jar!/fxglassets/ui/fonts/TerminalLandMono-Regular.otf
15:43:05.629 [JavaFX Application Thread] DEBUG GameApplicationServi - Removing overlay from FXGLStartupScene and adding to FXGLLoadingScene
15:43:05.630 [JavaFX Application Thread] DEBUG PrimaryStageWindow   - FXGLStartupScene -> FXGLLoadingScene
15:43:05.630 [JavaFX Application Thread] DEBUG GameApplicationServi - Clearing previous game
15:43:05.630 [JavaFX Application Thread] DEBUG GameScene            - Clearing game scene
15:43:05.630 [JavaFX Application Thread] DEBUG GameWorld            - Clearing game world
15:43:05.630 [JavaFX Application Thread] DEBUG PhysicsWorld         - Clearing physics world
15:43:05.634 [FXGL Background Thread 1 ] DEBUG FXGLApplication      - Initializing game
15:43:05.634 [FXGL Background Thread 4 ] DEBUG FXGLAssetLoaderServi - Loading from file system: jar:file:/C:/Users/aguil/.m2/repository/com/github/almasb/fxgl/21/fxgl-21.jar!/fxglassets/ui/fonts/Courier-Prime.ttf
15:43:05.635 [FXGL Background Thread 1 ] DEBUG FXGLAssetLoaderServi - Loading from file system: file:/D:/Proyectos/restauranteEnJava/restaurante/target/classes/assets/textures/restaurante.png
15:43:05.687 [JavaFX Application Thread] DEBUG FXGLApplication      - Registering font factories with UI factory
15:43:05.744 [FXGL Background Thread 1 ] DEBUG FXGLAssetLoaderServi - Loading from file system: file:/D:/Proyectos/restauranteEnJava/restaurante/target/classes/assets/textures/cocinero.png
15:43:05.746 [FXGL Background Thread 1 ] DEBUG FXGLAssetLoaderServi - Loading from file system: file:/D:/Proyectos/restauranteEnJava/restaurante/target/classes/assets/textures/mesa.png
15:43:05.763 [FXGL Background Thread 1 ] INFO  FXGLApplication      - Game initialization took: 0.129 sec
15:43:05.793 [JavaFX Application Thread] DEBUG Input                - Clearing active input actions
15:43:05.807 [JavaFX Application Thread] DEBUG GameApplicationServi - Removing overlay from FXGLLoadingScene and adding to GameScene
15:43:05.807 [JavaFX Application Thread] DEBUG PrimaryStageWindow   - FXGLLoadingScene -> GameScene
15:43:06.494 [FXGL Background Thread 2 ] INFO  UpdaterService       - Your current version:  21
15:43:06.494 [FXGL Background Thread 2 ] INFO  UpdaterService       - Latest stable version: 21.1
15:43:07.746 [JavaFX Application Thread] DEBUG FXGLAssetLoaderServi - Loading from file system: file:/D:/Proyectos/restauranteEnJava/restaurante/target/classes/assets/textures/comensal.png
15:43:07.843 [JavaFX Application Thread] DEBUG FXGLApplication      - Exiting FXGL
15:43:07.844 [JavaFX Application Thread] DEBUG LoopRunner           - Stopping loop
15:43:07.844 [JavaFX Application Thread] DEBUG SystemBundleService  - Saving FXGL system data
15:43:07.847 [JavaFX Application Thread] DEBUG FileSystemAccess     - Writing to: D:\Proyectos\restauranteEnJava\system\fxgl.bundle
15:43:07.850 [JavaFX Application Thread] DEBUG Async                - Shutting down background threads
15:43:07.850 [JavaFX Application Thread] DEBUG PrimaryStageWindow   - Closing main window
15:43:07.865 [JavaFX Application Thread] DEBUG Logger               - Closing Logger
