06:14:04.741 [main                     ] DEBUG Logger               - Configured Logger
06:14:04.759 [main                     ] DEBUG GameApplication      - Logging settings
Title: Simulación Restaurante
Version: 0.0
Width: 1280
Height: 800
Fullscreen: false
Intro: false
Profiling: false
Single step:false
App Mode: DEVELOPER
Menu Key: ESCAPE
Stage Style: DECORATED
Scene Factory: class com.almasb.fxgl.app.scene.SceneFactory

06:14:05.197 [JavaFX Application Thread] DEBUG FXGLApplication      - Initializing FXGL
06:14:05.201 [JavaFX Application Thread] INFO  Engine               - FXGL-21 (28.12.2023 13.35) on WINDOWS (J:21.0.4 FX:21.0.1)
06:14:05.201 [JavaFX Application Thread] DEBUG Engine               - JRE Vendor Name: Eclipse Adoptium
06:14:05.201 [JavaFX Application Thread] DEBUG Engine               - Running on OS: Windows 11 version 10.0
06:14:05.201 [JavaFX Application Thread] DEBUG Engine               - Architecture: amd64
06:14:05.201 [JavaFX Application Thread] INFO  Engine               - Source code and latest versions at: https://github.com/AlmasB/FXGL
06:14:05.202 [JavaFX Application Thread] INFO  Engine               -       Ask questions and discuss at: https://github.com/AlmasB/FXGL/discussions
06:14:05.202 [JavaFX Application Thread] INFO  Engine               -              Join the FXGL chat at: https://gitter.im/AlmasB/FXGL
06:14:05.293 [JavaFX Application Thread] DEBUG PrimaryStageWindow   - Creating a JavaFX scene
06:14:05.342 [JavaFX Application Thread] DEBUG PrimaryStageWindow   - Target settings size: 1280.0 x 800.0
06:14:05.342 [JavaFX Application Thread] DEBUG PrimaryStageWindow   - Scaled scene size:    1280.0 x 800.0
06:14:05.343 [JavaFX Application Thread] DEBUG PrimaryStageWindow   - Scaled ratio: (1.0, 1.0)
06:14:05.345 [JavaFX Application Thread] DEBUG PrimaryStageWindow   - Set initial scene to FXGLStartupScene
06:14:05.349 [JavaFX Application Thread] DEBUG PrimaryStageWindow   - Opening main window
06:14:05.419 [JavaFX Application Thread] DEBUG PrimaryStageWindow   - Window border size: (16.0, 39.0)
06:14:05.419 [JavaFX Application Thread] DEBUG PrimaryStageWindow   - Scaled size: 1280.0 x 800.0
06:14:05.420 [JavaFX Application Thread] DEBUG PrimaryStageWindow   - Scaled ratio: (1.0, 1.0)
06:14:05.420 [JavaFX Application Thread] DEBUG PrimaryStageWindow   - Scene size: 1280.0 x 800.0
06:14:05.420 [JavaFX Application Thread] DEBUG PrimaryStageWindow   - Stage size: 1296.0 x 839.0
06:14:05.429 [FXGL Background Thread 1 ] DEBUG Engine               - Initializing environment variables
06:14:05.494 [FXGL Background Thread 1 ] DEBUG FXGLAssetLoaderServi - User app class for loading assets: class com.example.view.Animacion
06:14:05.494 [FXGL Background Thread 1 ] DEBUG GameApplicationServi - Applying CSS: fxgl_dark.css
06:14:05.495 [FXGL Background Thread 1 ] DEBUG FXGLAssetLoaderServi - Loading from file system: jar:file:/C:/Users/aguil/.m2/repository/com/github/almasb/fxgl/21/fxgl-21.jar!/fxglassets/ui/css/fxgl_dark.css
06:14:05.535 [FXGL Background Thread 1 ] DEBUG GameApplicationServi - Initializing application scenes
06:14:05.569 [FXGL Background Thread 1 ] DEBUG GameWorld            - Game world initialized
06:14:05.627 [FXGL Background Thread 1 ] DEBUG PhysicsWorld         - Physics world initialized: appHeight=800, physics.ppm=50.0
06:14:05.627 [FXGL Background Thread 1 ] DEBUG PhysicsWorld         - Using strategy: BRUTE_FORCE
06:14:05.631 [FXGL Background Thread 1 ] DEBUG GameScene            - Game scene initialized: 1280x800
06:14:05.645 [FXGL Background Thread 1 ] DEBUG FXGL.DefaultMenu     - createMenuBodyGameMenu()
06:14:05.657 [FXGL Background Thread 1 ] DEBUG FXGL.DefaultMenu     - createOptionsMenu()
06:14:05.665 [FXGL Background Thread 1 ] DEBUG FXGLAssetLoaderServi - Loading from file system: jar:file:/C:/Users/aguil/.m2/repository/com/github/almasb/fxgl/21/fxgl-21.jar!/fxglassets/textures/particles/smoke.png
06:14:05.746 [FXGL Background Thread 1 ] DEBUG FXGLAssetLoaderServi - Loading from file system: jar:file:/C:/Users/aguil/.m2/repository/com/github/almasb/fxgl/21/fxgl-21.jar!/fxglassets/textures/particles/trace_horizontal.png
06:14:05.766 [FXGL Background Thread 1 ] DEBUG GameApplicationServi - Application scenes initialized
06:14:05.776 [FXGL Background Thread 1 ] DEBUG SystemBundleService  - Loading FXGL system data
06:14:05.779 [FXGL Background Thread 1 ] DEBUG FileSystemAccess     - Reading from: D:\Proyectos\restauranteEnJava\system\fxgl.bundle
06:14:05.787 [FXGL Background Thread 1 ] DEBUG SystemBundleService  - Bundle FXGL: {}
06:14:05.787 [FXGL Background Thread 1 ] DEBUG UpdaterService       - Checking for updates
06:14:05.791 [FXGL Background Thread 4 ] DEBUG FXGLApplication      - Loading fonts
06:14:05.791 [FXGL Background Thread 4 ] DEBUG FXGLAssetLoaderServi - Loading from file system: jar:file:/C:/Users/aguil/.m2/repository/com/github/almasb/fxgl/21/fxgl-21.jar!/fxglassets/ui/fonts/VarelaRound-Regular.ttf
06:14:05.791 [FXGL Background Thread 1 ] DEBUG FXGLApplication      - Loading default localization
06:14:05.792 [FXGL Background Thread 1 ] DEBUG FXGLAssetLoaderServi - Loading from file system: jar:file:/C:/Users/aguil/.m2/repository/com/github/almasb/fxgl/21/fxgl-21.jar!/fxglassets/languages/english.lang
06:14:05.811 [FXGL Background Thread 1 ] INFO  FXGLApplication      - FXGL initialization took: 0.382 sec
06:14:05.811 [JavaFX Application Thread] DEBUG FXGLAssetLoaderServi - Loading from file system: jar:file:/C:/Users/aguil/.m2/repository/com/github/almasb/fxgl/21/fxgl-21.jar!/fxglassets/textures/fxgl_icon.png
06:14:05.821 [FXGL Background Thread 4 ] DEBUG FXGLAssetLoaderServi - Loading from file system: jar:file:/C:/Users/aguil/.m2/repository/com/github/almasb/fxgl/21/fxgl-21.jar!/fxglassets/ui/fonts/Abel-Regular.ttf
06:14:05.826 [FXGL Background Thread 4 ] DEBUG FXGLAssetLoaderServi - Loading from file system: jar:file:/C:/Users/aguil/.m2/repository/com/github/almasb/fxgl/21/fxgl-21.jar!/fxglassets/ui/fonts/TerminalLandMono-Regular.otf
06:14:05.830 [FXGL Background Thread 4 ] DEBUG FXGLAssetLoaderServi - Loading from file system: jar:file:/C:/Users/aguil/.m2/repository/com/github/almasb/fxgl/21/fxgl-21.jar!/fxglassets/ui/fonts/Courier-Prime.ttf
06:14:05.834 [JavaFX Application Thread] DEBUG FXGLAssetLoaderServi - Loading from file system: jar:file:/C:/Users/aguil/.m2/repository/com/github/almasb/fxgl/21/fxgl-21.jar!/fxglassets/textures/fxgl_default_cursor.png
06:14:05.846 [JavaFX Application Thread] DEBUG Input                - Registered new binding: Screenshot - CTRL+8
06:14:05.847 [JavaFX Application Thread] DEBUG Input                - Registered new binding: System info dump - CTRL+9
06:14:05.847 [JavaFX Application Thread] DEBUG Input                - Registered new binding: Restart - CTRL+R
06:14:05.848 [JavaFX Application Thread] DEBUG Input                - Registered new binding: Toggle Debug Camera - CTRL+7
06:14:05.850 [JavaFX Application Thread] DEBUG LoopRunner           - Starting loop
06:14:05.850 [JavaFX Application Thread] DEBUG LoopRunner           - Initializing JavaFX AnimationTimerLoop
06:14:05.850 [JavaFX Application Thread] DEBUG GameApplicationServi - Starting new game
06:14:05.851 [JavaFX Application Thread] DEBUG Input                - Clearing active input actions
06:14:05.863 [JavaFX Application Thread] DEBUG GameApplicationServi - Removing overlay from FXGLStartupScene and adding to FXGLLoadingScene
06:14:05.864 [JavaFX Application Thread] DEBUG PrimaryStageWindow   - FXGLStartupScene -> FXGLLoadingScene
06:14:05.864 [JavaFX Application Thread] DEBUG GameApplicationServi - Clearing previous game
06:14:05.864 [JavaFX Application Thread] DEBUG GameScene            - Clearing game scene
06:14:05.864 [JavaFX Application Thread] DEBUG GameWorld            - Clearing game world
06:14:05.864 [JavaFX Application Thread] DEBUG PhysicsWorld         - Clearing physics world
06:14:05.866 [FXGL Background Thread 4 ] DEBUG FXGLApplication      - Initializing game
06:14:05.866 [JavaFX Application Thread] DEBUG FXGLApplication      - Registering font factories with UI factory
06:14:05.867 [FXGL Background Thread 4 ] DEBUG FXGLAssetLoaderServi - Loading from file system: file:/D:/Proyectos/restauranteEnJava/restaurante/target/classes/assets/textures/restaurante.png
06:14:05.925 [FXGL Background Thread 4 ] DEBUG FXGLAssetLoaderServi - Loading from file system: file:/D:/Proyectos/restauranteEnJava/restaurante/target/classes/assets/textures/cocinero.png
06:14:05.926 [FXGL Background Thread 4 ] DEBUG FXGLAssetLoaderServi - Loading from file system: file:/D:/Proyectos/restauranteEnJava/restaurante/target/classes/assets/textures/recepcionista.png
06:14:05.933 [FXGL Background Thread 4 ] DEBUG FXGLAssetLoaderServi - Loading from file system: file:/D:/Proyectos/restauranteEnJava/restaurante/target/classes/assets/textures/mesero.png
06:14:05.934 [FXGL Background Thread 4 ] DEBUG FXGLAssetLoaderServi - Loading from file system: file:/D:/Proyectos/restauranteEnJava/restaurante/target/classes/assets/textures/mesa.png
06:14:05.944 [FXGL Background Thread 4 ] INFO  FXGLApplication      - Game initialization took: 0.079 sec
06:14:05.960 [JavaFX Application Thread] DEBUG Input                - Clearing active input actions
06:14:05.976 [JavaFX Application Thread] DEBUG GameApplicationServi - Removing overlay from FXGLLoadingScene and adding to GameScene
06:14:05.977 [JavaFX Application Thread] DEBUG PrimaryStageWindow   - FXGLLoadingScene -> GameScene
06:14:06.355 [FXGL Background Thread 2 ] INFO  UpdaterService       - Your current version:  21
06:14:06.355 [FXGL Background Thread 2 ] INFO  UpdaterService       - Latest stable version: 21.1
06:14:08.790 [FXGL Background Thread 3 ] DEBUG Engine               - Logging environment variables
06:14:08.791 [FXGL Background Thread 3 ] DEBUG Engine               - achievements: []
06:14:08.791 [FXGL Background Thread 3 ] DEBUG Engine               - actualHeight: 800.0
06:14:08.792 [FXGL Background Thread 3 ] DEBUG Engine               - actualHeightProperty: ReadOnlyDoubleProperty [value: 800.0]
06:14:08.792 [FXGL Background Thread 3 ] DEBUG Engine               - actualWidth: 1280.0
06:14:08.792 [FXGL Background Thread 3 ] DEBUG Engine               - actualWidthProperty: ReadOnlyDoubleProperty [value: 1280.0]
06:14:08.792 [FXGL Background Thread 3 ] DEBUG Engine               - appIcon: fxgl_icon.png
06:14:08.792 [FXGL Background Thread 3 ] DEBUG Engine               - applicationMode: DEVELOPER
06:14:08.793 [FXGL Background Thread 3 ] DEBUG Engine               - cSSList: [fxgl_dark.css]
06:14:08.793 [FXGL Background Thread 3 ] DEBUG Engine               - collisionDetectionStrategy: BRUTE_FORCE
06:14:08.793 [FXGL Background Thread 3 ] DEBUG Engine               - configClass: Optional.empty
06:14:08.793 [FXGL Background Thread 3 ] DEBUG Engine               - credits: []
06:14:08.794 [FXGL Background Thread 3 ] DEBUG Engine               - defaultCursor: CursorInfo(imageName=fxgl_default_cursor.png, hotspotX=7.0, hotspotY=6.0)
06:14:08.794 [FXGL Background Thread 3 ] DEBUG Engine               - devBBoxColorProperty: ObjectProperty [value: 0xff0000ff]
06:14:08.795 [FXGL Background Thread 3 ] DEBUG Engine               - devEnableDebugCameraProperty: BooleanProperty [value: false]
06:14:08.795 [FXGL Background Thread 3 ] DEBUG Engine               - devSensorColorProperty: ObjectProperty [value: 0xffff00ff]
06:14:08.795 [FXGL Background Thread 3 ] DEBUG Engine               - devShowBBoxProperty: BooleanProperty [value: false]
06:14:08.795 [FXGL Background Thread 3 ] DEBUG Engine               - devShowPositionProperty: BooleanProperty [value: false]
06:14:08.795 [FXGL Background Thread 3 ] DEBUG Engine               - enabledMenuItems: []
06:14:08.795 [FXGL Background Thread 3 ] DEBUG Engine               - engineServices: [class com.almasb.fxgl.app.services.FXGLAssetLoaderService, class com.almasb.fxgl.app.FXGLApplication$GameApplicationService, class com.almasb.fxgl.app.services.FXGLDialogService, class com.almasb.fxgl.app.services.IOTaskExecutorService, class com.almasb.fxgl.io.FileSystemService, class com.almasb.fxgl.localization.LocalizationService, class com.almasb.fxgl.app.services.SystemBundleService, class com.almasb.fxgl.profile.SaveLoadService, class com.almasb.fxgl.ui.FXGLUIFactoryServiceProvider, class com.almasb.fxgl.ui.FXGLDialogFactoryServiceProvider, class com.almasb.fxgl.audio.AudioPlayer, class com.almasb.fxgl.notification.impl.NotificationServiceProvider, class com.almasb.fxgl.achievement.AchievementService, class com.almasb.fxgl.cutscene.CutsceneService, class com.almasb.fxgl.minigames.MiniGameService, class com.almasb.fxgl.net.NetService, class com.almasb.fxgl.app.services.UpdaterService, class com.almasb.fxgl.dev.DevService]
06:14:08.796 [FXGL Background Thread 3 ] DEBUG Engine               - fontGame: Abel-Regular.ttf
06:14:08.796 [FXGL Background Thread 3 ] DEBUG Engine               - fontMono: TerminalLandMono-Regular.otf
06:14:08.796 [FXGL Background Thread 3 ] DEBUG Engine               - fontSizeScaleUI: 1.0
06:14:08.796 [FXGL Background Thread 3 ] DEBUG Engine               - fontText: Courier-Prime.ttf
06:14:08.796 [FXGL Background Thread 3 ] DEBUG Engine               - fontUI: VarelaRound-Regular.ttf
06:14:08.796 [FXGL Background Thread 3 ] DEBUG Engine               - fullScreen: BooleanProperty [value: false]
06:14:08.797 [FXGL Background Thread 3 ] DEBUG Engine               - gameDifficulty: MEDIUM
06:14:08.797 [FXGL Background Thread 3 ] DEBUG Engine               - gameDifficultyProperty: ObjectProperty [value: MEDIUM]
06:14:08.797 [FXGL Background Thread 3 ] DEBUG Engine               - globalMusicVolume: 0.5
06:14:08.797 [FXGL Background Thread 3 ] DEBUG Engine               - globalMusicVolumeProperty: DoubleProperty [value: 0.5]
06:14:08.797 [FXGL Background Thread 3 ] DEBUG Engine               - globalSoundVolume: 0.5
06:14:08.797 [FXGL Background Thread 3 ] DEBUG Engine               - globalSoundVolumeProperty: DoubleProperty [value: 0.5]
06:14:08.797 [FXGL Background Thread 3 ] DEBUG Engine               - height: 800
06:14:08.797 [FXGL Background Thread 3 ] DEBUG Engine               - is3D: false
06:14:08.797 [FXGL Background Thread 3 ] DEBUG Engine               - isAndroid: false
06:14:08.797 [FXGL Background Thread 3 ] DEBUG Engine               - isBrowser: false
06:14:08.797 [FXGL Background Thread 3 ] DEBUG Engine               - isClickFeedbackEnabled: false
06:14:08.797 [FXGL Background Thread 3 ] DEBUG Engine               - isCloseConfirmation: false
06:14:08.797 [FXGL Background Thread 3 ] DEBUG Engine               - isDesktop: true
06:14:08.797 [FXGL Background Thread 3 ] DEBUG Engine               - isDeveloperMenuEnabled: false
06:14:08.798 [FXGL Background Thread 3 ] DEBUG Engine               - isEmbedded: false
06:14:08.798 [FXGL Background Thread 3 ] DEBUG Engine               - isEntityPreloadEnabled: true
06:14:08.798 [FXGL Background Thread 3 ] DEBUG Engine               - isExperimentalTiledLargeMap: false
06:14:08.798 [FXGL Background Thread 3 ] DEBUG Engine               - isFileSystemWriteAllowed: true
06:14:08.798 [FXGL Background Thread 3 ] DEBUG Engine               - isFullScreenAllowed: false
06:14:08.798 [FXGL Background Thread 3 ] DEBUG Engine               - isFullScreenFromStart: false
06:14:08.798 [FXGL Background Thread 3 ] DEBUG Engine               - isGameMenuEnabled: true
06:14:08.798 [FXGL Background Thread 3 ] DEBUG Engine               - isIOS: false
06:14:08.798 [FXGL Background Thread 3 ] DEBUG Engine               - isIntroEnabled: false
06:14:08.798 [FXGL Background Thread 3 ] DEBUG Engine               - isLinux: false
06:14:08.798 [FXGL Background Thread 3 ] DEBUG Engine               - isMac: false
06:14:08.798 [FXGL Background Thread 3 ] DEBUG Engine               - isMainMenuEnabled: false
06:14:08.798 [FXGL Background Thread 3 ] DEBUG Engine               - isManualResizeEnabled: false
06:14:08.798 [FXGL Background Thread 3 ] DEBUG Engine               - isMobile: false
06:14:08.798 [FXGL Background Thread 3 ] DEBUG Engine               - isNative: false
06:14:08.798 [FXGL Background Thread 3 ] DEBUG Engine               - isPauseMusicWhenMinimized: true
06:14:08.798 [FXGL Background Thread 3 ] DEBUG Engine               - isPreserveResizeRatio: false
06:14:08.798 [FXGL Background Thread 3 ] DEBUG Engine               - isProfilingEnabled: false
06:14:08.798 [FXGL Background Thread 3 ] DEBUG Engine               - isScaleAffectedOnResize: true
06:14:08.798 [FXGL Background Thread 3 ] DEBUG Engine               - isSingleStep: false
06:14:08.798 [FXGL Background Thread 3 ] DEBUG Engine               - isUserProfileEnabled: false
06:14:08.798 [FXGL Background Thread 3 ] DEBUG Engine               - isWindows: true
06:14:08.798 [FXGL Background Thread 3 ] DEBUG Engine               - language: ObjectProperty [value: ENGLISH]
06:14:08.798 [FXGL Background Thread 3 ] DEBUG Engine               - menuKey: ESCAPE
06:14:08.798 [FXGL Background Thread 3 ] DEBUG Engine               - mouseSensitivity: 0.2
06:14:08.798 [FXGL Background Thread 3 ] DEBUG Engine               - notificationViewClass: class com.almasb.fxgl.notification.view.XboxNotificationView
06:14:08.798 [FXGL Background Thread 3 ] DEBUG Engine               - pixelsPerMeter: 50.0
06:14:08.799 [FXGL Background Thread 3 ] DEBUG Engine               - platform: WINDOWS
06:14:08.799 [FXGL Background Thread 3 ] DEBUG Engine               - prefHeightProperty: ReadOnlyDoubleProperty [value: 800.0]
06:14:08.799 [FXGL Background Thread 3 ] DEBUG Engine               - prefWidthProperty: ReadOnlyDoubleProperty [value: 1280.0]
06:14:08.799 [FXGL Background Thread 3 ] DEBUG Engine               - profileDir: profiles/
06:14:08.799 [FXGL Background Thread 3 ] DEBUG Engine               - profileName: StringProperty [value: DEFAULT]
06:14:08.799 [FXGL Background Thread 3 ] DEBUG Engine               - randomSeed: -1
06:14:08.799 [FXGL Background Thread 3 ] DEBUG Engine               - runtimeInfo: RuntimeInfo(platform=WINDOWS, version=21, build=28.12.2023 13.35)
06:14:08.799 [FXGL Background Thread 3 ] DEBUG Engine               - saveFileExt: sav
06:14:08.799 [FXGL Background Thread 3 ] DEBUG Engine               - scaledHeightProp$fxgl: DoubleProperty [bound, value: 800.0]
06:14:08.799 [FXGL Background Thread 3 ] DEBUG Engine               - scaledWidthProp$fxgl: DoubleProperty [bound, value: 1280.0]
06:14:08.799 [FXGL Background Thread 3 ] DEBUG Engine               - sceneFactory: com.almasb.fxgl.app.scene.SceneFactory@28425be8
06:14:08.799 [FXGL Background Thread 3 ] DEBUG Engine               - secondsIn24h: 60
06:14:08.799 [FXGL Background Thread 3 ] DEBUG Engine               - soundMenuBack: menu/back.wav
06:14:08.799 [FXGL Background Thread 3 ] DEBUG Engine               - soundMenuPress: menu/press.wav
06:14:08.799 [FXGL Background Thread 3 ] DEBUG Engine               - soundMenuSelect: menu/select.wav
06:14:08.799 [FXGL Background Thread 3 ] DEBUG Engine               - soundNotification: core/notification.wav
06:14:08.799 [FXGL Background Thread 3 ] DEBUG Engine               - stageStyle: DECORATED
06:14:08.799 [FXGL Background Thread 3 ] DEBUG Engine               - supportedLanguages: [ENGLISH, FRENCH, GERMAN, HUNGARIAN, RUSSIAN]
06:14:08.799 [FXGL Background Thread 3 ] DEBUG Engine               - ticksPerSecond: -1
06:14:08.799 [FXGL Background Thread 3 ] DEBUG Engine               - title: Simulación Restaurante
06:14:08.799 [FXGL Background Thread 3 ] DEBUG Engine               - urlGithub: https://github.com/AlmasB/FXGL
06:14:08.801 [FXGL Background Thread 3 ] DEBUG Engine               - urlLeaderboard: http://fxgl-top.herokuapp.com/
06:14:08.801 [FXGL Background Thread 3 ] DEBUG Engine               - urlPOM: https://raw.githubusercontent.com/AlmasB/FXGL/release/README.md
06:14:08.801 [FXGL Background Thread 3 ] DEBUG Engine               - userAppClass: class com.example.view.Animacion
06:14:08.801 [FXGL Background Thread 3 ] DEBUG Engine               - version: 0.0
06:14:08.801 [FXGL Background Thread 3 ] DEBUG Engine               - versionCheckDays: 7
06:14:08.801 [FXGL Background Thread 3 ] DEBUG Engine               - width: 1280
06:14:08.801 [FXGL Background Thread 3 ] DEBUG Engine               - Logging services
06:14:08.801 [FXGL Background Thread 3 ] DEBUG Engine               - class com.almasb.fxgl.app.services.FXGLAssetLoaderService
06:14:08.801 [FXGL Background Thread 3 ] DEBUG Engine               - class com.almasb.fxgl.app.FXGLApplication$GameApplicationService
06:14:08.801 [FXGL Background Thread 3 ] DEBUG Engine               - class com.almasb.fxgl.app.services.FXGLDialogService
06:14:08.801 [FXGL Background Thread 3 ] DEBUG Engine               - class com.almasb.fxgl.app.services.IOTaskExecutorService
06:14:08.801 [FXGL Background Thread 3 ] DEBUG Engine               - class com.almasb.fxgl.io.FileSystemService
06:14:08.801 [FXGL Background Thread 3 ] DEBUG Engine               - class com.almasb.fxgl.localization.LocalizationService
06:14:08.801 [FXGL Background Thread 3 ] DEBUG Engine               - class com.almasb.fxgl.app.services.SystemBundleService
06:14:08.801 [FXGL Background Thread 3 ] DEBUG Engine               - class com.almasb.fxgl.profile.SaveLoadService
06:14:08.801 [FXGL Background Thread 3 ] DEBUG Engine               - class com.almasb.fxgl.ui.FXGLUIFactoryServiceProvider
06:14:08.801 [FXGL Background Thread 3 ] DEBUG Engine               - class com.almasb.fxgl.ui.FXGLDialogFactoryServiceProvider
06:14:08.801 [FXGL Background Thread 3 ] DEBUG Engine               - class com.almasb.fxgl.audio.AudioPlayer
06:14:08.801 [FXGL Background Thread 3 ] DEBUG Engine               - class com.almasb.fxgl.notification.impl.NotificationServiceProvider
06:14:08.801 [FXGL Background Thread 3 ] DEBUG Engine               - class com.almasb.fxgl.achievement.AchievementService
06:14:08.801 [FXGL Background Thread 3 ] DEBUG Engine               - class com.almasb.fxgl.cutscene.CutsceneService
06:14:08.801 [FXGL Background Thread 3 ] DEBUG Engine               - class com.almasb.fxgl.minigames.MiniGameService
06:14:08.801 [FXGL Background Thread 3 ] DEBUG Engine               - class com.almasb.fxgl.net.NetService
06:14:08.801 [FXGL Background Thread 3 ] DEBUG Engine               - class com.almasb.fxgl.app.services.UpdaterService
06:14:08.801 [FXGL Background Thread 3 ] DEBUG Engine               - class com.almasb.fxgl.dev.DevService
06:14:15.755 [JavaFX Application Thread] DEBUG FXGLApplication      - Exiting FXGL
06:14:15.756 [JavaFX Application Thread] DEBUG LoopRunner           - Stopping loop
06:14:15.756 [JavaFX Application Thread] DEBUG SystemBundleService  - Saving FXGL system data
06:14:15.757 [JavaFX Application Thread] DEBUG FileSystemAccess     - Writing to: D:\Proyectos\restauranteEnJava\system\fxgl.bundle
06:14:15.758 [JavaFX Application Thread] DEBUG Async                - Shutting down background threads
06:14:15.759 [JavaFX Application Thread] DEBUG PrimaryStageWindow   - Closing main window
06:14:15.770 [JavaFX Application Thread] DEBUG Logger               - Closing Logger
