02:02:29.062 [main                     ] DEBUG Logger               - Configured Logger
02:02:29.080 [main                     ] DEBUG GameApplication      - Logging settings
Title: Simulación Restaurante
Version: 0.0
Width: 1280
Height: 800
Fullscreen: false
Intro: false
Profiling: false
Single step:false
App Mode: DEVELOPER
Menu Key: ESCAPE
Stage Style: DECORATED
Scene Factory: class com.almasb.fxgl.app.scene.SceneFactory

02:02:29.601 [JavaFX Application Thread] DEBUG FXGLApplication      - Initializing FXGL
02:02:29.604 [JavaFX Application Thread] INFO  Engine               - FXGL-21 (28.12.2023 13.35) on WINDOWS (J:21.0.4 FX:21.0.1)
02:02:29.604 [JavaFX Application Thread] DEBUG Engine               - JRE Vendor Name: Eclipse Adoptium
02:02:29.604 [JavaFX Application Thread] DEBUG Engine               - Running on OS: Windows 11 version 10.0
02:02:29.605 [JavaFX Application Thread] DEBUG Engine               - Architecture: amd64
02:02:29.605 [JavaFX Application Thread] INFO  Engine               - Source code and latest versions at: https://github.com/AlmasB/FXGL
02:02:29.605 [JavaFX Application Thread] INFO  Engine               -       Ask questions and discuss at: https://github.com/AlmasB/FXGL/discussions
02:02:29.605 [JavaFX Application Thread] INFO  Engine               -              Join the FXGL chat at: https://gitter.im/AlmasB/FXGL
02:02:29.688 [JavaFX Application Thread] DEBUG PrimaryStageWindow   - Creating a JavaFX scene
02:02:29.727 [JavaFX Application Thread] DEBUG PrimaryStageWindow   - Target settings size: 1280.0 x 800.0
02:02:29.727 [JavaFX Application Thread] DEBUG PrimaryStageWindow   - Scaled scene size:    1280.0 x 800.0
02:02:29.727 [JavaFX Application Thread] DEBUG PrimaryStageWindow   - Scaled ratio: (1.0, 1.0)
02:02:29.729 [JavaFX Application Thread] DEBUG PrimaryStageWindow   - Set initial scene to FXGLStartupScene
02:02:29.732 [JavaFX Application Thread] DEBUG PrimaryStageWindow   - Opening main window
02:02:29.797 [JavaFX Application Thread] DEBUG PrimaryStageWindow   - Window border size: (16.0, 39.0)
02:02:29.797 [JavaFX Application Thread] DEBUG PrimaryStageWindow   - Scaled size: 1280.0 x 800.0
02:02:29.797 [JavaFX Application Thread] DEBUG PrimaryStageWindow   - Scaled ratio: (1.0, 1.0)
02:02:29.798 [JavaFX Application Thread] DEBUG PrimaryStageWindow   - Scene size: 1280.0 x 800.0
02:02:29.798 [JavaFX Application Thread] DEBUG PrimaryStageWindow   - Stage size: 1296.0 x 839.0
02:02:29.807 [FXGL Background Thread 1 ] DEBUG Engine               - Initializing environment variables
02:02:29.855 [FXGL Background Thread 1 ] DEBUG FXGLAssetLoaderServi - User app class for loading assets: class com.example.view.Animacion
02:02:29.855 [FXGL Background Thread 1 ] DEBUG GameApplicationServi - Applying CSS: fxgl_dark.css
02:02:29.856 [FXGL Background Thread 1 ] DEBUG FXGLAssetLoaderServi - Loading from file system: jar:file:/C:/Users/aguil/.m2/repository/com/github/almasb/fxgl/21/fxgl-21.jar!/fxglassets/ui/css/fxgl_dark.css
02:02:29.891 [FXGL Background Thread 1 ] DEBUG GameApplicationServi - Initializing application scenes
02:02:29.925 [FXGL Background Thread 1 ] DEBUG GameWorld            - Game world initialized
02:02:29.979 [FXGL Background Thread 1 ] DEBUG PhysicsWorld         - Physics world initialized: appHeight=800, physics.ppm=50.0
02:02:29.980 [FXGL Background Thread 1 ] DEBUG PhysicsWorld         - Using strategy: BRUTE_FORCE
02:02:29.985 [FXGL Background Thread 1 ] DEBUG GameScene            - Game scene initialized: 1280x800
02:02:29.996 [FXGL Background Thread 1 ] DEBUG FXGL.DefaultMenu     - createMenuBodyGameMenu()
02:02:30.008 [FXGL Background Thread 1 ] DEBUG FXGL.DefaultMenu     - createOptionsMenu()
02:02:30.014 [FXGL Background Thread 1 ] DEBUG FXGLAssetLoaderServi - Loading from file system: jar:file:/C:/Users/aguil/.m2/repository/com/github/almasb/fxgl/21/fxgl-21.jar!/fxglassets/textures/particles/smoke.png
02:02:30.093 [FXGL Background Thread 1 ] DEBUG FXGLAssetLoaderServi - Loading from file system: jar:file:/C:/Users/aguil/.m2/repository/com/github/almasb/fxgl/21/fxgl-21.jar!/fxglassets/textures/particles/trace_horizontal.png
02:02:30.123 [FXGL Background Thread 1 ] DEBUG GameApplicationServi - Application scenes initialized
02:02:30.134 [FXGL Background Thread 1 ] DEBUG SystemBundleService  - Loading FXGL system data
02:02:30.138 [FXGL Background Thread 1 ] DEBUG FileSystemAccess     - Reading from: D:\Proyectos\restauranteEnJava\system\fxgl.bundle
02:02:30.147 [FXGL Background Thread 1 ] DEBUG SystemBundleService  - Bundle FXGL: {}
02:02:30.147 [FXGL Background Thread 1 ] DEBUG UpdaterService       - Checking for updates
02:02:30.150 [FXGL Background Thread 4 ] DEBUG FXGLApplication      - Loading fonts
02:02:30.150 [FXGL Background Thread 4 ] DEBUG FXGLAssetLoaderServi - Loading from file system: jar:file:/C:/Users/aguil/.m2/repository/com/github/almasb/fxgl/21/fxgl-21.jar!/fxglassets/ui/fonts/VarelaRound-Regular.ttf
02:02:30.150 [FXGL Background Thread 1 ] DEBUG FXGLApplication      - Loading default localization
02:02:30.151 [FXGL Background Thread 1 ] DEBUG FXGLAssetLoaderServi - Loading from file system: jar:file:/C:/Users/aguil/.m2/repository/com/github/almasb/fxgl/21/fxgl-21.jar!/fxglassets/languages/english.lang
02:02:30.169 [FXGL Background Thread 1 ] INFO  FXGLApplication      - FXGL initialization took: 0.363 sec
02:02:30.170 [JavaFX Application Thread] DEBUG FXGLAssetLoaderServi - Loading from file system: jar:file:/C:/Users/aguil/.m2/repository/com/github/almasb/fxgl/21/fxgl-21.jar!/fxglassets/textures/fxgl_icon.png
02:02:30.178 [FXGL Background Thread 4 ] DEBUG FXGLAssetLoaderServi - Loading from file system: jar:file:/C:/Users/aguil/.m2/repository/com/github/almasb/fxgl/21/fxgl-21.jar!/fxglassets/ui/fonts/Abel-Regular.ttf
02:02:30.180 [FXGL Background Thread 4 ] DEBUG FXGLAssetLoaderServi - Loading from file system: jar:file:/C:/Users/aguil/.m2/repository/com/github/almasb/fxgl/21/fxgl-21.jar!/fxglassets/ui/fonts/TerminalLandMono-Regular.otf
02:02:30.182 [FXGL Background Thread 4 ] DEBUG FXGLAssetLoaderServi - Loading from file system: jar:file:/C:/Users/aguil/.m2/repository/com/github/almasb/fxgl/21/fxgl-21.jar!/fxglassets/ui/fonts/Courier-Prime.ttf
02:02:30.199 [JavaFX Application Thread] DEBUG FXGLAssetLoaderServi - Loading from file system: jar:file:/C:/Users/aguil/.m2/repository/com/github/almasb/fxgl/21/fxgl-21.jar!/fxglassets/textures/fxgl_default_cursor.png
02:02:30.210 [JavaFX Application Thread] DEBUG Input                - Registered new binding: Screenshot - CTRL+8
02:02:30.210 [JavaFX Application Thread] DEBUG Input                - Registered new binding: System info dump - CTRL+9
02:02:30.210 [JavaFX Application Thread] DEBUG Input                - Registered new binding: Restart - CTRL+R
02:02:30.211 [JavaFX Application Thread] DEBUG Input                - Registered new binding: Toggle Debug Camera - CTRL+7
02:02:30.212 [JavaFX Application Thread] DEBUG LoopRunner           - Starting loop
02:02:30.213 [JavaFX Application Thread] DEBUG LoopRunner           - Initializing JavaFX AnimationTimerLoop
02:02:30.215 [JavaFX Application Thread] DEBUG GameApplicationServi - Starting new game
02:02:30.215 [JavaFX Application Thread] DEBUG Input                - Clearing active input actions
02:02:30.228 [JavaFX Application Thread] DEBUG GameApplicationServi - Removing overlay from FXGLStartupScene and adding to FXGLLoadingScene
02:02:30.228 [JavaFX Application Thread] DEBUG PrimaryStageWindow   - FXGLStartupScene -> FXGLLoadingScene
02:02:30.228 [JavaFX Application Thread] DEBUG GameApplicationServi - Clearing previous game
02:02:30.228 [JavaFX Application Thread] DEBUG GameScene            - Clearing game scene
02:02:30.228 [JavaFX Application Thread] DEBUG GameWorld            - Clearing game world
02:02:30.228 [JavaFX Application Thread] DEBUG PhysicsWorld         - Clearing physics world
02:02:30.229 [JavaFX Application Thread] DEBUG FXGLApplication      - Registering font factories with UI factory
02:02:30.230 [FXGL Background Thread 4 ] DEBUG FXGLAssetLoaderServi - Loading from file system: file:/D:/Proyectos/restauranteEnJava/restaurante/target/classes/assets/textures/restaurante.png
02:02:30.320 [FXGL Background Thread 4 ] DEBUG FXGLAssetLoaderServi - Loading from file system: file:/D:/Proyectos/restauranteEnJava/restaurante/target/classes/assets/textures/cocinero.png
02:02:30.321 [FXGL Background Thread 4 ] DEBUG FXGLAssetLoaderServi - Loading from file system: file:/D:/Proyectos/restauranteEnJava/restaurante/target/classes/assets/textures/recepcionista.png
02:02:30.323 [FXGL Background Thread 4 ] DEBUG FXGLAssetLoaderServi - Loading from file system: file:/D:/Proyectos/restauranteEnJava/restaurante/target/classes/assets/textures/mesero.png
02:02:30.324 [FXGL Background Thread 4 ] DEBUG FXGLAssetLoaderServi - Loading from file system: file:/D:/Proyectos/restauranteEnJava/restaurante/target/classes/assets/textures/mesa.png
02:02:30.331 [FXGL Background Thread 4 ] INFO  FXGLApplication      - Game initialization took: 0.102 sec
02:02:30.341 [JavaFX Application Thread] DEBUG Input                - Clearing active input actions
02:02:30.351 [JavaFX Application Thread] DEBUG GameApplicationServi - Removing overlay from FXGLLoadingScene and adding to GameScene
02:02:30.352 [JavaFX Application Thread] DEBUG PrimaryStageWindow   - FXGLLoadingScene -> GameScene
02:02:30.709 [FXGL Background Thread 2 ] INFO  UpdaterService       - Your current version:  21
02:02:30.710 [FXGL Background Thread 2 ] INFO  UpdaterService       - Latest stable version: 21.1
02:02:31.109 [JavaFX Application Thread] DEBUG FXGLAssetLoaderServi - Loading from file system: file:/D:/Proyectos/restauranteEnJava/restaurante/target/classes/assets/textures/comensal.png
02:02:33.150 [FXGL Background Thread 3 ] DEBUG Engine               - Logging environment variables
02:02:33.150 [FXGL Background Thread 3 ] DEBUG Engine               - achievements: []
02:02:33.150 [FXGL Background Thread 3 ] DEBUG Engine               - actualHeight: 800.0
02:02:33.150 [FXGL Background Thread 3 ] DEBUG Engine               - actualHeightProperty: ReadOnlyDoubleProperty [value: 800.0]
02:02:33.150 [FXGL Background Thread 3 ] DEBUG Engine               - actualWidth: 1280.0
02:02:33.151 [FXGL Background Thread 3 ] DEBUG Engine               - actualWidthProperty: ReadOnlyDoubleProperty [value: 1280.0]
02:02:33.151 [FXGL Background Thread 3 ] DEBUG Engine               - appIcon: fxgl_icon.png
02:02:33.151 [FXGL Background Thread 3 ] DEBUG Engine               - applicationMode: DEVELOPER
02:02:33.151 [FXGL Background Thread 3 ] DEBUG Engine               - cSSList: [fxgl_dark.css]
02:02:33.151 [FXGL Background Thread 3 ] DEBUG Engine               - collisionDetectionStrategy: BRUTE_FORCE
02:02:33.151 [FXGL Background Thread 3 ] DEBUG Engine               - configClass: Optional.empty
02:02:33.151 [FXGL Background Thread 3 ] DEBUG Engine               - credits: []
02:02:33.151 [FXGL Background Thread 3 ] DEBUG Engine               - defaultCursor: CursorInfo(imageName=fxgl_default_cursor.png, hotspotX=7.0, hotspotY=6.0)
02:02:33.151 [FXGL Background Thread 3 ] DEBUG Engine               - devBBoxColorProperty: ObjectProperty [value: 0xff0000ff]
02:02:33.151 [FXGL Background Thread 3 ] DEBUG Engine               - devEnableDebugCameraProperty: BooleanProperty [value: false]
02:02:33.151 [FXGL Background Thread 3 ] DEBUG Engine               - devSensorColorProperty: ObjectProperty [value: 0xffff00ff]
02:02:33.151 [FXGL Background Thread 3 ] DEBUG Engine               - devShowBBoxProperty: BooleanProperty [value: false]
02:02:33.151 [FXGL Background Thread 3 ] DEBUG Engine               - devShowPositionProperty: BooleanProperty [value: false]
02:02:33.152 [FXGL Background Thread 3 ] DEBUG Engine               - enabledMenuItems: []
02:02:33.152 [FXGL Background Thread 3 ] DEBUG Engine               - engineServices: [class com.almasb.fxgl.app.services.FXGLAssetLoaderService, class com.almasb.fxgl.app.FXGLApplication$GameApplicationService, class com.almasb.fxgl.app.services.FXGLDialogService, class com.almasb.fxgl.app.services.IOTaskExecutorService, class com.almasb.fxgl.io.FileSystemService, class com.almasb.fxgl.localization.LocalizationService, class com.almasb.fxgl.app.services.SystemBundleService, class com.almasb.fxgl.profile.SaveLoadService, class com.almasb.fxgl.ui.FXGLUIFactoryServiceProvider, class com.almasb.fxgl.ui.FXGLDialogFactoryServiceProvider, class com.almasb.fxgl.audio.AudioPlayer, class com.almasb.fxgl.notification.impl.NotificationServiceProvider, class com.almasb.fxgl.achievement.AchievementService, class com.almasb.fxgl.cutscene.CutsceneService, class com.almasb.fxgl.minigames.MiniGameService, class com.almasb.fxgl.net.NetService, class com.almasb.fxgl.app.services.UpdaterService, class com.almasb.fxgl.dev.DevService]
02:02:33.152 [FXGL Background Thread 3 ] DEBUG Engine               - fontGame: Abel-Regular.ttf
02:02:33.152 [FXGL Background Thread 3 ] DEBUG Engine               - fontMono: TerminalLandMono-Regular.otf
02:02:33.152 [FXGL Background Thread 3 ] DEBUG Engine               - fontSizeScaleUI: 1.0
02:02:33.152 [FXGL Background Thread 3 ] DEBUG Engine               - fontText: Courier-Prime.ttf
02:02:33.152 [FXGL Background Thread 3 ] DEBUG Engine               - fontUI: VarelaRound-Regular.ttf
02:02:33.152 [FXGL Background Thread 3 ] DEBUG Engine               - fullScreen: BooleanProperty [value: false]
02:02:33.152 [FXGL Background Thread 3 ] DEBUG Engine               - gameDifficulty: MEDIUM
02:02:33.152 [FXGL Background Thread 3 ] DEBUG Engine               - gameDifficultyProperty: ObjectProperty [value: MEDIUM]
02:02:33.152 [FXGL Background Thread 3 ] DEBUG Engine               - globalMusicVolume: 0.5
02:02:33.152 [FXGL Background Thread 3 ] DEBUG Engine               - globalMusicVolumeProperty: DoubleProperty [value: 0.5]
02:02:33.152 [FXGL Background Thread 3 ] DEBUG Engine               - globalSoundVolume: 0.5
02:02:33.152 [FXGL Background Thread 3 ] DEBUG Engine               - globalSoundVolumeProperty: DoubleProperty [value: 0.5]
02:02:33.152 [FXGL Background Thread 3 ] DEBUG Engine               - height: 800
02:02:33.152 [FXGL Background Thread 3 ] DEBUG Engine               - is3D: false
02:02:33.152 [FXGL Background Thread 3 ] DEBUG Engine               - isAndroid: false
02:02:33.152 [FXGL Background Thread 3 ] DEBUG Engine               - isBrowser: false
02:02:33.152 [FXGL Background Thread 3 ] DEBUG Engine               - isClickFeedbackEnabled: false
02:02:33.152 [FXGL Background Thread 3 ] DEBUG Engine               - isCloseConfirmation: false
02:02:33.152 [FXGL Background Thread 3 ] DEBUG Engine               - isDesktop: true
02:02:33.152 [FXGL Background Thread 3 ] DEBUG Engine               - isDeveloperMenuEnabled: false
02:02:33.153 [FXGL Background Thread 3 ] DEBUG Engine               - isEmbedded: false
02:02:33.153 [FXGL Background Thread 3 ] DEBUG Engine               - isEntityPreloadEnabled: true
02:02:33.153 [FXGL Background Thread 3 ] DEBUG Engine               - isExperimentalTiledLargeMap: false
02:02:33.153 [FXGL Background Thread 3 ] DEBUG Engine               - isFileSystemWriteAllowed: true
02:02:33.153 [FXGL Background Thread 3 ] DEBUG Engine               - isFullScreenAllowed: false
02:02:33.153 [FXGL Background Thread 3 ] DEBUG Engine               - isFullScreenFromStart: false
02:02:33.153 [FXGL Background Thread 3 ] DEBUG Engine               - isGameMenuEnabled: true
02:02:33.153 [FXGL Background Thread 3 ] DEBUG Engine               - isIOS: false
02:02:33.153 [FXGL Background Thread 3 ] DEBUG Engine               - isIntroEnabled: false
02:02:33.153 [FXGL Background Thread 3 ] DEBUG Engine               - isLinux: false
02:02:33.153 [FXGL Background Thread 3 ] DEBUG Engine               - isMac: false
02:02:33.153 [FXGL Background Thread 3 ] DEBUG Engine               - isMainMenuEnabled: false
02:02:33.153 [FXGL Background Thread 3 ] DEBUG Engine               - isManualResizeEnabled: false
02:02:33.153 [FXGL Background Thread 3 ] DEBUG Engine               - isMobile: false
02:02:33.153 [FXGL Background Thread 3 ] DEBUG Engine               - isNative: false
02:02:33.153 [FXGL Background Thread 3 ] DEBUG Engine               - isPauseMusicWhenMinimized: true
02:02:33.153 [FXGL Background Thread 3 ] DEBUG Engine               - isPreserveResizeRatio: false
02:02:33.153 [FXGL Background Thread 3 ] DEBUG Engine               - isProfilingEnabled: false
02:02:33.153 [FXGL Background Thread 3 ] DEBUG Engine               - isScaleAffectedOnResize: true
02:02:33.153 [FXGL Background Thread 3 ] DEBUG Engine               - isSingleStep: false
02:02:33.153 [FXGL Background Thread 3 ] DEBUG Engine               - isUserProfileEnabled: false
02:02:33.153 [FXGL Background Thread 3 ] DEBUG Engine               - isWindows: true
02:02:33.153 [FXGL Background Thread 3 ] DEBUG Engine               - language: ObjectProperty [value: ENGLISH]
02:02:33.153 [FXGL Background Thread 3 ] DEBUG Engine               - menuKey: ESCAPE
02:02:33.153 [FXGL Background Thread 3 ] DEBUG Engine               - mouseSensitivity: 0.2
02:02:33.153 [FXGL Background Thread 3 ] DEBUG Engine               - notificationViewClass: class com.almasb.fxgl.notification.view.XboxNotificationView
02:02:33.154 [FXGL Background Thread 3 ] DEBUG Engine               - pixelsPerMeter: 50.0
02:02:33.154 [FXGL Background Thread 3 ] DEBUG Engine               - platform: WINDOWS
02:02:33.154 [FXGL Background Thread 3 ] DEBUG Engine               - prefHeightProperty: ReadOnlyDoubleProperty [value: 800.0]
02:02:33.154 [FXGL Background Thread 3 ] DEBUG Engine               - prefWidthProperty: ReadOnlyDoubleProperty [value: 1280.0]
02:02:33.154 [FXGL Background Thread 3 ] DEBUG Engine               - profileDir: profiles/
02:02:33.154 [FXGL Background Thread 3 ] DEBUG Engine               - profileName: StringProperty [value: DEFAULT]
02:02:33.154 [FXGL Background Thread 3 ] DEBUG Engine               - randomSeed: -1
02:02:33.154 [FXGL Background Thread 3 ] DEBUG Engine               - runtimeInfo: RuntimeInfo(platform=WINDOWS, version=21, build=28.12.2023 13.35)
02:02:33.154 [FXGL Background Thread 3 ] DEBUG Engine               - saveFileExt: sav
02:02:33.154 [FXGL Background Thread 3 ] DEBUG Engine               - scaledHeightProp$fxgl: DoubleProperty [bound, value: 800.0]
02:02:33.154 [FXGL Background Thread 3 ] DEBUG Engine               - scaledWidthProp$fxgl: DoubleProperty [bound, value: 1280.0]
02:02:33.154 [FXGL Background Thread 3 ] DEBUG Engine               - sceneFactory: com.almasb.fxgl.app.scene.SceneFactory@2d3bf12d
02:02:33.154 [FXGL Background Thread 3 ] DEBUG Engine               - secondsIn24h: 60
02:02:33.154 [FXGL Background Thread 3 ] DEBUG Engine               - soundMenuBack: menu/back.wav
02:02:33.154 [FXGL Background Thread 3 ] DEBUG Engine               - soundMenuPress: menu/press.wav
02:02:33.154 [FXGL Background Thread 3 ] DEBUG Engine               - soundMenuSelect: menu/select.wav
02:02:33.154 [FXGL Background Thread 3 ] DEBUG Engine               - soundNotification: core/notification.wav
02:02:33.154 [FXGL Background Thread 3 ] DEBUG Engine               - stageStyle: DECORATED
02:02:33.154 [FXGL Background Thread 3 ] DEBUG Engine               - supportedLanguages: [ENGLISH, FRENCH, GERMAN, HUNGARIAN, RUSSIAN]
02:02:33.154 [FXGL Background Thread 3 ] DEBUG Engine               - ticksPerSecond: -1
02:02:33.154 [FXGL Background Thread 3 ] DEBUG Engine               - title: Simulación Restaurante
02:02:33.155 [FXGL Background Thread 3 ] DEBUG Engine               - urlGithub: https://github.com/AlmasB/FXGL
02:02:33.155 [FXGL Background Thread 3 ] DEBUG Engine               - urlLeaderboard: http://fxgl-top.herokuapp.com/
02:02:33.155 [FXGL Background Thread 3 ] DEBUG Engine               - urlPOM: https://raw.githubusercontent.com/AlmasB/FXGL/release/README.md
02:02:33.155 [FXGL Background Thread 3 ] DEBUG Engine               - userAppClass: class com.example.view.Animacion
02:02:33.155 [FXGL Background Thread 3 ] DEBUG Engine               - version: 0.0
02:02:33.155 [FXGL Background Thread 3 ] DEBUG Engine               - versionCheckDays: 7
02:02:33.155 [FXGL Background Thread 3 ] DEBUG Engine               - width: 1280
02:02:33.155 [FXGL Background Thread 3 ] DEBUG Engine               - Logging services
02:02:33.155 [FXGL Background Thread 3 ] DEBUG Engine               - class com.almasb.fxgl.app.services.FXGLAssetLoaderService
02:02:33.155 [FXGL Background Thread 3 ] DEBUG Engine               - class com.almasb.fxgl.app.FXGLApplication$GameApplicationService
02:02:33.155 [FXGL Background Thread 3 ] DEBUG Engine               - class com.almasb.fxgl.app.services.FXGLDialogService
02:02:33.155 [FXGL Background Thread 3 ] DEBUG Engine               - class com.almasb.fxgl.app.services.IOTaskExecutorService
02:02:33.155 [FXGL Background Thread 3 ] DEBUG Engine               - class com.almasb.fxgl.io.FileSystemService
02:02:33.155 [FXGL Background Thread 3 ] DEBUG Engine               - class com.almasb.fxgl.localization.LocalizationService
02:02:33.155 [FXGL Background Thread 3 ] DEBUG Engine               - class com.almasb.fxgl.app.services.SystemBundleService
02:02:33.155 [FXGL Background Thread 3 ] DEBUG Engine               - class com.almasb.fxgl.profile.SaveLoadService
02:02:33.155 [FXGL Background Thread 3 ] DEBUG Engine               - class com.almasb.fxgl.ui.FXGLUIFactoryServiceProvider
02:02:33.155 [FXGL Background Thread 3 ] DEBUG Engine               - class com.almasb.fxgl.ui.FXGLDialogFactoryServiceProvider
02:02:33.155 [FXGL Background Thread 3 ] DEBUG Engine               - class com.almasb.fxgl.audio.AudioPlayer
02:02:33.155 [FXGL Background Thread 3 ] DEBUG Engine               - class com.almasb.fxgl.notification.impl.NotificationServiceProvider
02:02:33.155 [FXGL Background Thread 3 ] DEBUG Engine               - class com.almasb.fxgl.achievement.AchievementService
02:02:33.155 [FXGL Background Thread 3 ] DEBUG Engine               - class com.almasb.fxgl.cutscene.CutsceneService
02:02:33.155 [FXGL Background Thread 3 ] DEBUG Engine               - class com.almasb.fxgl.minigames.MiniGameService
02:02:33.155 [FXGL Background Thread 3 ] DEBUG Engine               - class com.almasb.fxgl.net.NetService
02:02:33.155 [FXGL Background Thread 3 ] DEBUG Engine               - class com.almasb.fxgl.app.services.UpdaterService
02:02:33.155 [FXGL Background Thread 3 ] DEBUG Engine               - class com.almasb.fxgl.dev.DevService
02:03:07.736 [JavaFX Application Thread] DEBUG FXGLApplication      - Exiting FXGL
02:03:07.737 [JavaFX Application Thread] DEBUG LoopRunner           - Stopping loop
02:03:07.737 [JavaFX Application Thread] DEBUG SystemBundleService  - Saving FXGL system data
02:03:07.742 [JavaFX Application Thread] DEBUG FileSystemAccess     - Writing to: D:\Proyectos\restauranteEnJava\system\fxgl.bundle
02:03:07.748 [JavaFX Application Thread] DEBUG Async                - Shutting down background threads
02:03:07.749 [JavaFX Application Thread] DEBUG PrimaryStageWindow   - Closing main window
02:03:07.774 [JavaFX Application Thread] DEBUG Logger               - Closing Logger
