14:58:41.001 [main                     ] DEBUG Logger               - Configured Logger
14:58:41.019 [main                     ] DEBUG GameApplication      - Logging settings
Title: Simulación Restaurante
Version: 0.0
Width: 1280
Height: 800
Fullscreen: false
Intro: false
Profiling: false
Single step:false
App Mode: DEVELOPER
Menu Key: ESCAPE
Stage Style: DECORATED
Scene Factory: class com.almasb.fxgl.app.scene.SceneFactory

14:58:41.538 [JavaFX Application Thread] DEBUG FXGLApplication      - Initializing FXGL
14:58:41.541 [JavaFX Application Thread] INFO  Engine               - FXGL-21 (28.12.2023 13.35) on WINDOWS (J:21.0.4 FX:21.0.1)
14:58:41.542 [JavaFX Application Thread] DEBUG Engine               - JRE Vendor Name: Eclipse Adoptium
14:58:41.542 [JavaFX Application Thread] DEBUG Engine               - Running on OS: Windows 11 version 10.0
14:58:41.542 [JavaFX Application Thread] DEBUG Engine               - Architecture: amd64
14:58:41.542 [JavaFX Application Thread] INFO  Engine               - Source code and latest versions at: https://github.com/AlmasB/FXGL
14:58:41.542 [JavaFX Application Thread] INFO  Engine               -       Ask questions and discuss at: https://github.com/AlmasB/FXGL/discussions
14:58:41.543 [JavaFX Application Thread] INFO  Engine               -              Join the FXGL chat at: https://gitter.im/AlmasB/FXGL
14:58:41.626 [JavaFX Application Thread] DEBUG PrimaryStageWindow   - Creating a JavaFX scene
14:58:41.665 [JavaFX Application Thread] DEBUG PrimaryStageWindow   - Target settings size: 1280.0 x 800.0
14:58:41.665 [JavaFX Application Thread] DEBUG PrimaryStageWindow   - Scaled scene size:    1280.0 x 800.0
14:58:41.665 [JavaFX Application Thread] DEBUG PrimaryStageWindow   - Scaled ratio: (1.0, 1.0)
14:58:41.666 [JavaFX Application Thread] DEBUG PrimaryStageWindow   - Set initial scene to FXGLStartupScene
14:58:41.668 [JavaFX Application Thread] DEBUG PrimaryStageWindow   - Opening main window
14:58:41.734 [JavaFX Application Thread] DEBUG PrimaryStageWindow   - Window border size: (16.0, 39.0)
14:58:41.734 [JavaFX Application Thread] DEBUG PrimaryStageWindow   - Scaled size: 1280.0 x 800.0
14:58:41.734 [JavaFX Application Thread] DEBUG PrimaryStageWindow   - Scaled ratio: (1.0, 1.0)
14:58:41.734 [JavaFX Application Thread] DEBUG PrimaryStageWindow   - Scene size: 1280.0 x 800.0
14:58:41.735 [JavaFX Application Thread] DEBUG PrimaryStageWindow   - Stage size: 1296.0 x 839.0
14:58:41.741 [FXGL Background Thread 1 ] DEBUG Engine               - Initializing environment variables
14:58:41.799 [FXGL Background Thread 1 ] DEBUG FXGLAssetLoaderServi - User app class for loading assets: class com.example.view.Animacion
14:58:41.800 [FXGL Background Thread 1 ] DEBUG GameApplicationServi - Applying CSS: fxgl_dark.css
14:58:41.800 [FXGL Background Thread 1 ] DEBUG FXGLAssetLoaderServi - Loading from file system: jar:file:/C:/Users/aguil/.m2/repository/com/github/almasb/fxgl/21/fxgl-21.jar!/fxglassets/ui/css/fxgl_dark.css
14:58:41.837 [FXGL Background Thread 1 ] DEBUG GameApplicationServi - Initializing application scenes
14:58:41.869 [FXGL Background Thread 1 ] DEBUG GameWorld            - Game world initialized
14:58:41.924 [FXGL Background Thread 1 ] DEBUG PhysicsWorld         - Physics world initialized: appHeight=800, physics.ppm=50.0
14:58:41.924 [FXGL Background Thread 1 ] DEBUG PhysicsWorld         - Using strategy: BRUTE_FORCE
14:58:41.929 [FXGL Background Thread 1 ] DEBUG GameScene            - Game scene initialized: 1280x800
14:58:41.940 [FXGL Background Thread 1 ] DEBUG FXGL.DefaultMenu     - createMenuBodyGameMenu()
14:58:41.954 [FXGL Background Thread 1 ] DEBUG FXGL.DefaultMenu     - createOptionsMenu()
14:58:41.961 [FXGL Background Thread 1 ] DEBUG FXGLAssetLoaderServi - Loading from file system: jar:file:/C:/Users/aguil/.m2/repository/com/github/almasb/fxgl/21/fxgl-21.jar!/fxglassets/textures/particles/smoke.png
14:58:42.042 [FXGL Background Thread 1 ] DEBUG FXGLAssetLoaderServi - Loading from file system: jar:file:/C:/Users/aguil/.m2/repository/com/github/almasb/fxgl/21/fxgl-21.jar!/fxglassets/textures/particles/trace_horizontal.png
14:58:42.064 [FXGL Background Thread 1 ] DEBUG GameApplicationServi - Application scenes initialized
14:58:42.074 [FXGL Background Thread 1 ] DEBUG SystemBundleService  - Loading FXGL system data
14:58:42.078 [FXGL Background Thread 1 ] DEBUG FileSystemAccess     - Reading from: D:\Proyectos\restauranteEnJava\system\fxgl.bundle
14:58:42.086 [FXGL Background Thread 1 ] DEBUG SystemBundleService  - Bundle FXGL: {}
14:58:42.086 [FXGL Background Thread 1 ] DEBUG UpdaterService       - Checking for updates
14:58:42.089 [FXGL Background Thread 4 ] DEBUG FXGLApplication      - Loading fonts
14:58:42.089 [FXGL Background Thread 4 ] DEBUG FXGLAssetLoaderServi - Loading from file system: jar:file:/C:/Users/aguil/.m2/repository/com/github/almasb/fxgl/21/fxgl-21.jar!/fxglassets/ui/fonts/VarelaRound-Regular.ttf
14:58:42.089 [FXGL Background Thread 1 ] DEBUG FXGLApplication      - Loading default localization
14:58:42.090 [FXGL Background Thread 1 ] DEBUG FXGLAssetLoaderServi - Loading from file system: jar:file:/C:/Users/aguil/.m2/repository/com/github/almasb/fxgl/21/fxgl-21.jar!/fxglassets/languages/english.lang
14:58:42.107 [FXGL Background Thread 1 ] INFO  FXGLApplication      - FXGL initialization took: 0.367 sec
14:58:42.108 [JavaFX Application Thread] DEBUG FXGLAssetLoaderServi - Loading from file system: jar:file:/C:/Users/aguil/.m2/repository/com/github/almasb/fxgl/21/fxgl-21.jar!/fxglassets/textures/fxgl_icon.png
14:58:42.121 [FXGL Background Thread 4 ] DEBUG FXGLAssetLoaderServi - Loading from file system: jar:file:/C:/Users/aguil/.m2/repository/com/github/almasb/fxgl/21/fxgl-21.jar!/fxglassets/ui/fonts/Abel-Regular.ttf
14:58:42.123 [FXGL Background Thread 4 ] DEBUG FXGLAssetLoaderServi - Loading from file system: jar:file:/C:/Users/aguil/.m2/repository/com/github/almasb/fxgl/21/fxgl-21.jar!/fxglassets/ui/fonts/TerminalLandMono-Regular.otf
14:58:42.127 [FXGL Background Thread 4 ] DEBUG FXGLAssetLoaderServi - Loading from file system: jar:file:/C:/Users/aguil/.m2/repository/com/github/almasb/fxgl/21/fxgl-21.jar!/fxglassets/ui/fonts/Courier-Prime.ttf
14:58:42.130 [JavaFX Application Thread] DEBUG FXGLAssetLoaderServi - Loading from file system: jar:file:/C:/Users/aguil/.m2/repository/com/github/almasb/fxgl/21/fxgl-21.jar!/fxglassets/textures/fxgl_default_cursor.png
14:58:42.142 [JavaFX Application Thread] DEBUG Input                - Registered new binding: Screenshot - CTRL+8
14:58:42.143 [JavaFX Application Thread] DEBUG Input                - Registered new binding: System info dump - CTRL+9
14:58:42.143 [JavaFX Application Thread] DEBUG Input                - Registered new binding: Restart - CTRL+R
14:58:42.146 [JavaFX Application Thread] DEBUG Input                - Registered new binding: Toggle Debug Camera - CTRL+7
14:58:42.150 [JavaFX Application Thread] DEBUG LoopRunner           - Starting loop
14:58:42.150 [JavaFX Application Thread] DEBUG LoopRunner           - Initializing JavaFX AnimationTimerLoop
14:58:42.150 [JavaFX Application Thread] DEBUG GameApplicationServi - Starting new game
14:58:42.151 [JavaFX Application Thread] DEBUG Input                - Clearing active input actions
14:58:42.161 [JavaFX Application Thread] DEBUG GameApplicationServi - Removing overlay from FXGLStartupScene and adding to FXGLLoadingScene
14:58:42.162 [JavaFX Application Thread] DEBUG PrimaryStageWindow   - FXGLStartupScene -> FXGLLoadingScene
14:58:42.162 [JavaFX Application Thread] DEBUG GameApplicationServi - Clearing previous game
14:58:42.162 [JavaFX Application Thread] DEBUG GameScene            - Clearing game scene
14:58:42.162 [JavaFX Application Thread] DEBUG GameWorld            - Clearing game world
14:58:42.162 [JavaFX Application Thread] DEBUG PhysicsWorld         - Clearing physics world
14:58:42.164 [FXGL Background Thread 4 ] DEBUG FXGLApplication      - Initializing game
14:58:42.165 [JavaFX Application Thread] DEBUG FXGLApplication      - Registering font factories with UI factory
14:58:42.165 [FXGL Background Thread 4 ] DEBUG FXGLAssetLoaderServi - Loading from file system: file:/D:/Proyectos/restauranteEnJava/restaurante/target/classes/assets/textures/restaurante.png
14:58:42.234 [FXGL Background Thread 4 ] INFO  FXGLApplication      - Game initialization took: 0.070 sec
14:58:42.273 [JavaFX Application Thread] DEBUG Input                - Clearing active input actions
14:58:42.281 [JavaFX Application Thread] DEBUG GameApplicationServi - Removing overlay from FXGLLoadingScene and adding to GameScene
14:58:42.281 [JavaFX Application Thread] DEBUG PrimaryStageWindow   - FXGLLoadingScene -> GameScene
14:58:42.655 [FXGL Background Thread 2 ] INFO  UpdaterService       - Your current version:  21
14:58:42.656 [FXGL Background Thread 2 ] INFO  UpdaterService       - Latest stable version: 21.1
14:58:45.089 [FXGL Background Thread 3 ] DEBUG Engine               - Logging environment variables
14:58:45.090 [FXGL Background Thread 3 ] DEBUG Engine               - achievements: []
14:58:45.090 [FXGL Background Thread 3 ] DEBUG Engine               - actualHeight: 800.0
14:58:45.090 [FXGL Background Thread 3 ] DEBUG Engine               - actualHeightProperty: ReadOnlyDoubleProperty [value: 800.0]
14:58:45.091 [FXGL Background Thread 3 ] DEBUG Engine               - actualWidth: 1280.0
14:58:45.091 [FXGL Background Thread 3 ] DEBUG Engine               - actualWidthProperty: ReadOnlyDoubleProperty [value: 1280.0]
14:58:45.091 [FXGL Background Thread 3 ] DEBUG Engine               - appIcon: fxgl_icon.png
14:58:45.092 [FXGL Background Thread 3 ] DEBUG Engine               - applicationMode: DEVELOPER
14:58:45.092 [FXGL Background Thread 3 ] DEBUG Engine               - cSSList: [fxgl_dark.css]
14:58:45.092 [FXGL Background Thread 3 ] DEBUG Engine               - collisionDetectionStrategy: BRUTE_FORCE
14:58:45.092 [FXGL Background Thread 3 ] DEBUG Engine               - configClass: Optional.empty
14:58:45.093 [FXGL Background Thread 3 ] DEBUG Engine               - credits: []
14:58:45.094 [FXGL Background Thread 3 ] DEBUG Engine               - defaultCursor: CursorInfo(imageName=fxgl_default_cursor.png, hotspotX=7.0, hotspotY=6.0)
14:58:45.094 [FXGL Background Thread 3 ] DEBUG Engine               - devBBoxColorProperty: ObjectProperty [value: 0xff0000ff]
14:58:45.095 [FXGL Background Thread 3 ] DEBUG Engine               - devEnableDebugCameraProperty: BooleanProperty [value: false]
14:58:45.097 [FXGL Background Thread 3 ] DEBUG Engine               - devSensorColorProperty: ObjectProperty [value: 0xffff00ff]
14:58:45.097 [FXGL Background Thread 3 ] DEBUG Engine               - devShowBBoxProperty: BooleanProperty [value: false]
14:58:45.097 [FXGL Background Thread 3 ] DEBUG Engine               - devShowPositionProperty: BooleanProperty [value: false]
14:58:45.097 [FXGL Background Thread 3 ] DEBUG Engine               - enabledMenuItems: []
14:58:45.098 [FXGL Background Thread 3 ] DEBUG Engine               - engineServices: [class com.almasb.fxgl.app.services.FXGLAssetLoaderService, class com.almasb.fxgl.app.FXGLApplication$GameApplicationService, class com.almasb.fxgl.app.services.FXGLDialogService, class com.almasb.fxgl.app.services.IOTaskExecutorService, class com.almasb.fxgl.io.FileSystemService, class com.almasb.fxgl.localization.LocalizationService, class com.almasb.fxgl.app.services.SystemBundleService, class com.almasb.fxgl.profile.SaveLoadService, class com.almasb.fxgl.ui.FXGLUIFactoryServiceProvider, class com.almasb.fxgl.ui.FXGLDialogFactoryServiceProvider, class com.almasb.fxgl.audio.AudioPlayer, class com.almasb.fxgl.notification.impl.NotificationServiceProvider, class com.almasb.fxgl.achievement.AchievementService, class com.almasb.fxgl.cutscene.CutsceneService, class com.almasb.fxgl.minigames.MiniGameService, class com.almasb.fxgl.net.NetService, class com.almasb.fxgl.app.services.UpdaterService, class com.almasb.fxgl.dev.DevService]
14:58:45.098 [FXGL Background Thread 3 ] DEBUG Engine               - fontGame: Abel-Regular.ttf
14:58:45.098 [FXGL Background Thread 3 ] DEBUG Engine               - fontMono: TerminalLandMono-Regular.otf
14:58:45.098 [FXGL Background Thread 3 ] DEBUG Engine               - fontSizeScaleUI: 1.0
14:58:45.098 [FXGL Background Thread 3 ] DEBUG Engine               - fontText: Courier-Prime.ttf
14:58:45.099 [FXGL Background Thread 3 ] DEBUG Engine               - fontUI: VarelaRound-Regular.ttf
14:58:45.099 [FXGL Background Thread 3 ] DEBUG Engine               - fullScreen: BooleanProperty [value: false]
14:58:45.099 [FXGL Background Thread 3 ] DEBUG Engine               - gameDifficulty: MEDIUM
14:58:45.100 [FXGL Background Thread 3 ] DEBUG Engine               - gameDifficultyProperty: ObjectProperty [value: MEDIUM]
14:58:45.100 [FXGL Background Thread 3 ] DEBUG Engine               - globalMusicVolume: 0.5
14:58:45.100 [FXGL Background Thread 3 ] DEBUG Engine               - globalMusicVolumeProperty: DoubleProperty [value: 0.5]
14:58:45.100 [FXGL Background Thread 3 ] DEBUG Engine               - globalSoundVolume: 0.5
14:58:45.101 [FXGL Background Thread 3 ] DEBUG Engine               - globalSoundVolumeProperty: DoubleProperty [value: 0.5]
14:58:45.101 [FXGL Background Thread 3 ] DEBUG Engine               - height: 800
14:58:45.101 [FXGL Background Thread 3 ] DEBUG Engine               - is3D: false
14:58:45.101 [FXGL Background Thread 3 ] DEBUG Engine               - isAndroid: false
14:58:45.102 [FXGL Background Thread 3 ] DEBUG Engine               - isBrowser: false
14:58:45.102 [FXGL Background Thread 3 ] DEBUG Engine               - isClickFeedbackEnabled: false
14:58:45.102 [FXGL Background Thread 3 ] DEBUG Engine               - isCloseConfirmation: false
14:58:45.102 [FXGL Background Thread 3 ] DEBUG Engine               - isDesktop: true
14:58:45.102 [FXGL Background Thread 3 ] DEBUG Engine               - isDeveloperMenuEnabled: false
14:58:45.102 [FXGL Background Thread 3 ] DEBUG Engine               - isEmbedded: false
14:58:45.103 [FXGL Background Thread 3 ] DEBUG Engine               - isEntityPreloadEnabled: true
14:58:45.103 [FXGL Background Thread 3 ] DEBUG Engine               - isExperimentalTiledLargeMap: false
14:58:45.103 [FXGL Background Thread 3 ] DEBUG Engine               - isFileSystemWriteAllowed: true
14:58:45.103 [FXGL Background Thread 3 ] DEBUG Engine               - isFullScreenAllowed: false
14:58:45.103 [FXGL Background Thread 3 ] DEBUG Engine               - isFullScreenFromStart: false
14:58:45.104 [FXGL Background Thread 3 ] DEBUG Engine               - isGameMenuEnabled: true
14:58:45.104 [FXGL Background Thread 3 ] DEBUG Engine               - isIOS: false
14:58:45.104 [FXGL Background Thread 3 ] DEBUG Engine               - isIntroEnabled: false
14:58:45.104 [FXGL Background Thread 3 ] DEBUG Engine               - isLinux: false
14:58:45.104 [FXGL Background Thread 3 ] DEBUG Engine               - isMac: false
14:58:45.104 [FXGL Background Thread 3 ] DEBUG Engine               - isMainMenuEnabled: false
14:58:45.105 [FXGL Background Thread 3 ] DEBUG Engine               - isManualResizeEnabled: false
14:58:45.105 [FXGL Background Thread 3 ] DEBUG Engine               - isMobile: false
14:58:45.105 [FXGL Background Thread 3 ] DEBUG Engine               - isNative: false
14:58:45.105 [FXGL Background Thread 3 ] DEBUG Engine               - isPauseMusicWhenMinimized: true
14:58:45.106 [FXGL Background Thread 3 ] DEBUG Engine               - isPreserveResizeRatio: false
14:58:45.106 [FXGL Background Thread 3 ] DEBUG Engine               - isProfilingEnabled: false
14:58:45.106 [FXGL Background Thread 3 ] DEBUG Engine               - isScaleAffectedOnResize: true
14:58:45.107 [FXGL Background Thread 3 ] DEBUG Engine               - isSingleStep: false
14:58:45.107 [FXGL Background Thread 3 ] DEBUG Engine               - isUserProfileEnabled: false
14:58:45.107 [FXGL Background Thread 3 ] DEBUG Engine               - isWindows: true
14:58:45.107 [FXGL Background Thread 3 ] DEBUG Engine               - language: ObjectProperty [value: ENGLISH]
14:58:45.107 [FXGL Background Thread 3 ] DEBUG Engine               - menuKey: ESCAPE
14:58:45.108 [FXGL Background Thread 3 ] DEBUG Engine               - mouseSensitivity: 0.2
14:58:45.108 [FXGL Background Thread 3 ] DEBUG Engine               - notificationViewClass: class com.almasb.fxgl.notification.view.XboxNotificationView
14:58:45.108 [FXGL Background Thread 3 ] DEBUG Engine               - pixelsPerMeter: 50.0
14:58:45.108 [FXGL Background Thread 3 ] DEBUG Engine               - platform: WINDOWS
14:58:45.108 [FXGL Background Thread 3 ] DEBUG Engine               - prefHeightProperty: ReadOnlyDoubleProperty [value: 800.0]
14:58:45.109 [FXGL Background Thread 3 ] DEBUG Engine               - prefWidthProperty: ReadOnlyDoubleProperty [value: 1280.0]
14:58:45.109 [FXGL Background Thread 3 ] DEBUG Engine               - profileDir: profiles/
14:58:45.109 [FXGL Background Thread 3 ] DEBUG Engine               - profileName: StringProperty [value: DEFAULT]
14:58:45.109 [FXGL Background Thread 3 ] DEBUG Engine               - randomSeed: -1
14:58:45.110 [FXGL Background Thread 3 ] DEBUG Engine               - runtimeInfo: RuntimeInfo(platform=WINDOWS, version=21, build=28.12.2023 13.35)
14:58:45.110 [FXGL Background Thread 3 ] DEBUG Engine               - saveFileExt: sav
14:58:45.110 [FXGL Background Thread 3 ] DEBUG Engine               - scaledHeightProp$fxgl: DoubleProperty [bound, value: 800.0]
14:58:45.111 [FXGL Background Thread 3 ] DEBUG Engine               - scaledWidthProp$fxgl: DoubleProperty [bound, value: 1280.0]
14:58:45.111 [FXGL Background Thread 3 ] DEBUG Engine               - sceneFactory: com.almasb.fxgl.app.scene.SceneFactory@58e00a3d
14:58:45.111 [FXGL Background Thread 3 ] DEBUG Engine               - secondsIn24h: 60
14:58:45.111 [FXGL Background Thread 3 ] DEBUG Engine               - soundMenuBack: menu/back.wav
14:58:45.112 [FXGL Background Thread 3 ] DEBUG Engine               - soundMenuPress: menu/press.wav
14:58:45.112 [FXGL Background Thread 3 ] DEBUG Engine               - soundMenuSelect: menu/select.wav
14:58:45.112 [FXGL Background Thread 3 ] DEBUG Engine               - soundNotification: core/notification.wav
14:58:45.112 [FXGL Background Thread 3 ] DEBUG Engine               - stageStyle: DECORATED
14:58:45.112 [FXGL Background Thread 3 ] DEBUG Engine               - supportedLanguages: [ENGLISH, FRENCH, GERMAN, HUNGARIAN, RUSSIAN]
14:58:45.112 [FXGL Background Thread 3 ] DEBUG Engine               - ticksPerSecond: -1
14:58:45.113 [FXGL Background Thread 3 ] DEBUG Engine               - title: Simulación Restaurante
14:58:45.113 [FXGL Background Thread 3 ] DEBUG Engine               - urlGithub: https://github.com/AlmasB/FXGL
14:58:45.113 [FXGL Background Thread 3 ] DEBUG Engine               - urlLeaderboard: http://fxgl-top.herokuapp.com/
14:58:45.113 [FXGL Background Thread 3 ] DEBUG Engine               - urlPOM: https://raw.githubusercontent.com/AlmasB/FXGL/release/README.md
14:58:45.113 [FXGL Background Thread 3 ] DEBUG Engine               - userAppClass: class com.example.view.Animacion
14:58:45.113 [FXGL Background Thread 3 ] DEBUG Engine               - version: 0.0
14:58:45.115 [FXGL Background Thread 3 ] DEBUG Engine               - versionCheckDays: 7
14:58:45.115 [FXGL Background Thread 3 ] DEBUG Engine               - width: 1280
14:58:45.115 [FXGL Background Thread 3 ] DEBUG Engine               - Logging services
14:58:45.115 [FXGL Background Thread 3 ] DEBUG Engine               - class com.almasb.fxgl.app.services.FXGLAssetLoaderService
14:58:45.115 [FXGL Background Thread 3 ] DEBUG Engine               - class com.almasb.fxgl.app.FXGLApplication$GameApplicationService
14:58:45.116 [FXGL Background Thread 3 ] DEBUG Engine               - class com.almasb.fxgl.app.services.FXGLDialogService
14:58:45.116 [FXGL Background Thread 3 ] DEBUG Engine               - class com.almasb.fxgl.app.services.IOTaskExecutorService
14:58:45.116 [FXGL Background Thread 3 ] DEBUG Engine               - class com.almasb.fxgl.io.FileSystemService
14:58:45.116 [FXGL Background Thread 3 ] DEBUG Engine               - class com.almasb.fxgl.localization.LocalizationService
14:58:45.116 [FXGL Background Thread 3 ] DEBUG Engine               - class com.almasb.fxgl.app.services.SystemBundleService
14:58:45.116 [FXGL Background Thread 3 ] DEBUG Engine               - class com.almasb.fxgl.profile.SaveLoadService
14:58:45.116 [FXGL Background Thread 3 ] DEBUG Engine               - class com.almasb.fxgl.ui.FXGLUIFactoryServiceProvider
14:58:45.117 [FXGL Background Thread 3 ] DEBUG Engine               - class com.almasb.fxgl.ui.FXGLDialogFactoryServiceProvider
14:58:45.117 [FXGL Background Thread 3 ] DEBUG Engine               - class com.almasb.fxgl.audio.AudioPlayer
14:58:45.117 [FXGL Background Thread 3 ] DEBUG Engine               - class com.almasb.fxgl.notification.impl.NotificationServiceProvider
14:58:45.117 [FXGL Background Thread 3 ] DEBUG Engine               - class com.almasb.fxgl.achievement.AchievementService
14:58:45.117 [FXGL Background Thread 3 ] DEBUG Engine               - class com.almasb.fxgl.cutscene.CutsceneService
14:58:45.117 [FXGL Background Thread 3 ] DEBUG Engine               - class com.almasb.fxgl.minigames.MiniGameService
14:58:45.117 [FXGL Background Thread 3 ] DEBUG Engine               - class com.almasb.fxgl.net.NetService
14:58:45.117 [FXGL Background Thread 3 ] DEBUG Engine               - class com.almasb.fxgl.app.services.UpdaterService
14:58:45.118 [FXGL Background Thread 3 ] DEBUG Engine               - class com.almasb.fxgl.dev.DevService
14:58:45.289 [JavaFX Application Thread] DEBUG FXGLAssetLoaderServi - Loading from file system: file:/D:/Proyectos/restauranteEnJava/restaurante/target/classes/assets/textures/comensal.png
14:58:45.298 [JavaFX Application Thread] DEBUG PrimaryStageWindow   - Push state: DialogSubScene
14:58:45.301 [JavaFX Application Thread] DEBUG Input                - Clearing active input actions
14:58:45.314 [JavaFX Application Thread] DEBUG GameApplicationServi - Removing overlay from GameScene and adding to DialogSubScene
14:58:45.314 [JavaFX Application Thread] DEBUG PrimaryStageWindow   - GameScene -> DialogSubScene
14:58:46.392 [JavaFX Application Thread] DEBUG PrimaryStageWindow   - Pop state: DialogSubScene
14:58:46.392 [JavaFX Application Thread] DEBUG Input                - Clearing active input actions
14:58:46.393 [JavaFX Application Thread] DEBUG GameApplicationServi - Removing overlay from DialogSubScene and adding to GameScene
14:58:46.393 [JavaFX Application Thread] DEBUG PrimaryStageWindow   - GameScene <- DialogSubScene
14:58:49.236 [JavaFX Application Thread] DEBUG PrimaryStageWindow   - Push state: DialogSubScene
14:58:49.236 [JavaFX Application Thread] DEBUG Input                - Clearing active input actions
14:58:49.236 [JavaFX Application Thread] DEBUG GameApplicationServi - Removing overlay from GameScene and adding to DialogSubScene
14:58:49.237 [JavaFX Application Thread] DEBUG PrimaryStageWindow   - GameScene -> DialogSubScene
14:58:50.073 [JavaFX Application Thread] DEBUG PrimaryStageWindow   - Pop state: DialogSubScene
14:58:50.075 [JavaFX Application Thread] DEBUG Input                - Clearing active input actions
14:58:50.076 [JavaFX Application Thread] DEBUG GameApplicationServi - Removing overlay from DialogSubScene and adding to GameScene
14:58:50.077 [JavaFX Application Thread] DEBUG PrimaryStageWindow   - GameScene <- DialogSubScene
14:58:52.506 [JavaFX Application Thread] DEBUG FXGLApplication      - Exiting FXGL
14:58:52.506 [JavaFX Application Thread] DEBUG LoopRunner           - Stopping loop
14:58:52.506 [JavaFX Application Thread] DEBUG SystemBundleService  - Saving FXGL system data
14:58:52.512 [JavaFX Application Thread] DEBUG FileSystemAccess     - Writing to: D:\Proyectos\restauranteEnJava\system\fxgl.bundle
14:58:52.518 [JavaFX Application Thread] DEBUG Async                - Shutting down background threads
14:58:52.519 [JavaFX Application Thread] DEBUG PrimaryStageWindow   - Closing main window
14:58:52.543 [JavaFX Application Thread] DEBUG Logger               - Closing Logger
