01:41:37.333 [main                     ] DEBUG Logger               - Configured Logger
01:41:37.350 [main                     ] DEBUG GameApplication      - Logging settings
Title: Juego con Interacciones
Version: 0.0
Width: 1520
Height: 1010
Fullscreen: false
Intro: false
Profiling: false
Single step:false
App Mode: DEVELOPER
Menu Key: ESCAPE
Stage Style: DECORATED
Scene Factory: class com.almasb.fxgl.app.scene.SceneFactory

01:41:37.861 [JavaFX Application Thread] DEBUG FXGLApplication      - Initializing FXGL
01:41:37.864 [JavaFX Application Thread] INFO  Engine               - FXGL-21 (28.12.2023 13.35) on WINDOWS (J:21.0.4 FX:21.0.1)
01:41:37.864 [JavaFX Application Thread] DEBUG Engine               - JRE Vendor Name: Eclipse Adoptium
01:41:37.865 [JavaFX Application Thread] DEBUG Engine               - Running on OS: Windows 11 version 10.0
01:41:37.865 [JavaFX Application Thread] DEBUG Engine               - Architecture: amd64
01:41:37.865 [JavaFX Application Thread] INFO  Engine               - Source code and latest versions at: https://github.com/AlmasB/FXGL
01:41:37.865 [JavaFX Application Thread] INFO  Engine               -       Ask questions and discuss at: https://github.com/AlmasB/FXGL/discussions
01:41:37.865 [JavaFX Application Thread] INFO  Engine               -              Join the FXGL chat at: https://gitter.im/AlmasB/FXGL
01:41:37.954 [JavaFX Application Thread] DEBUG PrimaryStageWindow   - Creating a JavaFX scene
01:41:37.991 [JavaFX Application Thread] DEBUG PrimaryStageWindow   - Target settings size: 1520.0 x 1010.0
01:41:37.991 [JavaFX Application Thread] DEBUG PrimaryStageWindow   - Scaled scene size:    1520.0 x 1010.0
01:41:37.991 [JavaFX Application Thread] DEBUG PrimaryStageWindow   - Scaled ratio: (1.0, 1.0)
01:41:37.993 [JavaFX Application Thread] DEBUG PrimaryStageWindow   - Set initial scene to FXGLStartupScene
01:41:37.995 [JavaFX Application Thread] DEBUG PrimaryStageWindow   - Opening main window
01:41:38.061 [JavaFX Application Thread] DEBUG PrimaryStageWindow   - Window border size: (16.0, 39.0)
01:41:38.061 [JavaFX Application Thread] DEBUG PrimaryStageWindow   - Scaled size: 1520.0 x 1010.0
01:41:38.063 [JavaFX Application Thread] DEBUG PrimaryStageWindow   - Scaled ratio: (1.0, 1.0)
01:41:38.063 [JavaFX Application Thread] DEBUG PrimaryStageWindow   - Scene size: 1520.0 x 1010.0
01:41:38.063 [JavaFX Application Thread] DEBUG PrimaryStageWindow   - Stage size: 1536.0 x 1049.0
01:41:38.072 [FXGL Background Thread 1 ] DEBUG Engine               - Initializing environment variables
01:41:38.128 [FXGL Background Thread 1 ] DEBUG FXGLAssetLoaderServi - User app class for loading assets: class com.example.Animacion
01:41:38.128 [FXGL Background Thread 1 ] DEBUG GameApplicationServi - Applying CSS: fxgl_dark.css
01:41:38.132 [FXGL Background Thread 1 ] DEBUG FXGLAssetLoaderServi - Loading from file system: jar:file:/C:/Users/aguil/.m2/repository/com/github/almasb/fxgl/21/fxgl-21.jar!/fxglassets/ui/css/fxgl_dark.css
01:41:38.169 [FXGL Background Thread 1 ] DEBUG GameApplicationServi - Initializing application scenes
01:41:38.202 [FXGL Background Thread 1 ] DEBUG GameWorld            - Game world initialized
01:41:38.258 [FXGL Background Thread 1 ] DEBUG PhysicsWorld         - Physics world initialized: appHeight=1010, physics.ppm=50.0
01:41:38.259 [FXGL Background Thread 1 ] DEBUG PhysicsWorld         - Using strategy: BRUTE_FORCE
01:41:38.264 [FXGL Background Thread 1 ] DEBUG GameScene            - Game scene initialized: 1520x1010
01:41:38.276 [FXGL Background Thread 1 ] DEBUG FXGL.DefaultMenu     - createMenuBodyGameMenu()
01:41:38.294 [FXGL Background Thread 1 ] DEBUG FXGL.DefaultMenu     - createOptionsMenu()
01:41:38.303 [FXGL Background Thread 1 ] DEBUG FXGLAssetLoaderServi - Loading from file system: jar:file:/C:/Users/aguil/.m2/repository/com/github/almasb/fxgl/21/fxgl-21.jar!/fxglassets/textures/particles/smoke.png
01:41:38.387 [FXGL Background Thread 1 ] DEBUG FXGLAssetLoaderServi - Loading from file system: jar:file:/C:/Users/aguil/.m2/repository/com/github/almasb/fxgl/21/fxgl-21.jar!/fxglassets/textures/particles/trace_horizontal.png
01:41:38.415 [FXGL Background Thread 1 ] DEBUG GameApplicationServi - Application scenes initialized
01:41:38.425 [FXGL Background Thread 1 ] DEBUG SystemBundleService  - Loading FXGL system data
01:41:38.430 [FXGL Background Thread 1 ] DEBUG FileSystemAccess     - Reading from: D:\Proyectos\restauranteEnJava\system\fxgl.bundle
01:41:38.437 [FXGL Background Thread 1 ] DEBUG SystemBundleService  - Bundle FXGL: {}
01:41:38.437 [FXGL Background Thread 1 ] DEBUG UpdaterService       - Checking for updates
01:41:38.440 [FXGL Background Thread 4 ] DEBUG FXGLApplication      - Loading fonts
01:41:38.441 [FXGL Background Thread 4 ] DEBUG FXGLAssetLoaderServi - Loading from file system: jar:file:/C:/Users/aguil/.m2/repository/com/github/almasb/fxgl/21/fxgl-21.jar!/fxglassets/ui/fonts/VarelaRound-Regular.ttf
01:41:38.441 [FXGL Background Thread 1 ] DEBUG FXGLApplication      - Loading default localization
01:41:38.441 [FXGL Background Thread 1 ] DEBUG FXGLAssetLoaderServi - Loading from file system: jar:file:/C:/Users/aguil/.m2/repository/com/github/almasb/fxgl/21/fxgl-21.jar!/fxglassets/languages/english.lang
01:41:38.459 [FXGL Background Thread 1 ] INFO  FXGLApplication      - FXGL initialization took: 0.387 sec
01:41:38.470 [FXGL Background Thread 4 ] DEBUG FXGLAssetLoaderServi - Loading from file system: jar:file:/C:/Users/aguil/.m2/repository/com/github/almasb/fxgl/21/fxgl-21.jar!/fxglassets/ui/fonts/Abel-Regular.ttf
01:41:38.470 [JavaFX Application Thread] DEBUG Input                - Registered new binding: Mover Derecha - Right
01:41:38.470 [JavaFX Application Thread] DEBUG Input                - Registered new binding: Mover Izquierda - Left
01:41:38.471 [JavaFX Application Thread] DEBUG Input                - Registered new binding: Escalar Cocinero - Space
01:41:38.471 [JavaFX Application Thread] DEBUG FXGLAssetLoaderServi - Loading from file system: jar:file:/C:/Users/aguil/.m2/repository/com/github/almasb/fxgl/21/fxgl-21.jar!/fxglassets/textures/fxgl_icon.png
01:41:38.473 [FXGL Background Thread 4 ] DEBUG FXGLAssetLoaderServi - Loading from file system: jar:file:/C:/Users/aguil/.m2/repository/com/github/almasb/fxgl/21/fxgl-21.jar!/fxglassets/ui/fonts/TerminalLandMono-Regular.otf
01:41:38.477 [FXGL Background Thread 4 ] DEBUG FXGLAssetLoaderServi - Loading from file system: jar:file:/C:/Users/aguil/.m2/repository/com/github/almasb/fxgl/21/fxgl-21.jar!/fxglassets/ui/fonts/Courier-Prime.ttf
01:41:38.492 [JavaFX Application Thread] DEBUG FXGLAssetLoaderServi - Loading from file system: jar:file:/C:/Users/aguil/.m2/repository/com/github/almasb/fxgl/21/fxgl-21.jar!/fxglassets/textures/fxgl_default_cursor.png
01:41:38.495 [JavaFX Application Thread] DEBUG Input                - Registered new binding: Screenshot - CTRL+8
01:41:38.497 [JavaFX Application Thread] DEBUG Input                - Registered new binding: System info dump - CTRL+9
01:41:38.497 [JavaFX Application Thread] DEBUG Input                - Registered new binding: Restart - CTRL+R
01:41:38.498 [JavaFX Application Thread] DEBUG Input                - Registered new binding: Toggle Debug Camera - CTRL+7
01:41:38.499 [JavaFX Application Thread] DEBUG LoopRunner           - Starting loop
01:41:38.499 [JavaFX Application Thread] DEBUG LoopRunner           - Initializing JavaFX AnimationTimerLoop
01:41:38.502 [JavaFX Application Thread] DEBUG GameApplicationServi - Starting new game
01:41:38.502 [JavaFX Application Thread] DEBUG Input                - Clearing active input actions
01:41:38.513 [JavaFX Application Thread] DEBUG GameApplicationServi - Removing overlay from FXGLStartupScene and adding to FXGLLoadingScene
01:41:38.514 [JavaFX Application Thread] DEBUG PrimaryStageWindow   - FXGLStartupScene -> FXGLLoadingScene
01:41:38.514 [JavaFX Application Thread] DEBUG GameApplicationServi - Clearing previous game
01:41:38.514 [JavaFX Application Thread] DEBUG GameScene            - Clearing game scene
01:41:38.514 [JavaFX Application Thread] DEBUG GameWorld            - Clearing game world
01:41:38.514 [JavaFX Application Thread] DEBUG PhysicsWorld         - Clearing physics world
01:41:38.515 [FXGL Background Thread 4 ] DEBUG FXGLApplication      - Initializing game
01:41:38.516 [FXGL Background Thread 4 ] DEBUG FXGLAssetLoaderServi - Loading from file system: file:/D:/Proyectos/restauranteEnJava/restaurante/target/classes/assets/textures/restaurante.png
01:41:38.516 [JavaFX Application Thread] DEBUG FXGLApplication      - Registering font factories with UI factory
01:41:38.590 [FXGL Background Thread 4 ] DEBUG FXGLAssetLoaderServi - Loading from file system: file:/D:/Proyectos/restauranteEnJava/restaurante/target/classes/assets/textures/cocinero.png
01:41:38.606 [FXGL Background Thread 4 ] DEBUG FXGLAssetLoaderServi - Loading from file system: file:/D:/Proyectos/restauranteEnJava/restaurante/target/classes/assets/textures/mesa.png
01:41:38.621 [FXGL Background Thread 4 ] INFO  FXGLApplication      - Game initialization took: 0.105 sec
01:41:38.630 [JavaFX Application Thread] DEBUG Input                - Clearing active input actions
01:41:38.637 [JavaFX Application Thread] DEBUG GameApplicationServi - Removing overlay from FXGLLoadingScene and adding to GameScene
01:41:38.638 [JavaFX Application Thread] DEBUG PrimaryStageWindow   - FXGLLoadingScene -> GameScene
01:41:39.021 [FXGL Background Thread 2 ] INFO  UpdaterService       - Your current version:  21
01:41:39.021 [FXGL Background Thread 2 ] INFO  UpdaterService       - Latest stable version: 21.1
01:41:40.412 [JavaFX Application Thread] DEBUG LoopRunner           - Stopping loop
01:41:40.413 [JavaFX Application Thread] FATAL FXGLApplication      - Uncaught Exception:
java.lang.Error: Unresolved compilation problems: 
	The method getScaleX() is undefined for the type ViewComponent
	The method getScaleY() is undefined for the type ViewComponent

	at com.example.Animacion$3.onActionBegin(Animacion.java:81)
	at com.almasb.fxgl.input.UserAction.begin$fxgl_core(UserAction.kt:37)
	at com.almasb.fxgl.input.Input.handlePressed(Input.kt:375)
	at com.almasb.fxgl.input.Input.onKeyEvent(Input.kt:318)
	at com.almasb.fxgl.app.PrimaryStageWindow$1$1.invoke(MainWindow.kt:314)
	at com.almasb.fxgl.app.PrimaryStageWindow$1$1.invoke(MainWindow.kt:314)
	at com.almasb.fxgl.core.fsm.StateMachine.runOnActiveStates(StateMachine.kt:69)
	at com.almasb.fxgl.app.PrimaryStageWindow$1.invoke(MainWindow.kt:314)
	at com.almasb.fxgl.app.PrimaryStageWindow$1.invoke(MainWindow.kt:312)
	at com.almasb.fxgl.app.MainWindow.addKeyHandler$lambda$1(MainWindow.kt:227)
	at com.sun.javafx.event.CompositeEventHandler$NormalEventHandlerRecord.handleBubblingEvent(CompositeEventHandler.java:247)
	at com.sun.javafx.event.CompositeEventHandler.dispatchBubblingEvent(CompositeEventHandler.java:80)
	at com.sun.javafx.event.EventHandlerManager.dispatchBubblingEvent(EventHandlerManager.java:232)
	at com.sun.javafx.event.EventHandlerManager.dispatchBubblingEvent(EventHandlerManager.java:189)
	at com.sun.javafx.event.CompositeEventDispatcher.dispatchBubblingEvent(CompositeEventDispatcher.java:59)
	at com.sun.javafx.event.BasicEventDispatcher.dispatchEvent(BasicEventDispatcher.java:58)
	at com.sun.javafx.event.EventDispatchChainImpl.dispatchEvent(EventDispatchChainImpl.java:114)
	at com.sun.javafx.event.BasicEventDispatcher.dispatchEvent(BasicEventDispatcher.java:56)
	at com.sun.javafx.event.EventDispatchChainImpl.dispatchEvent(EventDispatchChainImpl.java:114)
	at com.sun.javafx.event.EventUtil.fireEventImpl(EventUtil.java:74)
	at com.sun.javafx.event.EventUtil.fireEvent(EventUtil.java:54)
	at javafx.event.Event.fireEvent(Event.java:198)
	at javafx.scene.Scene.processKeyEvent(Scene.java:2194)
	at javafx.scene.Scene$ScenePeerListener.keyEvent(Scene.java:2715)
	at com.sun.javafx.tk.quantum.GlassViewEventHandler$KeyEventNotification.run(GlassViewEventHandler.java:218)
	at com.sun.javafx.tk.quantum.GlassViewEventHandler$KeyEventNotification.run(GlassViewEventHandler.java:150)
	at java.base/java.security.AccessController.doPrivileged(AccessController.java:400)
	at com.sun.javafx.tk.quantum.GlassViewEventHandler.lambda$handleKeyEvent$1(GlassViewEventHandler.java:250)
	at com.sun.javafx.tk.quantum.QuantumToolkit.runWithoutRenderLock(QuantumToolkit.java:424)
	at com.sun.javafx.tk.quantum.GlassViewEventHandler.handleKeyEvent(GlassViewEventHandler.java:249)
	at com.sun.glass.ui.View.handleKeyEvent(View.java:542)
	at com.sun.glass.ui.View.notifyKey(View.java:966)
	at com.sun.glass.ui.win.WinApplication._runLoop(Native Method)
	at com.sun.glass.ui.win.WinApplication.lambda$runLoop$3(WinApplication.java:185)
	at java.base/java.lang.Thread.run(Thread.java:1583)

01:41:40.414 [JavaFX Application Thread] FATAL FXGLApplication      - Application will now exit
01:41:40.428 [JavaFX Application Thread] DEBUG PrimaryStageWindow   - Push state: ErrorSubScene
01:41:40.429 [JavaFX Application Thread] DEBUG Input                - Clearing active input actions
01:41:40.435 [JavaFX Application Thread] DEBUG GameApplicationServi - Removing overlay from GameScene and adding to ErrorSubScene
01:41:40.435 [JavaFX Application Thread] DEBUG PrimaryStageWindow   - GameScene -> ErrorSubScene
01:41:40.999 [JavaFX Application Thread] DEBUG FXGLApplication      - Exiting FXGL
01:41:41.000 [JavaFX Application Thread] DEBUG Async                - Shutting down background threads
01:41:41.000 [JavaFX Application Thread] DEBUG PrimaryStageWindow   - Closing main window
01:41:41.013 [JavaFX Application Thread] DEBUG Logger               - Closing Logger
